#
# There is insufficient memory for the Java Runtime Environment to continue.
# Native memory allocation (malloc) failed to allocate 1029936 bytes for Chunk::new
# Possible reasons:
#   The system is out of physical RAM or swap space
#   In 32 bit mode, the process size limit was hit
# Possible solutions:
#   Reduce memory load on the system
#   Increase physical memory or swap space
#   Check if swap backing store is full
#   Use 64 bit Java on a 64 bit OS
#   Decrease Java heap size (-Xmx/-Xms)
#   Decrease number of Java threads
#   Decrease Java thread stack sizes (-Xss)
#   Set larger code cache with -XX:ReservedCodeCacheSize=
# This output file may be truncated or incomplete.
#
#  Out of Memory Error (allocation.cpp:390), pid=15996, tid=0x0000000000003474
#
# JRE version: Java(TM) SE Runtime Environment (8.0_111-b14) (build 1.8.0_111-b14)
# Java VM: Java HotSpot(TM) 64-Bit Server VM (25.111-b14 mixed mode windows-amd64 compressed oops)
# Failed to write core dump. Minidumps are not enabled by default on client versions of Windows
#

---------------  T H R E A D  ---------------

Current thread (0x000000001572f000):  JavaThread "C2 CompilerThread0" daemon [_thread_in_native, id=13428, stack(0x0000000016d70000,0x0000000016e70000)]

Stack: [0x0000000016d70000,0x0000000016e70000]
[error occurred during error reporting (printing stack bounds), id 0xc0000005]

Native frames: (J=compiled Java code, j=interpreted, Vv=VM code, C=native code)


Current CompileTask:
C2: 260373 11794       4       java.net.URLClassLoader$1::run (5 bytes)


---------------  P R O C E S S  ---------------

Java Threads: ( => current thread )
  0x000000001b76b000 JavaThread "pool-6-thread-4" [_thread_blocked, id=14964, stack(0x0000000024750000,0x0000000024850000)]
  0x000000001b75f000 JavaThread "pool-6-thread-3" [_thread_blocked, id=11112, stack(0x0000000024650000,0x0000000024750000)]
  0x000000001b766000 JavaThread "pool-6-thread-2" [_thread_blocked, id=11632, stack(0x0000000024550000,0x0000000024650000)]
  0x000000001b764800 JavaThread "pool-6-thread-1" [_thread_blocked, id=13436, stack(0x0000000024450000,0x0000000024550000)]
  0x000000001b765000 JavaThread "Stdin handler" [_thread_blocked, id=11568, stack(0x0000000024350000,0x0000000024450000)]
  0x000000001b763800 JavaThread "Asynchronous log dispatcher for org.gradle.launcher.daemon.server.DefaultDaemonConnection@21db910b" [_thread_blocked, id=16368, stack(0x0000000024250000,0x0000000024350000)]
  0x000000001b762000 JavaThread "Daemon worker Thread 2" [_thread_in_Java, id=12068, stack(0x0000000024150000,0x0000000024250000)]
  0x000000001b760800 JavaThread "Cancel handler" [_thread_blocked, id=6568, stack(0x0000000024050000,0x0000000024150000)]
  0x000000001b763000 JavaThread "Handler for socket connection from /127.0.0.1:58220 to /127.0.0.1:58502" [_thread_in_native, id=8472, stack(0x0000000023f50000,0x0000000024050000)]
  0x000000001b761800 JavaThread "Daemon Thread 2" [_thread_blocked, id=12088, stack(0x0000000023e50000,0x0000000023f50000)]
  0x0000000018456800 JavaThread "File lock request listener" [_thread_in_native, id=9632, stack(0x000000001c4e0000,0x000000001c5e0000)]
  0x0000000018463000 JavaThread "Incoming local TCP Connector on port 58220" [_thread_in_native, id=4752, stack(0x0000000019360000,0x0000000019460000)]
  0x000000001858f800 JavaThread "pool-1-thread-1" [_thread_blocked, id=11584, stack(0x0000000017e70000,0x0000000017f70000)]
  0x000000001578d000 JavaThread "Service Thread" daemon [_thread_blocked, id=2620, stack(0x0000000017470000,0x0000000017570000)]
  0x0000000016f78800 JavaThread "C1 CompilerThread2" daemon [_thread_in_native, id=3564, stack(0x0000000017370000,0x0000000017470000)]
  0x0000000015782800 JavaThread "C2 CompilerThread1" daemon [_thread_in_native, id=15200, stack(0x0000000016e70000,0x0000000016f70000)]
=>0x000000001572f000 JavaThread "C2 CompilerThread0" daemon [_thread_in_native, id=13428, stack(0x0000000016d70000,0x0000000016e70000)]
  0x000000001572d000 JavaThread "Attach Listener" daemon [_thread_blocked, id=13176, stack(0x0000000016c70000,0x0000000016d70000)]
  0x000000001572c000 JavaThread "Signal Dispatcher" daemon [_thread_blocked, id=13164, stack(0x0000000016b70000,0x0000000016c70000)]
  0x000000001571a800 JavaThread "Finalizer" daemon [_thread_blocked, id=14552, stack(0x0000000016990000,0x0000000016a90000)]
  0x0000000003050800 JavaThread "Reference Handler" daemon [_thread_blocked, id=10564, stack(0x0000000016890000,0x0000000016990000)]
  0x0000000002e1e000 JavaThread "main" [_thread_blocked, id=9988, stack(0x0000000002e60000,0x0000000002f60000)]

Other Threads:
  0x00000000156f8000 VMThread [stack: 0x0000000016790000,0x0000000016890000] [id=13816]
  0x0000000016fb4800 WatcherThread [stack: 0x0000000017570000,0x0000000017670000] [id=1256]

VM state:not at safepoint (normal execution)

VM Mutex/Monitor currently owned by a thread: None

Heap:
 PSYoungGen      total 225792K, used 163599K [0x00000000eab00000, 0x00000000fa600000, 0x0000000100000000)
  eden space 204288K, 80% used [0x00000000eab00000,0x00000000f4a9bc00,0x00000000f7280000)
  from space 21504K, 0% used [0x00000000f8880000,0x00000000f88a8000,0x00000000f9d80000)
  to   space 22528K, 0% used [0x00000000f7280000,0x00000000f7280000,0x00000000f8880000)
 ParOldGen       total 238080K, used 112508K [0x00000000c0000000, 0x00000000ce880000, 0x00000000eab00000)
  object space 238080K, 47% used [0x00000000c0000000,0x00000000c6ddf298,0x00000000ce880000)
 Metaspace       used 62939K, capacity 64742K, committed 65024K, reserved 1105920K
  class space    used 8275K, capacity 8653K, committed 8704K, reserved 1048576K

Card table byte_map: [0x0000000012420000,0x0000000012630000] byte_map_base: 0x0000000011e20000

Marking Bits: (ParMarkBitMap*) 0x0000000055cda6c0
 Begin Bits: [0x0000000012b90000, 0x0000000013b90000)
 End Bits:   [0x0000000013b90000, 0x0000000014b90000)

Polling page: 0x0000000000df0000

CodeCache: size=245760Kb used=33681Kb max_used=33681Kb free=212078Kb
 bounds [0x0000000003060000, 0x0000000005170000, 0x0000000012060000]
 total_blobs=10416 nmethods=9671 adapters=655
 compilation: enabled

Compilation events (10 events):
Event: 260.327 Thread 0x0000000016f78800 11858       3       org.objectweb.asm.tree.analysis.Subroutine::copy (62 bytes)
Event: 260.328 Thread 0x0000000016f78800 nmethod 11858 0x0000000004f7e490 code [0x0000000004f7e620, 0x0000000004f7ea98]
Event: 260.328 Thread 0x0000000016f78800 11859       3       org.objectweb.asm.tree.analysis.Subroutine::<init> (5 bytes)
Event: 260.328 Thread 0x0000000016f78800 nmethod 11859 0x0000000004d0f350 code [0x0000000004d0f4a0, 0x0000000004d0f650]
Event: 260.328 Thread 0x0000000016f78800 11860       3       org.objectweb.asm.tree.analysis.Analyzer::merge (129 bytes)
Event: 260.329 Thread 0x0000000016f78800 nmethod 11860 0x0000000004d0de10 code [0x0000000004d0e020, 0x0000000004d0eaf8]
Event: 260.329 Thread 0x0000000016f78800 11862       3       org.objectweb.asm.ClassWriter::b (70 bytes)
Event: 260.330 Thread 0x0000000016f78800 nmethod 11862 0x0000000005169f10 code [0x000000000516a0c0, 0x000000000516a558]
Event: 260.330 Thread 0x0000000016f78800 11863       3       org.objectweb.asm.commons.GeneratorAdapter::invokeConstructor (11 bytes)
Event: 260.331 Thread 0x0000000016f78800 nmethod 11863 0x0000000004d0da50 code [0x0000000004d0dbc0, 0x0000000004d0dd68]

GC Heap History (10 events):
Event: 235.809 GC heap before
{Heap before GC invocations=14 (full 3):
 PSYoungGen      total 190464K, used 170496K [0x00000000eab00000, 0x00000000f7d00000, 0x0000000100000000)
  eden space 170496K, 100% used [0x00000000eab00000,0x00000000f5180000,0x00000000f5180000)
  from space 19968K, 0% used [0x00000000f6680000,0x00000000f6680000,0x00000000f7a00000)
  to   space 21504K, 0% used [0x00000000f5180000,0x00000000f5180000,0x00000000f6680000)
 ParOldGen       total 113664K, used 29561K [0x00000000c0000000, 0x00000000c6f00000, 0x00000000eab00000)
  object space 113664K, 26% used [0x00000000c0000000,0x00000000c1cde4e0,0x00000000c6f00000)
 Metaspace       used 54682K, capacity 56170K, committed 56320K, reserved 1097728K
  class space    used 7303K, capacity 7597K, committed 7680K, reserved 1048576K
Event: 235.834 GC heap after
Heap after GC invocations=14 (full 3):
 PSYoungGen      total 192000K, used 11451K [0x00000000eab00000, 0x00000000f8780000, 0x0000000100000000)
  eden space 170496K, 0% used [0x00000000eab00000,0x00000000eab00000,0x00000000f5180000)
  from space 21504K, 53% used [0x00000000f5180000,0x00000000f5caefa8,0x00000000f6680000)
  to   space 20480K, 0% used [0x00000000f7380000,0x00000000f7380000,0x00000000f8780000)
 ParOldGen       total 113664K, used 29569K [0x00000000c0000000, 0x00000000c6f00000, 0x00000000eab00000)
  object space 113664K, 26% used [0x00000000c0000000,0x00000000c1ce04e0,0x00000000c6f00000)
 Metaspace       used 54682K, capacity 56170K, committed 56320K, reserved 1097728K
  class space    used 7303K, capacity 7597K, committed 7680K, reserved 1048576K
}
Event: 246.936 GC heap before
{Heap before GC invocations=15 (full 3):
 PSYoungGen      total 192000K, used 181947K [0x00000000eab00000, 0x00000000f8780000, 0x0000000100000000)
  eden space 170496K, 100% used [0x00000000eab00000,0x00000000f5180000,0x00000000f5180000)
  from space 21504K, 53% used [0x00000000f5180000,0x00000000f5caefa8,0x00000000f6680000)
  to   space 20480K, 0% used [0x00000000f7380000,0x00000000f7380000,0x00000000f8780000)
 ParOldGen       total 113664K, used 29569K [0x00000000c0000000, 0x00000000c6f00000, 0x00000000eab00000)
  object space 113664K, 26% used [0x00000000c0000000,0x00000000c1ce04e0,0x00000000c6f00000)
 Metaspace       used 59291K, capacity 60938K, committed 61312K, reserved 1101824K
  class space    used 7878K, capacity 8193K, committed 8320K, reserved 1048576K
Event: 246.986 GC heap after
Heap after GC invocations=15 (full 3):
 PSYoungGen      total 204288K, used 16586K [0x00000000eab00000, 0x00000000f8900000, 0x0000000100000000)
  eden space 183808K, 0% used [0x00000000eab00000,0x00000000eab00000,0x00000000f5e80000)
  from space 20480K, 80% used [0x00000000f7380000,0x00000000f83b2a98,0x00000000f8780000)
  to   space 21504K, 0% used [0x00000000f5e80000,0x00000000f5e80000,0x00000000f7380000)
 ParOldGen       total 113664K, used 29577K [0x00000000c0000000, 0x00000000c6f00000, 0x00000000eab00000)
  object space 113664K, 26% used [0x00000000c0000000,0x00000000c1ce24e0,0x00000000c6f00000)
 Metaspace       used 59291K, capacity 60938K, committed 61312K, reserved 1101824K
  class space    used 7878K, capacity 8193K, committed 8320K, reserved 1048576K
}
Event: 252.238 GC heap before
{Heap before GC invocations=16 (full 3):
 PSYoungGen      total 204288K, used 200394K [0x00000000eab00000, 0x00000000f8900000, 0x0000000100000000)
  eden space 183808K, 100% used [0x00000000eab00000,0x00000000f5e80000,0x00000000f5e80000)
  from space 20480K, 80% used [0x00000000f7380000,0x00000000f83b2a98,0x00000000f8780000)
  to   space 21504K, 0% used [0x00000000f5e80000,0x00000000f5e80000,0x00000000f7380000)
 ParOldGen       total 113664K, used 29577K [0x00000000c0000000, 0x00000000c6f00000, 0x00000000eab00000)
  object space 113664K, 26% used [0x00000000c0000000,0x00000000c1ce24e0,0x00000000c6f00000)
 Metaspace       used 61585K, capacity 63334K, committed 63616K, reserved 1103872K
  class space    used 8122K, capacity 8469K, committed 8576K, reserved 1048576K
Event: 252.329 GC heap after
Heap after GC invocations=16 (full 3):
 PSYoungGen      total 205312K, used 13257K [0x00000000eab00000, 0x00000000f9d80000, 0x0000000100000000)
  eden space 183808K, 0% used [0x00000000eab00000,0x00000000eab00000,0x00000000f5e80000)
  from space 21504K, 61% used [0x00000000f5e80000,0x00000000f6b724d8,0x00000000f7380000)
  to   space 21504K, 0% used [0x00000000f8880000,0x00000000f8880000,0x00000000f9d80000)
 ParOldGen       total 113664K, used 90704K [0x00000000c0000000, 0x00000000c6f00000, 0x00000000eab00000)
  object space 113664K, 79% used [0x00000000c0000000,0x00000000c58942f0,0x00000000c6f00000)
 Metaspace       used 61585K, capacity 63334K, committed 63616K, reserved 1103872K
  class space    used 8122K, capacity 8469K, committed 8576K, reserved 1048576K
}
Event: 252.329 GC heap before
{Heap before GC invocations=17 (full 4):
 PSYoungGen      total 205312K, used 13257K [0x00000000eab00000, 0x00000000f9d80000, 0x0000000100000000)
  eden space 183808K, 0% used [0x00000000eab00000,0x00000000eab00000,0x00000000f5e80000)
  from space 21504K, 61% used [0x00000000f5e80000,0x00000000f6b724d8,0x00000000f7380000)
  to   space 21504K, 0% used [0x00000000f8880000,0x00000000f8880000,0x00000000f9d80000)
 ParOldGen       total 113664K, used 90704K [0x00000000c0000000, 0x00000000c6f00000, 0x00000000eab00000)
  object space 113664K, 79% used [0x00000000c0000000,0x00000000c58942f0,0x00000000c6f00000)
 Metaspace       used 61585K, capacity 63334K, committed 63616K, reserved 1103872K
  class space    used 8122K, capacity 8469K, committed 8576K, reserved 1048576K
Event: 252.877 GC heap after
Heap after GC invocations=17 (full 4):
 PSYoungGen      total 205312K, used 0K [0x00000000eab00000, 0x00000000f9d80000, 0x0000000100000000)
  eden space 183808K, 0% used [0x00000000eab00000,0x00000000eab00000,0x00000000f5e80000)
  from space 21504K, 0% used [0x00000000f5e80000,0x00000000f5e80000,0x00000000f7380000)
  to   space 21504K, 0% used [0x00000000f8880000,0x00000000f8880000,0x00000000f9d80000)
 ParOldGen       total 238080K, used 79740K [0x00000000c0000000, 0x00000000ce880000, 0x00000000eab00000)
  object space 238080K, 33% used [0x00000000c0000000,0x00000000c4ddf288,0x00000000ce880000)
 Metaspace       used 61585K, capacity 63334K, committed 63616K, reserved 1103872K
  class space    used 8122K, capacity 8469K, committed 8576K, reserved 1048576K
}
Event: 255.591 GC heap before
{Heap before GC invocations=18 (full 4):
 PSYoungGen      total 205312K, used 183451K [0x00000000eab00000, 0x00000000f9d80000, 0x0000000100000000)
  eden space 183808K, 99% used [0x00000000eab00000,0x00000000f5e26c48,0x00000000f5e80000)
  from space 21504K, 0% used [0x00000000f5e80000,0x00000000f5e80000,0x00000000f7380000)
  to   space 21504K, 0% used [0x00000000f8880000,0x00000000f8880000,0x00000000f9d80000)
 ParOldGen       total 238080K, used 79740K [0x00000000c0000000, 0x00000000ce880000, 0x00000000eab00000)
  object space 238080K, 33% used [0x00000000c0000000,0x00000000c4ddf288,0x00000000ce880000)
 Metaspace       used 61634K, capacity 63352K, committed 63616K, reserved 1103872K
  class space    used 8129K, capacity 8472K, committed 8576K, reserved 1048576K
Event: 255.618 GC heap after
Heap after GC invocations=18 (full 4):
 PSYoungGen      total 225792K, used 160K [0x00000000eab00000, 0x00000000fa600000, 0x0000000100000000)
  eden space 204288K, 0% used [0x00000000eab00000,0x00000000eab00000,0x00000000f7280000)
  from space 21504K, 0% used [0x00000000f8880000,0x00000000f88a8000,0x00000000f9d80000)
  to   space 22528K, 0% used [0x00000000f7280000,0x00000000f7280000,0x00000000f8880000)
 ParOldGen       total 238080K, used 112508K [0x00000000c0000000, 0x00000000ce880000, 0x00000000eab00000)
  object space 238080K, 47% used [0x00000000c0000000,0x00000000c6ddf298,0x00000000ce880000)
 Metaspace       used 61634K, capacity 63352K, committed 63616K, reserved 1103872K
  class space    used 8129K, capacity 8472K, committed 8576K, reserved 1048576K
}

Deoptimization events (10 events):
Event: 259.067 Thread 0x000000001b762000 Uncommon trap: reason=class_check action=maybe_recompile pc=0x000000000424a0d0 method=java.net.URLClassLoader.defineClass(Ljava/lang/String;Lsun/misc/Resource;)Ljava/lang/Class; @ 34
Event: 259.097 Thread 0x000000001b762000 Uncommon trap: reason=class_check action=maybe_recompile pc=0x000000000424a0d0 method=java.net.URLClassLoader.defineClass(Ljava/lang/String;Lsun/misc/Resource;)Ljava/lang/Class; @ 34
Event: 259.113 Thread 0x000000001b762000 Uncommon trap: reason=class_check action=maybe_recompile pc=0x000000000421f2ec method=java.net.URLClassLoader.defineClass(Ljava/lang/String;Lsun/misc/Resource;)Ljava/lang/Class; @ 34
Event: 259.471 Thread 0x000000001b762000 Uncommon trap: reason=unstable_if action=reinterpret pc=0x000000000456204c method=org.objectweb.asm.Item.a(Lorg/objectweb/asm/Item;)Z @ 186
Event: 259.471 Thread 0x000000001b762000 Uncommon trap: reason=unstable_if action=reinterpret pc=0x0000000004ab7b88 method=org.objectweb.asm.ByteVector.putShort(I)Lorg/objectweb/asm/ByteVector; @ 13
Event: 259.892 Thread 0x000000001b762000 Uncommon trap: reason=unstable_if action=reinterpret pc=0x00000000045d3068 method=org.objectweb.asm.Item.a(Lorg/objectweb/asm/Item;)Z @ 331
Event: 259.922 Thread 0x000000001b762000 Uncommon trap: reason=unstable_if action=reinterpret pc=0x0000000004d7c27c method=org.objectweb.asm.ClassReader.readUTF8(I[C)Ljava/lang/String; @ 11
Event: 260.050 Thread 0x000000001b762000 Uncommon trap: reason=unstable_if action=reinterpret pc=0x000000000394af9c method=org.objectweb.asm.Type.a([CI)Lorg/objectweb/asm/Type; @ 181
Event: 260.050 Thread 0x000000001b762000 Uncommon trap: reason=unstable_if action=reinterpret pc=0x00000000048b977c method=org.objectweb.asm.Type.a([CI)Lorg/objectweb/asm/Type; @ 181
Event: 260.229 Thread 0x000000001b762000 Uncommon trap: reason=array_check action=maybe_recompile pc=0x0000000003e5fe18 method=java.util.ComparableTimSort.binarySort([Ljava/lang/Object;III)V @ 193

Internal exceptions (10 events):
Event: 226.684 Thread 0x000000001b762000 Exception <a 'java/lang/ClassNotFoundException': asLocalRepo625_dmiqyqdi55wgciyg31ytmcawxCustomizer> (0x00000000eb958de8) thrown at [C:\re\workspace\8-2-build-windows-amd64-cygwin\jdk8u111\7883\hotspot\src\share\vm\classfile\systemDictionary.cpp, line 210
Event: 227.731 Thread 0x000000001b762000 Exception <a 'java/lang/reflect/InvocationTargetException'> (0x00000000eff59c10) thrown at [C:\re\workspace\8-2-build-windows-amd64-cygwin\jdk8u111\7883\hotspot\src\share\vm\runtime\reflection.cpp, line 1092]
Event: 231.064 Thread 0x000000001b762000 Implicit null exception at 0x0000000004003b12 to 0x0000000004003c49
Event: 231.065 Thread 0x000000001b762000 Implicit null exception at 0x0000000004003272 to 0x0000000004003441
Event: 239.355 Thread 0x000000001b762000 Implicit null exception at 0x000000000438a096 to 0x000000000438a26d
Event: 247.014 Thread 0x000000001b762000 Implicit null exception at 0x00000000041df65a to 0x00000000041dfd0d
Event: 250.186 Thread 0x000000001b762000 Exception <a 'java/lang/NoSuchMethodError': <clinit>> (0x00000000ed30af18) thrown at [C:\re\workspace\8-2-build-windows-amd64-cygwin\jdk8u111\7883\hotspot\src\share\vm\prims\jni.cpp, line 1613]
Event: 250.249 Thread 0x000000001b764800 Exception <a 'sun/nio/fs/WindowsException'> (0x00000000ed5732c8) thrown at [C:\re\workspace\8-2-build-windows-amd64-cygwin\jdk8u111\7883\hotspot\src\share\vm\prims\jni.cpp, line 709]
Event: 256.170 Thread 0x000000001b762000 Exception <a 'java/io/FileNotFoundException'> (0x00000000f2a64ac8) thrown at [C:\re\workspace\8-2-build-windows-amd64-cygwin\jdk8u111\7883\hotspot\src\share\vm\prims\jni.cpp, line 709]
Event: 260.231 Thread 0x000000001b762000 Exception <a 'java/lang/NoSuchMethodError': <clinit>> (0x00000000f44f82a0) thrown at [C:\re\workspace\8-2-build-windows-amd64-cygwin\jdk8u111\7883\hotspot\src\share\vm\prims\jni.cpp, line 1613]

Events (10 events):
Event: 260.287 loading class com/example/johan/planmytrip/ConnectDatabase
Event: 260.287 loading class com/example/johan/planmytrip/ConnectDatabase done
Event: 260.307 loading class com/example/johan/planmytrip/DatabaseAccess
Event: 260.307 loading class com/example/johan/planmytrip/DatabaseAccess done
Event: 260.324 loading class com/example/johan/planmytrip/DatabaseOpenHelper
Event: 260.324 loading class com/example/johan/planmytrip/DatabaseOpenHelper done
Event: 260.325 loading class com/readystatesoftware/sqliteasset/SQLiteAssetHelper
Event: 260.325 loading class com/readystatesoftware/sqliteasset/SQLiteAssetHelper done
Event: 260.326 loading class android/database/sqlite/SQLiteOpenHelper
Event: 260.326 loading class android/database/sqlite/SQLiteOpenHelper done


Dynamic libraries:
0x00007ff74dd00000 - 0x00007ff74dd37000 	C:\Program Files\Java\jdk1.8.0_111\bin\java.exe
0x00007ffdfe0b0000 - 0x00007ffdfe271000 	C:\WINDOWS\SYSTEM32\ntdll.dll
0x00007ffdfb900000 - 0x00007ffdfb9ad000 	C:\WINDOWS\system32\KERNEL32.DLL
0x00007ffdfa780000 - 0x00007ffdfa968000 	C:\WINDOWS\system32\KERNELBASE.dll
0x00007ffdfe000000 - 0x00007ffdfe0a7000 	C:\WINDOWS\system32\ADVAPI32.dll
0x00007ffdfc820000 - 0x00007ffdfc8bd000 	C:\WINDOWS\system32\msvcrt.dll
0x00007ffdfc1b0000 - 0x00007ffdfc20b000 	C:\WINDOWS\system32\sechost.dll
0x00007ffdfdee0000 - 0x00007ffdfdffc000 	C:\WINDOWS\system32\RPCRT4.dll
0x00007ffdfbd70000 - 0x00007ffdfbec6000 	C:\WINDOWS\system32\USER32.dll
0x00007ffdfbb70000 - 0x00007ffdfbcf6000 	C:\WINDOWS\system32\GDI32.dll
0x00007ffdee630000 - 0x00007ffdee8a4000 	C:\WINDOWS\WinSxS\amd64_microsoft.windows.common-controls_6595b64144ccf1df_6.0.10586.589_none_a2ddb3caa539acce\COMCTL32.dll
0x00007ffdfbf30000 - 0x00007ffdfc1ad000 	C:\WINDOWS\system32\combase.dll
0x00007ffdfb2b0000 - 0x00007ffdfb31a000 	C:\WINDOWS\system32\bcryptPrimitives.dll
0x00007ffdfc8c0000 - 0x00007ffdfc8fb000 	C:\WINDOWS\system32\IMM32.DLL
0x0000000055d60000 - 0x0000000055e32000 	C:\Program Files\Java\jdk1.8.0_111\jre\bin\msvcr100.dll
0x00000000554c0000 - 0x0000000055d5a000 	C:\Program Files\Java\jdk1.8.0_111\jre\bin\server\jvm.dll
0x00007ffdfc640000 - 0x00007ffdfc648000 	C:\WINDOWS\system32\PSAPI.DLL
0x00007ffdedbe0000 - 0x00007ffdedbe9000 	C:\WINDOWS\SYSTEM32\WSOCK32.dll
0x00007ffdf8e00000 - 0x00007ffdf8e23000 	C:\WINDOWS\SYSTEM32\WINMM.dll
0x00007ffdf1d00000 - 0x00007ffdf1d0a000 	C:\WINDOWS\SYSTEM32\VERSION.dll
0x00007ffdfbd00000 - 0x00007ffdfbd6b000 	C:\WINDOWS\system32\WS2_32.dll
0x00007ffdf8da0000 - 0x00007ffdf8dcc000 	C:\WINDOWS\SYSTEM32\WINMMBASE.dll
0x00007ffdfb460000 - 0x00007ffdfb4a3000 	C:\WINDOWS\system32\cfgmgr32.dll
0x0000000056a90000 - 0x0000000056a9f000 	C:\Program Files\Java\jdk1.8.0_111\jre\bin\verify.dll
0x0000000056a60000 - 0x0000000056a89000 	C:\Program Files\Java\jdk1.8.0_111\jre\bin\java.dll
0x00000000554a0000 - 0x00000000554b6000 	C:\Program Files\Java\jdk1.8.0_111\jre\bin\zip.dll
0x00007ffdfc900000 - 0x00007ffdfde5c000 	C:\WINDOWS\system32\SHELL32.dll
0x00007ffdfa970000 - 0x00007ffdfafb5000 	C:\WINDOWS\system32\windows.storage.dll
0x00007ffdfb7c0000 - 0x00007ffdfb812000 	C:\WINDOWS\system32\shlwapi.dll
0x00007ffdfa730000 - 0x00007ffdfa73f000 	C:\WINDOWS\system32\kernel.appcore.dll
0x00007ffdfb020000 - 0x00007ffdfb0d5000 	C:\WINDOWS\system32\shcore.dll
0x00007ffdfa6d0000 - 0x00007ffdfa71b000 	C:\WINDOWS\system32\powrprof.dll
0x00007ffdfa740000 - 0x00007ffdfa754000 	C:\WINDOWS\system32\profapi.dll
0x0000000055480000 - 0x000000005549a000 	C:\Program Files\Java\jdk1.8.0_111\jre\bin\net.dll
0x00007ffdfa000000 - 0x00007ffdfa05c000 	C:\WINDOWS\system32\mswsock.dll
0x0000000055460000 - 0x0000000055471000 	C:\Program Files\Java\jdk1.8.0_111\jre\bin\nio.dll
0x00007ffdc6380000 - 0x00007ffdc6392000 	C:\Users\Hassen\.gradle\native\19\windows-amd64\native-platform.dll
0x00007ffdfa0b0000 - 0x00007ffdfa0c7000 	C:\WINDOWS\SYSTEM32\CRYPTSP.dll
0x00007ffdf9d40000 - 0x00007ffdf9d74000 	C:\WINDOWS\system32\rsaenh.dll
0x00007ffdfa2d0000 - 0x00007ffdfa2f9000 	C:\WINDOWS\SYSTEM32\bcrypt.dll
0x00007ffdf9e90000 - 0x00007ffdf9eaf000 	C:\WINDOWS\SYSTEM32\USERENV.dll
0x00007ffdfa1d0000 - 0x00007ffdfa1db000 	C:\WINDOWS\SYSTEM32\CRYPTBASE.dll
0x00007ffdf3110000 - 0x00007ffdf3148000 	C:\WINDOWS\SYSTEM32\IPHLPAPI.DLL
0x00007ffdfde60000 - 0x00007ffdfde68000 	C:\WINDOWS\system32\NSI.dll
0x00007ffdefe30000 - 0x00007ffdefe46000 	C:\WINDOWS\SYSTEM32\dhcpcsvc6.DLL
0x00007ffdf03c0000 - 0x00007ffdf03da000 	C:\WINDOWS\SYSTEM32\dhcpcsvc.DLL
0x0000000056a50000 - 0x0000000056a5d000 	C:\Program Files\Java\jdk1.8.0_111\jre\bin\management.dll
0x00007ffdf9c20000 - 0x00007ffdf9c51000 	C:\WINDOWS\SYSTEM32\ntmarta.dll
0x00007ffdca790000 - 0x00007ffdca82c000 	C:\WINDOWS\SYSTEM32\efswrt.dll
0x00007ffdfb820000 - 0x00007ffdfb8e6000 	C:\WINDOWS\system32\OLEAUT32.dll
0x00007ffdf60a0000 - 0x00007ffdf61d6000 	C:\WINDOWS\SYSTEM32\wintypes.dll
0x00007ffddaa30000 - 0x00007ffddaa80000 	C:\WINDOWS\SYSTEM32\edputil.dll

VM Arguments:
jvm_args: -XX:MaxPermSize=256m -XX:+HeapDumpOnOutOfMemoryError -Xmx1024m -Dfile.encoding=windows-1252 -Duser.country=CA -Duser.language=en -Duser.variant 
java_command: org.gradle.launcher.daemon.bootstrap.GradleDaemon 2.14.1
java_class_path (initial): C:\Program Files\Android\Android Studio\gradle\gradle-2.14.1\lib\gradle-launcher-2.14.1.jar
Launcher Type: SUN_STANDARD

Environment Variables:
JAVA_HOME=C:\Program Files (x86)\Java\jdk1.7.0_79
PATH=C:\ProgramData\Oracle\Java\javapath;C:\Program Files (x86)\Common Files\NetSarang;C:\Program Files (x86)\Intel\iCLS Client\;C:\Program Files\Intel\iCLS Client\;C:\Windows\system32;C:\Windows;C:\Windows\System32\Wbem;C:\Windows\System32\WindowsPowerShell\v1.0\;C:\Program Files\Intel\WiFi\bin\;C:\Program Files\Common Files\Intel\WirelessCommon\;C:\Program Files\Intel\Intel(R) Management Engine Components\DAL;C:\Program Files\Intel\Intel(R) Management Engine Components\IPT;C:\Program Files (x86)\Intel\Intel(R) Management Engine Components\DAL;C:\Program Files (x86)\Intel\Intel(R) Management Engine Components\IPT;C:\Program Files\Acer\Remote Files\;C:\WINDOWS\system32;C:\WINDOWS;C:\WINDOWS\System32\Wbem;C:\WINDOWS\System32\WindowsPowerShell\v1.0\;C:\Program Files (x86)\Skype\Phone\;C:\Program Files (x86)\QuickTime\QTSystem\;C:\WINDOWS\system32;C:\WINDOWS;C:\WINDOWS\System32\Wbem;C:\WINDOWS\System32\WindowsPowerShell\v1.0\;%QUARTUS_ROOTDIR%\bin;C:\Program Files (x86)\apache-maven-3.3.9\bin;C:\Program Files (x86)\apache-maven-3.3.9\bin
USERNAME=Hassen
OS=Windows_NT
PROCESSOR_IDENTIFIER=Intel64 Family 6 Model 69 Stepping 1, GenuineIntel



---------------  S Y S T E M  ---------------

OS: Windows 10.0 , 64 bit Build 10586 (10.0.10586.589)

CPU:total 4 (2 cores per cpu, 2 threads per core) family 6 model 69 stepping 1, cmov, cx8, fxsr, mmx, sse, sse2, sse3, ssse3, sse4.1, sse4.2, popcnt, avx, avx2, aes, clmul, erms, lzcnt, ht, tsc, tscinvbit, bmi1, bmi2

Memory: 4k page, physical 8281368k(489540k free), swap 12578572k(5832k free)

vm_info: Java HotSpot(TM) 64-Bit Server VM (25.111-b14) for windows-amd64 JRE (1.8.0_111-b14), built on Sep 22 2016 19:24:05 by "java_re" with MS VC++ 10.0 (VS2010)

time: Wed Nov 02 22:26:31 2016
elapsed time: 260 seconds (0d 0h 4m 20s)

