#
# There is insufficient memory for the Java Runtime Environment to continue.
# Native memory allocation (malloc) failed to allocate 188016 bytes for Chunk::new
# Possible reasons:
#   The system is out of physical RAM or swap space
#   In 32 bit mode, the process size limit was hit
# Possible solutions:
#   Reduce memory load on the system
#   Increase physical memory or swap space
#   Check if swap backing store is full
#   Use 64 bit Java on a 64 bit OS
#   Decrease Java heap size (-Xmx/-Xms)
#   Decrease number of Java threads
#   Decrease Java thread stack sizes (-Xss)
#   Set larger code cache with -XX:ReservedCodeCacheSize=
# This output file may be truncated or incomplete.
#
#  Out of Memory Error (allocation.cpp:390), pid=12336, tid=0x0000000000003c9c
#
# JRE version: Java(TM) SE Runtime Environment (8.0_111-b14) (build 1.8.0_111-b14)
# Java VM: Java HotSpot(TM) 64-Bit Server VM (25.111-b14 mixed mode windows-amd64 compressed oops)
# Failed to write core dump. Minidumps are not enabled by default on client versions of Windows
#

---------------  T H R E A D  ---------------

Current thread (0x000000001529f000):  JavaThread "C2 CompilerThread0" daemon [_thread_in_native, id=15516, stack(0x00000000168e0000,0x00000000169e0000)]

Stack: [0x00000000168e0000,0x00000000169e0000]
[error occurred during error reporting (printing stack bounds), id 0xc0000005]

Native frames: (J=compiled Java code, j=interpreted, Vv=VM code, C=native code)


Current CompileTask:
C2:  18723 9133       4       org.objectweb.asm.Frame::a (2252 bytes)


---------------  P R O C E S S  ---------------

Java Threads: ( => current thread )
  0x000000001cb70800 JavaThread "pool-4-thread-1" [_thread_blocked, id=6276, stack(0x000000001e900000,0x000000001ea00000)]
  0x000000001cb6d000 JavaThread "File lock request listener" [_thread_in_native, id=15296, stack(0x000000001d340000,0x000000001d440000)]
  0x0000000017efe800 JavaThread "Stdin handler" [_thread_blocked, id=15552, stack(0x00000000196d0000,0x00000000197d0000)]
  0x0000000017efc000 JavaThread "Asynchronous log dispatcher for org.gradle.launcher.daemon.server.DefaultDaemonConnection@67fe4d8f" [_thread_blocked, id=3920, stack(0x00000000195d0000,0x00000000196d0000)]
  0x0000000017f16000 JavaThread "Daemon worker" [_thread_in_native, id=12332, stack(0x00000000194d0000,0x00000000195d0000)]
  0x0000000017cf9800 JavaThread "Cancel handler" [_thread_blocked, id=4752, stack(0x00000000193d0000,0x00000000194d0000)]
  0x0000000017d7e800 JavaThread "Handler for socket connection from /127.0.0.1:57758 to /127.0.0.1:57759" [_thread_in_native, id=9464, stack(0x00000000192d0000,0x00000000193d0000)]
  0x0000000017d72800 JavaThread "Daemon" [_thread_blocked, id=9588, stack(0x00000000191d0000,0x00000000192d0000)]
  0x0000000017d05800 JavaThread "Incoming local TCP Connector on port 57758" [_thread_in_native, id=14072, stack(0x0000000018df0000,0x0000000018ef0000)]
  0x0000000017d8e800 JavaThread "pool-1-thread-1" [_thread_blocked, id=13680, stack(0x0000000018cf0000,0x0000000018df0000)]
  0x0000000016c14000 JavaThread "Service Thread" daemon [_thread_blocked, id=4812, stack(0x0000000016fe0000,0x00000000170e0000)]
  0x00000000152b5800 JavaThread "C1 CompilerThread2" daemon [_thread_blocked, id=3988, stack(0x0000000016ae0000,0x0000000016be0000)]
  0x00000000152a7000 JavaThread "C2 CompilerThread1" daemon [_thread_in_native, id=13472, stack(0x00000000169e0000,0x0000000016ae0000)]
=>0x000000001529f000 JavaThread "C2 CompilerThread0" daemon [_thread_in_native, id=15516, stack(0x00000000168e0000,0x00000000169e0000)]
  0x000000001529d000 JavaThread "Attach Listener" daemon [_thread_blocked, id=10524, stack(0x00000000167e0000,0x00000000168e0000)]
  0x000000001529c000 JavaThread "Signal Dispatcher" daemon [_thread_blocked, id=15136, stack(0x00000000166e0000,0x00000000167e0000)]
  0x000000001528a800 JavaThread "Finalizer" daemon [_thread_blocked, id=10088, stack(0x0000000016500000,0x0000000016600000)]
  0x0000000002bc0800 JavaThread "Reference Handler" daemon [_thread_blocked, id=11752, stack(0x0000000016400000,0x0000000016500000)]
  0x0000000002ace000 JavaThread "main" [_thread_blocked, id=15452, stack(0x0000000002910000,0x0000000002a10000)]

Other Threads:
  0x0000000015268800 VMThread [stack: 0x0000000016300000,0x0000000016400000] [id=16336]
  0x0000000016c18000 WatcherThread [stack: 0x00000000170e0000,0x00000000171e0000] [id=13600]

VM state:not at safepoint (normal execution)

VM Mutex/Monitor currently owned by a thread: None

Heap:
 PSYoungGen      total 201216K, used 22919K [0x00000000eab00000, 0x00000000f9380000, 0x0000000100000000)
  eden space 180224K, 12% used [0x00000000eab00000,0x00000000ec161f98,0x00000000f5b00000)
  from space 20992K, 0% used [0x00000000f7100000,0x00000000f7100000,0x00000000f8580000)
  to   space 22528K, 0% used [0x00000000f5b00000,0x00000000f5b00000,0x00000000f7100000)
 ParOldGen       total 153088K, used 34218K [0x00000000c0000000, 0x00000000c9580000, 0x00000000eab00000)
  object space 153088K, 22% used [0x00000000c0000000,0x00000000c216a9b0,0x00000000c9580000)
 Metaspace       used 58782K, capacity 60384K, committed 60544K, reserved 1101824K
  class space    used 7904K, capacity 8258K, committed 8320K, reserved 1048576K

Card table byte_map: [0x0000000011f90000,0x00000000121a0000] byte_map_base: 0x0000000011990000

Marking Bits: (ParMarkBitMap*) 0x0000000055cda6c0
 Begin Bits: [0x0000000012700000, 0x0000000013700000)
 End Bits:   [0x0000000013700000, 0x0000000014700000)

Polling page: 0x0000000000c90000

CodeCache: size=245760Kb used=27309Kb max_used=27309Kb free=218450Kb
 bounds [0x0000000002bd0000, 0x00000000046a0000, 0x0000000011bd0000]
 total_blobs=8825 nmethods=8083 adapters=652
 compilation: enabled

Compilation events (10 events):
Event: 18.696 Thread 0x00000000152b5800 nmethod 9159 0x000000000468b510 code [0x000000000468b660, 0x000000000468b770]
Event: 18.701 Thread 0x00000000152b5800 9160       1       com.google.protobuf.GeneratedMessage$Builder::getUnknownFields (5 bytes)
Event: 18.702 Thread 0x00000000152b5800 nmethod 9160 0x000000000468b7d0 code [0x000000000468b920, 0x000000000468ba30]
Event: 18.703 Thread 0x00000000152b5800 9161       3       com.android.build.gradle.internal.pipeline.TransformTask_Decorated::getConventionMapping (30 bytes)
Event: 18.704 Thread 0x00000000152b5800 nmethod 9161 0x000000000468ba90 code [0x000000000468bc40, 0x000000000468c288]
Event: 18.705 Thread 0x00000000152b5800 9162       3       org.gradle.cache.internal.btree.StateCheckBlockStore::write (32 bytes)
Event: 18.705 Thread 0x00000000152b5800 nmethod 9162 0x000000000468c590 code [0x000000000468c700, 0x000000000468c928]
Event: 18.713 Thread 0x00000000152b5800 9163       1       org.gradle.api.execution.internal.TaskOperationInternal::getId (5 bytes)
Event: 18.713 Thread 0x00000000152b5800 nmethod 9163 0x000000000468ca10 code [0x000000000468cb60, 0x000000000468cc70]
Event: 18.717 Thread 0x00000000152b5800 9164       3       java.io.ObjectInputStream::<init> (74 bytes)

GC Heap History (10 events):
Event: 10.264 GC heap before
{Heap before GC invocations=11 (full 2):
 PSYoungGen      total 135680K, used 124416K [0x00000000eab00000, 0x00000000f4300000, 0x0000000100000000)
  eden space 124416K, 100% used [0x00000000eab00000,0x00000000f2480000,0x00000000f2480000)
  from space 11264K, 0% used [0x00000000f2f80000,0x00000000f2f80000,0x00000000f3a80000)
  to   space 11264K, 0% used [0x00000000f2480000,0x00000000f2480000,0x00000000f2f80000)
 ParOldGen       total 101888K, used 14798K [0x00000000c0000000, 0x00000000c6380000, 0x00000000eab00000)
  object space 101888K, 14% used [0x00000000c0000000,0x00000000c0e73b88,0x00000000c6380000)
 Metaspace       used 42977K, capacity 43870K, committed 44288K, reserved 1087488K
  class space    used 5842K, capacity 6093K, committed 6144K, reserved 1048576K
Event: 10.278 GC heap after
Heap after GC invocations=11 (full 2):
 PSYoungGen      total 135680K, used 10581K [0x00000000eab00000, 0x00000000f5a00000, 0x0000000100000000)
  eden space 124416K, 0% used [0x00000000eab00000,0x00000000eab00000,0x00000000f2480000)
  from space 11264K, 93% used [0x00000000f2480000,0x00000000f2ed54e8,0x00000000f2f80000)
  to   space 12288K, 0% used [0x00000000f4e00000,0x00000000f4e00000,0x00000000f5a00000)
 ParOldGen       total 101888K, used 14870K [0x00000000c0000000, 0x00000000c6380000, 0x00000000eab00000)
  object space 101888K, 14% used [0x00000000c0000000,0x00000000c0e85b98,0x00000000c6380000)
 Metaspace       used 42977K, capacity 43870K, committed 44288K, reserved 1087488K
  class space    used 5842K, capacity 6093K, committed 6144K, reserved 1048576K
}
Event: 12.833 GC heap before
{Heap before GC invocations=12 (full 2):
 PSYoungGen      total 135680K, used 134997K [0x00000000eab00000, 0x00000000f5a00000, 0x0000000100000000)
  eden space 124416K, 100% used [0x00000000eab00000,0x00000000f2480000,0x00000000f2480000)
  from space 11264K, 93% used [0x00000000f2480000,0x00000000f2ed54e8,0x00000000f2f80000)
  to   space 12288K, 0% used [0x00000000f4e00000,0x00000000f4e00000,0x00000000f5a00000)
 ParOldGen       total 101888K, used 14870K [0x00000000c0000000, 0x00000000c6380000, 0x00000000eab00000)
  object space 101888K, 14% used [0x00000000c0000000,0x00000000c0e85b98,0x00000000c6380000)
 Metaspace       used 49674K, capacity 50904K, committed 51072K, reserved 1093632K
  class space    used 6792K, capacity 7040K, committed 7040K, reserved 1048576K
Event: 12.862 GC heap after
Heap after GC invocations=12 (full 2):
 PSYoungGen      total 162816K, used 12277K [0x00000000eab00000, 0x00000000f6000000, 0x0000000100000000)
  eden space 150528K, 0% used [0x00000000eab00000,0x00000000eab00000,0x00000000f3e00000)
  from space 12288K, 99% used [0x00000000f4e00000,0x00000000f59fd560,0x00000000f5a00000)
  to   space 16384K, 0% used [0x00000000f3e00000,0x00000000f3e00000,0x00000000f4e00000)
 ParOldGen       total 101888K, used 22842K [0x00000000c0000000, 0x00000000c6380000, 0x00000000eab00000)
  object space 101888K, 22% used [0x00000000c0000000,0x00000000c164eb80,0x00000000c6380000)
 Metaspace       used 49674K, capacity 50904K, committed 51072K, reserved 1093632K
  class space    used 6792K, capacity 7040K, committed 7040K, reserved 1048576K
}
Event: 17.114 GC heap before
{Heap before GC invocations=13 (full 2):
 PSYoungGen      total 162816K, used 162805K [0x00000000eab00000, 0x00000000f6000000, 0x0000000100000000)
  eden space 150528K, 100% used [0x00000000eab00000,0x00000000f3e00000,0x00000000f3e00000)
  from space 12288K, 99% used [0x00000000f4e00000,0x00000000f59fd560,0x00000000f5a00000)
  to   space 16384K, 0% used [0x00000000f3e00000,0x00000000f3e00000,0x00000000f4e00000)
 ParOldGen       total 101888K, used 22842K [0x00000000c0000000, 0x00000000c6380000, 0x00000000eab00000)
  object space 101888K, 22% used [0x00000000c0000000,0x00000000c164eb80,0x00000000c6380000)
 Metaspace       used 57117K, capacity 58488K, committed 58752K, reserved 1099776K
  class space    used 7682K, capacity 7972K, committed 8064K, reserved 1048576K
Event: 17.146 GC heap after
Heap after GC invocations=13 (full 2):
 PSYoungGen      total 166912K, used 16352K [0x00000000eab00000, 0x00000000f8580000, 0x0000000100000000)
  eden space 150528K, 0% used [0x00000000eab00000,0x00000000eab00000,0x00000000f3e00000)
  from space 16384K, 99% used [0x00000000f3e00000,0x00000000f4df80e0,0x00000000f4e00000)
  to   space 20992K, 0% used [0x00000000f7100000,0x00000000f7100000,0x00000000f8580000)
 ParOldGen       total 101888K, used 29450K [0x00000000c0000000, 0x00000000c6380000, 0x00000000eab00000)
  object space 101888K, 28% used [0x00000000c0000000,0x00000000c1cc2938,0x00000000c6380000)
 Metaspace       used 57117K, capacity 58488K, committed 58752K, reserved 1099776K
  class space    used 7682K, capacity 7972K, committed 8064K, reserved 1048576K
}
Event: 17.664 GC heap before
{Heap before GC invocations=14 (full 2):
 PSYoungGen      total 166912K, used 70102K [0x00000000eab00000, 0x00000000f8580000, 0x0000000100000000)
  eden space 150528K, 35% used [0x00000000eab00000,0x00000000edf7d7c8,0x00000000f3e00000)
  from space 16384K, 99% used [0x00000000f3e00000,0x00000000f4df80e0,0x00000000f4e00000)
  to   space 20992K, 0% used [0x00000000f7100000,0x00000000f7100000,0x00000000f8580000)
 ParOldGen       total 101888K, used 29450K [0x00000000c0000000, 0x00000000c6380000, 0x00000000eab00000)
  object space 101888K, 28% used [0x00000000c0000000,0x00000000c1cc2938,0x00000000c6380000)
 Metaspace       used 57548K, capacity 59010K, committed 59096K, reserved 1099776K
  class space    used 7755K, capacity 8043K, committed 8064K, reserved 1048576K
Event: 17.693 GC heap after
Heap after GC invocations=14 (full 2):
 PSYoungGen      total 201216K, used 16832K [0x00000000eab00000, 0x00000000f9380000, 0x0000000100000000)
  eden space 180224K, 0% used [0x00000000eab00000,0x00000000eab00000,0x00000000f5b00000)
  from space 20992K, 80% used [0x00000000f7100000,0x00000000f81700e0,0x00000000f8580000)
  to   space 22528K, 0% used [0x00000000f5b00000,0x00000000f5b00000,0x00000000f7100000)
 ParOldGen       total 101888K, used 29458K [0x00000000c0000000, 0x00000000c6380000, 0x00000000eab00000)
  object space 101888K, 28% used [0x00000000c0000000,0x00000000c1cc4938,0x00000000c6380000)
 Metaspace       used 57548K, capacity 59010K, committed 59096K, reserved 1099776K
  class space    used 7755K, capacity 8043K, committed 8064K, reserved 1048576K
}
Event: 17.693 GC heap before
{Heap before GC invocations=15 (full 3):
 PSYoungGen      total 201216K, used 16832K [0x00000000eab00000, 0x00000000f9380000, 0x0000000100000000)
  eden space 180224K, 0% used [0x00000000eab00000,0x00000000eab00000,0x00000000f5b00000)
  from space 20992K, 80% used [0x00000000f7100000,0x00000000f81700e0,0x00000000f8580000)
  to   space 22528K, 0% used [0x00000000f5b00000,0x00000000f5b00000,0x00000000f7100000)
 ParOldGen       total 101888K, used 29458K [0x00000000c0000000, 0x00000000c6380000, 0x00000000eab00000)
  object space 101888K, 28% used [0x00000000c0000000,0x00000000c1cc4938,0x00000000c6380000)
 Metaspace       used 57548K, capacity 59010K, committed 59096K, reserved 1099776K
  class space    used 7755K, capacity 8043K, committed 8064K, reserved 1048576K
Event: 18.070 GC heap after
Heap after GC invocations=15 (full 3):
 PSYoungGen      total 201216K, used 0K [0x00000000eab00000, 0x00000000f9380000, 0x0000000100000000)
  eden space 180224K, 0% used [0x00000000eab00000,0x00000000eab00000,0x00000000f5b00000)
  from space 20992K, 0% used [0x00000000f7100000,0x00000000f7100000,0x00000000f8580000)
  to   space 22528K, 0% used [0x00000000f5b00000,0x00000000f5b00000,0x00000000f7100000)
 ParOldGen       total 153088K, used 34218K [0x00000000c0000000, 0x00000000c9580000, 0x00000000eab00000)
  object space 153088K, 22% used [0x00000000c0000000,0x00000000c216a9b0,0x00000000c9580000)
 Metaspace       used 57546K, capacity 59004K, committed 59096K, reserved 1099776K
  class space    used 7754K, capacity 8042K, committed 8064K, reserved 1048576K
}

Deoptimization events (10 events):
Event: 17.644 Thread 0x0000000017f16000 Uncommon trap: reason=array_check action=maybe_recompile pc=0x0000000003259104 method=java.util.TimSort.binarySort([Ljava/lang/Object;IIILjava/util/Comparator;)V @ 193
Event: 17.651 Thread 0x0000000017f16000 Uncommon trap: reason=array_check action=maybe_recompile pc=0x0000000003259104 method=java.util.TimSort.binarySort([Ljava/lang/Object;IIILjava/util/Comparator;)V @ 193
Event: 18.238 Thread 0x0000000017f16000 Uncommon trap: reason=unstable_if action=reinterpret pc=0x0000000004060410 method=com.google.common.collect.MapMakerInternalMap$Segment.getEntry(Ljava/lang/Object;I)Lcom/google/common/collect/MapMakerInternalMap$ReferenceEntry; @ 40
Event: 18.385 Thread 0x0000000017f16000 Uncommon trap: reason=class_check action=maybe_recompile pc=0x000000000383cd14 method=java.net.URLClassLoader.defineClass(Ljava/lang/String;Lsun/misc/Resource;)Ljava/lang/Class; @ 34
Event: 18.408 Thread 0x0000000017f16000 Uncommon trap: reason=unstable_if action=reinterpret pc=0x0000000003a5d670 method=java.util.regex.Matcher.appendReplacement(Ljava/lang/StringBuffer;Ljava/lang/String;)Ljava/util/regex/Matcher; @ 47
Event: 18.446 Thread 0x0000000017f16000 Uncommon trap: reason=class_check action=maybe_recompile pc=0x000000000383cd14 method=java.net.URLClassLoader.defineClass(Ljava/lang/String;Lsun/misc/Resource;)Ljava/lang/Class; @ 34
Event: 18.458 Thread 0x0000000017f16000 Uncommon trap: reason=class_check action=maybe_recompile pc=0x000000000383cd14 method=java.net.URLClassLoader.defineClass(Ljava/lang/String;Lsun/misc/Resource;)Ljava/lang/Class; @ 34
Event: 18.468 Thread 0x0000000017f16000 Uncommon trap: reason=class_check action=maybe_recompile pc=0x000000000383cd14 method=java.net.URLClassLoader.defineClass(Ljava/lang/String;Lsun/misc/Resource;)Ljava/lang/Class; @ 34
Event: 18.477 Thread 0x0000000017f16000 Uncommon trap: reason=class_check action=maybe_recompile pc=0x0000000003876d60 method=java.net.URLClassLoader.defineClass(Ljava/lang/String;Lsun/misc/Resource;)Ljava/lang/Class; @ 34
Event: 18.583 Thread 0x0000000017f16000 Uncommon trap: reason=unstable_if action=reinterpret pc=0x000000000460f528 method=org.objectweb.asm.Item.a(Lorg/objectweb/asm/Item;)Z @ 331

Internal exceptions (10 events):
Event: 11.572 Thread 0x0000000017f16000 Exception <a 'java/lang/ClassNotFoundException': org/gradle/platform/base/BinaryContainer_ImplCustomizer> (0x00000000ef7fee68) thrown at [C:\re\workspace\8-2-build-windows-amd64-cygwin\jdk8u111\7883\hotspot\src\share\vm\classfile\systemDictionary.cpp, lin
Event: 11.824 Thread 0x0000000017f16000 Exception <a 'java/lang/NoSuchMethodError': <clinit>> (0x00000000efcde780) thrown at [C:\re\workspace\8-2-build-windows-amd64-cygwin\jdk8u111\7883\hotspot\src\share\vm\prims\jni.cpp, line 1613]
Event: 11.825 Thread 0x0000000017f16000 Exception <a 'java/lang/NoSuchMethodError': <clinit>> (0x00000000efceb768) thrown at [C:\re\workspace\8-2-build-windows-amd64-cygwin\jdk8u111\7883\hotspot\src\share\vm\prims\jni.cpp, line 1613]
Event: 11.867 Thread 0x0000000017f16000 Exception <a 'java/lang/NoSuchMethodError': <clinit>> (0x00000000efef21b0) thrown at [C:\re\workspace\8-2-build-windows-amd64-cygwin\jdk8u111\7883\hotspot\src\share\vm\prims\jni.cpp, line 1613]
Event: 11.868 Thread 0x0000000017f16000 Exception <a 'java/lang/NoSuchMethodError': <clinit>> (0x00000000eff0a9c0) thrown at [C:\re\workspace\8-2-build-windows-amd64-cygwin\jdk8u111\7883\hotspot\src\share\vm\prims\jni.cpp, line 1613]
Event: 11.869 Thread 0x0000000017f16000 Exception <a 'java/lang/NoSuchMethodError': <clinit>> (0x00000000eff0bed8) thrown at [C:\re\workspace\8-2-build-windows-amd64-cygwin\jdk8u111\7883\hotspot\src\share\vm\prims\jni.cpp, line 1613]
Event: 13.178 Thread 0x0000000017f16000 Implicit null exception at 0x0000000003380135 to 0x00000000033801b9
Event: 13.215 Thread 0x0000000017f16000 Implicit null exception at 0x000000000402b217 to 0x000000000402b35b
Event: 13.247 Thread 0x0000000017f16000 Implicit null exception at 0x0000000003432dd0 to 0x0000000003432e01
Event: 17.604 Thread 0x0000000017f16000 Exception <a 'java/lang/NoSuchMethodError': <clinit>> (0x00000000edb3be50) thrown at [C:\re\workspace\8-2-build-windows-amd64-cygwin\jdk8u111\7883\hotspot\src\share\vm\prims\jni.cpp, line 1613]

Events (10 events):
Event: 18.666 loading class com/android/build/gradle/internal/transforms/InstantRunBuildType$2
Event: 18.666 loading class com/android/build/gradle/internal/transforms/InstantRunBuildType$2 done
Event: 18.694 loading class org/gradle/api/internal/changedetection/rules/DescriptiveChange
Event: 18.694 loading class org/gradle/api/internal/changedetection/rules/DescriptiveChange done
Event: 18.697 loading class com/android/build/api/transform/TransformInput
Event: 18.697 loading class com/android/build/api/transform/TransformInput done
Event: 18.697 loading class com/android/build/gradle/internal/pipeline/TransformStream
Event: 18.697 loading class com/android/build/gradle/internal/pipeline/TransformStream done
Event: 18.714 loading class com/android/build/gradle/tasks/PreColdSwapTask$1
Event: 18.714 loading class com/android/build/gradle/tasks/PreColdSwapTask$1 done


Dynamic libraries:
0x00007ff74dd00000 - 0x00007ff74dd37000 	C:\Program Files\Java\jdk1.8.0_111\bin\java.exe
0x00007ffdfe0b0000 - 0x00007ffdfe271000 	C:\WINDOWS\SYSTEM32\ntdll.dll
0x00007ffdfb900000 - 0x00007ffdfb9ad000 	C:\WINDOWS\system32\KERNEL32.DLL
0x00007ffdfa780000 - 0x00007ffdfa968000 	C:\WINDOWS\system32\KERNELBASE.dll
0x00007ffdfe000000 - 0x00007ffdfe0a7000 	C:\WINDOWS\system32\ADVAPI32.dll
0x00007ffdfc820000 - 0x00007ffdfc8bd000 	C:\WINDOWS\system32\msvcrt.dll
0x00007ffdfc1b0000 - 0x00007ffdfc20b000 	C:\WINDOWS\system32\sechost.dll
0x00007ffdfdee0000 - 0x00007ffdfdffc000 	C:\WINDOWS\system32\RPCRT4.dll
0x00007ffdfbd70000 - 0x00007ffdfbec6000 	C:\WINDOWS\system32\USER32.dll
0x00007ffdfbb70000 - 0x00007ffdfbcf6000 	C:\WINDOWS\system32\GDI32.dll
0x00007ffdee630000 - 0x00007ffdee8a4000 	C:\WINDOWS\WinSxS\amd64_microsoft.windows.common-controls_6595b64144ccf1df_6.0.10586.589_none_a2ddb3caa539acce\COMCTL32.dll
0x00007ffdfbf30000 - 0x00007ffdfc1ad000 	C:\WINDOWS\system32\combase.dll
0x00007ffdfb2b0000 - 0x00007ffdfb31a000 	C:\WINDOWS\system32\bcryptPrimitives.dll
0x00007ffdfc8c0000 - 0x00007ffdfc8fb000 	C:\WINDOWS\system32\IMM32.DLL
0x0000000055d60000 - 0x0000000055e32000 	C:\Program Files\Java\jdk1.8.0_111\jre\bin\msvcr100.dll
0x00000000554c0000 - 0x0000000055d5a000 	C:\Program Files\Java\jdk1.8.0_111\jre\bin\server\jvm.dll
0x00007ffdfc640000 - 0x00007ffdfc648000 	C:\WINDOWS\system32\PSAPI.DLL
0x00007ffdedbe0000 - 0x00007ffdedbe9000 	C:\WINDOWS\SYSTEM32\WSOCK32.dll
0x00007ffdf8e00000 - 0x00007ffdf8e23000 	C:\WINDOWS\SYSTEM32\WINMM.dll
0x00007ffdf1d00000 - 0x00007ffdf1d0a000 	C:\WINDOWS\SYSTEM32\VERSION.dll
0x00007ffdfbd00000 - 0x00007ffdfbd6b000 	C:\WINDOWS\system32\WS2_32.dll
0x00000000028c0000 - 0x00000000028ec000 	C:\WINDOWS\SYSTEM32\WINMMBASE.dll
0x00007ffdfb460000 - 0x00007ffdfb4a3000 	C:\WINDOWS\system32\cfgmgr32.dll
0x0000000056a90000 - 0x0000000056a9f000 	C:\Program Files\Java\jdk1.8.0_111\jre\bin\verify.dll
0x0000000056a60000 - 0x0000000056a89000 	C:\Program Files\Java\jdk1.8.0_111\jre\bin\java.dll
0x00000000554a0000 - 0x00000000554b6000 	C:\Program Files\Java\jdk1.8.0_111\jre\bin\zip.dll
0x00007ffdfc900000 - 0x00007ffdfde5c000 	C:\WINDOWS\system32\SHELL32.dll
0x00007ffdfa970000 - 0x00007ffdfafb5000 	C:\WINDOWS\system32\windows.storage.dll
0x00007ffdfb7c0000 - 0x00007ffdfb812000 	C:\WINDOWS\system32\shlwapi.dll
0x00007ffdfa730000 - 0x00007ffdfa73f000 	C:\WINDOWS\system32\kernel.appcore.dll
0x00007ffdfb020000 - 0x00007ffdfb0d5000 	C:\WINDOWS\system32\shcore.dll
0x00007ffdfa6d0000 - 0x00007ffdfa71b000 	C:\WINDOWS\system32\powrprof.dll
0x00007ffdfa740000 - 0x00007ffdfa754000 	C:\WINDOWS\system32\profapi.dll
0x0000000055480000 - 0x000000005549a000 	C:\Program Files\Java\jdk1.8.0_111\jre\bin\net.dll
0x00007ffdfa000000 - 0x00007ffdfa05c000 	C:\WINDOWS\system32\mswsock.dll
0x0000000055460000 - 0x0000000055471000 	C:\Program Files\Java\jdk1.8.0_111\jre\bin\nio.dll
0x00007ffdc6380000 - 0x00007ffdc6392000 	C:\Users\Hassen\.gradle\native\19\windows-amd64\native-platform.dll
0x00007ffdfa0b0000 - 0x00007ffdfa0c7000 	C:\WINDOWS\SYSTEM32\CRYPTSP.dll
0x00007ffdf9d40000 - 0x00007ffdf9d74000 	C:\WINDOWS\system32\rsaenh.dll
0x00007ffdfa2d0000 - 0x00007ffdfa2f9000 	C:\WINDOWS\SYSTEM32\bcrypt.dll
0x00007ffdf9e90000 - 0x00007ffdf9eaf000 	C:\WINDOWS\SYSTEM32\USERENV.dll
0x00007ffdfa1d0000 - 0x00007ffdfa1db000 	C:\WINDOWS\SYSTEM32\CRYPTBASE.dll
0x00007ffdf3110000 - 0x00007ffdf3148000 	C:\WINDOWS\SYSTEM32\IPHLPAPI.DLL
0x00007ffdfde60000 - 0x00007ffdfde68000 	C:\WINDOWS\system32\NSI.dll
0x00007ffdefe30000 - 0x00007ffdefe46000 	C:\WINDOWS\SYSTEM32\dhcpcsvc6.DLL
0x00007ffdf03c0000 - 0x00007ffdf03da000 	C:\WINDOWS\SYSTEM32\dhcpcsvc.DLL
0x0000000056a50000 - 0x0000000056a5d000 	C:\Program Files\Java\jdk1.8.0_111\jre\bin\management.dll

VM Arguments:
jvm_args: -XX:MaxPermSize=256m -XX:+HeapDumpOnOutOfMemoryError -Xmx1024m -Dfile.encoding=windows-1252 -Duser.country=CA -Duser.language=en -Duser.variant 
java_command: org.gradle.launcher.daemon.bootstrap.GradleDaemon 2.14.1
java_class_path (initial): C:\Program Files\Android\Android Studio\gradle\gradle-2.14.1\lib\gradle-launcher-2.14.1.jar
Launcher Type: SUN_STANDARD

Environment Variables:
JAVA_HOME=C:\Program Files (x86)\Java\jdk1.7.0_79
PATH=C:\ProgramData\Oracle\Java\javapath;C:\Program Files (x86)\Common Files\NetSarang;C:\Program Files (x86)\Intel\iCLS Client\;C:\Program Files\Intel\iCLS Client\;C:\Windows\system32;C:\Windows;C:\Windows\System32\Wbem;C:\Windows\System32\WindowsPowerShell\v1.0\;C:\Program Files\Intel\WiFi\bin\;C:\Program Files\Common Files\Intel\WirelessCommon\;C:\Program Files\Intel\Intel(R) Management Engine Components\DAL;C:\Program Files\Intel\Intel(R) Management Engine Components\IPT;C:\Program Files (x86)\Intel\Intel(R) Management Engine Components\DAL;C:\Program Files (x86)\Intel\Intel(R) Management Engine Components\IPT;C:\Program Files\Acer\Remote Files\;C:\WINDOWS\system32;C:\WINDOWS;C:\WINDOWS\System32\Wbem;C:\WINDOWS\System32\WindowsPowerShell\v1.0\;C:\Program Files (x86)\Skype\Phone\;C:\Program Files (x86)\QuickTime\QTSystem\;C:\WINDOWS\system32;C:\WINDOWS;C:\WINDOWS\System32\Wbem;C:\WINDOWS\System32\WindowsPowerShell\v1.0\;%QUARTUS_ROOTDIR%\bin;C:\Program Files (x86)\apache-maven-3.3.9\bin;C:\Program Files (x86)\apache-maven-3.3.9\bin
USERNAME=Hassen
OS=Windows_NT
PROCESSOR_IDENTIFIER=Intel64 Family 6 Model 69 Stepping 1, GenuineIntel



---------------  S Y S T E M  ---------------

OS: Windows 10.0 , 64 bit Build 10586 (10.0.10586.589)

CPU:total 4 (2 cores per cpu, 2 threads per core) family 6 model 69 stepping 1, cmov, cx8, fxsr, mmx, sse, sse2, sse3, ssse3, sse4.1, sse4.2, popcnt, avx, avx2, aes, clmul, erms, lzcnt, ht, tsc, tscinvbit, bmi1, bmi2

Memory: 4k page, physical 8281368k(980072k free), swap 12578572k(2432k free)

vm_info: Java HotSpot(TM) 64-Bit Server VM (25.111-b14) for windows-amd64 JRE (1.8.0_111-b14), built on Sep 22 2016 19:24:05 by "java_re" with MS VC++ 10.0 (VS2010)

time: Wed Nov 02 22:17:32 2016
elapsed time: 18 seconds (0d 0h 0m 18s)

