#
# There is insufficient memory for the Java Runtime Environment to continue.
# Native memory allocation (malloc) failed to allocate 32744 bytes for ChunkPool::allocate
# Possible reasons:
#   The system is out of physical RAM or swap space
#   In 32 bit mode, the process size limit was hit
# Possible solutions:
#   Reduce memory load on the system
#   Increase physical memory or swap space
#   Check if swap backing store is full
#   Use 64 bit Java on a 64 bit OS
#   Decrease Java heap size (-Xmx/-Xms)
#   Decrease number of Java threads
#   Decrease Java thread stack sizes (-Xss)
#   Set larger code cache with -XX:ReservedCodeCacheSize=
# This output file may be truncated or incomplete.
#
#  Out of Memory Error (allocation.cpp:273), pid=9588, tid=0x000000000000054c
#
# JRE version: Java(TM) SE Runtime Environment (8.0_111-b14) (build 1.8.0_111-b14)
# Java VM: Java HotSpot(TM) 64-Bit Server VM (25.111-b14 mixed mode windows-amd64 compressed oops)
# Failed to write core dump. Minidumps are not enabled by default on client versions of Windows
#

---------------  T H R E A D  ---------------

Current thread (0x000000001546f000):  JavaThread "C2 CompilerThread0" daemon [_thread_in_native, id=1356, stack(0x0000000016ab0000,0x0000000016bb0000)]

Stack: [0x0000000016ab0000,0x0000000016bb0000]
[error occurred during error reporting (printing stack bounds), id 0xc0000005]

Native frames: (J=compiled Java code, j=interpreted, Vv=VM code, C=native code)


Current CompileTask:
C2:  64587 10516       4       java.net.URLClassLoader$1::run (5 bytes)


---------------  P R O C E S S  ---------------

Java Threads: ( => current thread )
  0x000000001ebef000 JavaThread "pool-3-thread-4" [_thread_blocked, id=12396, stack(0x0000000021460000,0x0000000021560000)]
  0x000000001ebf5800 JavaThread "pool-3-thread-3" [_thread_blocked, id=5496, stack(0x0000000021360000,0x0000000021460000)]
  0x000000001ebee000 JavaThread "pool-3-thread-2" [_thread_blocked, id=15784, stack(0x0000000021260000,0x0000000021360000)]
  0x000000001ebf5000 JavaThread "pool-3-thread-1" [_thread_blocked, id=2660, stack(0x0000000020950000,0x0000000020a50000)]
  0x000000001a87f000 JavaThread "File lock request listener" [_thread_in_native, id=10088, stack(0x000000001bfa0000,0x000000001c0a0000)]
  0x000000001810d000 JavaThread "Asynchronous log dispatcher for org.gradle.launcher.daemon.server.DefaultDaemonConnection@67fe4d8f" [_thread_blocked, id=3328, stack(0x0000000019800000,0x0000000019900000)]
  0x0000000018109000 JavaThread "Daemon worker" [_thread_in_native, id=11512, stack(0x0000000019700000,0x0000000019800000)]
  0x0000000018118000 JavaThread "Cancel handler" [_thread_blocked, id=6156, stack(0x0000000019600000,0x0000000019700000)]
  0x0000000017fb2000 JavaThread "Handler for socket connection from /127.0.0.1:58676 to /127.0.0.1:58677" [_thread_in_native, id=828, stack(0x0000000019500000,0x0000000019600000)]
  0x0000000017fa6800 JavaThread "Daemon" [_thread_blocked, id=14540, stack(0x0000000019400000,0x0000000019500000)]
  0x0000000018010000 JavaThread "Incoming local TCP Connector on port 58676" [_thread_in_native, id=13080, stack(0x0000000019020000,0x0000000019120000)]
  0x00000000178df800 JavaThread "pool-1-thread-1" [_thread_blocked, id=3300, stack(0x0000000017bb0000,0x0000000017cb0000)]
  0x0000000016de8800 JavaThread "Service Thread" daemon [_thread_blocked, id=10556, stack(0x00000000171b0000,0x00000000172b0000)]
  0x0000000015479800 JavaThread "C1 CompilerThread2" daemon [_thread_blocked, id=16088, stack(0x0000000016cb0000,0x0000000016db0000)]
  0x0000000015471800 JavaThread "C2 CompilerThread1" daemon [_thread_in_native, id=15836, stack(0x0000000016bb0000,0x0000000016cb0000)]
=>0x000000001546f000 JavaThread "C2 CompilerThread0" daemon [_thread_in_native, id=1356, stack(0x0000000016ab0000,0x0000000016bb0000)]
  0x000000001546d000 JavaThread "Attach Listener" daemon [_thread_blocked, id=13592, stack(0x00000000169b0000,0x0000000016ab0000)]
  0x000000001546c000 JavaThread "Signal Dispatcher" daemon [_thread_blocked, id=14236, stack(0x00000000168b0000,0x00000000169b0000)]
  0x000000001545a800 JavaThread "Finalizer" daemon [_thread_blocked, id=11028, stack(0x00000000166d0000,0x00000000167d0000)]
  0x0000000002d90800 JavaThread "Reference Handler" daemon [_thread_blocked, id=4780, stack(0x00000000165d0000,0x00000000166d0000)]
  0x000000000137e000 JavaThread "main" [_thread_blocked, id=14700, stack(0x0000000002ba0000,0x0000000002ca0000)]

Other Threads:
  0x0000000015438000 VMThread [stack: 0x00000000164d0000,0x00000000165d0000] [id=15356]
  0x0000000016ded000 WatcherThread [stack: 0x00000000172b0000,0x00000000173b0000] [id=16136]

VM state:not at safepoint (normal execution)

VM Mutex/Monitor currently owned by a thread: None

Heap:
 PSYoungGen      total 258048K, used 153491K [0x00000000eab00000, 0x00000000fc580000, 0x0000000100000000)
  eden space 231424K, 63% used [0x00000000eab00000,0x00000000f3ab87e8,0x00000000f8d00000)
  from space 26624K, 23% used [0x00000000fa680000,0x00000000facac678,0x00000000fc080000)
  to   space 26112K, 0% used [0x00000000f8d00000,0x00000000f8d00000,0x00000000fa680000)
 ParOldGen       total 175616K, used 106636K [0x00000000c0000000, 0x00000000cab80000, 0x00000000eab00000)
  object space 175616K, 60% used [0x00000000c0000000,0x00000000c6823160,0x00000000cab80000)
 Metaspace       used 60652K, capacity 62286K, committed 62464K, reserved 1103872K
  class space    used 8093K, capacity 8447K, committed 8448K, reserved 1048576K

Card table byte_map: [0x0000000012160000,0x0000000012370000] byte_map_base: 0x0000000011b60000

Marking Bits: (ParMarkBitMap*) 0x0000000055cda6c0
 Begin Bits: [0x00000000128d0000, 0x00000000138d0000)
 End Bits:   [0x00000000138d0000, 0x00000000148d0000)

Polling page: 0x0000000001350000

CodeCache: size=245760Kb used=31276Kb max_used=31278Kb free=214483Kb
 bounds [0x0000000002da0000, 0x0000000004c50000, 0x0000000011da0000]
 total_blobs=9747 nmethods=9003 adapters=655
 compilation: enabled

Compilation events (10 events):
Event: 64.321 Thread 0x0000000015479800 10534       3       org.objectweb.asm.commons.GeneratorAdapter::push (24 bytes)
Event: 64.322 Thread 0x0000000015479800 nmethod 10534 0x0000000004c4a350 code [0x0000000004c4a4e0, 0x0000000004c4a818]
Event: 64.360 Thread 0x0000000015479800 10535       3       org.objectweb.asm.tree.ClassNode::visitInnerClass (27 bytes)
Event: 64.361 Thread 0x0000000015479800 nmethod 10535 0x0000000002f6db10 code [0x0000000002f6dc80, 0x0000000002f6e008]
Event: 64.376 Thread 0x0000000015479800 10536       3       com.google.common.collect.ImmutableListMultimap::copyOf (138 bytes)
Event: 64.378 Thread 0x0000000015479800 nmethod 10536 0x0000000004c4a910 code [0x0000000004c4ac60, 0x0000000004c4c8d8]
Event: 64.405 Thread 0x0000000015479800 10537       3       org.objectweb.asm.ClassWriter::newNameType (10 bytes)
Event: 64.405 Thread 0x0000000015479800 nmethod 10537 0x0000000002fd3e50 code [0x0000000002fd3fc0, 0x0000000002fd41c8]
Event: 64.427 Thread 0x0000000015479800 10538   !   3       sun.nio.ch.FileChannelImpl::implCloseChannel (132 bytes)
Event: 64.428 Thread 0x0000000015479800 nmethod 10538 0x0000000004c4d6d0 code [0x0000000004c4d920, 0x0000000004c4e928]

GC Heap History (10 events):
Event: 38.181 GC heap before
{Heap before GC invocations=11 (full 2):
 PSYoungGen      total 188416K, used 188385K [0x00000000eab00000, 0x00000000f7780000, 0x0000000100000000)
  eden space 174592K, 100% used [0x00000000eab00000,0x00000000f5580000,0x00000000f5580000)
  from space 13824K, 99% used [0x00000000f6800000,0x00000000f7578728,0x00000000f7580000)
  to   space 17408K, 0% used [0x00000000f5580000,0x00000000f5580000,0x00000000f6680000)
 ParOldGen       total 107008K, used 22445K [0x00000000c0000000, 0x00000000c6880000, 0x00000000eab00000)
  object space 107008K, 20% used [0x00000000c0000000,0x00000000c15eb660,0x00000000c6880000)
 Metaspace       used 51476K, capacity 52866K, committed 53120K, reserved 1095680K
  class space    used 6957K, capacity 7247K, committed 7296K, reserved 1048576K
Event: 38.227 GC heap after
Heap after GC invocations=11 (full 2):
 PSYoungGen      total 192000K, used 17220K [0x00000000eab00000, 0x00000000f9800000, 0x0000000100000000)
  eden space 174592K, 0% used [0x00000000eab00000,0x00000000eab00000,0x00000000f5580000)
  from space 17408K, 98% used [0x00000000f5580000,0x00000000f66511e8,0x00000000f6680000)
  to   space 19456K, 0% used [0x00000000f8500000,0x00000000f8500000,0x00000000f9800000)
 ParOldGen       total 107008K, used 22453K [0x00000000c0000000, 0x00000000c6880000, 0x00000000eab00000)
  object space 107008K, 20% used [0x00000000c0000000,0x00000000c15ed660,0x00000000c6880000)
 Metaspace       used 51476K, capacity 52866K, committed 53120K, reserved 1095680K
  class space    used 6957K, capacity 7247K, committed 7296K, reserved 1048576K
}
Event: 55.803 GC heap before
{Heap before GC invocations=12 (full 2):
 PSYoungGen      total 192000K, used 125074K [0x00000000eab00000, 0x00000000f9800000, 0x0000000100000000)
  eden space 174592K, 61% used [0x00000000eab00000,0x00000000f1453868,0x00000000f5580000)
  from space 17408K, 98% used [0x00000000f5580000,0x00000000f66511e8,0x00000000f6680000)
  to   space 19456K, 0% used [0x00000000f8500000,0x00000000f8500000,0x00000000f9800000)
 ParOldGen       total 107008K, used 22453K [0x00000000c0000000, 0x00000000c6880000, 0x00000000eab00000)
  object space 107008K, 20% used [0x00000000c0000000,0x00000000c15ed660,0x00000000c6880000)
 Metaspace       used 57561K, capacity 59002K, committed 59096K, reserved 1099776K
  class space    used 7731K, capacity 8053K, committed 8064K, reserved 1048576K
Event: 55.870 GC heap after
Heap after GC invocations=12 (full 2):
 PSYoungGen      total 216064K, used 19428K [0x00000000eab00000, 0x00000000fa380000, 0x0000000100000000)
  eden space 196608K, 0% used [0x00000000eab00000,0x00000000eab00000,0x00000000f6b00000)
  from space 19456K, 99% used [0x00000000f8500000,0x00000000f97f9220,0x00000000f9800000)
  to   space 26624K, 0% used [0x00000000f6b00000,0x00000000f6b00000,0x00000000f8500000)
 ParOldGen       total 107008K, used 34948K [0x00000000c0000000, 0x00000000c6880000, 0x00000000eab00000)
  object space 107008K, 32% used [0x00000000c0000000,0x00000000c2221298,0x00000000c6880000)
 Metaspace       used 57561K, capacity 59002K, committed 59096K, reserved 1099776K
  class space    used 7731K, capacity 8053K, committed 8064K, reserved 1048576K
}
Event: 55.870 GC heap before
{Heap before GC invocations=13 (full 3):
 PSYoungGen      total 216064K, used 19428K [0x00000000eab00000, 0x00000000fa380000, 0x0000000100000000)
  eden space 196608K, 0% used [0x00000000eab00000,0x00000000eab00000,0x00000000f6b00000)
  from space 19456K, 99% used [0x00000000f8500000,0x00000000f97f9220,0x00000000f9800000)
  to   space 26624K, 0% used [0x00000000f6b00000,0x00000000f6b00000,0x00000000f8500000)
 ParOldGen       total 107008K, used 34948K [0x00000000c0000000, 0x00000000c6880000, 0x00000000eab00000)
  object space 107008K, 32% used [0x00000000c0000000,0x00000000c2221298,0x00000000c6880000)
 Metaspace       used 57561K, capacity 59002K, committed 59096K, reserved 1099776K
  class space    used 7731K, capacity 8053K, committed 8064K, reserved 1048576K
Event: 56.478 GC heap after
Heap after GC invocations=13 (full 3):
 PSYoungGen      total 216064K, used 0K [0x00000000eab00000, 0x00000000fa380000, 0x0000000100000000)
  eden space 196608K, 0% used [0x00000000eab00000,0x00000000eab00000,0x00000000f6b00000)
  from space 19456K, 0% used [0x00000000f8500000,0x00000000f8500000,0x00000000f9800000)
  to   space 26624K, 0% used [0x00000000f6b00000,0x00000000f6b00000,0x00000000f8500000)
 ParOldGen       total 175616K, used 45500K [0x00000000c0000000, 0x00000000cab80000, 0x00000000eab00000)
  object space 175616K, 25% used [0x00000000c0000000,0x00000000c2c6f350,0x00000000cab80000)
 Metaspace       used 57554K, capacity 58982K, committed 59096K, reserved 1099776K
  class space    used 7729K, capacity 8049K, committed 8064K, reserved 1048576K
}
Event: 60.207 GC heap before
{Heap before GC invocations=14 (full 3):
 PSYoungGen      total 216064K, used 184212K [0x00000000eab00000, 0x00000000fa380000, 0x0000000100000000)
  eden space 196608K, 93% used [0x00000000eab00000,0x00000000f5ee5298,0x00000000f6b00000)
  from space 19456K, 0% used [0x00000000f8500000,0x00000000f8500000,0x00000000f9800000)
  to   space 26624K, 0% used [0x00000000f6b00000,0x00000000f6b00000,0x00000000f8500000)
 ParOldGen       total 175616K, used 45500K [0x00000000c0000000, 0x00000000cab80000, 0x00000000eab00000)
  object space 175616K, 25% used [0x00000000c0000000,0x00000000c2c6f350,0x00000000cab80000)
 Metaspace       used 59131K, capacity 60668K, committed 60800K, reserved 1101824K
  class space    used 7914K, capacity 8260K, committed 8320K, reserved 1048576K
Event: 60.245 GC heap after
Heap after GC invocations=14 (full 3):
 PSYoungGen      total 223232K, used 15438K [0x00000000eab00000, 0x00000000fc080000, 0x0000000100000000)
  eden space 196608K, 0% used [0x00000000eab00000,0x00000000eab00000,0x00000000f6b00000)
  from space 26624K, 57% used [0x00000000f6b00000,0x00000000f7a13860,0x00000000f8500000)
  to   space 26624K, 0% used [0x00000000fa680000,0x00000000fa680000,0x00000000fc080000)
 ParOldGen       total 175616K, used 106628K [0x00000000c0000000, 0x00000000cab80000, 0x00000000eab00000)
  object space 175616K, 60% used [0x00000000c0000000,0x00000000c6821160,0x00000000cab80000)
 Metaspace       used 59131K, capacity 60668K, committed 60800K, reserved 1101824K
  class space    used 7914K, capacity 8260K, committed 8320K, reserved 1048576K
}
Event: 61.180 GC heap before
{Heap before GC invocations=15 (full 3):
 PSYoungGen      total 223232K, used 211686K [0x00000000eab00000, 0x00000000fc080000, 0x0000000100000000)
  eden space 196608K, 99% used [0x00000000eab00000,0x00000000f6aa5fe8,0x00000000f6b00000)
  from space 26624K, 57% used [0x00000000f6b00000,0x00000000f7a13860,0x00000000f8500000)
  to   space 26624K, 0% used [0x00000000fa680000,0x00000000fa680000,0x00000000fc080000)
 ParOldGen       total 175616K, used 106628K [0x00000000c0000000, 0x00000000cab80000, 0x00000000eab00000)
  object space 175616K, 60% used [0x00000000c0000000,0x00000000c6821160,0x00000000cab80000)
 Metaspace       used 59171K, capacity 60746K, committed 61056K, reserved 1101824K
  class space    used 7921K, capacity 8263K, committed 8320K, reserved 1048576K
Event: 61.193 GC heap after
Heap after GC invocations=15 (full 3):
 PSYoungGen      total 258048K, used 6321K [0x00000000eab00000, 0x00000000fc580000, 0x0000000100000000)
  eden space 231424K, 0% used [0x00000000eab00000,0x00000000eab00000,0x00000000f8d00000)
  from space 26624K, 23% used [0x00000000fa680000,0x00000000facac678,0x00000000fc080000)
  to   space 26112K, 0% used [0x00000000f8d00000,0x00000000f8d00000,0x00000000fa680000)
 ParOldGen       total 175616K, used 106636K [0x00000000c0000000, 0x00000000cab80000, 0x00000000eab00000)
  object space 175616K, 60% used [0x00000000c0000000,0x00000000c6823160,0x00000000cab80000)
 Metaspace       used 59171K, capacity 60746K, committed 61056K, reserved 1101824K
  class space    used 7921K, capacity 8263K, committed 8320K, reserved 1048576K
}

Deoptimization events (10 events):
Event: 62.899 Thread 0x0000000018109000 Uncommon trap: reason=class_check action=maybe_recompile pc=0x0000000004025bec method=java.net.URLClassLoader.defineClass(Ljava/lang/String;Lsun/misc/Resource;)Ljava/lang/Class; @ 34
Event: 62.928 Thread 0x0000000018109000 Uncommon trap: reason=class_check action=maybe_recompile pc=0x0000000004025bec method=java.net.URLClassLoader.defineClass(Ljava/lang/String;Lsun/misc/Resource;)Ljava/lang/Class; @ 34
Event: 62.948 Thread 0x0000000018109000 Uncommon trap: reason=class_check action=maybe_recompile pc=0x0000000004025bec method=java.net.URLClassLoader.defineClass(Ljava/lang/String;Lsun/misc/Resource;)Ljava/lang/Class; @ 34
Event: 62.969 Thread 0x0000000018109000 Uncommon trap: reason=class_check action=maybe_recompile pc=0x0000000004008dcc method=java.net.URLClassLoader.defineClass(Ljava/lang/String;Lsun/misc/Resource;)Ljava/lang/Class; @ 34
Event: 63.169 Thread 0x0000000018109000 Uncommon trap: reason=unstable_if action=reinterpret pc=0x0000000004b5c4cc method=org.objectweb.asm.Item.a(Lorg/objectweb/asm/Item;)Z @ 186
Event: 63.170 Thread 0x0000000018109000 Uncommon trap: reason=unstable_if action=reinterpret pc=0x0000000004b5d3c8 method=org.objectweb.asm.ByteVector.putShort(I)Lorg/objectweb/asm/ByteVector; @ 13
Event: 63.479 Thread 0x0000000018109000 Uncommon trap: reason=unstable_if action=reinterpret pc=0x0000000004bce328 method=org.objectweb.asm.Item.a(Lorg/objectweb/asm/Item;)Z @ 331
Event: 63.515 Thread 0x0000000018109000 Uncommon trap: reason=unstable_if action=reinterpret pc=0x0000000004b766bc method=org.objectweb.asm.ClassReader.readUTF8(I[C)Ljava/lang/String; @ 11
Event: 63.556 Thread 0x0000000018109000 Uncommon trap: reason=unstable_if action=reinterpret pc=0x0000000004bd6f5c method=org.objectweb.asm.Type.a([CI)Lorg/objectweb/asm/Type; @ 181
Event: 63.556 Thread 0x0000000018109000 Uncommon trap: reason=unstable_if action=reinterpret pc=0x0000000004bc043c method=org.objectweb.asm.Type.a([CI)Lorg/objectweb/asm/Type; @ 181

Internal exceptions (10 events):
Event: 36.405 Thread 0x0000000018109000 Implicit null exception at 0x00000000036caad6 to 0x00000000036c9369
Event: 36.405 Thread 0x0000000018109000 Implicit null exception at 0x00000000036caad6 to 0x00000000036c9369
Event: 36.441 Thread 0x0000000018109000 Implicit null exception at 0x00000000036caad6 to 0x00000000036c9369
Event: 56.523 Thread 0x0000000018109000 Implicit null exception at 0x000000000455f9da to 0x0000000004560081
Event: 58.660 Thread 0x0000000018109000 Exception <a 'java/lang/NoSuchMethodError': <clinit>> (0x00000000ec76d460) thrown at [C:\re\workspace\8-2-build-windows-amd64-cygwin\jdk8u111\7883\hotspot\src\share\vm\prims\jni.cpp, line 1613]
Event: 58.732 Thread 0x000000001ebef000 Implicit null exception at 0x000000000387a9d2 to 0x000000000387ab09
Event: 58.732 Thread 0x000000001ebef000 Implicit null exception at 0x00000000037f592e to 0x00000000037f5b01
Event: 58.735 Thread 0x000000001ebef000 Exception <a 'sun/nio/fs/WindowsException'> (0x00000000ec97df20) thrown at [C:\re\workspace\8-2-build-windows-amd64-cygwin\jdk8u111\7883\hotspot\src\share\vm\prims\jni.cpp, line 709]
Event: 61.314 Thread 0x0000000018109000 Exception <a 'java/io/FileNotFoundException'> (0x00000000f12b5310) thrown at [C:\re\workspace\8-2-build-windows-amd64-cygwin\jdk8u111\7883\hotspot\src\share\vm\prims\jni.cpp, line 709]
Event: 63.699 Thread 0x0000000018109000 Exception <a 'java/lang/NoSuchMethodError': <clinit>> (0x00000000f2dcb750) thrown at [C:\re\workspace\8-2-build-windows-amd64-cygwin\jdk8u111\7883\hotspot\src\share\vm\prims\jni.cpp, line 1613]

Events (10 events):
Event: 64.366 loading class com/example/johan/planmytrip/R$id done
Event: 64.374 loading class com/example/johan/planmytrip/R$integer
Event: 64.374 loading class com/example/johan/planmytrip/R$integer done
Event: 64.378 Thread 0x0000000015479800 flushing nmethod 0x0000000003202910
Event: 64.378 Thread 0x0000000015479800 flushing nmethod 0x0000000003232190
Event: 64.396 loading class com/example/johan/planmytrip/R$layout
Event: 64.396 loading class com/example/johan/planmytrip/R$layout done
Event: 64.405 Thread 0x0000000015479800 flushing nmethod 0x00000000032d36d0
Event: 64.447 loading class com/example/johan/planmytrip/R$menu
Event: 64.447 loading class com/example/johan/planmytrip/R$menu done


Dynamic libraries:
0x00007ff74dd00000 - 0x00007ff74dd37000 	C:\Program Files\Java\jdk1.8.0_111\bin\java.exe
0x00007ffdfe0b0000 - 0x00007ffdfe271000 	C:\WINDOWS\SYSTEM32\ntdll.dll
0x00007ffdfb900000 - 0x00007ffdfb9ad000 	C:\WINDOWS\system32\KERNEL32.DLL
0x00007ffdfa780000 - 0x00007ffdfa968000 	C:\WINDOWS\system32\KERNELBASE.dll
0x00007ffdfe000000 - 0x00007ffdfe0a7000 	C:\WINDOWS\system32\ADVAPI32.dll
0x00007ffdfc820000 - 0x00007ffdfc8bd000 	C:\WINDOWS\system32\msvcrt.dll
0x00007ffdfc1b0000 - 0x00007ffdfc20b000 	C:\WINDOWS\system32\sechost.dll
0x00007ffdfdee0000 - 0x00007ffdfdffc000 	C:\WINDOWS\system32\RPCRT4.dll
0x00007ffdfbd70000 - 0x00007ffdfbec6000 	C:\WINDOWS\system32\USER32.dll
0x00007ffdfbb70000 - 0x00007ffdfbcf6000 	C:\WINDOWS\system32\GDI32.dll
0x00007ffdee630000 - 0x00007ffdee8a4000 	C:\WINDOWS\WinSxS\amd64_microsoft.windows.common-controls_6595b64144ccf1df_6.0.10586.589_none_a2ddb3caa539acce\COMCTL32.dll
0x00007ffdfbf30000 - 0x00007ffdfc1ad000 	C:\WINDOWS\system32\combase.dll
0x00007ffdfb2b0000 - 0x00007ffdfb31a000 	C:\WINDOWS\system32\bcryptPrimitives.dll
0x00007ffdfc8c0000 - 0x00007ffdfc8fb000 	C:\WINDOWS\system32\IMM32.DLL
0x0000000055d60000 - 0x0000000055e32000 	C:\Program Files\Java\jdk1.8.0_111\jre\bin\msvcr100.dll
0x00000000554c0000 - 0x0000000055d5a000 	C:\Program Files\Java\jdk1.8.0_111\jre\bin\server\jvm.dll
0x00007ffdfc640000 - 0x00007ffdfc648000 	C:\WINDOWS\system32\PSAPI.DLL
0x00007ffdf8e00000 - 0x00007ffdf8e23000 	C:\WINDOWS\SYSTEM32\WINMM.dll
0x00007ffdf1d00000 - 0x00007ffdf1d0a000 	C:\WINDOWS\SYSTEM32\VERSION.dll
0x00007ffdedbe0000 - 0x00007ffdedbe9000 	C:\WINDOWS\SYSTEM32\WSOCK32.dll
0x00007ffdf8da0000 - 0x00007ffdf8dcc000 	C:\WINDOWS\SYSTEM32\WINMMBASE.dll
0x00007ffdfb460000 - 0x00007ffdfb4a3000 	C:\WINDOWS\system32\cfgmgr32.dll
0x00007ffdfbd00000 - 0x00007ffdfbd6b000 	C:\WINDOWS\system32\WS2_32.dll
0x0000000056a90000 - 0x0000000056a9f000 	C:\Program Files\Java\jdk1.8.0_111\jre\bin\verify.dll
0x0000000056a60000 - 0x0000000056a89000 	C:\Program Files\Java\jdk1.8.0_111\jre\bin\java.dll
0x00000000554a0000 - 0x00000000554b6000 	C:\Program Files\Java\jdk1.8.0_111\jre\bin\zip.dll
0x00007ffdfc900000 - 0x00007ffdfde5c000 	C:\WINDOWS\system32\SHELL32.dll
0x00007ffdfa970000 - 0x00007ffdfafb5000 	C:\WINDOWS\system32\windows.storage.dll
0x00007ffdfb7c0000 - 0x00007ffdfb812000 	C:\WINDOWS\system32\shlwapi.dll
0x00007ffdfa730000 - 0x00007ffdfa73f000 	C:\WINDOWS\system32\kernel.appcore.dll
0x00007ffdfb020000 - 0x00007ffdfb0d5000 	C:\WINDOWS\system32\shcore.dll
0x00007ffdfa6d0000 - 0x00007ffdfa71b000 	C:\WINDOWS\system32\powrprof.dll
0x00007ffdfa740000 - 0x00007ffdfa754000 	C:\WINDOWS\system32\profapi.dll
0x0000000055480000 - 0x000000005549a000 	C:\Program Files\Java\jdk1.8.0_111\jre\bin\net.dll
0x00007ffdfa000000 - 0x00007ffdfa05c000 	C:\WINDOWS\system32\mswsock.dll
0x0000000055460000 - 0x0000000055471000 	C:\Program Files\Java\jdk1.8.0_111\jre\bin\nio.dll
0x00007ffdc6380000 - 0x00007ffdc6392000 	C:\Users\Hassen\.gradle\native\19\windows-amd64\native-platform.dll
0x00007ffdfa0b0000 - 0x00007ffdfa0c7000 	C:\WINDOWS\SYSTEM32\CRYPTSP.dll
0x00007ffdf9d40000 - 0x00007ffdf9d74000 	C:\WINDOWS\system32\rsaenh.dll
0x00007ffdfa2d0000 - 0x00007ffdfa2f9000 	C:\WINDOWS\SYSTEM32\bcrypt.dll
0x00007ffdf9e90000 - 0x00007ffdf9eaf000 	C:\WINDOWS\SYSTEM32\USERENV.dll
0x00007ffdfa1d0000 - 0x00007ffdfa1db000 	C:\WINDOWS\SYSTEM32\CRYPTBASE.dll
0x00007ffdf3110000 - 0x00007ffdf3148000 	C:\WINDOWS\SYSTEM32\IPHLPAPI.DLL
0x00007ffdfde60000 - 0x00007ffdfde68000 	C:\WINDOWS\system32\NSI.dll
0x00007ffdefe30000 - 0x00007ffdefe46000 	C:\WINDOWS\SYSTEM32\dhcpcsvc6.DLL
0x00007ffdf03c0000 - 0x00007ffdf03da000 	C:\WINDOWS\SYSTEM32\dhcpcsvc.DLL
0x0000000056a50000 - 0x0000000056a5d000 	C:\Program Files\Java\jdk1.8.0_111\jre\bin\management.dll
0x00007ffdf9c20000 - 0x00007ffdf9c51000 	C:\WINDOWS\SYSTEM32\ntmarta.dll
0x00007ffdca790000 - 0x00007ffdca82c000 	C:\WINDOWS\SYSTEM32\efswrt.dll
0x00007ffdfb820000 - 0x00007ffdfb8e6000 	C:\WINDOWS\system32\OLEAUT32.dll
0x00007ffdf60a0000 - 0x00007ffdf61d6000 	C:\WINDOWS\SYSTEM32\wintypes.dll
0x00007ffddaa30000 - 0x00007ffddaa80000 	C:\WINDOWS\SYSTEM32\edputil.dll

VM Arguments:
jvm_args: -XX:MaxPermSize=256m -XX:+HeapDumpOnOutOfMemoryError -Xmx1024m -Dfile.encoding=windows-1252 -Duser.country=CA -Duser.language=en -Duser.variant 
java_command: org.gradle.launcher.daemon.bootstrap.GradleDaemon 2.14.1
java_class_path (initial): C:\Program Files\Android\Android Studio\gradle\gradle-2.14.1\lib\gradle-launcher-2.14.1.jar
Launcher Type: SUN_STANDARD

Environment Variables:
JAVA_HOME=C:\Program Files (x86)\Java\jdk1.7.0_79
PATH=C:\ProgramData\Oracle\Java\javapath;C:\Program Files (x86)\Common Files\NetSarang;C:\Program Files (x86)\Intel\iCLS Client\;C:\Program Files\Intel\iCLS Client\;C:\Windows\system32;C:\Windows;C:\Windows\System32\Wbem;C:\Windows\System32\WindowsPowerShell\v1.0\;C:\Program Files\Intel\WiFi\bin\;C:\Program Files\Common Files\Intel\WirelessCommon\;C:\Program Files\Intel\Intel(R) Management Engine Components\DAL;C:\Program Files\Intel\Intel(R) Management Engine Components\IPT;C:\Program Files (x86)\Intel\Intel(R) Management Engine Components\DAL;C:\Program Files (x86)\Intel\Intel(R) Management Engine Components\IPT;C:\Program Files\Acer\Remote Files\;C:\WINDOWS\system32;C:\WINDOWS;C:\WINDOWS\System32\Wbem;C:\WINDOWS\System32\WindowsPowerShell\v1.0\;C:\Program Files (x86)\Skype\Phone\;C:\Program Files (x86)\QuickTime\QTSystem\;C:\WINDOWS\system32;C:\WINDOWS;C:\WINDOWS\System32\Wbem;C:\WINDOWS\System32\WindowsPowerShell\v1.0\;%QUARTUS_ROOTDIR%\bin;C:\Program Files (x86)\apache-maven-3.3.9\bin;C:\Program Files (x86)\apache-maven-3.3.9\bin
USERNAME=Hassen
OS=Windows_NT
PROCESSOR_IDENTIFIER=Intel64 Family 6 Model 69 Stepping 1, GenuineIntel



---------------  S Y S T E M  ---------------

OS: Windows 10.0 , 64 bit Build 10586 (10.0.10586.589)

CPU:total 4 (2 cores per cpu, 2 threads per core) family 6 model 69 stepping 1, cmov, cx8, fxsr, mmx, sse, sse2, sse3, ssse3, sse4.1, sse4.2, popcnt, avx, avx2, aes, clmul, erms, lzcnt, ht, tsc, tscinvbit, bmi1, bmi2

Memory: 4k page, physical 8281368k(490660k free), swap 12578572k(3100k free)

vm_info: Java HotSpot(TM) 64-Bit Server VM (25.111-b14) for windows-amd64 JRE (1.8.0_111-b14), built on Sep 22 2016 19:24:05 by "java_re" with MS VC++ 10.0 (VS2010)

time: Wed Nov 02 22:29:06 2016
elapsed time: 64 seconds (0d 0h 1m 4s)

