#
# There is insufficient memory for the Java Runtime Environment to continue.
# Native memory allocation (malloc) failed to allocate 1133776 bytes for Chunk::new
# Possible reasons:
#   The system is out of physical RAM or swap space
#   In 32 bit mode, the process size limit was hit
# Possible solutions:
#   Reduce memory load on the system
#   Increase physical memory or swap space
#   Check if swap backing store is full
#   Use 64 bit Java on a 64 bit OS
#   Decrease Java heap size (-Xmx/-Xms)
#   Decrease number of Java threads
#   Decrease Java thread stack sizes (-Xss)
#   Set larger code cache with -XX:ReservedCodeCacheSize=
# This output file may be truncated or incomplete.
#
#  Out of Memory Error (allocation.cpp:390), pid=7428, tid=0x0000000000000860
#
# JRE version: Java(TM) SE Runtime Environment (8.0_111-b14) (build 1.8.0_111-b14)
# Java VM: Java HotSpot(TM) 64-Bit Server VM (25.111-b14 mixed mode windows-amd64 compressed oops)
# Failed to write core dump. Minidumps are not enabled by default on client versions of Windows
#

---------------  T H R E A D  ---------------

Current thread (0x00000000156bd000):  JavaThread "C2 CompilerThread0" daemon [_thread_in_native, id=2144, stack(0x0000000016c30000,0x0000000016d30000)]

Stack: [0x0000000016c30000,0x0000000016d30000]
[error occurred during error reporting (printing stack bounds), id 0xc0000005]

Native frames: (J=compiled Java code, j=interpreted, Vv=VM code, C=native code)


Current CompileTask:
C2:  12868 1971   !   4       com.android.dx.cf.code.BytecodeArray::parseInstruction (2764 bytes)


---------------  P R O C E S S  ---------------

Java Threads: ( => current thread )
  0x00000000170fc800 JavaThread "pool-2-thread-4" [_thread_in_Java, id=2716, stack(0x0000000017930000,0x0000000017a30000)]
  0x00000000170f8000 JavaThread "pool-2-thread-3" [_thread_blocked, id=4660, stack(0x0000000017830000,0x0000000017930000)]
  0x00000000170f6800 JavaThread "pool-2-thread-2" [_thread_blocked, id=12520, stack(0x0000000017730000,0x0000000017830000)]
  0x00000000170f2000 JavaThread "pool-3-thread-1" [_thread_blocked, id=1020, stack(0x0000000017630000,0x0000000017730000)]
  0x00000000170f1000 JavaThread "pool-2-thread-1" [_thread_in_Java, id=9236, stack(0x0000000017530000,0x0000000017630000)]
  0x0000000016e3c800 JavaThread "Service Thread" daemon [_thread_blocked, id=11564, stack(0x0000000017330000,0x0000000017430000)]
  0x0000000016e38800 JavaThread "C1 CompilerThread2" daemon [_thread_blocked, id=11740, stack(0x0000000017230000,0x0000000017330000)]
  0x00000000156c0000 JavaThread "C2 CompilerThread1" daemon [_thread_in_native, id=11452, stack(0x0000000016d30000,0x0000000016e30000)]
=>0x00000000156bd000 JavaThread "C2 CompilerThread0" daemon [_thread_in_native, id=2144, stack(0x0000000016c30000,0x0000000016d30000)]
  0x00000000156bb000 JavaThread "Attach Listener" daemon [_thread_blocked, id=10888, stack(0x0000000016b30000,0x0000000016c30000)]
  0x00000000156ba000 JavaThread "Signal Dispatcher" daemon [_thread_blocked, id=9524, stack(0x0000000016a30000,0x0000000016b30000)]
  0x00000000156aa000 JavaThread "Finalizer" daemon [_thread_blocked, id=12048, stack(0x0000000016930000,0x0000000016a30000)]
  0x0000000015689000 JavaThread "Reference Handler" daemon [_thread_blocked, id=13076, stack(0x0000000016830000,0x0000000016930000)]
  0x0000000002fed800 JavaThread "main" [_thread_blocked, id=9972, stack(0x0000000002cd0000,0x0000000002dd0000)]

Other Threads:
  0x0000000015687800 VMThread [stack: 0x0000000016730000,0x0000000016830000] [id=11592]
  0x0000000016e42000 WatcherThread [stack: 0x0000000017430000,0x0000000017530000] [id=9984]

VM state:not at safepoint (normal execution)

VM Mutex/Monitor currently owned by a thread: None

Heap:
 PSYoungGen      total 138240K, used 24343K [0x00000000eab00000, 0x00000000f3700000, 0x0000000100000000)
  eden space 133120K, 14% used [0x00000000eab00000,0x00000000ebdcb9e8,0x00000000f2d00000)
  from space 5120K, 99% used [0x00000000f3200000,0x00000000f36fa2a8,0x00000000f3700000)
  to   space 5120K, 0% used [0x00000000f2d00000,0x00000000f2d00000,0x00000000f3200000)
 ParOldGen       total 87552K, used 23578K [0x00000000c0000000, 0x00000000c5580000, 0x00000000eab00000)
  object space 87552K, 26% used [0x00000000c0000000,0x00000000c1706a18,0x00000000c5580000)
 Metaspace       used 6543K, capacity 7256K, committed 7424K, reserved 1056768K
  class space    used 625K, capacity 656K, committed 768K, reserved 1048576K

Card table byte_map: [0x00000000123b0000,0x00000000125c0000] byte_map_base: 0x0000000011db0000

Marking Bits: (ParMarkBitMap*) 0x000000005b1fa6c0
 Begin Bits: [0x0000000012b20000, 0x0000000013b20000)
 End Bits:   [0x0000000013b20000, 0x0000000014b20000)

Polling page: 0x0000000001220000

CodeCache: size=245760Kb used=8943Kb max_used=8943Kb free=236816Kb
 bounds [0x0000000002ff0000, 0x00000000038c0000, 0x0000000011ff0000]
 total_blobs=2273 nmethods=2003 adapters=182
 compilation: enabled

Compilation events (10 events):
Event: 12.641 Thread 0x0000000016e38800 2109       2       java.util.ArrayDeque::pollFirst (42 bytes)
Event: 12.641 Thread 0x0000000016e38800 nmethod 2109 0x00000000038a8ed0 code [0x00000000038a9040, 0x00000000038a9210]
Event: 12.641 Thread 0x0000000016e38800 2110       2       java.util.ArrayDeque::addLast (53 bytes)
Event: 12.641 Thread 0x0000000016e38800 nmethod 2110 0x00000000038a9310 code [0x00000000038a94a0, 0x00000000038a9758]
Event: 12.651 Thread 0x0000000016e38800 2111       2       com.android.dx.rop.code.Rops::opAdd (29 bytes)
Event: 12.651 Thread 0x0000000016e38800 nmethod 2111 0x00000000038a9910 code [0x00000000038a9a80, 0x00000000038a9c28]
Event: 12.653 Thread 0x0000000016e38800 2112       2       com.android.dx.rop.code.Rops::opInvokeInterface (17 bytes)
Event: 12.653 Thread 0x0000000016e38800 nmethod 2112 0x00000000038a9cd0 code [0x00000000038a9e40, 0x00000000038aa058]
Event: 12.662 Thread 0x0000000016e38800 2114       2       com.android.dx.cf.direct.StdAttributeFactory::innerClasses (383 bytes)
Event: 12.668 Thread 0x0000000016e38800 nmethod 2114 0x00000000038aa190 code [0x00000000038aa7c0, 0x00000000038ad1c8]

GC Heap History (8 events):
Event: 5.581 GC heap before
{Heap before GC invocations=1 (full 0):
 PSYoungGen      total 38400K, used 33280K [0x00000000eab00000, 0x00000000ed580000, 0x0000000100000000)
  eden space 33280K, 100% used [0x00000000eab00000,0x00000000ecb80000,0x00000000ecb80000)
  from space 5120K, 0% used [0x00000000ed080000,0x00000000ed080000,0x00000000ed580000)
  to   space 5120K, 0% used [0x00000000ecb80000,0x00000000ecb80000,0x00000000ed080000)
 ParOldGen       total 87552K, used 0K [0x00000000c0000000, 0x00000000c5580000, 0x00000000eab00000)
  object space 87552K, 0% used [0x00000000c0000000,0x00000000c0000000,0x00000000c5580000)
 Metaspace       used 6006K, capacity 6808K, committed 7168K, reserved 1056768K
  class space    used 622K, capacity 656K, committed 768K, reserved 1048576K
Event: 5.683 GC heap after
Heap after GC invocations=1 (full 0):
 PSYoungGen      total 38400K, used 4888K [0x00000000eab00000, 0x00000000ef600000, 0x0000000100000000)
  eden space 33280K, 0% used [0x00000000eab00000,0x00000000eab00000,0x00000000ecb80000)
  from space 5120K, 95% used [0x00000000ecb80000,0x00000000ed046060,0x00000000ed080000)
  to   space 5120K, 0% used [0x00000000ef100000,0x00000000ef100000,0x00000000ef600000)
 ParOldGen       total 87552K, used 8K [0x00000000c0000000, 0x00000000c5580000, 0x00000000eab00000)
  object space 87552K, 0% used [0x00000000c0000000,0x00000000c0002000,0x00000000c5580000)
 Metaspace       used 6006K, capacity 6808K, committed 7168K, reserved 1056768K
  class space    used 622K, capacity 656K, committed 768K, reserved 1048576K
}
Event: 6.822 GC heap before
{Heap before GC invocations=2 (full 0):
 PSYoungGen      total 38400K, used 38168K [0x00000000eab00000, 0x00000000ef600000, 0x0000000100000000)
  eden space 33280K, 100% used [0x00000000eab00000,0x00000000ecb80000,0x00000000ecb80000)
  from space 5120K, 95% used [0x00000000ecb80000,0x00000000ed046060,0x00000000ed080000)
  to   space 5120K, 0% used [0x00000000ef100000,0x00000000ef100000,0x00000000ef600000)
 ParOldGen       total 87552K, used 8K [0x00000000c0000000, 0x00000000c5580000, 0x00000000eab00000)
  object space 87552K, 0% used [0x00000000c0000000,0x00000000c0002000,0x00000000c5580000)
 Metaspace       used 6263K, capacity 7064K, committed 7424K, reserved 1056768K
  class space    used 624K, capacity 656K, committed 768K, reserved 1048576K
Event: 6.841 GC heap after
Heap after GC invocations=2 (full 0):
 PSYoungGen      total 71680K, used 5108K [0x00000000eab00000, 0x00000000ef600000, 0x0000000100000000)
  eden space 66560K, 0% used [0x00000000eab00000,0x00000000eab00000,0x00000000eec00000)
  from space 5120K, 99% used [0x00000000ef100000,0x00000000ef5fd0b8,0x00000000ef600000)
  to   space 5120K, 0% used [0x00000000eec00000,0x00000000eec00000,0x00000000ef100000)
 ParOldGen       total 87552K, used 3195K [0x00000000c0000000, 0x00000000c5580000, 0x00000000eab00000)
  object space 87552K, 3% used [0x00000000c0000000,0x00000000c031ee18,0x00000000c5580000)
 Metaspace       used 6263K, capacity 7064K, committed 7424K, reserved 1056768K
  class space    used 624K, capacity 656K, committed 768K, reserved 1048576K
}
Event: 9.380 GC heap before
{Heap before GC invocations=3 (full 0):
 PSYoungGen      total 71680K, used 71668K [0x00000000eab00000, 0x00000000ef600000, 0x0000000100000000)
  eden space 66560K, 100% used [0x00000000eab00000,0x00000000eec00000,0x00000000eec00000)
  from space 5120K, 99% used [0x00000000ef100000,0x00000000ef5fd0b8,0x00000000ef600000)
  to   space 5120K, 0% used [0x00000000eec00000,0x00000000eec00000,0x00000000ef100000)
 ParOldGen       total 87552K, used 3195K [0x00000000c0000000, 0x00000000c5580000, 0x00000000eab00000)
  object space 87552K, 3% used [0x00000000c0000000,0x00000000c031ee18,0x00000000c5580000)
 Metaspace       used 6385K, capacity 7128K, committed 7424K, reserved 1056768K
  class space    used 625K, capacity 656K, committed 768K, reserved 1048576K
Event: 9.438 GC heap after
Heap after GC invocations=3 (full 0):
 PSYoungGen      total 71680K, used 5106K [0x00000000eab00000, 0x00000000f3700000, 0x0000000100000000)
  eden space 66560K, 0% used [0x00000000eab00000,0x00000000eab00000,0x00000000eec00000)
  from space 5120K, 99% used [0x00000000eec00000,0x00000000ef0fc8d8,0x00000000ef100000)
  to   space 5120K, 0% used [0x00000000f3200000,0x00000000f3200000,0x00000000f3700000)
 ParOldGen       total 87552K, used 13444K [0x00000000c0000000, 0x00000000c5580000, 0x00000000eab00000)
  object space 87552K, 15% used [0x00000000c0000000,0x00000000c0d21388,0x00000000c5580000)
 Metaspace       used 6385K, capacity 7128K, committed 7424K, reserved 1056768K
  class space    used 625K, capacity 656K, committed 768K, reserved 1048576K
}
Event: 12.253 GC heap before
{Heap before GC invocations=4 (full 0):
 PSYoungGen      total 71680K, used 71666K [0x00000000eab00000, 0x00000000f3700000, 0x0000000100000000)
  eden space 66560K, 100% used [0x00000000eab00000,0x00000000eec00000,0x00000000eec00000)
  from space 5120K, 99% used [0x00000000eec00000,0x00000000ef0fc8d8,0x00000000ef100000)
  to   space 5120K, 0% used [0x00000000f3200000,0x00000000f3200000,0x00000000f3700000)
 ParOldGen       total 87552K, used 13444K [0x00000000c0000000, 0x00000000c5580000, 0x00000000eab00000)
  object space 87552K, 15% used [0x00000000c0000000,0x00000000c0d21388,0x00000000c5580000)
 Metaspace       used 6470K, capacity 7192K, committed 7424K, reserved 1056768K
  class space    used 625K, capacity 656K, committed 768K, reserved 1048576K
Event: 12.474 GC heap after
Heap after GC invocations=4 (full 0):
 PSYoungGen      total 138240K, used 5096K [0x00000000eab00000, 0x00000000f3700000, 0x0000000100000000)
  eden space 133120K, 0% used [0x00000000eab00000,0x00000000eab00000,0x00000000f2d00000)
  from space 5120K, 99% used [0x00000000f3200000,0x00000000f36fa2a8,0x00000000f3700000)
  to   space 5120K, 0% used [0x00000000f2d00000,0x00000000f2d00000,0x00000000f3200000)
 ParOldGen       total 87552K, used 23578K [0x00000000c0000000, 0x00000000c5580000, 0x00000000eab00000)
  object space 87552K, 26% used [0x00000000c0000000,0x00000000c1706a18,0x00000000c5580000)
 Metaspace       used 6470K, capacity 7192K, committed 7424K, reserved 1056768K
  class space    used 625K, capacity 656K, committed 768K, reserved 1048576K
}

Deoptimization events (10 events):
Event: 10.773 Thread 0x00000000170f1000 Uncommon trap: reason=bimorphic action=maybe_recompile pc=0x00000000036aa71c method=com.android.dx.cf.code.BytecodeArray.parseInstruction(ILcom/android/dx/cf/code/BytecodeArray$Visitor;)I @ 1501
Event: 10.774 Thread 0x00000000170f1000 Uncommon trap: reason=bimorphic action=maybe_recompile pc=0x00000000036aa71c method=com.android.dx.cf.code.BytecodeArray.parseInstruction(ILcom/android/dx/cf/code/BytecodeArray$Visitor;)I @ 1501
Event: 11.581 Thread 0x00000000170f1000 Uncommon trap: reason=class_check action=maybe_recompile pc=0x0000000003815b44 method=com.android.dx.cf.code.BytecodeArray.parseInstruction(ILcom/android/dx/cf/code/BytecodeArray$Visitor;)I @ 1287
Event: 11.592 Thread 0x00000000170f1000 Uncommon trap: reason=class_check action=maybe_recompile pc=0x0000000003815b44 method=com.android.dx.cf.code.BytecodeArray.parseInstruction(ILcom/android/dx/cf/code/BytecodeArray$Visitor;)I @ 1287
Event: 11.593 Thread 0x00000000170f1000 Uncommon trap: reason=class_check action=maybe_recompile pc=0x0000000003815b44 method=com.android.dx.cf.code.BytecodeArray.parseInstruction(ILcom/android/dx/cf/code/BytecodeArray$Visitor;)I @ 1287
Event: 11.593 Thread 0x00000000170f1000 Uncommon trap: reason=class_check action=maybe_recompile pc=0x0000000003815b44 method=com.android.dx.cf.code.BytecodeArray.parseInstruction(ILcom/android/dx/cf/code/BytecodeArray$Visitor;)I @ 1287
Event: 11.630 Thread 0x00000000170f6800 Uncommon trap: reason=unstable_if action=reinterpret pc=0x00000000037731e8 method=com.android.dx.dex.code.RopTranslator.pickOrder()V @ 279
Event: 11.881 Thread 0x0000000002fed800 Uncommon trap: reason=unloaded action=reinterpret pc=0x0000000003685320 method=com.android.dx.cf.cst.ConstantPoolParser.parse0(ILjava/util/BitSet;)Lcom/android/dx/rop/cst/Constant; @ 220
Event: 11.893 Thread 0x00000000170f1000 Uncommon trap: reason=unstable_if action=reinterpret pc=0x000000000360959c method=com.android.dx.ssa.SCCP.simulateStmt(Lcom/android/dx/ssa/SsaInsn;)V @ 53
Event: 11.915 Thread 0x00000000170f1000 Uncommon trap: reason=class_check action=maybe_recompile pc=0x00000000037da4e8 method=java.util.HashMap.putVal(ILjava/lang/Object;Ljava/lang/Object;ZZ)Ljava/lang/Object; @ 203

Internal exceptions (3 events):
Event: 0.347 Thread 0x0000000002fed800 Exception <a 'java/lang/NoSuchMethodError': Method sun.misc.Unsafe.defineClass(Ljava/lang/String;[BII)Ljava/lang/Class; name or signature does not match> (0x00000000eab07c78) thrown at [C:\re\workspace\8-2-build-windows-amd64-cygwin\jdk8u111\7883\hotspot\
Event: 0.347 Thread 0x0000000002fed800 Exception <a 'java/lang/NoSuchMethodError': Method sun.misc.Unsafe.prefetchRead(Ljava/lang/Object;J)V name or signature does not match> (0x00000000eab07f60) thrown at [C:\re\workspace\8-2-build-windows-amd64-cygwin\jdk8u111\7883\hotspot\src\share\vm\prims
Event: 6.854 Thread 0x00000000170f6800 Implicit null exception at 0x000000000332b877 to 0x000000000332d12d

Events (10 events):
Event: 11.893 Thread 0x00000000170f1000 DEOPT UNPACKING pc=0x000000000303582a sp=0x000000001762e518 mode 2
Event: 11.915 Thread 0x00000000170f1000 Uncommon trap: trap_request=0xffffffde fr.pc=0x00000000037da4e8
Event: 11.915 Thread 0x00000000170f1000 DEOPT PACKING pc=0x00000000037da4e8 sp=0x000000001762e4b0
Event: 11.915 Thread 0x00000000170f1000 DEOPT UNPACKING pc=0x000000000303582a sp=0x000000001762e378 mode 2
Event: 12.139 Executing VM operation: ParallelGCFailedAllocation
Event: 12.474 Executing VM operation: ParallelGCFailedAllocation done
Event: 12.590 Thread 0x0000000002fed800 DEOPT PACKING pc=0x00000000036e9568 sp=0x0000000002dcec50
Event: 12.590 Thread 0x0000000002fed800 DEOPT UNPACKING pc=0x000000000303787f sp=0x0000000002dce918 mode 0
Event: 12.632 Thread 0x00000000170fc800 DEOPT PACKING pc=0x000000000380e91c sp=0x0000000017a2eb90
Event: 12.632 Thread 0x00000000170fc800 DEOPT UNPACKING pc=0x000000000303787f sp=0x0000000017a2e8e8 mode 0


Dynamic libraries:
0x00007ff7f96b0000 - 0x00007ff7f96e7000 	C:\Program Files\Java\jdk1.8.0_111\bin\java.exe
0x00007ff931390000 - 0x00007ff931551000 	C:\WINDOWS\SYSTEM32\ntdll.dll
0x00007ff9312c0000 - 0x00007ff93136d000 	C:\WINDOWS\system32\KERNEL32.DLL
0x00007ff92de30000 - 0x00007ff92e018000 	C:\WINDOWS\system32\KERNELBASE.dll
0x00007ff92e790000 - 0x00007ff92e837000 	C:\WINDOWS\system32\ADVAPI32.dll
0x00007ff930bd0000 - 0x00007ff930c6d000 	C:\WINDOWS\system32\msvcrt.dll
0x00007ff931260000 - 0x00007ff9312bb000 	C:\WINDOWS\system32\sechost.dll
0x00007ff931130000 - 0x00007ff93124c000 	C:\WINDOWS\system32\RPCRT4.dll
0x00007ff930ef0000 - 0x00007ff931046000 	C:\WINDOWS\system32\USER32.dll
0x00007ff92f050000 - 0x00007ff92f1d6000 	C:\WINDOWS\system32\GDI32.dll
0x00007ff920d20000 - 0x00007ff920f94000 	C:\WINDOWS\WinSxS\amd64_microsoft.windows.common-controls_6595b64144ccf1df_6.0.10586.589_none_a2ddb3caa539acce\COMCTL32.dll
0x00007ff930c70000 - 0x00007ff930eed000 	C:\WINDOWS\system32\combase.dll
0x00007ff92e080000 - 0x00007ff92e0ea000 	C:\WINDOWS\system32\bcryptPrimitives.dll
0x00007ff92ef00000 - 0x00007ff92ef3b000 	C:\WINDOWS\system32\IMM32.DLL
0x000000005b280000 - 0x000000005b352000 	C:\Program Files\Java\jdk1.8.0_111\jre\bin\msvcr100.dll
0x000000005a9e0000 - 0x000000005b27a000 	C:\Program Files\Java\jdk1.8.0_111\jre\bin\server\jvm.dll
0x00007ff931250000 - 0x00007ff931258000 	C:\WINDOWS\system32\PSAPI.DLL
0x00007ff920700000 - 0x00007ff920709000 	C:\WINDOWS\SYSTEM32\WSOCK32.dll
0x00007ff930b60000 - 0x00007ff930bcb000 	C:\WINDOWS\system32\WS2_32.dll
0x00007ff92b7a0000 - 0x00007ff92b7c3000 	C:\WINDOWS\SYSTEM32\WINMM.dll
0x00007ff92c070000 - 0x00007ff92c07a000 	C:\WINDOWS\SYSTEM32\VERSION.dll
0x00007ff92b740000 - 0x00007ff92b76c000 	C:\WINDOWS\SYSTEM32\WINMMBASE.dll
0x00007ff92e0f0000 - 0x00007ff92e133000 	C:\WINDOWS\system32\cfgmgr32.dll
0x000000005a9d0000 - 0x000000005a9df000 	C:\Program Files\Java\jdk1.8.0_111\jre\bin\verify.dll
0x000000005a9a0000 - 0x000000005a9c9000 	C:\Program Files\Java\jdk1.8.0_111\jre\bin\java.dll
0x000000005a980000 - 0x000000005a996000 	C:\Program Files\Java\jdk1.8.0_111\jre\bin\zip.dll
0x00007ff92f330000 - 0x00007ff93088c000 	C:\WINDOWS\system32\SHELL32.dll
0x00007ff92e140000 - 0x00007ff92e785000 	C:\WINDOWS\system32\windows.storage.dll
0x00007ff92e840000 - 0x00007ff92e892000 	C:\WINDOWS\system32\shlwapi.dll
0x00007ff92d9d0000 - 0x00007ff92d9df000 	C:\WINDOWS\system32\kernel.appcore.dll
0x00007ff92dcc0000 - 0x00007ff92dd75000 	C:\WINDOWS\system32\shcore.dll
0x00007ff92d9f0000 - 0x00007ff92da3b000 	C:\WINDOWS\system32\powrprof.dll
0x00007ff92d9b0000 - 0x00007ff92d9c4000 	C:\WINDOWS\system32\profapi.dll

VM Arguments:
jvm_args: -Djava.awt.headless=true -Xmx1024M -Dfile.encoding=windows-1252 -Duser.country=CA -Duser.language=en -Duser.variant 
java_command: com.android.dx.command.Main --dex --force-jumbo --num-threads=4 --multi-dex --output C:\Users\Hassen\Documents\Sirine\CPEN321-\proj\cpen321project\PlanMyTrip\app\build\intermediates\transforms\dex\debug\folders\1000\10\com.android.support-support-v4-24.1.0_a8e38c343730cc62bf087008767a135f68ee1463 C:\Users\Hassen\Documents\Sirine\CPEN321-\proj\cpen321project\PlanMyTrip\app\build\intermediates\exploded-aar\com.android.support\support-v4\24.1.0\jars\classes.jar
java_class_path (initial): C:\Users\Hassen\AppData\Local\Android\sdk\build-tools\24.0.1\lib\dx.jar
Launcher Type: SUN_STANDARD

Environment Variables:
JAVA_HOME=C:\Program Files (x86)\Java\jdk1.7.0_79
PATH=C:\ProgramData\Oracle\Java\javapath;C:\Program Files (x86)\Common Files\NetSarang;C:\Program Files (x86)\Intel\iCLS Client\;C:\Program Files\Intel\iCLS Client\;C:\Windows\system32;C:\Windows;C:\Windows\System32\Wbem;C:\Windows\System32\WindowsPowerShell\v1.0\;C:\Program Files\Intel\WiFi\bin\;C:\Program Files\Common Files\Intel\WirelessCommon\;C:\Program Files\Intel\Intel(R) Management Engine Components\DAL;C:\Program Files\Intel\Intel(R) Management Engine Components\IPT;C:\Program Files (x86)\Intel\Intel(R) Management Engine Components\DAL;C:\Program Files (x86)\Intel\Intel(R) Management Engine Components\IPT;C:\Program Files\Acer\Remote Files\;C:\WINDOWS\system32;C:\WINDOWS;C:\WINDOWS\System32\Wbem;C:\WINDOWS\System32\WindowsPowerShell\v1.0\;C:\Program Files (x86)\Skype\Phone\;C:\Program Files (x86)\QuickTime\QTSystem\;C:\WINDOWS\system32;C:\WINDOWS;C:\WINDOWS\System32\Wbem;C:\WINDOWS\System32\WindowsPowerShell\v1.0\;%QUARTUS_ROOTDIR%\bin;C:\Program Files (x86)\apache-maven-3.3.9\bin;C:\Program Files (x86)\apache-maven-3.3.9\bin
USERNAME=Hassen
OS=Windows_NT
PROCESSOR_IDENTIFIER=Intel64 Family 6 Model 69 Stepping 1, GenuineIntel



---------------  S Y S T E M  ---------------

OS: Windows 10.0 , 64 bit Build 10586 (10.0.10586.589)

CPU:total 4 (2 cores per cpu, 2 threads per core) family 6 model 69 stepping 1, cmov, cx8, fxsr, mmx, sse, sse2, sse3, ssse3, sse4.1, sse4.2, popcnt, avx, avx2, aes, clmul, erms, lzcnt, ht, tsc, tscinvbit, bmi1, bmi2

Memory: 4k page, physical 8281368k(668704k free), swap 12341608k(5848k free)

vm_info: Java HotSpot(TM) 64-Bit Server VM (25.111-b14) for windows-amd64 JRE (1.8.0_111-b14), built on Sep 22 2016 19:24:05 by "java_re" with MS VC++ 10.0 (VS2010)

time: Sat Oct 29 18:51:06 2016
elapsed time: 12 seconds (0d 0h 0m 12s)

