#
# There is insufficient memory for the Java Runtime Environment to continue.
# Native memory allocation (malloc) failed to allocate 1048176 bytes for Chunk::new
# Possible reasons:
#   The system is out of physical RAM or swap space
#   In 32 bit mode, the process size limit was hit
# Possible solutions:
#   Reduce memory load on the system
#   Increase physical memory or swap space
#   Check if swap backing store is full
#   Use 64 bit Java on a 64 bit OS
#   Decrease Java heap size (-Xmx/-Xms)
#   Decrease number of Java threads
#   Decrease Java thread stack sizes (-Xss)
#   Set larger code cache with -XX:ReservedCodeCacheSize=
# This output file may be truncated or incomplete.
#
#  Out of Memory Error (allocation.cpp:390), pid=4816, tid=0x00000000000025ac
#
# JRE version: Java(TM) SE Runtime Environment (8.0_111-b14) (build 1.8.0_111-b14)
# Java VM: Java HotSpot(TM) 64-Bit Server VM (25.111-b14 mixed mode windows-amd64 compressed oops)
# Failed to write core dump. Minidumps are not enabled by default on client versions of Windows
#

---------------  T H R E A D  ---------------

Current thread (0x0000000015749800):  JavaThread "C2 CompilerThread1" daemon [_thread_in_native, id=9644, stack(0x0000000016e40000,0x0000000016f40000)]

Stack: [0x0000000016e40000,0x0000000016f40000]
[error occurred during error reporting (printing stack bounds), id 0xc0000005]

Native frames: (J=compiled Java code, j=interpreted, Vv=VM code, C=native code)


Current CompileTask:
C2:  16936 2788       4       com.android.dx.dex.code.DalvCode::finishProcessingIfNecessary (69 bytes)


---------------  P R O C E S S  ---------------

Java Threads: ( => current thread )
  0x0000000017262800 JavaThread "pool-1-thread-1" [_thread_in_Java, id=10716, stack(0x000000001a2e0000,0x000000001a3e0000)]
  0x0000000016f46000 JavaThread "Service Thread" daemon [_thread_blocked, id=12388, stack(0x0000000017440000,0x0000000017540000)]
  0x0000000016f40800 JavaThread "C1 CompilerThread2" daemon [_thread_blocked, id=11332, stack(0x0000000017340000,0x0000000017440000)]
=>0x0000000015749800 JavaThread "C2 CompilerThread1" daemon [_thread_in_native, id=9644, stack(0x0000000016e40000,0x0000000016f40000)]
  0x00000000156ed000 JavaThread "C2 CompilerThread0" daemon [_thread_in_native, id=12940, stack(0x0000000016d40000,0x0000000016e40000)]
  0x00000000156eb800 JavaThread "Attach Listener" daemon [_thread_blocked, id=7380, stack(0x0000000016c40000,0x0000000016d40000)]
  0x00000000156ea000 JavaThread "Signal Dispatcher" daemon [_thread_blocked, id=13288, stack(0x0000000016b40000,0x0000000016c40000)]
  0x00000000156da000 JavaThread "Finalizer" daemon [_thread_blocked, id=13216, stack(0x0000000016960000,0x0000000016a60000)]
  0x00000000156b9000 JavaThread "Reference Handler" daemon [_thread_blocked, id=10616, stack(0x0000000016860000,0x0000000016960000)]
  0x0000000002dad800 JavaThread "main" [_thread_blocked, id=5024, stack(0x0000000002e20000,0x0000000002f20000)]

Other Threads:
  0x00000000156b7800 VMThread [stack: 0x0000000016760000,0x0000000016860000] [id=4952]
  0x0000000016f5b000 WatcherThread [stack: 0x0000000017540000,0x0000000017640000] [id=10984]

VM state:not at safepoint (normal execution)

VM Mutex/Monitor currently owned by a thread: None

Heap:
 PSYoungGen      total 290304K, used 150303K [0x00000000eab00000, 0x00000000fee00000, 0x0000000100000000)
  eden space 262144K, 47% used [0x00000000eab00000,0x00000000f253eae8,0x00000000fab00000)
  from space 28160K, 89% used [0x00000000fca80000,0x00000000fe309130,0x00000000fe600000)
  to   space 32256K, 0% used [0x00000000fab00000,0x00000000fab00000,0x00000000fca80000)
 ParOldGen       total 87552K, used 43588K [0x00000000c0000000, 0x00000000c5580000, 0x00000000eab00000)
  object space 87552K, 49% used [0x00000000c0000000,0x00000000c2a911a8,0x00000000c5580000)
 Metaspace       used 7143K, capacity 7704K, committed 7936K, reserved 1056768K
  class space    used 666K, capacity 720K, committed 768K, reserved 1048576K

Card table byte_map: [0x00000000123e0000,0x00000000125f0000] byte_map_base: 0x0000000011de0000

Marking Bits: (ParMarkBitMap*) 0x0000000052a7a6c0
 Begin Bits: [0x0000000012b50000, 0x0000000013b50000)
 End Bits:   [0x0000000013b50000, 0x0000000014b50000)

Polling page: 0x00000000014a0000

CodeCache: size=245760Kb used=8968Kb max_used=11265Kb free=236791Kb
 bounds [0x0000000003020000, 0x0000000003b30000, 0x0000000012020000]
 total_blobs=2609 nmethods=2338 adapters=183
 compilation: enabled

Compilation events (10 events):
Event: 16.909 Thread 0x0000000016f40800 2867       2       com.android.dx.dex.file.TypeIdItem::writeTo (107 bytes)
Event: 16.910 Thread 0x0000000016f40800 nmethod 2867 0x0000000003301c90 code [0x0000000003301f40, 0x0000000003302b98]
Event: 16.913 Thread 0x0000000016f40800 2868       2       com.android.dx.dex.file.ProtoIdItem::writeTo (331 bytes)
Event: 16.917 Thread 0x0000000016f40800 nmethod 2868 0x0000000003449290 code [0x0000000003449720, 0x000000000344afd8]
Event: 16.920 Thread 0x0000000016f40800 2869       2       com.android.dx.util.ByteArrayAnnotatedOutput::writeShort (64 bytes)
Event: 16.921 Thread 0x0000000016f40800 nmethod 2869 0x0000000003251210 code [0x00000000032513a0, 0x0000000003251658]
Event: 16.921 Thread 0x0000000016f40800 2870       2       com.android.dx.dex.file.MemberIdItem::writeTo (231 bytes)
Event: 16.924 Thread 0x0000000016f40800 nmethod 2870 0x00000000034fa250 code [0x00000000034fa640, 0x00000000034fbd08]
Event: 16.924 Thread 0x0000000016f40800 2871       2       com.android.dx.dex.file.FieldIdItem::getTypoidIdx (17 bytes)
Event: 16.924 Thread 0x0000000016f40800 nmethod 2871 0x0000000003263d10 code [0x0000000003263e80, 0x0000000003264078]

GC Heap History (10 events):
Event: 2.286 GC heap before
{Heap before GC invocations=2 (full 0):
 PSYoungGen      total 38400K, used 38375K [0x00000000eab00000, 0x00000000ef600000, 0x0000000100000000)
  eden space 33280K, 100% used [0x00000000eab00000,0x00000000ecb80000,0x00000000ecb80000)
  from space 5120K, 99% used [0x00000000ecb80000,0x00000000ed079da8,0x00000000ed080000)
  to   space 5120K, 0% used [0x00000000ef100000,0x00000000ef100000,0x00000000ef600000)
 ParOldGen       total 87552K, used 92K [0x00000000c0000000, 0x00000000c5580000, 0x00000000eab00000)
  object space 87552K, 0% used [0x00000000c0000000,0x00000000c00173b8,0x00000000c5580000)
 Metaspace       used 6286K, capacity 7064K, committed 7424K, reserved 1056768K
  class space    used 623K, capacity 656K, committed 768K, reserved 1048576K
Event: 2.300 GC heap after
Heap after GC invocations=2 (full 0):
 PSYoungGen      total 71680K, used 5088K [0x00000000eab00000, 0x00000000ef600000, 0x0000000100000000)
  eden space 66560K, 0% used [0x00000000eab00000,0x00000000eab00000,0x00000000eec00000)
  from space 5120K, 99% used [0x00000000ef100000,0x00000000ef5f8158,0x00000000ef600000)
  to   space 5120K, 0% used [0x00000000eec00000,0x00000000eec00000,0x00000000ef100000)
 ParOldGen       total 87552K, used 3479K [0x00000000c0000000, 0x00000000c5580000, 0x00000000eab00000)
  object space 87552K, 3% used [0x00000000c0000000,0x00000000c0365f60,0x00000000c5580000)
 Metaspace       used 6286K, capacity 7064K, committed 7424K, reserved 1056768K
  class space    used 623K, capacity 656K, committed 768K, reserved 1048576K
}
Event: 3.088 GC heap before
{Heap before GC invocations=3 (full 0):
 PSYoungGen      total 71680K, used 71648K [0x00000000eab00000, 0x00000000ef600000, 0x0000000100000000)
  eden space 66560K, 100% used [0x00000000eab00000,0x00000000eec00000,0x00000000eec00000)
  from space 5120K, 99% used [0x00000000ef100000,0x00000000ef5f8158,0x00000000ef600000)
  to   space 5120K, 0% used [0x00000000eec00000,0x00000000eec00000,0x00000000ef100000)
 ParOldGen       total 87552K, used 3479K [0x00000000c0000000, 0x00000000c5580000, 0x00000000eab00000)
  object space 87552K, 3% used [0x00000000c0000000,0x00000000c0365f60,0x00000000c5580000)
 Metaspace       used 6388K, capacity 7192K, committed 7424K, reserved 1056768K
  class space    used 624K, capacity 656K, committed 768K, reserved 1048576K
Event: 3.112 GC heap after
Heap after GC invocations=3 (full 0):
 PSYoungGen      total 71680K, used 5100K [0x00000000eab00000, 0x00000000f3700000, 0x0000000100000000)
  eden space 66560K, 0% used [0x00000000eab00000,0x00000000eab00000,0x00000000eec00000)
  from space 5120K, 99% used [0x00000000eec00000,0x00000000ef0fb068,0x00000000ef100000)
  to   space 5120K, 0% used [0x00000000f3200000,0x00000000f3200000,0x00000000f3700000)
 ParOldGen       total 87552K, used 12928K [0x00000000c0000000, 0x00000000c5580000, 0x00000000eab00000)
  object space 87552K, 14% used [0x00000000c0000000,0x00000000c0ca0078,0x00000000c5580000)
 Metaspace       used 6388K, capacity 7192K, committed 7424K, reserved 1056768K
  class space    used 624K, capacity 656K, committed 768K, reserved 1048576K
}
Event: 3.684 GC heap before
{Heap before GC invocations=4 (full 0):
 PSYoungGen      total 71680K, used 71660K [0x00000000eab00000, 0x00000000f3700000, 0x0000000100000000)
  eden space 66560K, 100% used [0x00000000eab00000,0x00000000eec00000,0x00000000eec00000)
  from space 5120K, 99% used [0x00000000eec00000,0x00000000ef0fb068,0x00000000ef100000)
  to   space 5120K, 0% used [0x00000000f3200000,0x00000000f3200000,0x00000000f3700000)
 ParOldGen       total 87552K, used 12928K [0x00000000c0000000, 0x00000000c5580000, 0x00000000eab00000)
  object space 87552K, 14% used [0x00000000c0000000,0x00000000c0ca0078,0x00000000c5580000)
 Metaspace       used 6446K, capacity 7192K, committed 7424K, reserved 1056768K
  class space    used 624K, capacity 656K, committed 768K, reserved 1048576K
Event: 3.732 GC heap after
Heap after GC invocations=4 (full 0):
 PSYoungGen      total 138240K, used 5096K [0x00000000eab00000, 0x00000000f3700000, 0x0000000100000000)
  eden space 133120K, 0% used [0x00000000eab00000,0x00000000eab00000,0x00000000f2d00000)
  from space 5120K, 99% used [0x00000000f3200000,0x00000000f36fa2b8,0x00000000f3700000)
  to   space 5120K, 0% used [0x00000000f2d00000,0x00000000f2d00000,0x00000000f3200000)
 ParOldGen       total 87552K, used 22550K [0x00000000c0000000, 0x00000000c5580000, 0x00000000eab00000)
  object space 87552K, 25% used [0x00000000c0000000,0x00000000c16059a0,0x00000000c5580000)
 Metaspace       used 6446K, capacity 7192K, committed 7424K, reserved 1056768K
  class space    used 624K, capacity 656K, committed 768K, reserved 1048576K
}
Event: 5.757 GC heap before
{Heap before GC invocations=5 (full 0):
 PSYoungGen      total 138240K, used 138216K [0x00000000eab00000, 0x00000000f3700000, 0x0000000100000000)
  eden space 133120K, 100% used [0x00000000eab00000,0x00000000f2d00000,0x00000000f2d00000)
  from space 5120K, 99% used [0x00000000f3200000,0x00000000f36fa2b8,0x00000000f3700000)
  to   space 5120K, 0% used [0x00000000f2d00000,0x00000000f2d00000,0x00000000f3200000)
 ParOldGen       total 87552K, used 22550K [0x00000000c0000000, 0x00000000c5580000, 0x00000000eab00000)
  object space 87552K, 25% used [0x00000000c0000000,0x00000000c16059a0,0x00000000c5580000)
 Metaspace       used 6651K, capacity 7288K, committed 7424K, reserved 1056768K
  class space    used 643K, capacity 688K, committed 768K, reserved 1048576K
Event: 6.734 GC heap after
Heap after GC invocations=5 (full 0):
 PSYoungGen      total 138240K, used 5105K [0x00000000eab00000, 0x00000000fe600000, 0x0000000100000000)
  eden space 133120K, 0% used [0x00000000eab00000,0x00000000eab00000,0x00000000f2d00000)
  from space 5120K, 99% used [0x00000000f2d00000,0x00000000f31fc520,0x00000000f3200000)
  to   space 28160K, 0% used [0x00000000fca80000,0x00000000fca80000,0x00000000fe600000)
 ParOldGen       total 87552K, used 43588K [0x00000000c0000000, 0x00000000c5580000, 0x00000000eab00000)
  object space 87552K, 49% used [0x00000000c0000000,0x00000000c2a911a8,0x00000000c5580000)
 Metaspace       used 6651K, capacity 7288K, committed 7424K, reserved 1056768K
  class space    used 643K, capacity 688K, committed 768K, reserved 1048576K
}
Event: 11.358 GC heap before
{Heap before GC invocations=6 (full 0):
 PSYoungGen      total 138240K, used 138225K [0x00000000eab00000, 0x00000000fe600000, 0x0000000100000000)
  eden space 133120K, 100% used [0x00000000eab00000,0x00000000f2d00000,0x00000000f2d00000)
  from space 5120K, 99% used [0x00000000f2d00000,0x00000000f31fc520,0x00000000f3200000)
  to   space 28160K, 0% used [0x00000000fca80000,0x00000000fca80000,0x00000000fe600000)
 ParOldGen       total 87552K, used 43588K [0x00000000c0000000, 0x00000000c5580000, 0x00000000eab00000)
  object space 87552K, 49% used [0x00000000c0000000,0x00000000c2a911a8,0x00000000c5580000)
 Metaspace       used 6669K, capacity 7288K, committed 7424K, reserved 1056768K
  class space    used 643K, capacity 688K, committed 768K, reserved 1048576K
Event: 11.481 GC heap after
Heap after GC invocations=6 (full 0):
 PSYoungGen      total 290304K, used 25124K [0x00000000eab00000, 0x00000000fee00000, 0x0000000100000000)
  eden space 262144K, 0% used [0x00000000eab00000,0x00000000eab00000,0x00000000fab00000)
  from space 28160K, 89% used [0x00000000fca80000,0x00000000fe309130,0x00000000fe600000)
  to   space 32256K, 0% used [0x00000000fab00000,0x00000000fab00000,0x00000000fca80000)
 ParOldGen       total 87552K, used 43588K [0x00000000c0000000, 0x00000000c5580000, 0x00000000eab00000)
  object space 87552K, 49% used [0x00000000c0000000,0x00000000c2a911a8,0x00000000c5580000)
 Metaspace       used 6669K, capacity 7288K, committed 7424K, reserved 1056768K
  class space    used 643K, capacity 688K, committed 768K, reserved 1048576K
}

Deoptimization events (10 events):
Event: 14.315 Thread 0x0000000017262800 Uncommon trap: reason=unstable_if action=reinterpret pc=0x0000000003a60bc4 method=com.android.dx.rop.code.RegisterSpec.matchesVariable(Lcom/android/dx/rop/code/RegisterSpec;)Z @ 59
Event: 14.629 Thread 0x0000000017262800 Uncommon trap: reason=unstable_if action=reinterpret pc=0x0000000003a98ba8 method=com.android.dx.dex.code.OutputFinisher.align64bits([Lcom/android/dx/dex/code/Dop;)V @ 205
Event: 14.729 Thread 0x0000000017262800 Uncommon trap: reason=unstable_if action=reinterpret pc=0x0000000003a7172c method=com.android.dx.dex.code.LocalList$MakeState.snapshot(ILcom/android/dx/rop/code/RegisterSpecSet;)V @ 86
Event: 14.765 Thread 0x0000000017262800 Uncommon trap: reason=bimorphic action=maybe_recompile pc=0x0000000003aaf704 method=com.android.dx.dex.code.DalvInsn.getLowRegVersion()Lcom/android/dx/dex/code/DalvInsn; @ 16
Event: 14.869 Thread 0x0000000017262800 Uncommon trap: reason=bimorphic action=maybe_recompile pc=0x0000000003aaf704 method=com.android.dx.dex.code.DalvInsn.getLowRegVersion()Lcom/android/dx/dex/code/DalvInsn; @ 16
Event: 14.869 Thread 0x0000000017262800 Uncommon trap: reason=bimorphic action=maybe_recompile pc=0x0000000003aaf704 method=com.android.dx.dex.code.DalvInsn.getLowRegVersion()Lcom/android/dx/dex/code/DalvInsn; @ 16
Event: 14.909 Thread 0x0000000017262800 Uncommon trap: reason=bimorphic action=maybe_recompile pc=0x0000000003aaf704 method=com.android.dx.dex.code.DalvInsn.getLowRegVersion()Lcom/android/dx/dex/code/DalvInsn; @ 16
Event: 15.913 Thread 0x0000000017262800 Uncommon trap: reason=unstable_if action=reinterpret pc=0x0000000003a72fb8 method=java.util.ArrayList.<init>(I)V @ 5
Event: 16.569 Thread 0x0000000017262800 Uncommon trap: reason=unstable_if action=reinterpret pc=0x000000000339ec7c method=java.lang.Long.numberOfTrailingZeros(J)I @ 3
Event: 16.899 Thread 0x0000000017262800 Uncommon trap: reason=unstable_if action=reinterpret pc=0x000000000320ec04 method=com.android.dx.util.ByteArrayAnnotatedOutput.writeByte(I)V @ 13

Internal exceptions (7 events):
Event: 0.490 Thread 0x0000000002dad800 Exception <a 'java/lang/NoSuchMethodError': Method sun.misc.Unsafe.defineClass(Ljava/lang/String;[BII)Ljava/lang/Class; name or signature does not match> (0x00000000eab07c78) thrown at [C:\re\workspace\8-2-build-windows-amd64-cygwin\jdk8u111\7883\hotspot\
Event: 0.490 Thread 0x0000000002dad800 Exception <a 'java/lang/NoSuchMethodError': Method sun.misc.Unsafe.prefetchRead(Ljava/lang/Object;J)V name or signature does not match> (0x00000000eab07f60) thrown at [C:\re\workspace\8-2-build-windows-amd64-cygwin\jdk8u111\7883\hotspot\src\share\vm\prims
Event: 1.578 Thread 0x000000001725f800 Implicit null exception at 0x00000000033281e2 to 0x00000000033282e9
Event: 4.101 Thread 0x0000000017266000 Implicit null exception at 0x000000000369fb3f to 0x00000000036a1159
Event: 4.293 Thread 0x0000000017265000 Exception <a 'java/lang/ArrayIndexOutOfBoundsException': 18> (0x00000000ef954f68) thrown at [C:\re\workspace\8-2-build-windows-amd64-cygwin\jdk8u111\7883\hotspot\src\share\vm\interpreter\interpreterRuntime.cpp, line 366]
Event: 4.294 Thread 0x0000000017265000 Exception <a 'java/lang/ArrayIndexOutOfBoundsException'> (0x00000000ef956ae8) thrown at [C:\re\workspace\8-2-build-windows-amd64-cygwin\jdk8u111\7883\hotspot\src\share\vm\runtime\sharedRuntime.cpp, line 605]
Event: 4.295 Thread 0x0000000017265000 Exception <a 'java/lang/ArrayIndexOutOfBoundsException'> (0x00000000ef957dd0) thrown at [C:\re\workspace\8-2-build-windows-amd64-cygwin\jdk8u111\7883\hotspot\src\share\vm\runtime\sharedRuntime.cpp, line 605]

Events (10 events):
Event: 16.896 Thread 0x0000000016f40800 flushing nmethod 0x0000000003896250
Event: 16.896 Thread 0x0000000016f40800 flushing nmethod 0x000000000389ea10
Event: 16.896 Thread 0x0000000016f40800 flushing nmethod 0x00000000038f1a10
Event: 16.896 Thread 0x0000000016f40800 flushing nmethod 0x0000000003933150
Event: 16.897 Thread 0x0000000016f40800 flushing nmethod 0x000000000398fbd0
Event: 16.897 Thread 0x0000000016f40800 flushing nmethod 0x0000000003991450
Event: 16.897 Thread 0x0000000016f40800 flushing nmethod 0x0000000003991f50
Event: 16.899 Thread 0x0000000017262800 Uncommon trap: trap_request=0xffffff65 fr.pc=0x000000000320ec04
Event: 16.899 Thread 0x0000000017262800 DEOPT PACKING pc=0x000000000320ec04 sp=0x000000001a3def10
Event: 16.899 Thread 0x0000000017262800 DEOPT UNPACKING pc=0x000000000306582a sp=0x000000001a3deec8 mode 2


Dynamic libraries:
0x00007ff7d0e50000 - 0x00007ff7d0e87000 	C:\Program Files\Java\jdk1.8.0_111\bin\java.exe
0x00007ffa8eb90000 - 0x00007ffa8ed51000 	C:\WINDOWS\SYSTEM32\ntdll.dll
0x00007ffa8e040000 - 0x00007ffa8e0ed000 	C:\WINDOWS\system32\KERNEL32.DLL
0x00007ffa8ba60000 - 0x00007ffa8bc48000 	C:\WINDOWS\system32\KERNELBASE.dll
0x00007ffa8df90000 - 0x00007ffa8e037000 	C:\WINDOWS\system32\ADVAPI32.dll
0x00007ffa8e670000 - 0x00007ffa8e70d000 	C:\WINDOWS\system32\msvcrt.dll
0x00007ffa8db50000 - 0x00007ffa8dbab000 	C:\WINDOWS\system32\sechost.dll
0x00007ffa8c0e0000 - 0x00007ffa8c1fc000 	C:\WINDOWS\system32\RPCRT4.dll
0x00007ffa8c490000 - 0x00007ffa8c5e6000 	C:\WINDOWS\system32\USER32.dll
0x00007ffa8c240000 - 0x00007ffa8c3c6000 	C:\WINDOWS\system32\GDI32.dll
0x00007ffa7e220000 - 0x00007ffa7e494000 	C:\WINDOWS\WinSxS\amd64_microsoft.windows.common-controls_6595b64144ccf1df_6.0.10586.589_none_a2ddb3caa539acce\COMCTL32.dll
0x00007ffa8dbb0000 - 0x00007ffa8de2d000 	C:\WINDOWS\system32\combase.dll
0x00007ffa8b2d0000 - 0x00007ffa8b33a000 	C:\WINDOWS\system32\bcryptPrimitives.dll
0x00007ffa8c200000 - 0x00007ffa8c23b000 	C:\WINDOWS\system32\IMM32.DLL
0x0000000053f00000 - 0x0000000053fd2000 	C:\Program Files\Java\jdk1.8.0_111\jre\bin\msvcr100.dll
0x0000000052260000 - 0x0000000052afa000 	C:\Program Files\Java\jdk1.8.0_111\jre\bin\server\jvm.dll
0x00007ffa8e820000 - 0x00007ffa8e828000 	C:\WINDOWS\system32\PSAPI.DLL
0x00007ffa7dda0000 - 0x00007ffa7dda9000 	C:\WINDOWS\SYSTEM32\WSOCK32.dll
0x00007ffa8bf90000 - 0x00007ffa8bffb000 	C:\WINDOWS\system32\WS2_32.dll
0x00007ffa898b0000 - 0x00007ffa898d3000 	C:\WINDOWS\SYSTEM32\WINMM.dll
0x00007ffa88380000 - 0x00007ffa8838a000 	C:\WINDOWS\SYSTEM32\VERSION.dll
0x00007ffa89880000 - 0x00007ffa898ac000 	C:\WINDOWS\SYSTEM32\WINMMBASE.dll
0x00007ffa8bf40000 - 0x00007ffa8bf83000 	C:\WINDOWS\system32\cfgmgr32.dll
0x0000000053ef0000 - 0x0000000053eff000 	C:\Program Files\Java\jdk1.8.0_111\jre\bin\verify.dll
0x0000000053ec0000 - 0x0000000053ee9000 	C:\Program Files\Java\jdk1.8.0_111\jre\bin\java.dll
0x0000000053ea0000 - 0x0000000053eb6000 	C:\Program Files\Java\jdk1.8.0_111\jre\bin\zip.dll
0x00007ffa8c5f0000 - 0x00007ffa8db4c000 	C:\WINDOWS\system32\SHELL32.dll
0x00007ffa8b340000 - 0x00007ffa8b985000 	C:\WINDOWS\system32\windows.storage.dll
0x00007ffa8eb30000 - 0x00007ffa8eb82000 	C:\WINDOWS\system32\shlwapi.dll
0x00007ffa8b1b0000 - 0x00007ffa8b1bf000 	C:\WINDOWS\system32\kernel.appcore.dll
0x00007ffa8bc50000 - 0x00007ffa8bd05000 	C:\WINDOWS\system32\shcore.dll
0x00007ffa8b1f0000 - 0x00007ffa8b23b000 	C:\WINDOWS\system32\powrprof.dll
0x00007ffa8b1c0000 - 0x00007ffa8b1d4000 	C:\WINDOWS\system32\profapi.dll

VM Arguments:
jvm_args: -Djava.awt.headless=true -Xmx1024M -Dfile.encoding=windows-1252 -Duser.country=CA -Duser.language=en -Duser.variant 
java_command: com.android.dx.command.Main --dex --force-jumbo --num-threads=4 --multi-dex --output C:\Users\Hassen\Documents\Sirine\CPEN321-\proj\cpen321project\PlanMyTrip\app\build\intermediates\transforms\dex\debug\folders\1000\10\com.android.support-support-v4-24.1.0_a8e38c343730cc62bf087008767a135f68ee1463 C:\Users\Hassen\Documents\Sirine\CPEN321-\proj\cpen321project\PlanMyTrip\app\build\intermediates\exploded-aar\com.android.support\support-v4\24.1.0\jars\classes.jar
java_class_path (initial): C:\Users\Hassen\AppData\Local\Android\sdk\build-tools\24.0.1\lib\dx.jar
Launcher Type: SUN_STANDARD

Environment Variables:
JAVA_HOME=C:\Program Files (x86)\Java\jdk1.7.0_79
PATH=C:\ProgramData\Oracle\Java\javapath;C:\Program Files (x86)\Common Files\NetSarang;C:\Program Files (x86)\Intel\iCLS Client\;C:\Program Files\Intel\iCLS Client\;C:\Windows\system32;C:\Windows;C:\Windows\System32\Wbem;C:\Windows\System32\WindowsPowerShell\v1.0\;C:\Program Files\Intel\WiFi\bin\;C:\Program Files\Common Files\Intel\WirelessCommon\;C:\Program Files\Intel\Intel(R) Management Engine Components\DAL;C:\Program Files\Intel\Intel(R) Management Engine Components\IPT;C:\Program Files (x86)\Intel\Intel(R) Management Engine Components\DAL;C:\Program Files (x86)\Intel\Intel(R) Management Engine Components\IPT;C:\Program Files\Acer\Remote Files\;C:\WINDOWS\system32;C:\WINDOWS;C:\WINDOWS\System32\Wbem;C:\WINDOWS\System32\WindowsPowerShell\v1.0\;C:\Program Files (x86)\Skype\Phone\;C:\Program Files (x86)\QuickTime\QTSystem\;C:\WINDOWS\system32;C:\WINDOWS;C:\WINDOWS\System32\Wbem;C:\WINDOWS\System32\WindowsPowerShell\v1.0\;%QUARTUS_ROOTDIR%\bin;C:\Program Files (x86)\apache-maven-3.3.9\bin;C:\Program Files (x86)\apache-maven-3.3.9\bin
USERNAME=Hassen
OS=Windows_NT
PROCESSOR_IDENTIFIER=Intel64 Family 6 Model 69 Stepping 1, GenuineIntel



---------------  S Y S T E M  ---------------

OS: Windows 10.0 , 64 bit Build 10586 (10.0.10586.589)

CPU:total 4 (2 cores per cpu, 2 threads per core) family 6 model 69 stepping 1, cmov, cx8, fxsr, mmx, sse, sse2, sse3, ssse3, sse4.1, sse4.2, popcnt, avx, avx2, aes, clmul, erms, lzcnt, ht, tsc, tscinvbit, bmi1, bmi2

Memory: 4k page, physical 8281368k(1328396k free), swap 13086592k(4240k free)

vm_info: Java HotSpot(TM) 64-Bit Server VM (25.111-b14) for windows-amd64 JRE (1.8.0_111-b14), built on Sep 22 2016 19:24:05 by "java_re" with MS VC++ 10.0 (VS2010)

time: Thu Oct 27 12:43:02 2016
elapsed time: 16 seconds (0d 0h 0m 16s)

