#
# There is insufficient memory for the Java Runtime Environment to continue.
# Native memory allocation (malloc) failed to allocate 32744 bytes for ChunkPool::allocate
# Possible reasons:
#   The system is out of physical RAM or swap space
#   In 32 bit mode, the process size limit was hit
# Possible solutions:
#   Reduce memory load on the system
#   Increase physical memory or swap space
#   Check if swap backing store is full
#   Use 64 bit Java on a 64 bit OS
#   Decrease Java heap size (-Xmx/-Xms)
#   Decrease number of Java threads
#   Decrease Java thread stack sizes (-Xss)
#   Set larger code cache with -XX:ReservedCodeCacheSize=
# This output file may be truncated or incomplete.
#
#  Out of Memory Error (allocation.cpp:273), pid=13424, tid=0x0000000000002698
#
# JRE version: Java(TM) SE Runtime Environment (8.0_111-b14) (build 1.8.0_111-b14)
# Java VM: Java HotSpot(TM) 64-Bit Server VM (25.111-b14 mixed mode windows-amd64 compressed oops)
# Failed to write core dump. Minidumps are not enabled by default on client versions of Windows
#

---------------  T H R E A D  ---------------

Current thread (0x0000000016448800):  JavaThread "C1 CompilerThread2" daemon [_thread_in_native, id=9880, stack(0x0000000016840000,0x0000000016940000)]

Stack: [0x0000000016840000,0x0000000016940000]
[error occurred during error reporting (printing stack bounds), id 0xc0000005]

Native frames: (J=compiled Java code, j=interpreted, Vv=VM code, C=native code)


Current CompileTask:
C1:   7690 1839       3       com.android.dx.dex.file.AnnotationUtils::makeSignature (251 bytes)


---------------  P R O C E S S  ---------------

Java Threads: ( => current thread )
  0x00000000166f8800 JavaThread "pool-2-thread-4" [_thread_blocked, id=13380, stack(0x0000000016f40000,0x0000000017040000)]
  0x00000000166f8000 JavaThread "pool-2-thread-3" [_thread_blocked, id=6236, stack(0x0000000016e40000,0x0000000016f40000)]
  0x00000000166b7000 JavaThread "pool-2-thread-2" [_thread_in_Java, id=1740, stack(0x0000000016d40000,0x0000000016e40000)]
  0x00000000166b1000 JavaThread "pool-3-thread-1" [_thread_blocked, id=13548, stack(0x0000000016c40000,0x0000000016d40000)]
  0x00000000166b0000 JavaThread "pool-2-thread-1" [_thread_blocked, id=1684, stack(0x0000000016b40000,0x0000000016c40000)]
  0x0000000014c5b800 JavaThread "Service Thread" daemon [_thread_blocked, id=9536, stack(0x0000000016940000,0x0000000016a40000)]
=>0x0000000016448800 JavaThread "C1 CompilerThread2" daemon [_thread_in_native, id=9880, stack(0x0000000016840000,0x0000000016940000)]
  0x0000000014c51800 JavaThread "C2 CompilerThread1" daemon [_thread_in_native, id=7676, stack(0x0000000016340000,0x0000000016440000)]
  0x0000000014bfd000 JavaThread "C2 CompilerThread0" daemon [_thread_in_native, id=6272, stack(0x0000000016240000,0x0000000016340000)]
  0x0000000014bfb800 JavaThread "Attach Listener" daemon [_thread_blocked, id=3828, stack(0x0000000016140000,0x0000000016240000)]
  0x0000000014bfa000 JavaThread "Signal Dispatcher" daemon [_thread_blocked, id=3092, stack(0x0000000016040000,0x0000000016140000)]
  0x0000000014bea000 JavaThread "Finalizer" daemon [_thread_blocked, id=9892, stack(0x0000000015e60000,0x0000000015f60000)]
  0x0000000014bc9000 JavaThread "Reference Handler" daemon [_thread_blocked, id=14188, stack(0x0000000015d60000,0x0000000015e60000)]
  0x000000000232d800 JavaThread "main" [_thread_in_vm, id=14228, stack(0x0000000002330000,0x0000000002430000)]

Other Threads:
  0x0000000014bc7800 VMThread [stack: 0x0000000015c60000,0x0000000015d60000] [id=12348]
  0x0000000016449800 WatcherThread [stack: 0x0000000016a40000,0x0000000016b40000] [id=6596]

VM state:not at safepoint (normal execution)

VM Mutex/Monitor currently owned by a thread: None

Heap:
 PSYoungGen      total 71680K, used 50862K [0x00000000eab00000, 0x00000000ef600000, 0x0000000100000000)
  eden space 66560K, 68% used [0x00000000eab00000,0x00000000ed7addc8,0x00000000eec00000)
  from space 5120K, 99% used [0x00000000ef100000,0x00000000ef5fdc88,0x00000000ef600000)
  to   space 5120K, 0% used [0x00000000eec00000,0x00000000eec00000,0x00000000ef100000)
 ParOldGen       total 87552K, used 4433K [0x00000000c0000000, 0x00000000c5580000, 0x00000000eab00000)
  object space 87552K, 5% used [0x00000000c0000000,0x00000000c0454428,0x00000000c5580000)
 Metaspace       used 6524K, capacity 7192K, committed 7424K, reserved 1056768K
  class space    used 624K, capacity 656K, committed 768K, reserved 1048576K

Card table byte_map: [0x00000000118f0000,0x0000000011b00000] byte_map_base: 0x00000000112f0000

Marking Bits: (ParMarkBitMap*) 0x0000000052a7a6c0
 Begin Bits: [0x0000000012060000, 0x0000000013060000)
 End Bits:   [0x0000000013060000, 0x0000000014060000)

Polling page: 0x0000000000640000

CodeCache: size=245760Kb used=7988Kb max_used=7988Kb free=237771Kb
 bounds [0x0000000002530000, 0x0000000002d10000, 0x0000000011530000]
 total_blobs=2089 nmethods=1819 adapters=182
 compilation: enabled

Compilation events (10 events):
Event: 7.607 Thread 0x0000000016448800 nmethod 1833 0x0000000002ced210 code [0x0000000002ced3a0, 0x0000000002ced8d0]
Event: 7.621 Thread 0x0000000016448800 1834       3       com.android.dx.cf.code.Ropper::getFirstTempStackReg (20 bytes)
Event: 7.622 Thread 0x0000000016448800 nmethod 1834 0x0000000002cfcb90 code [0x0000000002cfcd20, 0x0000000002cfd308]
Event: 7.622 Thread 0x0000000016448800 1835       3       com.android.dx.cf.code.Ropper::getNormalRegCount (13 bytes)
Event: 7.622 Thread 0x0000000016448800 nmethod 1835 0x0000000002cfd550 code [0x0000000002cfd6c0, 0x0000000002cfd990]
Event: 7.627 Thread 0x0000000016448800 1836       3       com.android.dx.cf.direct.StdAttributeFactory::sourceFile (94 bytes)
Event: 7.630 Thread 0x0000000016448800 nmethod 1836 0x0000000002cfda90 code [0x0000000002cfdf00, 0x0000000002d007e8]
Event: 7.639 Thread 0x0000000016448800 1837       3       java.util.concurrent.locks.AbstractQueuedSynchronizer$ConditionObject::doSignal (43 bytes)
Event: 7.639 Thread 0x0000000016448800 nmethod 1837 0x0000000002d02a50 code [0x0000000002d02bc0, 0x0000000002d02f48]
Event: 7.685 Thread 0x0000000016448800 1839       3       com.android.dx.dex.file.AnnotationUtils::makeSignature (251 bytes)

GC Heap History (4 events):
Event: 4.796 GC heap before
{Heap before GC invocations=1 (full 0):
 PSYoungGen      total 38400K, used 33280K [0x00000000eab00000, 0x00000000ed580000, 0x0000000100000000)
  eden space 33280K, 100% used [0x00000000eab00000,0x00000000ecb80000,0x00000000ecb80000)
  from space 5120K, 0% used [0x00000000ed080000,0x00000000ed080000,0x00000000ed580000)
  to   space 5120K, 0% used [0x00000000ecb80000,0x00000000ecb80000,0x00000000ed080000)
 ParOldGen       total 87552K, used 0K [0x00000000c0000000, 0x00000000c5580000, 0x00000000eab00000)
  object space 87552K, 0% used [0x00000000c0000000,0x00000000c0000000,0x00000000c5580000)
 Metaspace       used 6135K, capacity 6936K, committed 7168K, reserved 1056768K
  class space    used 621K, capacity 656K, committed 768K, reserved 1048576K
Event: 4.932 GC heap after
Heap after GC invocations=1 (full 0):
 PSYoungGen      total 38400K, used 5108K [0x00000000eab00000, 0x00000000ef600000, 0x0000000100000000)
  eden space 33280K, 0% used [0x00000000eab00000,0x00000000eab00000,0x00000000ecb80000)
  from space 5120K, 99% used [0x00000000ecb80000,0x00000000ed07d2b0,0x00000000ed080000)
  to   space 5120K, 0% used [0x00000000ef100000,0x00000000ef100000,0x00000000ef600000)
 ParOldGen       total 87552K, used 762K [0x00000000c0000000, 0x00000000c5580000, 0x00000000eab00000)
  object space 87552K, 0% used [0x00000000c0000000,0x00000000c00beac8,0x00000000c5580000)
 Metaspace       used 6135K, capacity 6936K, committed 7168K, reserved 1056768K
  class space    used 621K, capacity 656K, committed 768K, reserved 1048576K
}
Event: 6.401 GC heap before
{Heap before GC invocations=2 (full 0):
 PSYoungGen      total 38400K, used 38388K [0x00000000eab00000, 0x00000000ef600000, 0x0000000100000000)
  eden space 33280K, 100% used [0x00000000eab00000,0x00000000ecb80000,0x00000000ecb80000)
  from space 5120K, 99% used [0x00000000ecb80000,0x00000000ed07d2b0,0x00000000ed080000)
  to   space 5120K, 0% used [0x00000000ef100000,0x00000000ef100000,0x00000000ef600000)
 ParOldGen       total 87552K, used 762K [0x00000000c0000000, 0x00000000c5580000, 0x00000000eab00000)
  object space 87552K, 0% used [0x00000000c0000000,0x00000000c00beac8,0x00000000c5580000)
 Metaspace       used 6384K, capacity 7128K, committed 7424K, reserved 1056768K
  class space    used 623K, capacity 656K, committed 768K, reserved 1048576K
Event: 6.513 GC heap after
Heap after GC invocations=2 (full 0):
 PSYoungGen      total 71680K, used 5111K [0x00000000eab00000, 0x00000000ef600000, 0x0000000100000000)
  eden space 66560K, 0% used [0x00000000eab00000,0x00000000eab00000,0x00000000eec00000)
  from space 5120K, 99% used [0x00000000ef100000,0x00000000ef5fdc88,0x00000000ef600000)
  to   space 5120K, 0% used [0x00000000eec00000,0x00000000eec00000,0x00000000ef100000)
 ParOldGen       total 87552K, used 4433K [0x00000000c0000000, 0x00000000c5580000, 0x00000000eab00000)
  object space 87552K, 5% used [0x00000000c0000000,0x00000000c0454428,0x00000000c5580000)
 Metaspace       used 6384K, capacity 7128K, committed 7424K, reserved 1056768K
  class space    used 623K, capacity 656K, committed 768K, reserved 1048576K
}

Deoptimization events (10 events):
Event: 6.676 Thread 0x00000000166b7000 Uncommon trap: reason=class_check action=maybe_recompile pc=0x0000000002a31164 method=com.android.dx.cf.code.BytecodeArray.parseInstruction(ILcom/android/dx/cf/code/BytecodeArray$Visitor;)I @ 1051
Event: 6.676 Thread 0x00000000166b7000 Uncommon trap: reason=bimorphic action=maybe_recompile pc=0x0000000002b34950 method=com.android.dx.ssa.SCCP.simulatePhi(Lcom/android/dx/ssa/PhiInsn;)V @ 124
Event: 6.797 Thread 0x000000000232d800 Uncommon trap: reason=unstable_if action=reinterpret pc=0x0000000002a6ee78 method=com.android.dx.rop.cst.StdConstantPool.set(ILcom/android/dx/rop/cst/Constant;)V @ 12
Event: 6.903 Thread 0x00000000166b7000 Uncommon trap: reason=unstable_if action=reinterpret pc=0x0000000002bb0770 method=com.android.dx.rop.code.RegisterSpecSet.<init>(I)V @ 2
Event: 6.903 Thread 0x00000000166b7000 Uncommon trap: reason=unstable_if action=reinterpret pc=0x0000000002953804 method=com.android.dx.rop.code.RegisterSpecSet.<init>(I)V @ 2
Event: 6.946 Thread 0x00000000166b7000 Uncommon trap: reason=null_check action=make_not_entrant pc=0x0000000002b1a074 method=com.android.dx.ssa.SsaRenamer.getLocalForNewReg(I)Lcom/android/dx/rop/code/LocalItem; @ 19
Event: 6.949 Thread 0x00000000166b7000 Uncommon trap: reason=unstable_if action=reinterpret pc=0x0000000002b48cd0 method=com.android.dx.ssa.LiteralOpUpgrader$1.visitNonMoveInsn(Lcom/android/dx/ssa/NormalSsaInsn;)V @ 55
Event: 6.950 Thread 0x00000000166b7000 Uncommon trap: reason=unstable_if action=reinterpret pc=0x00000000029ab61c method=com.android.dx.ssa.SsaMethod.updateOneDefinition(Lcom/android/dx/ssa/SsaInsn;Lcom/android/dx/rop/code/RegisterSpec;)V @ 4
Event: 7.255 Thread 0x00000000166b0000 Uncommon trap: reason=class_check action=maybe_recompile pc=0x0000000002a31164 method=com.android.dx.cf.code.BytecodeArray.parseInstruction(ILcom/android/dx/cf/code/BytecodeArray$Visitor;)I @ 1051
Event: 7.255 Thread 0x00000000166b0000 Uncommon trap: reason=class_check action=maybe_recompile pc=0x0000000002a31164 method=com.android.dx.cf.code.BytecodeArray.parseInstruction(ILcom/android/dx/cf/code/BytecodeArray$Visitor;)I @ 1051

Internal exceptions (4 events):
Event: 1.861 Thread 0x000000000232d800 Exception <a 'java/lang/NoSuchMethodError': Method sun.misc.Unsafe.defineClass(Ljava/lang/String;[BII)Ljava/lang/Class; name or signature does not match> (0x00000000eab07c78) thrown at [C:\re\workspace\8-2-build-windows-amd64-cygwin\jdk8u111\7883\hotspot\
Event: 1.861 Thread 0x000000000232d800 Exception <a 'java/lang/NoSuchMethodError': Method sun.misc.Unsafe.prefetchRead(Ljava/lang/Object;J)V name or signature does not match> (0x00000000eab07f60) thrown at [C:\re\workspace\8-2-build-windows-amd64-cygwin\jdk8u111\7883\hotspot\src\share\vm\prims
Event: 5.019 Thread 0x00000000166b7000 Implicit null exception at 0x00000000029e44e2 to 0x00000000029e45da
Event: 6.946 Thread 0x00000000166b7000 Implicit null exception at 0x0000000002b16eae to 0x0000000002b1a031

Events (10 events):
Event: 6.949 loading class com/android/dx/rop/code/RegOps done
Event: 6.950 Thread 0x00000000166b7000 Uncommon trap: trap_request=0xffffff65 fr.pc=0x00000000029ab61c
Event: 6.950 Thread 0x00000000166b7000 DEOPT PACKING pc=0x00000000029ab61c sp=0x0000000016e3ea60
Event: 6.950 Thread 0x00000000166b7000 DEOPT UNPACKING pc=0x000000000257582a sp=0x0000000016e3ea08 mode 2
Event: 7.255 Thread 0x00000000166b0000 Uncommon trap: trap_request=0xffffffde fr.pc=0x0000000002a31164
Event: 7.255 Thread 0x00000000166b0000 DEOPT PACKING pc=0x0000000002a31164 sp=0x0000000016c3eb70
Event: 7.255 Thread 0x00000000166b0000 DEOPT UNPACKING pc=0x000000000257582a sp=0x0000000016c3eae0 mode 2
Event: 7.255 Thread 0x00000000166b0000 Uncommon trap: trap_request=0xffffffde fr.pc=0x0000000002a31164
Event: 7.255 Thread 0x00000000166b0000 DEOPT PACKING pc=0x0000000002a31164 sp=0x0000000016c3e9d0
Event: 7.255 Thread 0x00000000166b0000 DEOPT UNPACKING pc=0x000000000257582a sp=0x0000000016c3e940 mode 2


Dynamic libraries:
0x00007ff7d0e50000 - 0x00007ff7d0e87000 	C:\Program Files\Java\jdk1.8.0_111\bin\java.exe
0x00007ffa8eb90000 - 0x00007ffa8ed51000 	C:\WINDOWS\SYSTEM32\ntdll.dll
0x00007ffa8e040000 - 0x00007ffa8e0ed000 	C:\WINDOWS\system32\KERNEL32.DLL
0x00007ffa8ba60000 - 0x00007ffa8bc48000 	C:\WINDOWS\system32\KERNELBASE.dll
0x00007ffa8df90000 - 0x00007ffa8e037000 	C:\WINDOWS\system32\ADVAPI32.dll
0x00007ffa8e670000 - 0x00007ffa8e70d000 	C:\WINDOWS\system32\msvcrt.dll
0x00007ffa8db50000 - 0x00007ffa8dbab000 	C:\WINDOWS\system32\sechost.dll
0x00007ffa8c0e0000 - 0x00007ffa8c1fc000 	C:\WINDOWS\system32\RPCRT4.dll
0x00007ffa8c490000 - 0x00007ffa8c5e6000 	C:\WINDOWS\system32\USER32.dll
0x00007ffa8c240000 - 0x00007ffa8c3c6000 	C:\WINDOWS\system32\GDI32.dll
0x00007ffa7e220000 - 0x00007ffa7e494000 	C:\WINDOWS\WinSxS\amd64_microsoft.windows.common-controls_6595b64144ccf1df_6.0.10586.589_none_a2ddb3caa539acce\COMCTL32.dll
0x00007ffa8dbb0000 - 0x00007ffa8de2d000 	C:\WINDOWS\system32\combase.dll
0x00007ffa8b2d0000 - 0x00007ffa8b33a000 	C:\WINDOWS\system32\bcryptPrimitives.dll
0x00007ffa8c200000 - 0x00007ffa8c23b000 	C:\WINDOWS\system32\IMM32.DLL
0x0000000053f00000 - 0x0000000053fd2000 	C:\Program Files\Java\jdk1.8.0_111\jre\bin\msvcr100.dll
0x0000000052260000 - 0x0000000052afa000 	C:\Program Files\Java\jdk1.8.0_111\jre\bin\server\jvm.dll
0x00007ffa8e820000 - 0x00007ffa8e828000 	C:\WINDOWS\system32\PSAPI.DLL
0x00007ffa7dda0000 - 0x00007ffa7dda9000 	C:\WINDOWS\SYSTEM32\WSOCK32.dll
0x00007ffa8bf90000 - 0x00007ffa8bffb000 	C:\WINDOWS\system32\WS2_32.dll
0x00007ffa898b0000 - 0x00007ffa898d3000 	C:\WINDOWS\SYSTEM32\WINMM.dll
0x00007ffa88380000 - 0x00007ffa8838a000 	C:\WINDOWS\SYSTEM32\VERSION.dll
0x00007ffa89880000 - 0x00007ffa898ac000 	C:\WINDOWS\SYSTEM32\WINMMBASE.dll
0x00007ffa8bf40000 - 0x00007ffa8bf83000 	C:\WINDOWS\system32\cfgmgr32.dll
0x0000000053ef0000 - 0x0000000053eff000 	C:\Program Files\Java\jdk1.8.0_111\jre\bin\verify.dll
0x0000000053ec0000 - 0x0000000053ee9000 	C:\Program Files\Java\jdk1.8.0_111\jre\bin\java.dll
0x0000000053ea0000 - 0x0000000053eb6000 	C:\Program Files\Java\jdk1.8.0_111\jre\bin\zip.dll
0x00007ffa8c5f0000 - 0x00007ffa8db4c000 	C:\WINDOWS\system32\SHELL32.dll
0x00007ffa8b340000 - 0x00007ffa8b985000 	C:\WINDOWS\system32\windows.storage.dll
0x00007ffa8eb30000 - 0x00007ffa8eb82000 	C:\WINDOWS\system32\shlwapi.dll
0x00007ffa8b1b0000 - 0x00007ffa8b1bf000 	C:\WINDOWS\system32\kernel.appcore.dll
0x00007ffa8bc50000 - 0x00007ffa8bd05000 	C:\WINDOWS\system32\shcore.dll
0x00007ffa8b1f0000 - 0x00007ffa8b23b000 	C:\WINDOWS\system32\powrprof.dll
0x00007ffa8b1c0000 - 0x00007ffa8b1d4000 	C:\WINDOWS\system32\profapi.dll

VM Arguments:
jvm_args: -Djava.awt.headless=true -Xmx1024M -Dfile.encoding=windows-1252 -Duser.country=CA -Duser.language=en -Duser.variant 
java_command: com.android.dx.command.Main --dex --force-jumbo --num-threads=4 --multi-dex --output C:\Users\Hassen\Documents\Sirine\CPEN321-\proj\cpen321project\PlanMyTrip\app\build\intermediates\transforms\dex\debug\folders\1000\10\internal_impl-24.1.0_d14bdd114e9ea89e77c70e45f146e59b9a59205d C:\Users\Hassen\Documents\Sirine\CPEN321-\proj\cpen321project\PlanMyTrip\app\build\intermediates\exploded-aar\com.android.support\support-v4\24.1.0\jars\libs\internal_impl-24.1.0.jar
java_class_path (initial): C:\Users\Hassen\AppData\Local\Android\sdk\build-tools\24.0.1\lib\dx.jar
Launcher Type: SUN_STANDARD

Environment Variables:
JAVA_HOME=C:\Program Files (x86)\Java\jdk1.7.0_79
PATH=C:\ProgramData\Oracle\Java\javapath;C:\Program Files (x86)\Common Files\NetSarang;C:\Program Files (x86)\Intel\iCLS Client\;C:\Program Files\Intel\iCLS Client\;C:\Windows\system32;C:\Windows;C:\Windows\System32\Wbem;C:\Windows\System32\WindowsPowerShell\v1.0\;C:\Program Files\Intel\WiFi\bin\;C:\Program Files\Common Files\Intel\WirelessCommon\;C:\Program Files\Intel\Intel(R) Management Engine Components\DAL;C:\Program Files\Intel\Intel(R) Management Engine Components\IPT;C:\Program Files (x86)\Intel\Intel(R) Management Engine Components\DAL;C:\Program Files (x86)\Intel\Intel(R) Management Engine Components\IPT;C:\Program Files\Acer\Remote Files\;C:\WINDOWS\system32;C:\WINDOWS;C:\WINDOWS\System32\Wbem;C:\WINDOWS\System32\WindowsPowerShell\v1.0\;C:\Program Files (x86)\Skype\Phone\;C:\Program Files (x86)\QuickTime\QTSystem\;C:\WINDOWS\system32;C:\WINDOWS;C:\WINDOWS\System32\Wbem;C:\WINDOWS\System32\WindowsPowerShell\v1.0\;%QUARTUS_ROOTDIR%\bin;C:\Program Files (x86)\apache-maven-3.3.9\bin;C:\Program Files (x86)\apache-maven-3.3.9\bin
USERNAME=Hassen
OS=Windows_NT
PROCESSOR_IDENTIFIER=Intel64 Family 6 Model 69 Stepping 1, GenuineIntel



---------------  S Y S T E M  ---------------

OS: Windows 10.0 , 64 bit Build 10586 (10.0.10586.589)

CPU:total 4 (2 cores per cpu, 2 threads per core) family 6 model 69 stepping 1, cmov, cx8, fxsr, mmx, sse, sse2, sse3, ssse3, sse4.1, sse4.2, popcnt, avx, avx2, aes, clmul, erms, lzcnt, ht, tsc, tscinvbit, bmi1, bmi2

Memory: 4k page, physical 8281368k(768552k free), swap 13076972k(5788k free)

vm_info: Java HotSpot(TM) 64-Bit Server VM (25.111-b14) for windows-amd64 JRE (1.8.0_111-b14), built on Sep 22 2016 19:24:05 by "java_re" with MS VC++ 10.0 (VS2010)

time: Thu Oct 27 12:40:50 2016
elapsed time: 7 seconds (0d 0h 0m 7s)

