#
# There is insufficient memory for the Java Runtime Environment to continue.
# Native memory allocation (malloc) failed to allocate 884592 bytes for Chunk::new
# Possible reasons:
#   The system is out of physical RAM or swap space
#   In 32 bit mode, the process size limit was hit
# Possible solutions:
#   Reduce memory load on the system
#   Increase physical memory or swap space
#   Check if swap backing store is full
#   Use 64 bit Java on a 64 bit OS
#   Decrease Java heap size (-Xmx/-Xms)
#   Decrease number of Java threads
#   Decrease Java thread stack sizes (-Xss)
#   Set larger code cache with -XX:ReservedCodeCacheSize=
# This output file may be truncated or incomplete.
#
#  Out of Memory Error (allocation.cpp:390), pid=2584, tid=0x0000000000000850
#
# JRE version: Java(TM) SE Runtime Environment (8.0_111-b14) (build 1.8.0_111-b14)
# Java VM: Java HotSpot(TM) 64-Bit Server VM (25.111-b14 mixed mode windows-amd64 compressed oops)
# Failed to write core dump. Minidumps are not enabled by default on client versions of Windows
#

---------------  T H R E A D  ---------------

Current thread (0x0000000014b19800):  JavaThread "C2 CompilerThread1" daemon [_thread_in_native, id=2128, stack(0x0000000016210000,0x0000000016310000)]

Stack: [0x0000000016210000,0x0000000016310000]
[error occurred during error reporting (printing stack bounds), id 0xc0000005]

Native frames: (J=compiled Java code, j=interpreted, Vv=VM code, C=native code)


Current CompileTask:
C2:   5055 1446   !   4       com.android.dx.cf.code.BytecodeArray::parseInstruction (2764 bytes)


---------------  P R O C E S S  ---------------

Java Threads: ( => current thread )
  0x000000001666c000 JavaThread "pool-2-thread-4" [_thread_in_Java, id=13792, stack(0x0000000016e10000,0x0000000016f10000)]
  0x000000001666b000 JavaThread "pool-2-thread-3" [_thread_in_Java, id=12340, stack(0x0000000016d10000,0x0000000016e10000)]
  0x00000000166a0800 JavaThread "pool-2-thread-2" [_thread_in_Java, id=3068, stack(0x0000000016c10000,0x0000000016d10000)]
  0x000000001669c800 JavaThread "pool-3-thread-1" [_thread_blocked, id=10084, stack(0x0000000016b10000,0x0000000016c10000)]
  0x000000001669b800 JavaThread "pool-2-thread-1" [_thread_in_vm, id=5656, stack(0x0000000016a10000,0x0000000016b10000)]
  0x0000000016312800 JavaThread "Service Thread" daemon [_thread_blocked, id=1176, stack(0x0000000016810000,0x0000000016910000)]
  0x0000000016310800 JavaThread "C1 CompilerThread2" daemon [_thread_blocked, id=9272, stack(0x0000000016710000,0x0000000016810000)]
=>0x0000000014b19800 JavaThread "C2 CompilerThread1" daemon [_thread_in_native, id=2128, stack(0x0000000016210000,0x0000000016310000)]
  0x0000000014abd000 JavaThread "C2 CompilerThread0" daemon [_thread_in_native, id=11360, stack(0x0000000016110000,0x0000000016210000)]
  0x0000000014abb000 JavaThread "Attach Listener" daemon [_thread_blocked, id=12764, stack(0x0000000016010000,0x0000000016110000)]
  0x0000000014aba000 JavaThread "Signal Dispatcher" daemon [_thread_blocked, id=10428, stack(0x0000000015f10000,0x0000000016010000)]
  0x0000000014aaa000 JavaThread "Finalizer" daemon [_thread_blocked, id=10736, stack(0x0000000015d30000,0x0000000015e30000)]
  0x0000000014a89000 JavaThread "Reference Handler" daemon [_thread_blocked, id=13232, stack(0x0000000015c30000,0x0000000015d30000)]
  0x00000000021cd800 JavaThread "main" [_thread_blocked, id=9996, stack(0x00000000020c0000,0x00000000021c0000)]

Other Threads:
  0x0000000014a87800 VMThread [stack: 0x0000000015b30000,0x0000000015c30000] [id=13484]
  0x0000000016322800 WatcherThread [stack: 0x0000000016910000,0x0000000016a10000] [id=10936]

VM state:not at safepoint (normal execution)

VM Mutex/Monitor currently owned by a thread: None

Heap:
 PSYoungGen      total 38400K, used 36533K [0x00000000eab00000, 0x00000000ef600000, 0x0000000100000000)
  eden space 33280K, 94% used [0x00000000eab00000,0x00000000ec9b0600,0x00000000ecb80000)
  from space 5120K, 99% used [0x00000000ecb80000,0x00000000ed07ce98,0x00000000ed080000)
  to   space 5120K, 0% used [0x00000000ef100000,0x00000000ef100000,0x00000000ef600000)
 ParOldGen       total 87552K, used 741K [0x00000000c0000000, 0x00000000c5580000, 0x00000000eab00000)
  object space 87552K, 0% used [0x00000000c0000000,0x00000000c00b9748,0x00000000c5580000)
 Metaspace       used 6367K, capacity 7128K, committed 7424K, reserved 1056768K
  class space    used 623K, capacity 656K, committed 768K, reserved 1048576K

Card table byte_map: [0x00000000117b0000,0x00000000119c0000] byte_map_base: 0x00000000111b0000

Marking Bits: (ParMarkBitMap*) 0x000000005331a6c0
 Begin Bits: [0x0000000011f20000, 0x0000000012f20000)
 End Bits:   [0x0000000012f20000, 0x0000000013f20000)

Polling page: 0x00000000008e0000

CodeCache: size=245760Kb used=6728Kb max_used=6728Kb free=239031Kb
 bounds [0x00000000023f0000, 0x0000000002a90000, 0x00000000113f0000]
 total_blobs=1866 nmethods=1596 adapters=182
 compilation: enabled

Compilation events (10 events):
Event: 5.044 Thread 0x0000000016310800 1600       3       com.android.dx.rop.code.LocalVariableExtractor::<init> (59 bytes)
Event: 5.044 Thread 0x0000000016310800 nmethod 1600 0x0000000002a82310 code [0x0000000002a824c0, 0x0000000002a82ac8]
Event: 5.044 Thread 0x0000000016310800 1601       3       com.android.dx.dex.code.RopTranslator::<init> (190 bytes)
Event: 5.046 Thread 0x0000000016310800 nmethod 1601 0x0000000002a82d10 code [0x0000000002a82f60, 0x0000000002a840b8]
Event: 5.047 Thread 0x0000000016310800 1602       3       com.android.dx.dex.code.OutputFinisher::<init> (48 bytes)
Event: 5.047 Thread 0x0000000016310800 nmethod 1602 0x0000000002a849d0 code [0x0000000002a84b40, 0x0000000002a84de8]
Event: 5.047 Thread 0x0000000016310800 1603       3       com.android.dx.dex.code.RopTranslator::translateAndGetResult (48 bytes)
Event: 5.047 Thread 0x0000000016310800 nmethod 1603 0x0000000002a84f10 code [0x0000000002a850e0, 0x0000000002a85618]
Event: 5.049 Thread 0x0000000016310800 1604       3       com.android.dx.dex.code.OutputCollector::appendSuffixToOutput (45 bytes)
Event: 5.050 Thread 0x0000000016310800 nmethod 1604 0x0000000002a858d0 code [0x0000000002a85ae0, 0x0000000002a865b8]

GC Heap History (2 events):
Event: 3.403 GC heap before
{Heap before GC invocations=1 (full 0):
 PSYoungGen      total 38400K, used 33280K [0x00000000eab00000, 0x00000000ed580000, 0x0000000100000000)
  eden space 33280K, 100% used [0x00000000eab00000,0x00000000ecb80000,0x00000000ecb80000)
  from space 5120K, 0% used [0x00000000ed080000,0x00000000ed080000,0x00000000ed580000)
  to   space 5120K, 0% used [0x00000000ecb80000,0x00000000ecb80000,0x00000000ed080000)
 ParOldGen       total 87552K, used 0K [0x00000000c0000000, 0x00000000c5580000, 0x00000000eab00000)
  object space 87552K, 0% used [0x00000000c0000000,0x00000000c0000000,0x00000000c5580000)
 Metaspace       used 6057K, capacity 6872K, committed 7168K, reserved 1056768K
  class space    used 622K, capacity 656K, committed 768K, reserved 1048576K
Event: 3.438 GC heap after
Heap after GC invocations=1 (full 0):
 PSYoungGen      total 38400K, used 5107K [0x00000000eab00000, 0x00000000ef600000, 0x0000000100000000)
  eden space 33280K, 0% used [0x00000000eab00000,0x00000000eab00000,0x00000000ecb80000)
  from space 5120K, 99% used [0x00000000ecb80000,0x00000000ed07ce98,0x00000000ed080000)
  to   space 5120K, 0% used [0x00000000ef100000,0x00000000ef100000,0x00000000ef600000)
 ParOldGen       total 87552K, used 741K [0x00000000c0000000, 0x00000000c5580000, 0x00000000eab00000)
  object space 87552K, 0% used [0x00000000c0000000,0x00000000c00b9748,0x00000000c5580000)
 Metaspace       used 6057K, capacity 6872K, committed 7168K, reserved 1056768K
  class space    used 622K, capacity 656K, committed 768K, reserved 1048576K
}

Deoptimization events (3 events):
Event: 2.059 Thread 0x00000000021cd800 Uncommon trap: reason=unstable_if action=reinterpret pc=0x00000000025399d4 method=java.lang.String.compareTo(Ljava/lang/String;)I @ 38
Event: 3.154 Thread 0x00000000166a0800 Uncommon trap: reason=unstable_if action=reinterpret pc=0x00000000026fdcdc method=com.android.dx.rop.cst.Constant.compareTo(Lcom/android/dx/rop/cst/Constant;)I @ 12
Event: 4.932 Thread 0x000000001666c000 Uncommon trap: reason=unstable_if action=reinterpret pc=0x000000000294c6dc method=com.android.dx.ssa.SCCP.simulateStmt(Lcom/android/dx/ssa/SsaInsn;)V @ 53

Internal exceptions (2 events):
Event: 0.562 Thread 0x00000000021cd800 Exception <a 'java/lang/NoSuchMethodError': Method sun.misc.Unsafe.defineClass(Ljava/lang/String;[BII)Ljava/lang/Class; name or signature does not match> (0x00000000eab07c78) thrown at [C:\re\workspace\8-2-build-windows-amd64-cygwin\jdk8u111\7883\hotspot\
Event: 0.563 Thread 0x00000000021cd800 Exception <a 'java/lang/NoSuchMethodError': Method sun.misc.Unsafe.prefetchRead(Ljava/lang/Object;J)V name or signature does not match> (0x00000000eab07f60) thrown at [C:\re\workspace\8-2-build-windows-amd64-cygwin\jdk8u111\7883\hotspot\src\share\vm\prims

Events (10 events):
Event: 3.438 Executing VM operation: ParallelGCFailedAllocation done
Event: 4.813 Thread 0x000000001666b000 DEOPT PACKING pc=0x0000000002796dca sp=0x0000000016e0ea30
Event: 4.813 Thread 0x000000001666b000 DEOPT UNPACKING pc=0x000000000243787f sp=0x0000000016e0e798 mode 0
Event: 4.843 loading class com/android/dx/cf/attrib/AttRuntimeInvisibleAnnotations
Event: 4.843 loading class com/android/dx/cf/attrib/AttRuntimeInvisibleAnnotations done
Event: 4.843 loading class com/android/dx/cf/attrib/BaseAnnotations
Event: 4.843 loading class com/android/dx/cf/attrib/BaseAnnotations done
Event: 4.932 Thread 0x000000001666c000 Uncommon trap: trap_request=0xffffff65 fr.pc=0x000000000294c6dc
Event: 4.932 Thread 0x000000001666c000 DEOPT PACKING pc=0x000000000294c6dc sp=0x0000000016f0eb10
Event: 4.932 Thread 0x000000001666c000 DEOPT UNPACKING pc=0x000000000243582a sp=0x0000000016f0eaf8 mode 2


Dynamic libraries:
0x00007ff70c9f0000 - 0x00007ff70ca27000 	C:\Program Files\Java\jdk1.8.0_111\bin\java.exe
0x00007ffa8eb90000 - 0x00007ffa8ed51000 	C:\WINDOWS\SYSTEM32\ntdll.dll
0x00007ffa8e040000 - 0x00007ffa8e0ed000 	C:\WINDOWS\system32\KERNEL32.DLL
0x00007ffa8ba60000 - 0x00007ffa8bc48000 	C:\WINDOWS\system32\KERNELBASE.dll
0x00007ffa8df90000 - 0x00007ffa8e037000 	C:\WINDOWS\system32\ADVAPI32.dll
0x00007ffa8e670000 - 0x00007ffa8e70d000 	C:\WINDOWS\system32\msvcrt.dll
0x00007ffa8db50000 - 0x00007ffa8dbab000 	C:\WINDOWS\system32\sechost.dll
0x00007ffa8c0e0000 - 0x00007ffa8c1fc000 	C:\WINDOWS\system32\RPCRT4.dll
0x00007ffa8c490000 - 0x00007ffa8c5e6000 	C:\WINDOWS\system32\USER32.dll
0x00007ffa8c240000 - 0x00007ffa8c3c6000 	C:\WINDOWS\system32\GDI32.dll
0x00007ffa7e220000 - 0x00007ffa7e494000 	C:\WINDOWS\WinSxS\amd64_microsoft.windows.common-controls_6595b64144ccf1df_6.0.10586.589_none_a2ddb3caa539acce\COMCTL32.dll
0x00007ffa8dbb0000 - 0x00007ffa8de2d000 	C:\WINDOWS\system32\combase.dll
0x00007ffa8b2d0000 - 0x00007ffa8b33a000 	C:\WINDOWS\system32\bcryptPrimitives.dll
0x00007ffa8c200000 - 0x00007ffa8c23b000 	C:\WINDOWS\system32\IMM32.DLL
0x00000000533a0000 - 0x0000000053472000 	C:\Program Files\Java\jdk1.8.0_111\jre\bin\msvcr100.dll
0x0000000052b00000 - 0x000000005339a000 	C:\Program Files\Java\jdk1.8.0_111\jre\bin\server\jvm.dll
0x00007ffa8e820000 - 0x00007ffa8e828000 	C:\WINDOWS\system32\PSAPI.DLL
0x00007ffa7dda0000 - 0x00007ffa7dda9000 	C:\WINDOWS\SYSTEM32\WSOCK32.dll
0x00007ffa8bf90000 - 0x00007ffa8bffb000 	C:\WINDOWS\system32\WS2_32.dll
0x00007ffa898b0000 - 0x00007ffa898d3000 	C:\WINDOWS\SYSTEM32\WINMM.dll
0x00007ffa88380000 - 0x00007ffa8838a000 	C:\WINDOWS\SYSTEM32\VERSION.dll
0x00007ffa89880000 - 0x00007ffa898ac000 	C:\WINDOWS\SYSTEM32\WINMMBASE.dll
0x00007ffa8bf40000 - 0x00007ffa8bf83000 	C:\WINDOWS\system32\cfgmgr32.dll
0x0000000052af0000 - 0x0000000052aff000 	C:\Program Files\Java\jdk1.8.0_111\jre\bin\verify.dll
0x0000000052ac0000 - 0x0000000052ae9000 	C:\Program Files\Java\jdk1.8.0_111\jre\bin\java.dll
0x0000000052aa0000 - 0x0000000052ab6000 	C:\Program Files\Java\jdk1.8.0_111\jre\bin\zip.dll
0x00007ffa8c5f0000 - 0x00007ffa8db4c000 	C:\WINDOWS\system32\SHELL32.dll
0x00007ffa8b340000 - 0x00007ffa8b985000 	C:\WINDOWS\system32\windows.storage.dll
0x00007ffa8eb30000 - 0x00007ffa8eb82000 	C:\WINDOWS\system32\shlwapi.dll
0x00007ffa8b1b0000 - 0x00007ffa8b1bf000 	C:\WINDOWS\system32\kernel.appcore.dll
0x00007ffa8bc50000 - 0x00007ffa8bd05000 	C:\WINDOWS\system32\shcore.dll
0x00007ffa8b1f0000 - 0x00007ffa8b23b000 	C:\WINDOWS\system32\powrprof.dll
0x00007ffa8b1c0000 - 0x00007ffa8b1d4000 	C:\WINDOWS\system32\profapi.dll

VM Arguments:
jvm_args: -Djava.awt.headless=true -Xmx1024M -Dfile.encoding=windows-1252 -Duser.country=CA -Duser.language=en -Duser.variant 
java_command: com.android.dx.command.Main --dex --force-jumbo --num-threads=4 --multi-dex --output C:\Users\Hassen\Documents\Sirine\CPEN321-\proj\cpen321project\PlanMyTrip\app\build\intermediates\transforms\dex\debug\folders\1000\10\internal_impl-24.1.0_d14bdd114e9ea89e77c70e45f146e59b9a59205d C:\Users\Hassen\Documents\Sirine\CPEN321-\proj\cpen321project\PlanMyTrip\app\build\intermediates\exploded-aar\com.android.support\support-v4\24.1.0\jars\libs\internal_impl-24.1.0.jar
java_class_path (initial): C:\Users\Hassen\AppData\Local\Android\sdk\build-tools\24.0.1\lib\dx.jar
Launcher Type: SUN_STANDARD

Environment Variables:
JAVA_HOME=C:\Program Files (x86)\Java\jdk1.7.0_79
PATH=C:\ProgramData\Oracle\Java\javapath;C:\Program Files (x86)\Common Files\NetSarang;C:\Program Files (x86)\Intel\iCLS Client\;C:\Program Files\Intel\iCLS Client\;C:\Windows\system32;C:\Windows;C:\Windows\System32\Wbem;C:\Windows\System32\WindowsPowerShell\v1.0\;C:\Program Files\Intel\WiFi\bin\;C:\Program Files\Common Files\Intel\WirelessCommon\;C:\Program Files\Intel\Intel(R) Management Engine Components\DAL;C:\Program Files\Intel\Intel(R) Management Engine Components\IPT;C:\Program Files (x86)\Intel\Intel(R) Management Engine Components\DAL;C:\Program Files (x86)\Intel\Intel(R) Management Engine Components\IPT;C:\Program Files\Acer\Remote Files\;C:\WINDOWS\system32;C:\WINDOWS;C:\WINDOWS\System32\Wbem;C:\WINDOWS\System32\WindowsPowerShell\v1.0\;C:\Program Files (x86)\Skype\Phone\;C:\Program Files (x86)\QuickTime\QTSystem\;C:\WINDOWS\system32;C:\WINDOWS;C:\WINDOWS\System32\Wbem;C:\WINDOWS\System32\WindowsPowerShell\v1.0\;%QUARTUS_ROOTDIR%\bin;C:\Program Files (x86)\apache-maven-3.3.9\bin;C:\Program Files (x86)\apache-maven-3.3.9\bin
USERNAME=Hassen
OS=Windows_NT
PROCESSOR_IDENTIFIER=Intel64 Family 6 Model 69 Stepping 1, GenuineIntel



---------------  S Y S T E M  ---------------

OS: Windows 10.0 , 64 bit Build 10586 (10.0.10586.589)

CPU:total 4 (2 cores per cpu, 2 threads per core) family 6 model 69 stepping 1, cmov, cx8, fxsr, mmx, sse, sse2, sse3, ssse3, sse4.1, sse4.2, popcnt, avx, avx2, aes, clmul, erms, lzcnt, ht, tsc, tscinvbit, bmi1, bmi2

Memory: 4k page, physical 8281368k(709536k free), swap 12800336k(5584k free)

vm_info: Java HotSpot(TM) 64-Bit Server VM (25.111-b14) for windows-amd64 JRE (1.8.0_111-b14), built on Sep 22 2016 19:24:05 by "java_re" with MS VC++ 10.0 (VS2010)

time: Wed Oct 26 13:08:12 2016
elapsed time: 5 seconds (0d 0h 0m 5s)

