#
# There is insufficient memory for the Java Runtime Environment to continue.
# Native memory allocation (malloc) failed to allocate 32744 bytes for ChunkPool::allocate
# Possible reasons:
#   The system is out of physical RAM or swap space
#   In 32 bit mode, the process size limit was hit
# Possible solutions:
#   Reduce memory load on the system
#   Increase physical memory or swap space
#   Check if swap backing store is full
#   Use 64 bit Java on a 64 bit OS
#   Decrease Java heap size (-Xmx/-Xms)
#   Decrease number of Java threads
#   Decrease Java thread stack sizes (-Xss)
#   Set larger code cache with -XX:ReservedCodeCacheSize=
# This output file may be truncated or incomplete.
#
#  Out of Memory Error (allocation.cpp:273), pid=6852, tid=0x0000000000002afc
#
# JRE version: Java(TM) SE Runtime Environment (8.0_111-b14) (build 1.8.0_111-b14)
# Java VM: Java HotSpot(TM) 64-Bit Server VM (25.111-b14 mixed mode windows-amd64 compressed oops)
# Failed to write core dump. Minidumps are not enabled by default on client versions of Windows
#

---------------  T H R E A D  ---------------

Current thread (0x0000000014f8e800):  JavaThread "C1 CompilerThread2" daemon [_thread_in_native, id=11004, stack(0x0000000016b80000,0x0000000016c80000)]

Stack: [0x0000000016b80000,0x0000000016c80000]
[error occurred during error reporting (printing stack bounds), id 0xc0000005]

Native frames: (J=compiled Java code, j=interpreted, Vv=VM code, C=native code)


Current CompileTask:
C1:   2741  534   !   3       com.android.dx.cf.code.BytecodeArray::parseInstruction (2764 bytes)


---------------  P R O C E S S  ---------------

Java Threads: ( => current thread )
  0x00000000169dd000 JavaThread "pool-2-thread-4" [_thread_new, id=4212, stack(0x0000000000000000,0x0000000000000000)]
  0x00000000169dc800 JavaThread "pool-2-thread-3" [_thread_new, id=9524, stack(0x0000000000000000,0x0000000000000000)]
  0x00000000169db800 JavaThread "pool-2-thread-2" [_thread_in_Java, id=12012, stack(0x0000000017080000,0x0000000017180000)]
  0x0000000016a0a000 JavaThread "pool-3-thread-1" [_thread_blocked, id=4976, stack(0x0000000016f80000,0x0000000017080000)]
  0x0000000016a09800 JavaThread "pool-2-thread-1" [_thread_in_Java, id=10144, stack(0x0000000016e80000,0x0000000016f80000)]
  0x0000000016785800 JavaThread "Service Thread" daemon [_thread_blocked, id=11816, stack(0x0000000016c80000,0x0000000016d80000)]
=>0x0000000014f8e800 JavaThread "C1 CompilerThread2" daemon [_thread_in_native, id=11004, stack(0x0000000016b80000,0x0000000016c80000)]
  0x0000000014f30000 JavaThread "C2 CompilerThread1" daemon [_thread_blocked, id=9452, stack(0x0000000016680000,0x0000000016780000)]
  0x0000000014f2d000 JavaThread "C2 CompilerThread0" daemon [_thread_blocked, id=12760, stack(0x0000000016580000,0x0000000016680000)]
  0x0000000014f2b000 JavaThread "Attach Listener" daemon [_thread_blocked, id=3696, stack(0x0000000016480000,0x0000000016580000)]
  0x0000000014f2a000 JavaThread "Signal Dispatcher" daemon [_thread_blocked, id=2252, stack(0x0000000016380000,0x0000000016480000)]
  0x0000000014f1a000 JavaThread "Finalizer" daemon [_thread_blocked, id=10296, stack(0x00000000161a0000,0x00000000162a0000)]
  0x0000000014ef9000 JavaThread "Reference Handler" daemon [_thread_blocked, id=10960, stack(0x00000000160a0000,0x00000000161a0000)]
  0x000000000252d800 JavaThread "main" [_thread_in_Java, id=6656, stack(0x0000000002560000,0x0000000002660000)]

Other Threads:
  0x0000000014ef7800 VMThread [stack: 0x0000000015fa0000,0x00000000160a0000] [id=12732]
  0x000000001678b000 WatcherThread [stack: 0x0000000016d80000,0x0000000016e80000] [id=9508]

VM state:not at safepoint (normal execution)

VM Mutex/Monitor currently owned by a thread: None

Heap:
 PSYoungGen      total 38400K, used 17323K [0x00000000eab00000, 0x00000000ed580000, 0x0000000100000000)
  eden space 33280K, 52% used [0x00000000eab00000,0x00000000ebbeaf40,0x00000000ecb80000)
  from space 5120K, 0% used [0x00000000ed080000,0x00000000ed080000,0x00000000ed580000)
  to   space 5120K, 0% used [0x00000000ecb80000,0x00000000ecb80000,0x00000000ed080000)
 ParOldGen       total 87552K, used 0K [0x00000000c0000000, 0x00000000c5580000, 0x00000000eab00000)
  object space 87552K, 0% used [0x00000000c0000000,0x00000000c0000000,0x00000000c5580000)
 Metaspace       used 5602K, capacity 6488K, committed 6656K, reserved 1056768K
  class space    used 612K, capacity 656K, committed 768K, reserved 1048576K

Card table byte_map: [0x0000000011c20000,0x0000000011e30000] byte_map_base: 0x0000000011620000

Marking Bits: (ParMarkBitMap*) 0x000000005b1fa6c0
 Begin Bits: [0x0000000012390000, 0x0000000013390000)
 End Bits:   [0x0000000013390000, 0x0000000014390000)

Polling page: 0x0000000002470000

CodeCache: size=245760Kb used=2210Kb max_used=2222Kb free=243549Kb
 bounds [0x0000000002860000, 0x0000000002ad0000, 0x0000000011860000]
 total_blobs=804 nmethods=535 adapters=182
 compilation: enabled

Compilation events (10 events):
Event: 2.718 Thread 0x0000000014f30000 nmethod 531 0x0000000002a8a050 code [0x0000000002a8a180, 0x0000000002a8a238]
Event: 2.718 Thread 0x0000000014f8e800  532       3       com.android.dx.rop.code.Rop::<init> (137 bytes)
Event: 2.719 Thread 0x0000000014f8e800 nmethod 532 0x0000000002a89250 code [0x0000000002a89440, 0x0000000002a89c98]
Event: 2.719 Thread 0x0000000014f8e800  533       3       com.android.dx.rop.code.RegisterSpec::make (7 bytes)
Event: 2.719 Thread 0x0000000014f8e800 nmethod 533 0x0000000002a88ed0 code [0x0000000002a89040, 0x0000000002a891a8]
Event: 2.719 Thread 0x0000000014f8e800  534   !   3       com.android.dx.cf.code.BytecodeArray::parseInstruction (2764 bytes)
Event: 2.724 Thread 0x0000000014f2d000  543       4       java.util.HashMap::getNode (148 bytes)
Event: 2.729 Thread 0x0000000014f2d000 nmethod 543 0x0000000002a8bdd0 code [0x0000000002a8bf40, 0x0000000002a8c2e8]
Event: 2.730 Thread 0x0000000014f30000  544       4       java.lang.String::<init> (82 bytes)
Event: 2.734 Thread 0x0000000014f30000 nmethod 544 0x0000000002a8c5d0 code [0x0000000002a8c720, 0x0000000002a8c9d8]

GC Heap History (0 events):
No events

Deoptimization events (1 events):
Event: 1.595 Thread 0x000000000252d800 Uncommon trap: reason=unstable_if action=reinterpret pc=0x00000000029bd754 method=java.lang.String.compareTo(Ljava/lang/String;)I @ 38

Internal exceptions (2 events):
Event: 0.421 Thread 0x000000000252d800 Exception <a 'java/lang/NoSuchMethodError': Method sun.misc.Unsafe.defineClass(Ljava/lang/String;[BII)Ljava/lang/Class; name or signature does not match> (0x00000000eab07c78) thrown at [C:\re\workspace\8-2-build-windows-amd64-cygwin\jdk8u111\7883\hotspot\
Event: 0.421 Thread 0x000000000252d800 Exception <a 'java/lang/NoSuchMethodError': Method sun.misc.Unsafe.prefetchRead(Ljava/lang/Object;J)V name or signature does not match> (0x00000000eab07f60) thrown at [C:\re\workspace\8-2-build-windows-amd64-cygwin\jdk8u111\7883\hotspot\src\share\vm\prims

Events (10 events):
Event: 2.680 loading class java/util/HashMap$Values
Event: 2.680 loading class java/util/HashMap$Values done
Event: 2.680 loading class java/util/HashMap$ValueIterator
Event: 2.680 loading class java/util/HashMap$ValueIterator done
Event: 2.688 loading class com/android/dx/ssa/PhiInsn$Operand
Event: 2.688 loading class com/android/dx/ssa/PhiInsn$Operand done
Event: 2.707 loading class com/android/dx/dex/file/FieldAnnotationStruct
Event: 2.707 loading class com/android/dx/dex/file/FieldAnnotationStruct done
Event: 2.722 loading class com/android/dx/ssa/back/FirstFitLocalCombiningAllocator$Multiset
Event: 2.722 loading class com/android/dx/ssa/back/FirstFitLocalCombiningAllocator$Multiset done


Dynamic libraries:
0x00007ff7f96b0000 - 0x00007ff7f96e7000 	C:\Program Files\Java\jdk1.8.0_111\bin\java.exe
0x00007ff931390000 - 0x00007ff931551000 	C:\WINDOWS\SYSTEM32\ntdll.dll
0x00007ff9312c0000 - 0x00007ff93136d000 	C:\WINDOWS\system32\KERNEL32.DLL
0x00007ff92de30000 - 0x00007ff92e018000 	C:\WINDOWS\system32\KERNELBASE.dll
0x00007ff92e790000 - 0x00007ff92e837000 	C:\WINDOWS\system32\ADVAPI32.dll
0x00007ff930bd0000 - 0x00007ff930c6d000 	C:\WINDOWS\system32\msvcrt.dll
0x00007ff931260000 - 0x00007ff9312bb000 	C:\WINDOWS\system32\sechost.dll
0x00007ff931130000 - 0x00007ff93124c000 	C:\WINDOWS\system32\RPCRT4.dll
0x00007ff930ef0000 - 0x00007ff931046000 	C:\WINDOWS\system32\USER32.dll
0x00007ff92f050000 - 0x00007ff92f1d6000 	C:\WINDOWS\system32\GDI32.dll
0x00007ff920d20000 - 0x00007ff920f94000 	C:\WINDOWS\WinSxS\amd64_microsoft.windows.common-controls_6595b64144ccf1df_6.0.10586.589_none_a2ddb3caa539acce\COMCTL32.dll
0x00007ff930c70000 - 0x00007ff930eed000 	C:\WINDOWS\system32\combase.dll
0x00007ff92e080000 - 0x00007ff92e0ea000 	C:\WINDOWS\system32\bcryptPrimitives.dll
0x00007ff92ef00000 - 0x00007ff92ef3b000 	C:\WINDOWS\system32\IMM32.DLL
0x000000005b280000 - 0x000000005b352000 	C:\Program Files\Java\jdk1.8.0_111\jre\bin\msvcr100.dll
0x000000005a9e0000 - 0x000000005b27a000 	C:\Program Files\Java\jdk1.8.0_111\jre\bin\server\jvm.dll
0x00007ff931250000 - 0x00007ff931258000 	C:\WINDOWS\system32\PSAPI.DLL
0x00007ff920700000 - 0x00007ff920709000 	C:\WINDOWS\SYSTEM32\WSOCK32.dll
0x00007ff930b60000 - 0x00007ff930bcb000 	C:\WINDOWS\system32\WS2_32.dll
0x00007ff92b7a0000 - 0x00007ff92b7c3000 	C:\WINDOWS\SYSTEM32\WINMM.dll
0x00007ff92c070000 - 0x00007ff92c07a000 	C:\WINDOWS\SYSTEM32\VERSION.dll
0x00007ff92b740000 - 0x00007ff92b76c000 	C:\WINDOWS\SYSTEM32\WINMMBASE.dll
0x00007ff92e0f0000 - 0x00007ff92e133000 	C:\WINDOWS\system32\cfgmgr32.dll
0x000000005a9d0000 - 0x000000005a9df000 	C:\Program Files\Java\jdk1.8.0_111\jre\bin\verify.dll
0x000000005a9a0000 - 0x000000005a9c9000 	C:\Program Files\Java\jdk1.8.0_111\jre\bin\java.dll
0x000000005a980000 - 0x000000005a996000 	C:\Program Files\Java\jdk1.8.0_111\jre\bin\zip.dll
0x00007ff92f330000 - 0x00007ff93088c000 	C:\WINDOWS\system32\SHELL32.dll
0x00007ff92e140000 - 0x00007ff92e785000 	C:\WINDOWS\system32\windows.storage.dll
0x00007ff92e840000 - 0x00007ff92e892000 	C:\WINDOWS\system32\shlwapi.dll
0x00007ff92d9d0000 - 0x00007ff92d9df000 	C:\WINDOWS\system32\kernel.appcore.dll
0x00007ff92dcc0000 - 0x00007ff92dd75000 	C:\WINDOWS\system32\shcore.dll
0x00007ff92d9f0000 - 0x00007ff92da3b000 	C:\WINDOWS\system32\powrprof.dll
0x00007ff92d9b0000 - 0x00007ff92d9c4000 	C:\WINDOWS\system32\profapi.dll

VM Arguments:
jvm_args: -Djava.awt.headless=true -Xmx1024M -Dfile.encoding=windows-1252 -Duser.country=CA -Duser.language=en -Duser.variant 
java_command: com.android.dx.command.Main --dex --force-jumbo --num-threads=4 --multi-dex --output C:\Users\Hassen\Documents\Sirine\CPEN321-\proj\cpen321project\PlanMyTrip\app\build\intermediates\transforms\dex\debug\folders\1000\10\internal_impl-24.1.0_d14bdd114e9ea89e77c70e45f146e59b9a59205d C:\Users\Hassen\Documents\Sirine\CPEN321-\proj\cpen321project\PlanMyTrip\app\build\intermediates\exploded-aar\com.android.support\support-v4\24.1.0\jars\libs\internal_impl-24.1.0.jar
java_class_path (initial): C:\Users\Hassen\AppData\Local\Android\sdk\build-tools\24.0.1\lib\dx.jar
Launcher Type: SUN_STANDARD

Environment Variables:
JAVA_HOME=C:\Program Files (x86)\Java\jdk1.7.0_79
PATH=C:\ProgramData\Oracle\Java\javapath;C:\Program Files (x86)\Common Files\NetSarang;C:\Program Files (x86)\Intel\iCLS Client\;C:\Program Files\Intel\iCLS Client\;C:\Windows\system32;C:\Windows;C:\Windows\System32\Wbem;C:\Windows\System32\WindowsPowerShell\v1.0\;C:\Program Files\Intel\WiFi\bin\;C:\Program Files\Common Files\Intel\WirelessCommon\;C:\Program Files\Intel\Intel(R) Management Engine Components\DAL;C:\Program Files\Intel\Intel(R) Management Engine Components\IPT;C:\Program Files (x86)\Intel\Intel(R) Management Engine Components\DAL;C:\Program Files (x86)\Intel\Intel(R) Management Engine Components\IPT;C:\Program Files\Acer\Remote Files\;C:\WINDOWS\system32;C:\WINDOWS;C:\WINDOWS\System32\Wbem;C:\WINDOWS\System32\WindowsPowerShell\v1.0\;C:\Program Files (x86)\Skype\Phone\;C:\Program Files (x86)\QuickTime\QTSystem\;C:\WINDOWS\system32;C:\WINDOWS;C:\WINDOWS\System32\Wbem;C:\WINDOWS\System32\WindowsPowerShell\v1.0\;%QUARTUS_ROOTDIR%\bin;C:\Program Files (x86)\apache-maven-3.3.9\bin;C:\Program Files (x86)\apache-maven-3.3.9\bin
USERNAME=Hassen
OS=Windows_NT
PROCESSOR_IDENTIFIER=Intel64 Family 6 Model 69 Stepping 1, GenuineIntel



---------------  S Y S T E M  ---------------

OS: Windows 10.0 , 64 bit Build 10586 (10.0.10586.589)

CPU:total 4 (2 cores per cpu, 2 threads per core) family 6 model 69 stepping 1, cmov, cx8, fxsr, mmx, sse, sse2, sse3, ssse3, sse4.1, sse4.2, popcnt, avx, avx2, aes, clmul, erms, lzcnt, ht, tsc, tscinvbit, bmi1, bmi2

Memory: 4k page, physical 8281368k(564248k free), swap 12341608k(5140k free)

vm_info: Java HotSpot(TM) 64-Bit Server VM (25.111-b14) for windows-amd64 JRE (1.8.0_111-b14), built on Sep 22 2016 19:24:05 by "java_re" with MS VC++ 10.0 (VS2010)

time: Sat Oct 29 18:58:07 2016
elapsed time: 2 seconds (0d 0h 0m 2s)

