#
# There is insufficient memory for the Java Runtime Environment to continue.
# Native memory allocation (malloc) failed to allocate 131088 bytes for Chunk::new
# Possible reasons:
#   The system is out of physical RAM or swap space
#   In 32 bit mode, the process size limit was hit
# Possible solutions:
#   Reduce memory load on the system
#   Increase physical memory or swap space
#   Check if swap backing store is full
#   Use 64 bit Java on a 64 bit OS
#   Decrease Java heap size (-Xmx/-Xms)
#   Decrease number of Java threads
#   Decrease Java thread stack sizes (-Xss)
#   Set larger code cache with -XX:ReservedCodeCacheSize=
# This output file may be truncated or incomplete.
#
#  Out of Memory Error (allocation.cpp:390), pid=11404, tid=0x0000000000002a28
#
# JRE version: Java(TM) SE Runtime Environment (8.0_111-b14) (build 1.8.0_111-b14)
# Java VM: Java HotSpot(TM) 64-Bit Server VM (25.111-b14 mixed mode windows-amd64 compressed oops)
# Failed to write core dump. Minidumps are not enabled by default on client versions of Windows
#

---------------  T H R E A D  ---------------

Current thread (0x0000000014cfd000):  JavaThread "C2 CompilerThread0" daemon [_thread_in_native, id=10792, stack(0x0000000016250000,0x0000000016350000)]

Stack: [0x0000000016250000,0x0000000016350000]
[error occurred during error reporting (printing stack bounds), id 0xc0000005]

Native frames: (J=compiled Java code, j=interpreted, Vv=VM code, C=native code)


Current CompileTask:
C2:   6019 1692   !   4       com.android.dx.cf.code.Ropper::processBlock (1101 bytes)


---------------  P R O C E S S  ---------------

Java Threads: ( => current thread )
  0x00000000166fd000 JavaThread "pool-2-thread-4" [_thread_in_Java, id=10820, stack(0x0000000016f50000,0x0000000017050000)]
  0x00000000166fc800 JavaThread "pool-2-thread-3" [_thread_blocked, id=12024, stack(0x0000000016e50000,0x0000000016f50000)]
  0x00000000166fb800 JavaThread "pool-2-thread-2" [_thread_blocked, id=9484, stack(0x0000000016d50000,0x0000000016e50000)]
  0x00000000166f9000 JavaThread "pool-3-thread-1" [_thread_blocked, id=10684, stack(0x0000000016c50000,0x0000000016d50000)]
  0x00000000166f8000 JavaThread "pool-2-thread-1" [_thread_blocked, id=1684, stack(0x0000000016b50000,0x0000000016c50000)]
  0x0000000016472800 JavaThread "Service Thread" daemon [_thread_blocked, id=12152, stack(0x0000000016950000,0x0000000016a50000)]
  0x0000000014d5e800 JavaThread "C1 CompilerThread2" daemon [_thread_blocked, id=3532, stack(0x0000000016850000,0x0000000016950000)]
  0x0000000014d00800 JavaThread "C2 CompilerThread1" daemon [_thread_in_native, id=13184, stack(0x0000000016350000,0x0000000016450000)]
=>0x0000000014cfd000 JavaThread "C2 CompilerThread0" daemon [_thread_in_native, id=10792, stack(0x0000000016250000,0x0000000016350000)]
  0x0000000014cfb000 JavaThread "Attach Listener" daemon [_thread_blocked, id=11468, stack(0x0000000016150000,0x0000000016250000)]
  0x0000000014cfa000 JavaThread "Signal Dispatcher" daemon [_thread_blocked, id=12588, stack(0x0000000016050000,0x0000000016150000)]
  0x0000000014cea800 JavaThread "Finalizer" daemon [_thread_blocked, id=9692, stack(0x0000000015f50000,0x0000000016050000)]
  0x0000000014cc9000 JavaThread "Reference Handler" daemon [_thread_blocked, id=9628, stack(0x0000000015e50000,0x0000000015f50000)]
  0x000000000242d800 JavaThread "main" [_thread_in_Java, id=7536, stack(0x0000000002430000,0x0000000002530000)]

Other Threads:
  0x0000000014cc7800 VMThread [stack: 0x0000000015d50000,0x0000000015e50000] [id=5228]
  0x000000001647b000 WatcherThread [stack: 0x0000000016a50000,0x0000000016b50000] [id=9832]

VM state:not at safepoint (normal execution)

VM Mutex/Monitor currently owned by a thread: None

Heap:
 PSYoungGen      total 71680K, used 39916K [0x00000000eab00000, 0x00000000ef600000, 0x0000000100000000)
  eden space 66560K, 52% used [0x00000000eab00000,0x00000000eccfd1e8,0x00000000eec00000)
  from space 5120K, 99% used [0x00000000ef100000,0x00000000ef5fdf78,0x00000000ef600000)
  to   space 5120K, 0% used [0x00000000eec00000,0x00000000eec00000,0x00000000ef100000)
 ParOldGen       total 87552K, used 5607K [0x00000000c0000000, 0x00000000c5580000, 0x00000000eab00000)
  object space 87552K, 6% used [0x00000000c0000000,0x00000000c0579e90,0x00000000c5580000)
 Metaspace       used 6373K, capacity 7128K, committed 7424K, reserved 1056768K
  class space    used 624K, capacity 656K, committed 768K, reserved 1048576K

Card table byte_map: [0x00000000119f0000,0x0000000011c00000] byte_map_base: 0x00000000113f0000

Marking Bits: (ParMarkBitMap*) 0x0000000052a7a6c0
 Begin Bits: [0x0000000012160000, 0x0000000013160000)
 End Bits:   [0x0000000013160000, 0x0000000014160000)

Polling page: 0x0000000000b50000

CodeCache: size=245760Kb used=7581Kb max_used=7589Kb free=238178Kb
 bounds [0x0000000002630000, 0x0000000002db0000, 0x0000000011630000]
 total_blobs=1943 nmethods=1674 adapters=182
 compilation: enabled

Compilation events (10 events):
Event: 6.000 Thread 0x0000000014d5e800 nmethod 1701 0x0000000002d6fa90 code [0x0000000002d6fc00, 0x0000000002d6ff08]
Event: 6.000 Thread 0x0000000014d5e800 1702       3       com.android.dx.dex.file.EncodedField::<init> (25 bytes)
Event: 6.001 Thread 0x0000000014d00800 nmethod 1698 0x0000000002d6f3d0 code [0x0000000002d6f520, 0x0000000002d6f768]
Event: 6.001 Thread 0x0000000014d5e800 nmethod 1702 0x0000000002d6ed90 code [0x0000000002d6ef20, 0x0000000002d6f248]
Event: 6.001 Thread 0x0000000014d00800 1700       4       java.io.DataInputStream::readUnsignedShort (39 bytes)
Event: 6.010 Thread 0x0000000014d00800 nmethod 1700 0x0000000002d70e10 code [0x0000000002d70fa0, 0x0000000002d719b8]
Event: 6.010 Thread 0x0000000014d00800 1707       4       com.android.dx.ssa.SCCP::simulateBranch (666 bytes)
Event: 6.013 Thread 0x0000000014d5e800 1712       2       com.android.dx.ssa.SCCP::simulateStmt (481 bytes)
Event: 6.014 Thread 0x0000000014d5e800 nmethod 1712 0x0000000002d8e1d0 code [0x0000000002d8e440, 0x0000000002d8ed18]
Event: 6.015 Thread 0x0000000014d5e800 1713       2       com.android.dx.ssa.PhiTypeResolver::resolveResultType (308 bytes)

GC Heap History (4 events):
Event: 2.166 GC heap before
{Heap before GC invocations=1 (full 0):
 PSYoungGen      total 38400K, used 33280K [0x00000000eab00000, 0x00000000ed580000, 0x0000000100000000)
  eden space 33280K, 100% used [0x00000000eab00000,0x00000000ecb80000,0x00000000ecb80000)
  from space 5120K, 0% used [0x00000000ed080000,0x00000000ed080000,0x00000000ed580000)
  to   space 5120K, 0% used [0x00000000ecb80000,0x00000000ecb80000,0x00000000ed080000)
 ParOldGen       total 87552K, used 0K [0x00000000c0000000, 0x00000000c5580000, 0x00000000eab00000)
  object space 87552K, 0% used [0x00000000c0000000,0x00000000c0000000,0x00000000c5580000)
 Metaspace       used 6133K, capacity 6936K, committed 7168K, reserved 1056768K
  class space    used 623K, capacity 656K, committed 768K, reserved 1048576K
Event: 2.238 GC heap after
Heap after GC invocations=1 (full 0):
 PSYoungGen      total 38400K, used 5108K [0x00000000eab00000, 0x00000000ef600000, 0x0000000100000000)
  eden space 33280K, 0% used [0x00000000eab00000,0x00000000eab00000,0x00000000ecb80000)
  from space 5120K, 99% used [0x00000000ecb80000,0x00000000ed07d2a0,0x00000000ed080000)
  to   space 5120K, 0% used [0x00000000ef100000,0x00000000ef100000,0x00000000ef600000)
 ParOldGen       total 87552K, used 1050K [0x00000000c0000000, 0x00000000c5580000, 0x00000000eab00000)
  object space 87552K, 1% used [0x00000000c0000000,0x00000000c0106940,0x00000000c5580000)
 Metaspace       used 6133K, capacity 6936K, committed 7168K, reserved 1056768K
  class space    used 623K, capacity 656K, committed 768K, reserved 1048576K
}
Event: 3.847 GC heap before
{Heap before GC invocations=2 (full 0):
 PSYoungGen      total 38400K, used 38388K [0x00000000eab00000, 0x00000000ef600000, 0x0000000100000000)
  eden space 33280K, 100% used [0x00000000eab00000,0x00000000ecb80000,0x00000000ecb80000)
  from space 5120K, 99% used [0x00000000ecb80000,0x00000000ed07d2a0,0x00000000ed080000)
  to   space 5120K, 0% used [0x00000000ef100000,0x00000000ef100000,0x00000000ef600000)
 ParOldGen       total 87552K, used 1050K [0x00000000c0000000, 0x00000000c5580000, 0x00000000eab00000)
  object space 87552K, 1% used [0x00000000c0000000,0x00000000c0106940,0x00000000c5580000)
 Metaspace       used 6334K, capacity 7128K, committed 7424K, reserved 1056768K
  class space    used 624K, capacity 656K, committed 768K, reserved 1048576K
Event: 4.203 GC heap after
Heap after GC invocations=2 (full 0):
 PSYoungGen      total 71680K, used 5111K [0x00000000eab00000, 0x00000000ef600000, 0x0000000100000000)
  eden space 66560K, 0% used [0x00000000eab00000,0x00000000eab00000,0x00000000eec00000)
  from space 5120K, 99% used [0x00000000ef100000,0x00000000ef5fdf78,0x00000000ef600000)
  to   space 5120K, 0% used [0x00000000eec00000,0x00000000eec00000,0x00000000ef100000)
 ParOldGen       total 87552K, used 5607K [0x00000000c0000000, 0x00000000c5580000, 0x00000000eab00000)
  object space 87552K, 6% used [0x00000000c0000000,0x00000000c0579e90,0x00000000c5580000)
 Metaspace       used 6334K, capacity 7128K, committed 7424K, reserved 1056768K
  class space    used 624K, capacity 656K, committed 768K, reserved 1048576K
}

Deoptimization events (10 events):
Event: 4.224 Thread 0x00000000166f8000 Uncommon trap: reason=bimorphic action=maybe_recompile pc=0x0000000002cda4f4 method=com.android.dx.ssa.SCCP.simulatePhi(Lcom/android/dx/ssa/PhiInsn;)V @ 124
Event: 4.224 Thread 0x00000000166f8000 Uncommon trap: reason=bimorphic action=maybe_recompile pc=0x0000000002cda4f4 method=com.android.dx.ssa.SCCP.simulatePhi(Lcom/android/dx/ssa/PhiInsn;)V @ 124
Event: 4.224 Thread 0x00000000166f8000 Uncommon trap: reason=bimorphic action=maybe_recompile pc=0x0000000002cda4f4 method=com.android.dx.ssa.SCCP.simulatePhi(Lcom/android/dx/ssa/PhiInsn;)V @ 124
Event: 4.224 Thread 0x00000000166f8000 Uncommon trap: reason=bimorphic action=maybe_recompile pc=0x0000000002cda4f4 method=com.android.dx.ssa.SCCP.simulatePhi(Lcom/android/dx/ssa/PhiInsn;)V @ 124
Event: 4.273 Thread 0x00000000166fd000 Uncommon trap: reason=bimorphic action=maybe_recompile pc=0x0000000002a3f334 method=java.util.HashMap.putVal(ILjava/lang/Object;Ljava/lang/Object;ZZ)Ljava/lang/Object; @ 203
Event: 5.285 Thread 0x000000000242d800 Uncommon trap: reason=bimorphic action=maybe_recompile pc=0x0000000002d2bf18 method=com.android.dx.cf.code.BytecodeArray.parseInstruction(ILcom/android/dx/cf/code/BytecodeArray$Visitor;)I @ 939
Event: 5.285 Thread 0x000000000242d800 Uncommon trap: reason=bimorphic action=maybe_recompile pc=0x0000000002d2bf18 method=com.android.dx.cf.code.BytecodeArray.parseInstruction(ILcom/android/dx/cf/code/BytecodeArray$Visitor;)I @ 939
Event: 5.350 Thread 0x00000000166fb800 Uncommon trap: reason=bimorphic action=maybe_recompile pc=0x0000000002d03854 method=com.android.dx.rop.code.RegisterSpec.withSimpleType()Lcom/android/dx/rop/code/RegisterSpec; @ 21
Event: 5.352 Thread 0x00000000166fb800 Uncommon trap: reason=bimorphic action=maybe_recompile pc=0x0000000002d03854 method=com.android.dx.rop.code.RegisterSpec.withSimpleType()Lcom/android/dx/rop/code/RegisterSpec; @ 21
Event: 6.012 Thread 0x00000000166fd000 Uncommon trap: reason=unstable_if action=reinterpret pc=0x0000000002b2821c method=com.android.dx.ssa.SCCP.simulateStmt(Lcom/android/dx/ssa/SsaInsn;)V @ 53

Internal exceptions (2 events):
Event: 0.067 Thread 0x000000000242d800 Exception <a 'java/lang/NoSuchMethodError': Method sun.misc.Unsafe.defineClass(Ljava/lang/String;[BII)Ljava/lang/Class; name or signature does not match> (0x00000000eab07c78) thrown at [C:\re\workspace\8-2-build-windows-amd64-cygwin\jdk8u111\7883\hotspot\
Event: 0.067 Thread 0x000000000242d800 Exception <a 'java/lang/NoSuchMethodError': Method sun.misc.Unsafe.prefetchRead(Ljava/lang/Object;J)V name or signature does not match> (0x00000000eab07f60) thrown at [C:\re\workspace\8-2-build-windows-amd64-cygwin\jdk8u111\7883\hotspot\src\share\vm\prims

Events (10 events):
Event: 5.286 Thread 0x000000000242d800 DEOPT UNPACKING pc=0x000000000267582a sp=0x000000000252e178 mode 2
Event: 5.350 Thread 0x00000000166fb800 Uncommon trap: trap_request=0xffffffc6 fr.pc=0x0000000002d03854
Event: 5.350 Thread 0x00000000166fb800 DEOPT PACKING pc=0x0000000002d03854 sp=0x0000000016e4e8a0
Event: 5.350 Thread 0x00000000166fb800 DEOPT UNPACKING pc=0x000000000267582a sp=0x0000000016e4e7b8 mode 2
Event: 5.352 Thread 0x00000000166fb800 Uncommon trap: trap_request=0xffffffc6 fr.pc=0x0000000002d03854
Event: 5.352 Thread 0x00000000166fb800 DEOPT PACKING pc=0x0000000002d03854 sp=0x0000000016e4e7f0
Event: 5.352 Thread 0x00000000166fb800 DEOPT UNPACKING pc=0x000000000267582a sp=0x0000000016e4e708 mode 2
Event: 6.012 Thread 0x00000000166fd000 Uncommon trap: trap_request=0xffffff65 fr.pc=0x0000000002b2821c
Event: 6.012 Thread 0x00000000166fd000 DEOPT PACKING pc=0x0000000002b2821c sp=0x000000001704e480
Event: 6.013 Thread 0x00000000166fd000 DEOPT UNPACKING pc=0x000000000267582a sp=0x000000001704e468 mode 2


Dynamic libraries:
0x00007ff7d0e50000 - 0x00007ff7d0e87000 	C:\Program Files\Java\jdk1.8.0_111\bin\java.exe
0x00007ffa8eb90000 - 0x00007ffa8ed51000 	C:\WINDOWS\SYSTEM32\ntdll.dll
0x00007ffa8e040000 - 0x00007ffa8e0ed000 	C:\WINDOWS\system32\KERNEL32.DLL
0x00007ffa8ba60000 - 0x00007ffa8bc48000 	C:\WINDOWS\system32\KERNELBASE.dll
0x00007ffa8df90000 - 0x00007ffa8e037000 	C:\WINDOWS\system32\ADVAPI32.dll
0x00007ffa8e670000 - 0x00007ffa8e70d000 	C:\WINDOWS\system32\msvcrt.dll
0x00007ffa8db50000 - 0x00007ffa8dbab000 	C:\WINDOWS\system32\sechost.dll
0x00007ffa8c0e0000 - 0x00007ffa8c1fc000 	C:\WINDOWS\system32\RPCRT4.dll
0x00007ffa8c490000 - 0x00007ffa8c5e6000 	C:\WINDOWS\system32\USER32.dll
0x00007ffa8c240000 - 0x00007ffa8c3c6000 	C:\WINDOWS\system32\GDI32.dll
0x00007ffa7e220000 - 0x00007ffa7e494000 	C:\WINDOWS\WinSxS\amd64_microsoft.windows.common-controls_6595b64144ccf1df_6.0.10586.589_none_a2ddb3caa539acce\COMCTL32.dll
0x00007ffa8dbb0000 - 0x00007ffa8de2d000 	C:\WINDOWS\system32\combase.dll
0x00007ffa8b2d0000 - 0x00007ffa8b33a000 	C:\WINDOWS\system32\bcryptPrimitives.dll
0x00007ffa8c200000 - 0x00007ffa8c23b000 	C:\WINDOWS\system32\IMM32.DLL
0x0000000053f00000 - 0x0000000053fd2000 	C:\Program Files\Java\jdk1.8.0_111\jre\bin\msvcr100.dll
0x0000000052260000 - 0x0000000052afa000 	C:\Program Files\Java\jdk1.8.0_111\jre\bin\server\jvm.dll
0x00007ffa8e820000 - 0x00007ffa8e828000 	C:\WINDOWS\system32\PSAPI.DLL
0x00007ffa7dda0000 - 0x00007ffa7dda9000 	C:\WINDOWS\SYSTEM32\WSOCK32.dll
0x00007ffa8bf90000 - 0x00007ffa8bffb000 	C:\WINDOWS\system32\WS2_32.dll
0x00007ffa898b0000 - 0x00007ffa898d3000 	C:\WINDOWS\SYSTEM32\WINMM.dll
0x00007ffa88380000 - 0x00007ffa8838a000 	C:\WINDOWS\SYSTEM32\VERSION.dll
0x00007ffa89880000 - 0x00007ffa898ac000 	C:\WINDOWS\SYSTEM32\WINMMBASE.dll
0x00007ffa8bf40000 - 0x00007ffa8bf83000 	C:\WINDOWS\system32\cfgmgr32.dll
0x0000000053ef0000 - 0x0000000053eff000 	C:\Program Files\Java\jdk1.8.0_111\jre\bin\verify.dll
0x0000000053ec0000 - 0x0000000053ee9000 	C:\Program Files\Java\jdk1.8.0_111\jre\bin\java.dll
0x0000000053ea0000 - 0x0000000053eb6000 	C:\Program Files\Java\jdk1.8.0_111\jre\bin\zip.dll
0x00007ffa8c5f0000 - 0x00007ffa8db4c000 	C:\WINDOWS\system32\SHELL32.dll
0x00007ffa8b340000 - 0x00007ffa8b985000 	C:\WINDOWS\system32\windows.storage.dll
0x00007ffa8eb30000 - 0x00007ffa8eb82000 	C:\WINDOWS\system32\shlwapi.dll
0x00007ffa8b1b0000 - 0x00007ffa8b1bf000 	C:\WINDOWS\system32\kernel.appcore.dll
0x00007ffa8bc50000 - 0x00007ffa8bd05000 	C:\WINDOWS\system32\shcore.dll
0x00007ffa8b1f0000 - 0x00007ffa8b23b000 	C:\WINDOWS\system32\powrprof.dll
0x00007ffa8b1c0000 - 0x00007ffa8b1d4000 	C:\WINDOWS\system32\profapi.dll

VM Arguments:
jvm_args: -Djava.awt.headless=true -Xmx1024M -Dfile.encoding=windows-1252 -Duser.country=CA -Duser.language=en -Duser.variant 
java_command: com.android.dx.command.Main --dex --force-jumbo --num-threads=4 --multi-dex --output C:\Users\Hassen\Documents\Sirine\CPEN321-\proj\cpen321project\PlanMyTrip\app\build\intermediates\transforms\dex\debug\folders\1000\10\com.android.support-appcompat-v7-24.1.0_fa588e9d5f8894251753fe3e4045bb80322aba35 C:\Users\Hassen\Documents\Sirine\CPEN321-\proj\cpen321project\PlanMyTrip\app\build\intermediates\exploded-aar\com.android.support\appcompat-v7\24.1.0\jars\classes.jar
java_class_path (initial): C:\Users\Hassen\AppData\Local\Android\sdk\build-tools\24.0.1\lib\dx.jar
Launcher Type: SUN_STANDARD

Environment Variables:
JAVA_HOME=C:\Program Files (x86)\Java\jdk1.7.0_79
PATH=C:\ProgramData\Oracle\Java\javapath;C:\Program Files (x86)\Common Files\NetSarang;C:\Program Files (x86)\Intel\iCLS Client\;C:\Program Files\Intel\iCLS Client\;C:\Windows\system32;C:\Windows;C:\Windows\System32\Wbem;C:\Windows\System32\WindowsPowerShell\v1.0\;C:\Program Files\Intel\WiFi\bin\;C:\Program Files\Common Files\Intel\WirelessCommon\;C:\Program Files\Intel\Intel(R) Management Engine Components\DAL;C:\Program Files\Intel\Intel(R) Management Engine Components\IPT;C:\Program Files (x86)\Intel\Intel(R) Management Engine Components\DAL;C:\Program Files (x86)\Intel\Intel(R) Management Engine Components\IPT;C:\Program Files\Acer\Remote Files\;C:\WINDOWS\system32;C:\WINDOWS;C:\WINDOWS\System32\Wbem;C:\WINDOWS\System32\WindowsPowerShell\v1.0\;C:\Program Files (x86)\Skype\Phone\;C:\Program Files (x86)\QuickTime\QTSystem\;C:\WINDOWS\system32;C:\WINDOWS;C:\WINDOWS\System32\Wbem;C:\WINDOWS\System32\WindowsPowerShell\v1.0\;%QUARTUS_ROOTDIR%\bin;C:\Program Files (x86)\apache-maven-3.3.9\bin;C:\Program Files (x86)\apache-maven-3.3.9\bin
USERNAME=Hassen
OS=Windows_NT
PROCESSOR_IDENTIFIER=Intel64 Family 6 Model 69 Stepping 1, GenuineIntel



---------------  S Y S T E M  ---------------

OS: Windows 10.0 , 64 bit Build 10586 (10.0.10586.589)

CPU:total 4 (2 cores per cpu, 2 threads per core) family 6 model 69 stepping 1, cmov, cx8, fxsr, mmx, sse, sse2, sse3, ssse3, sse4.1, sse4.2, popcnt, avx, avx2, aes, clmul, erms, lzcnt, ht, tsc, tscinvbit, bmi1, bmi2

Memory: 4k page, physical 8281368k(934140k free), swap 13090332k(5212k free)

vm_info: Java HotSpot(TM) 64-Bit Server VM (25.111-b14) for windows-amd64 JRE (1.8.0_111-b14), built on Sep 22 2016 19:24:05 by "java_re" with MS VC++ 10.0 (VS2010)

time: Thu Oct 27 12:28:15 2016
elapsed time: 6 seconds (0d 0h 0m 6s)

