#
# There is insufficient memory for the Java Runtime Environment to continue.
# Native memory allocation (malloc) failed to allocate 265344 bytes for Chunk::new
# Possible reasons:
#   The system is out of physical RAM or swap space
#   In 32 bit mode, the process size limit was hit
# Possible solutions:
#   Reduce memory load on the system
#   Increase physical memory or swap space
#   Check if swap backing store is full
#   Use 64 bit Java on a 64 bit OS
#   Decrease Java heap size (-Xmx/-Xms)
#   Decrease number of Java threads
#   Decrease Java thread stack sizes (-Xss)
#   Set larger code cache with -XX:ReservedCodeCacheSize=
# This output file may be truncated or incomplete.
#
#  Out of Memory Error (allocation.cpp:390), pid=11656, tid=0x0000000000000190
#
# JRE version: Java(TM) SE Runtime Environment (8.0_111-b14) (build 1.8.0_111-b14)
# Java VM: Java HotSpot(TM) 64-Bit Server VM (25.111-b14 mixed mode windows-amd64 compressed oops)
# Failed to write core dump. Minidumps are not enabled by default on client versions of Windows
#

---------------  T H R E A D  ---------------

Current thread (0x0000000014d86800):  JavaThread "C2 CompilerThread1" daemon [_thread_in_native, id=400, stack(0x0000000016470000,0x0000000016570000)]

Stack: [0x0000000016470000,0x0000000016570000]
[error occurred during error reporting (printing stack bounds), id 0xc0000005]

Native frames: (J=compiled Java code, j=interpreted, Vv=VM code, C=native code)


Current CompileTask:
C2:   8750 1222       4       com.android.dx.ssa.SCCP::simulatePhi (169 bytes)


---------------  P R O C E S S  ---------------

Java Threads: ( => current thread )
  0x000000001674e000 JavaThread "pool-2-thread-4" [_thread_blocked, id=332, stack(0x0000000017070000,0x0000000017170000)]
  0x000000001674b000 JavaThread "pool-2-thread-3" [_thread_in_Java, id=9488, stack(0x0000000016f70000,0x0000000017070000)]
  0x0000000016745800 JavaThread "pool-2-thread-2" [_thread_blocked, id=9812, stack(0x0000000016e70000,0x0000000016f70000)]
  0x0000000016743000 JavaThread "pool-3-thread-1" [_thread_blocked, id=5772, stack(0x0000000016d70000,0x0000000016e70000)]
  0x0000000016575800 JavaThread "Service Thread" daemon [_thread_blocked, id=13012, stack(0x0000000016a70000,0x0000000016b70000)]
  0x0000000016570800 JavaThread "C1 CompilerThread2" daemon [_thread_blocked, id=9508, stack(0x0000000016970000,0x0000000016a70000)]
=>0x0000000014d86800 JavaThread "C2 CompilerThread1" daemon [_thread_in_native, id=400, stack(0x0000000016470000,0x0000000016570000)]
  0x0000000014d2d000 JavaThread "C2 CompilerThread0" daemon [_thread_in_native, id=12584, stack(0x0000000016370000,0x0000000016470000)]
  0x0000000014d2b000 JavaThread "Attach Listener" daemon [_thread_blocked, id=12012, stack(0x0000000016270000,0x0000000016370000)]
  0x0000000014d2a000 JavaThread "Signal Dispatcher" daemon [_thread_blocked, id=860, stack(0x0000000016170000,0x0000000016270000)]
  0x0000000014d1a000 JavaThread "Finalizer" daemon [_thread_blocked, id=12820, stack(0x0000000015f90000,0x0000000016090000)]
  0x0000000014cf9000 JavaThread "Reference Handler" daemon [_thread_blocked, id=12852, stack(0x0000000015e90000,0x0000000015f90000)]
  0x000000000265d800 JavaThread "main" [_thread_blocked, id=7392, stack(0x0000000002360000,0x0000000002460000)]

Other Threads:
  0x0000000014cf7800 VMThread [stack: 0x0000000015d90000,0x0000000015e90000] [id=8000]
  0x000000001658b000 WatcherThread [stack: 0x0000000016b70000,0x0000000016c70000] [id=9128]

VM state:not at safepoint (normal execution)

VM Mutex/Monitor currently owned by a thread: None

Heap:
 PSYoungGen      total 38400K, used 24578K [0x00000000eab00000, 0x00000000ef600000, 0x0000000100000000)
  eden space 33280K, 58% used [0x00000000eab00000,0x00000000ebe08908,0x00000000ecb80000)
  from space 5120K, 99% used [0x00000000ecb80000,0x00000000ed078028,0x00000000ed080000)
  to   space 5120K, 0% used [0x00000000ef100000,0x00000000ef100000,0x00000000ef600000)
 ParOldGen       total 87552K, used 1518K [0x00000000c0000000, 0x00000000c5580000, 0x00000000eab00000)
  object space 87552K, 1% used [0x00000000c0000000,0x00000000c017b938,0x00000000c5580000)
 Metaspace       used 6171K, capacity 7000K, committed 7168K, reserved 1056768K
  class space    used 621K, capacity 656K, committed 768K, reserved 1048576K

Card table byte_map: [0x0000000011a20000,0x0000000011c30000] byte_map_base: 0x0000000011420000

Marking Bits: (ParMarkBitMap*) 0x000000005b1fa6c0
 Begin Bits: [0x0000000012190000, 0x0000000013190000)
 End Bits:   [0x0000000013190000, 0x0000000014190000)

Polling page: 0x0000000000b70000

CodeCache: size=245760Kb used=5324Kb max_used=5324Kb free=240435Kb
 bounds [0x0000000002660000, 0x0000000002ba0000, 0x0000000011660000]
 total_blobs=1592 nmethods=1323 adapters=182
 compilation: enabled

Compilation events (10 events):
Event: 8.455 Thread 0x0000000016570800 1248       3       com.android.dx.ssa.DomFront::buildDomTree (72 bytes)
Event: 8.456 Thread 0x0000000014d2d000 nmethod 1197 0x0000000002b33050 code [0x0000000002b345a0, 0x0000000002b3a798]
Event: 8.456 Thread 0x0000000014d2d000 1206       4       com.android.dx.ssa.SsaBasicBlock::getCountPhiInsns (45 bytes)
Event: 8.457 Thread 0x0000000016570800 nmethod 1248 0x0000000002b28690 code [0x0000000002b28900, 0x0000000002b29788]
Event: 8.457 Thread 0x0000000016570800 1249       3       com.android.dx.ssa.LocalVariableExtractor::doit (59 bytes)
Event: 8.457 Thread 0x0000000016570800 nmethod 1249 0x0000000002b1fb10 code [0x0000000002b1fcc0, 0x0000000002b20208]
Event: 8.460 Thread 0x0000000014d2d000 nmethod 1206 0x0000000002b1cfd0 code [0x0000000002b1d120, 0x0000000002b1d358]
Event: 8.460 Thread 0x0000000014d2d000 1251       4       com.android.dx.ssa.SsaRenamer$BlockRenamer::addMapping (143 bytes)
Event: 8.476 Thread 0x0000000014d2d000 nmethod 1251 0x0000000002b243d0 code [0x0000000002b24540, 0x0000000002b24c78]
Event: 8.476 Thread 0x0000000014d2d000 1254       4       com.android.dx.rop.code.RegisterSpecSet::equals (106 bytes)

GC Heap History (2 events):
Event: 8.305 GC heap before
{Heap before GC invocations=1 (full 0):
 PSYoungGen      total 38400K, used 33280K [0x00000000eab00000, 0x00000000ed580000, 0x0000000100000000)
  eden space 33280K, 100% used [0x00000000eab00000,0x00000000ecb80000,0x00000000ecb80000)
  from space 5120K, 0% used [0x00000000ed080000,0x00000000ed080000,0x00000000ed580000)
  to   space 5120K, 0% used [0x00000000ecb80000,0x00000000ecb80000,0x00000000ed080000)
 ParOldGen       total 87552K, used 0K [0x00000000c0000000, 0x00000000c5580000, 0x00000000eab00000)
  object space 87552K, 0% used [0x00000000c0000000,0x00000000c0000000,0x00000000c5580000)
 Metaspace       used 6090K, capacity 6936K, committed 7168K, reserved 1056768K
  class space    used 620K, capacity 656K, committed 768K, reserved 1048576K
Event: 8.441 GC heap after
Heap after GC invocations=1 (full 0):
 PSYoungGen      total 38400K, used 5088K [0x00000000eab00000, 0x00000000ef600000, 0x0000000100000000)
  eden space 33280K, 0% used [0x00000000eab00000,0x00000000eab00000,0x00000000ecb80000)
  from space 5120K, 99% used [0x00000000ecb80000,0x00000000ed078028,0x00000000ed080000)
  to   space 5120K, 0% used [0x00000000ef100000,0x00000000ef100000,0x00000000ef600000)
 ParOldGen       total 87552K, used 1518K [0x00000000c0000000, 0x00000000c5580000, 0x00000000eab00000)
  object space 87552K, 1% used [0x00000000c0000000,0x00000000c017b938,0x00000000c5580000)
 Metaspace       used 6090K, capacity 6936K, committed 7168K, reserved 1056768K
  class space    used 620K, capacity 656K, committed 768K, reserved 1048576K
}

Deoptimization events (10 events):
Event: 7.578 Thread 0x000000001674b000 Uncommon trap: reason=unstable_if action=reinterpret pc=0x00000000029750c0 method=com.android.dx.rop.code.RegisterSpec.equals(ILcom/android/dx/rop/type/TypeBearer;Lcom/android/dx/rop/code/LocalItem;)Z @ 42
Event: 7.718 Thread 0x000000001674e000 Uncommon trap: reason=null_check action=make_not_entrant pc=0x000000000293bd10 method=com.android.dx.ssa.SsaRenamer.getLocalForNewReg(I)Lcom/android/dx/rop/code/LocalItem; @ 19
Event: 8.156 Thread 0x000000001674b000 Uncommon trap: reason=class_check action=maybe_recompile pc=0x0000000002a89d0c method=com.android.dx.ssa.SCCP.setLatticeValueTo(IILcom/android/dx/rop/cst/Constant;)Z @ 43
Event: 8.156 Thread 0x000000001674b000 Uncommon trap: reason=class_check action=maybe_recompile pc=0x0000000002a89d0c method=com.android.dx.ssa.SCCP.setLatticeValueTo(IILcom/android/dx/rop/cst/Constant;)Z @ 43
Event: 8.156 Thread 0x000000001674b000 Uncommon trap: reason=class_check action=maybe_recompile pc=0x0000000002a89d0c method=com.android.dx.ssa.SCCP.setLatticeValueTo(IILcom/android/dx/rop/cst/Constant;)Z @ 43
Event: 8.156 Thread 0x000000001674b000 Uncommon trap: reason=class_check action=maybe_recompile pc=0x0000000002a89d0c method=com.android.dx.ssa.SCCP.setLatticeValueTo(IILcom/android/dx/rop/cst/Constant;)Z @ 43
Event: 8.158 Thread 0x0000000016745800 Uncommon trap: reason=unstable_if action=reinterpret pc=0x0000000002a184c8 method=com.android.dx.ssa.SsaRenamer$BlockRenamer.addMapping(ILcom/android/dx/rop/code/RegisterSpec;)V @ 120
Event: 8.158 Thread 0x0000000016745800 Uncommon trap: reason=unstable_if action=reinterpret pc=0x0000000002ae7528 method=com.android.dx.ssa.SsaRenamer$BlockRenamer.addMapping(ILcom/android/dx/rop/code/RegisterSpec;)V @ 120
Event: 8.160 Thread 0x0000000016745800 Uncommon trap: reason=bimorphic action=maybe_recompile pc=0x0000000002897c2c method=java.util.HashMap.getNode(ILjava/lang/Object;)Ljava/util/HashMap$Node; @ 126
Event: 8.160 Thread 0x0000000016745800 Uncommon trap: reason=class_check action=maybe_recompile pc=0x0000000002a26558 method=java.util.HashMap.putVal(ILjava/lang/Object;Ljava/lang/Object;ZZ)Ljava/lang/Object; @ 203

Internal exceptions (4 events):
Event: 0.769 Thread 0x000000000265d800 Exception <a 'java/lang/NoSuchMethodError': Method sun.misc.Unsafe.defineClass(Ljava/lang/String;[BII)Ljava/lang/Class; name or signature does not match> (0x00000000eab07c78) thrown at [C:\re\workspace\8-2-build-windows-amd64-cygwin\jdk8u111\7883\hotspot\
Event: 0.769 Thread 0x000000000265d800 Exception <a 'java/lang/NoSuchMethodError': Method sun.misc.Unsafe.prefetchRead(Ljava/lang/Object;J)V name or signature does not match> (0x00000000eab07f60) thrown at [C:\re\workspace\8-2-build-windows-amd64-cygwin\jdk8u111\7883\hotspot\src\share\vm\prims
Event: 7.211 Thread 0x000000000265d800 Implicit null exception at 0x0000000002968262 to 0x000000000296835a
Event: 7.718 Thread 0x000000001674e000 Implicit null exception at 0x0000000002939ff0 to 0x000000000293bcc5

Events (10 events):
Event: 8.160 Thread 0x0000000016745800 DEOPT PACKING pc=0x0000000002a26558 sp=0x0000000016f6ef90
Event: 8.160 Thread 0x0000000016745800 DEOPT UNPACKING pc=0x00000000026a582a sp=0x0000000016f6eeb8 mode 2
Event: 8.169 Thread 0x0000000016745800 DEOPT PACKING pc=0x00000000028edb9f sp=0x0000000016f6ef50
Event: 8.169 Thread 0x0000000016745800 DEOPT UNPACKING pc=0x00000000026a787f sp=0x0000000016f6ed40 mode 0
Event: 8.296 Thread 0x000000001674e000 DEOPT PACKING pc=0x00000000028ed9b5 sp=0x000000001716e910
Event: 8.296 Thread 0x000000001674e000 DEOPT UNPACKING pc=0x00000000026a787f sp=0x000000001716e6f0 mode 0
Event: 8.305 Executing VM operation: ParallelGCFailedAllocation
Event: 8.442 Executing VM operation: ParallelGCFailedAllocation done
Event: 8.460 Thread 0x000000001673f800 DEOPT PACKING pc=0x00000000028edb9f sp=0x0000000016d6e7f0
Event: 8.460 Thread 0x000000001673f800 DEOPT UNPACKING pc=0x00000000026a787f sp=0x0000000016d6e5d0 mode 0


Dynamic libraries:
0x00007ff7f96b0000 - 0x00007ff7f96e7000 	C:\Program Files\Java\jdk1.8.0_111\bin\java.exe
0x00007ff931390000 - 0x00007ff931551000 	C:\WINDOWS\SYSTEM32\ntdll.dll
0x00007ff9312c0000 - 0x00007ff93136d000 	C:\WINDOWS\system32\KERNEL32.DLL
0x00007ff92de30000 - 0x00007ff92e018000 	C:\WINDOWS\system32\KERNELBASE.dll
0x00007ff92e790000 - 0x00007ff92e837000 	C:\WINDOWS\system32\ADVAPI32.dll
0x00007ff930bd0000 - 0x00007ff930c6d000 	C:\WINDOWS\system32\msvcrt.dll
0x00007ff931260000 - 0x00007ff9312bb000 	C:\WINDOWS\system32\sechost.dll
0x00007ff931130000 - 0x00007ff93124c000 	C:\WINDOWS\system32\RPCRT4.dll
0x00007ff930ef0000 - 0x00007ff931046000 	C:\WINDOWS\system32\USER32.dll
0x00007ff92f050000 - 0x00007ff92f1d6000 	C:\WINDOWS\system32\GDI32.dll
0x00007ff920d20000 - 0x00007ff920f94000 	C:\WINDOWS\WinSxS\amd64_microsoft.windows.common-controls_6595b64144ccf1df_6.0.10586.589_none_a2ddb3caa539acce\COMCTL32.dll
0x00007ff930c70000 - 0x00007ff930eed000 	C:\WINDOWS\system32\combase.dll
0x00007ff92e080000 - 0x00007ff92e0ea000 	C:\WINDOWS\system32\bcryptPrimitives.dll
0x00007ff92ef00000 - 0x00007ff92ef3b000 	C:\WINDOWS\system32\IMM32.DLL
0x000000005b280000 - 0x000000005b352000 	C:\Program Files\Java\jdk1.8.0_111\jre\bin\msvcr100.dll
0x000000005a9e0000 - 0x000000005b27a000 	C:\Program Files\Java\jdk1.8.0_111\jre\bin\server\jvm.dll
0x00007ff931250000 - 0x00007ff931258000 	C:\WINDOWS\system32\PSAPI.DLL
0x00007ff920700000 - 0x00007ff920709000 	C:\WINDOWS\SYSTEM32\WSOCK32.dll
0x00007ff930b60000 - 0x00007ff930bcb000 	C:\WINDOWS\system32\WS2_32.dll
0x00007ff92b7a0000 - 0x00007ff92b7c3000 	C:\WINDOWS\SYSTEM32\WINMM.dll
0x00007ff92c070000 - 0x00007ff92c07a000 	C:\WINDOWS\SYSTEM32\VERSION.dll
0x00007ff92b740000 - 0x00007ff92b76c000 	C:\WINDOWS\SYSTEM32\WINMMBASE.dll
0x00007ff92e0f0000 - 0x00007ff92e133000 	C:\WINDOWS\system32\cfgmgr32.dll
0x000000005a9d0000 - 0x000000005a9df000 	C:\Program Files\Java\jdk1.8.0_111\jre\bin\verify.dll
0x000000005a9a0000 - 0x000000005a9c9000 	C:\Program Files\Java\jdk1.8.0_111\jre\bin\java.dll
0x000000005a980000 - 0x000000005a996000 	C:\Program Files\Java\jdk1.8.0_111\jre\bin\zip.dll
0x00007ff92f330000 - 0x00007ff93088c000 	C:\WINDOWS\system32\SHELL32.dll
0x00007ff92e140000 - 0x00007ff92e785000 	C:\WINDOWS\system32\windows.storage.dll
0x00007ff92e840000 - 0x00007ff92e892000 	C:\WINDOWS\system32\shlwapi.dll
0x00007ff92d9d0000 - 0x00007ff92d9df000 	C:\WINDOWS\system32\kernel.appcore.dll
0x00007ff92dcc0000 - 0x00007ff92dd75000 	C:\WINDOWS\system32\shcore.dll
0x00007ff92d9f0000 - 0x00007ff92da3b000 	C:\WINDOWS\system32\powrprof.dll
0x00007ff92d9b0000 - 0x00007ff92d9c4000 	C:\WINDOWS\system32\profapi.dll

VM Arguments:
jvm_args: -Djava.awt.headless=true -Xmx1024M -Dfile.encoding=windows-1252 -Duser.country=CA -Duser.language=en -Duser.variant 
java_command: com.android.dx.command.Main --dex --force-jumbo --num-threads=4 --multi-dex --output C:\Users\Hassen\Documents\Sirine\CPEN321-\proj\cpen321project\PlanMyTrip\app\build\intermediates\transforms\dex\debug\folders\1000\10\instant-run_22ef3fc7dcb22410cfc307a3fa91b4847d5b8815 C:\Users\Hassen\Documents\Sirine\CPEN321-\proj\cpen321project\PlanMyTrip\app\build\intermediates\incremental-runtime-classes\debug\instant-run.jar
java_class_path (initial): C:\Users\Hassen\AppData\Local\Android\sdk\build-tools\24.0.1\lib\dx.jar
Launcher Type: SUN_STANDARD

Environment Variables:
JAVA_HOME=C:\Program Files (x86)\Java\jdk1.7.0_79
PATH=C:\ProgramData\Oracle\Java\javapath;C:\Program Files (x86)\Common Files\NetSarang;C:\Program Files (x86)\Intel\iCLS Client\;C:\Program Files\Intel\iCLS Client\;C:\Windows\system32;C:\Windows;C:\Windows\System32\Wbem;C:\Windows\System32\WindowsPowerShell\v1.0\;C:\Program Files\Intel\WiFi\bin\;C:\Program Files\Common Files\Intel\WirelessCommon\;C:\Program Files\Intel\Intel(R) Management Engine Components\DAL;C:\Program Files\Intel\Intel(R) Management Engine Components\IPT;C:\Program Files (x86)\Intel\Intel(R) Management Engine Components\DAL;C:\Program Files (x86)\Intel\Intel(R) Management Engine Components\IPT;C:\Program Files\Acer\Remote Files\;C:\WINDOWS\system32;C:\WINDOWS;C:\WINDOWS\System32\Wbem;C:\WINDOWS\System32\WindowsPowerShell\v1.0\;C:\Program Files (x86)\Skype\Phone\;C:\Program Files (x86)\QuickTime\QTSystem\;C:\WINDOWS\system32;C:\WINDOWS;C:\WINDOWS\System32\Wbem;C:\WINDOWS\System32\WindowsPowerShell\v1.0\;%QUARTUS_ROOTDIR%\bin;C:\Program Files (x86)\apache-maven-3.3.9\bin;C:\Program Files (x86)\apache-maven-3.3.9\bin
USERNAME=Hassen
OS=Windows_NT
PROCESSOR_IDENTIFIER=Intel64 Family 6 Model 69 Stepping 1, GenuineIntel



---------------  S Y S T E M  ---------------

OS: Windows 10.0 , 64 bit Build 10586 (10.0.10586.589)

CPU:total 4 (2 cores per cpu, 2 threads per core) family 6 model 69 stepping 1, cmov, cx8, fxsr, mmx, sse, sse2, sse3, ssse3, sse4.1, sse4.2, popcnt, avx, avx2, aes, clmul, erms, lzcnt, ht, tsc, tscinvbit, bmi1, bmi2

Memory: 4k page, physical 8281368k(689344k free), swap 12341608k(5580k free)

vm_info: Java HotSpot(TM) 64-Bit Server VM (25.111-b14) for windows-amd64 JRE (1.8.0_111-b14), built on Sep 22 2016 19:24:05 by "java_re" with MS VC++ 10.0 (VS2010)

time: Sat Oct 29 19:05:01 2016
elapsed time: 8 seconds (0d 0h 0m 8s)

