#
# There is insufficient memory for the Java Runtime Environment to continue.
# Native memory allocation (malloc) failed to allocate 282016 bytes for Chunk::new
# Possible reasons:
#   The system is out of physical RAM or swap space
#   In 32 bit mode, the process size limit was hit
# Possible solutions:
#   Reduce memory load on the system
#   Increase physical memory or swap space
#   Check if swap backing store is full
#   Use 64 bit Java on a 64 bit OS
#   Decrease Java heap size (-Xmx/-Xms)
#   Decrease number of Java threads
#   Decrease Java thread stack sizes (-Xss)
#   Set larger code cache with -XX:ReservedCodeCacheSize=
# This output file may be truncated or incomplete.
#
#  Out of Memory Error (allocation.cpp:390), pid=6812, tid=0x0000000000002dd4
#
# JRE version: Java(TM) SE Runtime Environment (8.0_111-b14) (build 1.8.0_111-b14)
# Java VM: Java HotSpot(TM) 64-Bit Server VM (25.111-b14 mixed mode windows-amd64 compressed oops)
# Failed to write core dump. Minidumps are not enabled by default on client versions of Windows
#

---------------  T H R E A D  ---------------

Current thread (0x00000000156bc000):  JavaThread "C2 CompilerThread1" daemon [_thread_in_native, id=11732, stack(0x0000000016dc0000,0x0000000016ec0000)]

Stack: [0x0000000016dc0000,0x0000000016ec0000]
[error occurred during error reporting (printing stack bounds), id 0xc0000005]

Native frames: (J=compiled Java code, j=interpreted, Vv=VM code, C=native code)


Current CompileTask:
C2:   7186 1668 %     4       sun.security.provider.SHA::implCompress @ 12 (491 bytes)


---------------  P R O C E S S  ---------------

Java Threads: ( => current thread )
  0x0000000017057800 JavaThread "pool-1-thread-1" [_thread_in_vm, id=4064, stack(0x0000000019290000,0x0000000019390000)]
  0x0000000016ed1000 JavaThread "Service Thread" daemon [_thread_blocked, id=8040, stack(0x00000000173c0000,0x00000000174c0000)]
  0x0000000016ec8800 JavaThread "C1 CompilerThread2" daemon [_thread_blocked, id=14028, stack(0x00000000172c0000,0x00000000173c0000)]
=>0x00000000156bc000 JavaThread "C2 CompilerThread1" daemon [_thread_in_native, id=11732, stack(0x0000000016dc0000,0x0000000016ec0000)]
  0x000000001567d000 JavaThread "C2 CompilerThread0" daemon [_thread_blocked, id=120, stack(0x0000000016cc0000,0x0000000016dc0000)]
  0x000000001567b000 JavaThread "Attach Listener" daemon [_thread_blocked, id=11812, stack(0x0000000016bc0000,0x0000000016cc0000)]
  0x000000001567a000 JavaThread "Signal Dispatcher" daemon [_thread_blocked, id=10144, stack(0x0000000016ac0000,0x0000000016bc0000)]
  0x000000001566a000 JavaThread "Finalizer" daemon [_thread_blocked, id=12444, stack(0x00000000168e0000,0x00000000169e0000)]
  0x0000000015649000 JavaThread "Reference Handler" daemon [_thread_blocked, id=752, stack(0x00000000167e0000,0x00000000168e0000)]
  0x00000000015fe000 JavaThread "main" [_thread_blocked, id=10508, stack(0x0000000002db0000,0x0000000002eb0000)]

Other Threads:
  0x0000000015647800 VMThread [stack: 0x00000000166e0000,0x00000000167e0000] [id=13756]
  0x0000000016ed9000 WatcherThread [stack: 0x00000000174c0000,0x00000000175c0000] [id=10344]

VM state:not at safepoint (normal execution)

VM Mutex/Monitor currently owned by a thread: None

Heap:
 PSYoungGen      total 38400K, used 12406K [0x00000000eab00000, 0x00000000ed580000, 0x0000000100000000)
  eden space 33280K, 21% used [0x00000000eab00000,0x00000000eb21de70,0x00000000ecb80000)
  from space 5120K, 99% used [0x00000000ecb80000,0x00000000ed07f9f0,0x00000000ed080000)
  to   space 5120K, 0% used [0x00000000ed080000,0x00000000ed080000,0x00000000ed580000)
 ParOldGen       total 87552K, used 1232K [0x00000000c0000000, 0x00000000c5580000, 0x00000000eab00000)
  object space 87552K, 1% used [0x00000000c0000000,0x00000000c0134248,0x00000000c5580000)
 Metaspace       used 6746K, capacity 7384K, committed 7680K, reserved 1056768K
  class space    used 674K, capacity 720K, committed 768K, reserved 1048576K

Card table byte_map: [0x0000000012370000,0x0000000012580000] byte_map_base: 0x0000000011d70000

Marking Bits: (ParMarkBitMap*) 0x0000000052a7a6c0
 Begin Bits: [0x0000000012ae0000, 0x0000000013ae0000)
 End Bits:   [0x0000000013ae0000, 0x0000000014ae0000)

Polling page: 0x0000000001580000

CodeCache: size=245760Kb used=6670Kb max_used=6684Kb free=239089Kb
 bounds [0x0000000002fb0000, 0x0000000003640000, 0x0000000011fb0000]
 total_blobs=1943 nmethods=1667 adapters=189
 compilation: enabled

Compilation events (10 events):
Event: 7.148 Thread 0x0000000016ec8800 1664       3       java.lang.Integer::reverseBytes (26 bytes)
Event: 7.148 Thread 0x0000000016ec8800 nmethod 1664 0x0000000003633110 code [0x0000000003633260, 0x00000000036333b0]
Event: 7.149 Thread 0x00000000156bc000 1665       4       java.lang.Integer::reverseBytes (26 bytes)
Event: 7.150 Thread 0x00000000156bc000 nmethod 1665 0x0000000003636a10 code [0x0000000003636b40, 0x0000000003636bb8]
Event: 7.150 Thread 0x0000000016ec8800 1666       3       sun.security.provider.SHA::implCompress (491 bytes)
Event: 7.151 Thread 0x0000000016ec8800 nmethod 1666 0x0000000003631dd0 code [0x0000000003631fc0, 0x00000000036328a8]
Event: 7.152 Thread 0x0000000016ec8800 1667       3       sun.security.provider.ByteArrayAccess::b2iBig64 (614 bytes)
Event: 7.153 Thread 0x0000000016ec8800 nmethod 1667 0x0000000003638bd0 code [0x0000000003638de0, 0x0000000003639ba8]
Event: 7.154 Thread 0x000000001567d000 nmethod 1658 0x000000000363a210 code [0x000000000363a3c0, 0x000000000363ac38]
Event: 7.154 Thread 0x00000000156bc000 1668 %     4       sun.security.provider.SHA::implCompress @ 12 (491 bytes)

GC Heap History (2 events):
Event: 4.604 GC heap before
{Heap before GC invocations=1 (full 0):
 PSYoungGen      total 38400K, used 33280K [0x00000000eab00000, 0x00000000ed580000, 0x0000000100000000)
  eden space 33280K, 100% used [0x00000000eab00000,0x00000000ecb80000,0x00000000ecb80000)
  from space 5120K, 0% used [0x00000000ed080000,0x00000000ed080000,0x00000000ed580000)
  to   space 5120K, 0% used [0x00000000ecb80000,0x00000000ecb80000,0x00000000ed080000)
 ParOldGen       total 87552K, used 0K [0x00000000c0000000, 0x00000000c5580000, 0x00000000eab00000)
  object space 87552K, 0% used [0x00000000c0000000,0x00000000c0000000,0x00000000c5580000)
 Metaspace       used 6152K, capacity 7000K, committed 7168K, reserved 1056768K
  class space    used 625K, capacity 656K, committed 768K, reserved 1048576K
Event: 4.724 GC heap after
Heap after GC invocations=1 (full 0):
 PSYoungGen      total 38400K, used 5118K [0x00000000eab00000, 0x00000000ed580000, 0x0000000100000000)
  eden space 33280K, 0% used [0x00000000eab00000,0x00000000eab00000,0x00000000ecb80000)
  from space 5120K, 99% used [0x00000000ecb80000,0x00000000ed07f9f0,0x00000000ed080000)
  to   space 5120K, 0% used [0x00000000ed080000,0x00000000ed080000,0x00000000ed580000)
 ParOldGen       total 87552K, used 1232K [0x00000000c0000000, 0x00000000c5580000, 0x00000000eab00000)
  object space 87552K, 1% used [0x00000000c0000000,0x00000000c0134248,0x00000000c5580000)
 Metaspace       used 6152K, capacity 7000K, committed 7168K, reserved 1056768K
  class space    used 625K, capacity 656K, committed 768K, reserved 1048576K
}

Deoptimization events (10 events):
Event: 6.424 Thread 0x0000000017057800 Uncommon trap: reason=speculate_class_check action=maybe_recompile pc=0x00000000033943b8 method=com.android.dx.util.FixedSizeList.equals(Ljava/lang/Object;)Z @ 25
Event: 6.424 Thread 0x0000000017057800 Uncommon trap: reason=speculate_class_check action=maybe_recompile pc=0x00000000033943b8 method=com.android.dx.util.FixedSizeList.equals(Ljava/lang/Object;)Z @ 25
Event: 6.424 Thread 0x0000000017057800 Uncommon trap: reason=speculate_class_check action=maybe_recompile pc=0x00000000033943b8 method=com.android.dx.util.FixedSizeList.equals(Ljava/lang/Object;)Z @ 25
Event: 6.703 Thread 0x0000000017057800 Uncommon trap: reason=unstable_if action=reinterpret pc=0x00000000035612cc method=java.util.TreeMap.put(Ljava/lang/Object;Ljava/lang/Object;)Ljava/lang/Object; @ 163
Event: 6.742 Thread 0x0000000017057800 Uncommon trap: reason=unstable_if action=reinterpret pc=0x00000000035f5fc4 method=com.android.dx.util.ByteArrayAnnotatedOutput.writeByte(I)V @ 13
Event: 7.133 Thread 0x0000000017057800 Uncommon trap: reason=unstable_if action=reinterpret pc=0x0000000003338440 method=java.util.Arrays.copyOf([Ljava/lang/Object;ILjava/lang/Class;)[Ljava/lang/Object; @ 3
Event: 7.135 Thread 0x0000000017057800 Uncommon trap: reason=class_check action=maybe_recompile pc=0x0000000003545394 method=java.util.HashMap.putVal(ILjava/lang/Object;Ljava/lang/Object;ZZ)Ljava/lang/Object; @ 56
Event: 7.135 Thread 0x0000000017057800 Uncommon trap: reason=class_check action=maybe_recompile pc=0x0000000003545404 method=java.util.HashMap.putVal(ILjava/lang/Object;Ljava/lang/Object;ZZ)Ljava/lang/Object; @ 152
Event: 7.135 Thread 0x0000000017057800 Uncommon trap: reason=class_check action=maybe_recompile pc=0x0000000003545394 method=java.util.HashMap.putVal(ILjava/lang/Object;Ljava/lang/Object;ZZ)Ljava/lang/Object; @ 56
Event: 7.138 Thread 0x0000000017057800 Uncommon trap: reason=bimorphic action=maybe_recompile pc=0x00000000033aebec method=java.util.HashMap.getNode(ILjava/lang/Object;)Ljava/util/HashMap$Node; @ 126

Internal exceptions (3 events):
Event: 0.603 Thread 0x00000000015fe000 Exception <a 'java/lang/NoSuchMethodError': Method sun.misc.Unsafe.defineClass(Ljava/lang/String;[BII)Ljava/lang/Class; name or signature does not match> (0x00000000eab07c78) thrown at [C:\re\workspace\8-2-build-windows-amd64-cygwin\jdk8u111\7883\hotspot\
Event: 0.603 Thread 0x00000000015fe000 Exception <a 'java/lang/NoSuchMethodError': Method sun.misc.Unsafe.prefetchRead(Ljava/lang/Object;J)V name or signature does not match> (0x00000000eab07f60) thrown at [C:\re\workspace\8-2-build-windows-amd64-cygwin\jdk8u111\7883\hotspot\src\share\vm\prims
Event: 4.055 Thread 0x0000000017149800 Implicit null exception at 0x000000000330d522 to 0x000000000330d61a

Events (10 events):
Event: 7.147 loading class sun/security/provider/DigestBase done
Event: 7.147 loading class sun/security/provider/SHA done
Event: 7.147 loading class sun/security/jca/GetInstance$Instance
Event: 7.147 loading class sun/security/jca/GetInstance$Instance done
Event: 7.147 loading class java/security/MessageDigest$Delegate
Event: 7.147 loading class java/security/MessageDigest$Delegate done
Event: 7.147 loading class sun/security/provider/ByteArrayAccess
Event: 7.147 loading class sun/security/provider/ByteArrayAccess done
Event: 7.155 loading class java/util/zip/Adler32
Event: 7.155 loading class java/util/zip/Adler32 done


Dynamic libraries:
0x00007ff7d0e50000 - 0x00007ff7d0e87000 	C:\Program Files\Java\jdk1.8.0_111\bin\java.exe
0x00007ffa8eb90000 - 0x00007ffa8ed51000 	C:\WINDOWS\SYSTEM32\ntdll.dll
0x00007ffa8e040000 - 0x00007ffa8e0ed000 	C:\WINDOWS\system32\KERNEL32.DLL
0x00007ffa8ba60000 - 0x00007ffa8bc48000 	C:\WINDOWS\system32\KERNELBASE.dll
0x00007ffa8df90000 - 0x00007ffa8e037000 	C:\WINDOWS\system32\ADVAPI32.dll
0x00007ffa8e670000 - 0x00007ffa8e70d000 	C:\WINDOWS\system32\msvcrt.dll
0x00007ffa8db50000 - 0x00007ffa8dbab000 	C:\WINDOWS\system32\sechost.dll
0x00007ffa8c0e0000 - 0x00007ffa8c1fc000 	C:\WINDOWS\system32\RPCRT4.dll
0x00007ffa8c490000 - 0x00007ffa8c5e6000 	C:\WINDOWS\system32\USER32.dll
0x00007ffa8c240000 - 0x00007ffa8c3c6000 	C:\WINDOWS\system32\GDI32.dll
0x00007ffa7e220000 - 0x00007ffa7e494000 	C:\WINDOWS\WinSxS\amd64_microsoft.windows.common-controls_6595b64144ccf1df_6.0.10586.589_none_a2ddb3caa539acce\COMCTL32.dll
0x00007ffa8dbb0000 - 0x00007ffa8de2d000 	C:\WINDOWS\system32\combase.dll
0x00007ffa8b2d0000 - 0x00007ffa8b33a000 	C:\WINDOWS\system32\bcryptPrimitives.dll
0x00007ffa8c200000 - 0x00007ffa8c23b000 	C:\WINDOWS\system32\IMM32.DLL
0x0000000053f00000 - 0x0000000053fd2000 	C:\Program Files\Java\jdk1.8.0_111\jre\bin\msvcr100.dll
0x0000000052260000 - 0x0000000052afa000 	C:\Program Files\Java\jdk1.8.0_111\jre\bin\server\jvm.dll
0x00007ffa8e820000 - 0x00007ffa8e828000 	C:\WINDOWS\system32\PSAPI.DLL
0x00007ffa7dda0000 - 0x00007ffa7dda9000 	C:\WINDOWS\SYSTEM32\WSOCK32.dll
0x00007ffa8bf90000 - 0x00007ffa8bffb000 	C:\WINDOWS\system32\WS2_32.dll
0x00007ffa898b0000 - 0x00007ffa898d3000 	C:\WINDOWS\SYSTEM32\WINMM.dll
0x00007ffa88380000 - 0x00007ffa8838a000 	C:\WINDOWS\SYSTEM32\VERSION.dll
0x00007ffa89880000 - 0x00007ffa898ac000 	C:\WINDOWS\SYSTEM32\WINMMBASE.dll
0x00007ffa8bf40000 - 0x00007ffa8bf83000 	C:\WINDOWS\system32\cfgmgr32.dll
0x0000000053ef0000 - 0x0000000053eff000 	C:\Program Files\Java\jdk1.8.0_111\jre\bin\verify.dll
0x0000000053ec0000 - 0x0000000053ee9000 	C:\Program Files\Java\jdk1.8.0_111\jre\bin\java.dll
0x0000000053ea0000 - 0x0000000053eb6000 	C:\Program Files\Java\jdk1.8.0_111\jre\bin\zip.dll
0x00007ffa8c5f0000 - 0x00007ffa8db4c000 	C:\WINDOWS\system32\SHELL32.dll
0x00007ffa8b340000 - 0x00007ffa8b985000 	C:\WINDOWS\system32\windows.storage.dll
0x00007ffa8eb30000 - 0x00007ffa8eb82000 	C:\WINDOWS\system32\shlwapi.dll
0x00007ffa8b1b0000 - 0x00007ffa8b1bf000 	C:\WINDOWS\system32\kernel.appcore.dll
0x00007ffa8bc50000 - 0x00007ffa8bd05000 	C:\WINDOWS\system32\shcore.dll
0x00007ffa8b1f0000 - 0x00007ffa8b23b000 	C:\WINDOWS\system32\powrprof.dll
0x00007ffa8b1c0000 - 0x00007ffa8b1d4000 	C:\WINDOWS\system32\profapi.dll

VM Arguments:
jvm_args: -Djava.awt.headless=true -Xmx1024M -Dfile.encoding=windows-1252 -Duser.country=CA -Duser.language=en -Duser.variant 
java_command: com.android.dx.command.Main --dex --force-jumbo --num-threads=4 --multi-dex --output C:\Users\Hassen\Documents\Sirine\CPEN321-\proj\cpen321project\PlanMyTrip\app\build\intermediates\transforms\dex\debug\folders\1000\10\com.android.support-support-vector-drawable-24.1.0_de5c5dcc6f190f2a10bfab988a70963eabd8b1aa C:\Users\Hassen\Documents\Sirine\CPEN321-\proj\cpen321project\PlanMyTrip\app\build\intermediates\exploded-aar\com.android.support\support-vector-drawable\24.1.0\jars\classes.jar
java_class_path (initial): C:\Users\Hassen\AppData\Local\Android\sdk\build-tools\24.0.1\lib\dx.jar
Launcher Type: SUN_STANDARD

Environment Variables:
JAVA_HOME=C:\Program Files (x86)\Java\jdk1.7.0_79
PATH=C:\ProgramData\Oracle\Java\javapath;C:\Program Files (x86)\Common Files\NetSarang;C:\Program Files (x86)\Intel\iCLS Client\;C:\Program Files\Intel\iCLS Client\;C:\Windows\system32;C:\Windows;C:\Windows\System32\Wbem;C:\Windows\System32\WindowsPowerShell\v1.0\;C:\Program Files\Intel\WiFi\bin\;C:\Program Files\Common Files\Intel\WirelessCommon\;C:\Program Files\Intel\Intel(R) Management Engine Components\DAL;C:\Program Files\Intel\Intel(R) Management Engine Components\IPT;C:\Program Files (x86)\Intel\Intel(R) Management Engine Components\DAL;C:\Program Files (x86)\Intel\Intel(R) Management Engine Components\IPT;C:\Program Files\Acer\Remote Files\;C:\WINDOWS\system32;C:\WINDOWS;C:\WINDOWS\System32\Wbem;C:\WINDOWS\System32\WindowsPowerShell\v1.0\;C:\Program Files (x86)\Skype\Phone\;C:\Program Files (x86)\QuickTime\QTSystem\;C:\WINDOWS\system32;C:\WINDOWS;C:\WINDOWS\System32\Wbem;C:\WINDOWS\System32\WindowsPowerShell\v1.0\;%QUARTUS_ROOTDIR%\bin;C:\Program Files (x86)\apache-maven-3.3.9\bin;C:\Program Files (x86)\apache-maven-3.3.9\bin
USERNAME=Hassen
OS=Windows_NT
PROCESSOR_IDENTIFIER=Intel64 Family 6 Model 69 Stepping 1, GenuineIntel



---------------  S Y S T E M  ---------------

OS: Windows 10.0 , 64 bit Build 10586 (10.0.10586.589)

CPU:total 4 (2 cores per cpu, 2 threads per core) family 6 model 69 stepping 1, cmov, cx8, fxsr, mmx, sse, sse2, sse3, ssse3, sse4.1, sse4.2, popcnt, avx, avx2, aes, clmul, erms, lzcnt, ht, tsc, tscinvbit, bmi1, bmi2

Memory: 4k page, physical 8281368k(559576k free), swap 13037672k(4688k free)

vm_info: Java HotSpot(TM) 64-Bit Server VM (25.111-b14) for windows-amd64 JRE (1.8.0_111-b14), built on Sep 22 2016 19:24:05 by "java_re" with MS VC++ 10.0 (VS2010)

time: Thu Oct 27 13:15:18 2016
elapsed time: 7 seconds (0d 0h 0m 7s)

