#
# There is insufficient memory for the Java Runtime Environment to continue.
# Native memory allocation (malloc) failed to allocate 32744 bytes for ChunkPool::allocate
# Possible reasons:
#   The system is out of physical RAM or swap space
#   In 32 bit mode, the process size limit was hit
# Possible solutions:
#   Reduce memory load on the system
#   Increase physical memory or swap space
#   Check if swap backing store is full
#   Use 64 bit Java on a 64 bit OS
#   Decrease Java heap size (-Xmx/-Xms)
#   Decrease number of Java threads
#   Decrease Java thread stack sizes (-Xss)
#   Set larger code cache with -XX:ReservedCodeCacheSize=
# This output file may be truncated or incomplete.
#
#  Out of Memory Error (allocation.cpp:273), pid=1680, tid=0x00000000000021c4
#
# JRE version: Java(TM) SE Runtime Environment (8.0_111-b14) (build 1.8.0_111-b14)
# Java VM: Java HotSpot(TM) 64-Bit Server VM (25.111-b14 mixed mode windows-amd64 compressed oops)
# Failed to write core dump. Minidumps are not enabled by default on client versions of Windows
#

---------------  T H R E A D  ---------------

Current thread (0x000000001504d000):  JavaThread "C2 CompilerThread0" daemon [_thread_in_native, id=8644, stack(0x0000000016690000,0x0000000016790000)]

Stack: [0x0000000016690000,0x0000000016790000]
[error occurred during error reporting (printing stack bounds), id 0xc0000005]

Native frames: (J=compiled Java code, j=interpreted, Vv=VM code, C=native code)


Current CompileTask:
C2:   2388 1642   !   4       com.android.dx.cf.code.BytecodeArray::parseInstruction (2764 bytes)


---------------  P R O C E S S  ---------------

Java Threads: ( => current thread )
  0x0000000016b73000 JavaThread "pool-2-thread-4" [_thread_in_Java, id=13288, stack(0x0000000017390000,0x0000000017490000)]
  0x0000000016b72000 JavaThread "pool-2-thread-3" [_thread_in_Java, id=9312, stack(0x0000000017290000,0x0000000017390000)]
  0x0000000016b66800 JavaThread "pool-2-thread-2" [_thread_in_Java, id=2732, stack(0x0000000017190000,0x0000000017290000)]
  0x0000000016b49800 JavaThread "pool-3-thread-1" [_thread_blocked, id=10704, stack(0x0000000017090000,0x0000000017190000)]
  0x0000000016b47000 JavaThread "pool-2-thread-1" [_thread_in_vm, id=9824, stack(0x0000000016f90000,0x0000000017090000)]
  0x000000001689e000 JavaThread "Service Thread" daemon [_thread_blocked, id=12144, stack(0x0000000016d90000,0x0000000016e90000)]
  0x00000000150ae800 JavaThread "C1 CompilerThread2" daemon [_thread_in_native, id=13376, stack(0x0000000016c90000,0x0000000016d90000)]
  0x00000000150a9800 JavaThread "C2 CompilerThread1" daemon [_thread_in_native, id=3908, stack(0x0000000016790000,0x0000000016890000)]
=>0x000000001504d000 JavaThread "C2 CompilerThread0" daemon [_thread_in_native, id=8644, stack(0x0000000016690000,0x0000000016790000)]
  0x000000001504b000 JavaThread "Attach Listener" daemon [_thread_blocked, id=3152, stack(0x0000000016590000,0x0000000016690000)]
  0x000000001504a000 JavaThread "Signal Dispatcher" daemon [_thread_blocked, id=11532, stack(0x0000000016490000,0x0000000016590000)]
  0x000000000297a800 JavaThread "Finalizer" daemon [_thread_blocked, id=14320, stack(0x00000000162b0000,0x00000000163b0000)]
  0x000000000296f800 JavaThread "Reference Handler" daemon [_thread_blocked, id=11900, stack(0x00000000161b0000,0x00000000162b0000)]
  0x000000000277d800 JavaThread "main" [_thread_in_vm, id=1576, stack(0x0000000002780000,0x0000000002880000)]

Other Threads:
  0x0000000015018800 VMThread [stack: 0x00000000160b0000,0x00000000161b0000] [id=14120]
  0x0000000016897800 WatcherThread [stack: 0x0000000016e90000,0x0000000016f90000] [id=10168]

VM state:not at safepoint (normal execution)

VM Mutex/Monitor currently owned by a thread: None

Heap:
 PSYoungGen      total 71680K, used 48041K [0x00000000eab00000, 0x00000000ef600000, 0x0000000100000000)
  eden space 66560K, 64% used [0x00000000eab00000,0x00000000ed4effc8,0x00000000eec00000)
  from space 5120K, 99% used [0x00000000eec00000,0x00000000ef0fa7e8,0x00000000ef100000)
  to   space 5120K, 0% used [0x00000000ef100000,0x00000000ef100000,0x00000000ef600000)
 ParOldGen       total 87552K, used 15045K [0x00000000c0000000, 0x00000000c5580000, 0x00000000eab00000)
  object space 87552K, 17% used [0x00000000c0000000,0x00000000c0eb1650,0x00000000c5580000)
 Metaspace       used 6472K, capacity 7160K, committed 7424K, reserved 1056768K
  class space    used 643K, capacity 688K, committed 768K, reserved 1048576K

Card table byte_map: [0x0000000011d40000,0x0000000011f50000] byte_map_base: 0x0000000011740000

Marking Bits: (ParMarkBitMap*) 0x0000000052a7a6c0
 Begin Bits: [0x00000000124b0000, 0x00000000134b0000)
 End Bits:   [0x00000000134b0000, 0x00000000144b0000)

Polling page: 0x0000000000f20000

CodeCache: size=245760Kb used=6685Kb max_used=6685Kb free=239074Kb
 bounds [0x0000000002980000, 0x0000000003010000, 0x0000000011980000]
 total_blobs=1948 nmethods=1679 adapters=182
 compilation: enabled

Compilation events (10 events):
Event: 2.351 Thread 0x00000000150ae800 1702       2       java.util.Date::getCalendarSystem (15 bytes)
Event: 2.352 Thread 0x00000000150ae800 nmethod 1702 0x0000000003008450 code [0x00000000030085c0, 0x0000000003008948]
Event: 2.352 Thread 0x00000000150ae800 1703       1       sun.util.calendar.CalendarDate::isStandardTime (5 bytes)
Event: 2.352 Thread 0x00000000150ae800 nmethod 1703 0x0000000003008a90 code [0x0000000003008be0, 0x0000000003008cf0]
Event: 2.352 Thread 0x00000000150ae800 1704       2       sun.util.calendar.ZoneInfo::getOffsets (276 bytes)
Event: 2.353 Thread 0x00000000150ae800 nmethod 1704 0x0000000003008d50 code [0x0000000003008f20, 0x0000000003009688]
Event: 2.353 Thread 0x00000000150ae800 1705       1       sun.util.calendar.BaseCalendar$Date::getCachedYear (5 bytes)
Event: 2.353 Thread 0x00000000150ae800 nmethod 1705 0x0000000003009dd0 code [0x0000000003009f20, 0x000000000300a030]
Event: 2.361 Thread 0x00000000150ae800 1706       2       com.android.dx.rop.code.RegisterSpecList::indexOfRegister (38 bytes)
Event: 2.361 Thread 0x00000000150ae800 nmethod 1706 0x000000000300a090 code [0x000000000300a200, 0x000000000300a468]

GC Heap History (6 events):
Event: 1.251 GC heap before
{Heap before GC invocations=1 (full 0):
 PSYoungGen      total 38400K, used 33280K [0x00000000eab00000, 0x00000000ed580000, 0x0000000100000000)
  eden space 33280K, 100% used [0x00000000eab00000,0x00000000ecb80000,0x00000000ecb80000)
  from space 5120K, 0% used [0x00000000ed080000,0x00000000ed080000,0x00000000ed580000)
  to   space 5120K, 0% used [0x00000000ecb80000,0x00000000ecb80000,0x00000000ed080000)
 ParOldGen       total 87552K, used 0K [0x00000000c0000000, 0x00000000c5580000, 0x00000000eab00000)
  object space 87552K, 0% used [0x00000000c0000000,0x00000000c0000000,0x00000000c5580000)
 Metaspace       used 6079K, capacity 6936K, committed 7168K, reserved 1056768K
  class space    used 620K, capacity 656K, committed 768K, reserved 1048576K
Event: 1.267 GC heap after
Heap after GC invocations=1 (full 0):
 PSYoungGen      total 38400K, used 5090K [0x00000000eab00000, 0x00000000ef600000, 0x0000000100000000)
  eden space 33280K, 0% used [0x00000000eab00000,0x00000000eab00000,0x00000000ecb80000)
  from space 5120K, 99% used [0x00000000ecb80000,0x00000000ed078a98,0x00000000ed080000)
  to   space 5120K, 0% used [0x00000000ef100000,0x00000000ef100000,0x00000000ef600000)
 ParOldGen       total 87552K, used 1720K [0x00000000c0000000, 0x00000000c5580000, 0x00000000eab00000)
  object space 87552K, 1% used [0x00000000c0000000,0x00000000c01ae358,0x00000000c5580000)
 Metaspace       used 6079K, capacity 6936K, committed 7168K, reserved 1056768K
  class space    used 620K, capacity 656K, committed 768K, reserved 1048576K
}
Event: 1.627 GC heap before
{Heap before GC invocations=2 (full 0):
 PSYoungGen      total 38400K, used 38370K [0x00000000eab00000, 0x00000000ef600000, 0x0000000100000000)
  eden space 33280K, 100% used [0x00000000eab00000,0x00000000ecb80000,0x00000000ecb80000)
  from space 5120K, 99% used [0x00000000ecb80000,0x00000000ed078a98,0x00000000ed080000)
  to   space 5120K, 0% used [0x00000000ef100000,0x00000000ef100000,0x00000000ef600000)
 ParOldGen       total 87552K, used 1720K [0x00000000c0000000, 0x00000000c5580000, 0x00000000eab00000)
  object space 87552K, 1% used [0x00000000c0000000,0x00000000c01ae358,0x00000000c5580000)
 Metaspace       used 6257K, capacity 7064K, committed 7424K, reserved 1056768K
  class space    used 622K, capacity 656K, committed 768K, reserved 1048576K
Event: 1.649 GC heap after
Heap after GC invocations=2 (full 0):
 PSYoungGen      total 71680K, used 5088K [0x00000000eab00000, 0x00000000ef600000, 0x0000000100000000)
  eden space 66560K, 0% used [0x00000000eab00000,0x00000000eab00000,0x00000000eec00000)
  from space 5120K, 99% used [0x00000000ef100000,0x00000000ef5f8380,0x00000000ef600000)
  to   space 5120K, 0% used [0x00000000eec00000,0x00000000eec00000,0x00000000ef100000)
 ParOldGen       total 87552K, used 5988K [0x00000000c0000000, 0x00000000c5580000, 0x00000000eab00000)
  object space 87552K, 6% used [0x00000000c0000000,0x00000000c05d9288,0x00000000c5580000)
 Metaspace       used 6257K, capacity 7064K, committed 7424K, reserved 1056768K
  class space    used 622K, capacity 656K, committed 768K, reserved 1048576K
}
Event: 2.124 GC heap before
{Heap before GC invocations=3 (full 0):
 PSYoungGen      total 71680K, used 71648K [0x00000000eab00000, 0x00000000ef600000, 0x0000000100000000)
  eden space 66560K, 100% used [0x00000000eab00000,0x00000000eec00000,0x00000000eec00000)
  from space 5120K, 99% used [0x00000000ef100000,0x00000000ef5f8380,0x00000000ef600000)
  to   space 5120K, 0% used [0x00000000eec00000,0x00000000eec00000,0x00000000ef100000)
 ParOldGen       total 87552K, used 5988K [0x00000000c0000000, 0x00000000c5580000, 0x00000000eab00000)
  object space 87552K, 6% used [0x00000000c0000000,0x00000000c05d9288,0x00000000c5580000)
 Metaspace       used 6441K, capacity 7160K, committed 7424K, reserved 1056768K
  class space    used 643K, capacity 688K, committed 768K, reserved 1048576K
Event: 2.159 GC heap after
Heap after GC invocations=3 (full 0):
 PSYoungGen      total 71680K, used 5097K [0x00000000eab00000, 0x00000000ef600000, 0x0000000100000000)
  eden space 66560K, 0% used [0x00000000eab00000,0x00000000eab00000,0x00000000eec00000)
  from space 5120K, 99% used [0x00000000eec00000,0x00000000ef0fa7e8,0x00000000ef100000)
  to   space 5120K, 0% used [0x00000000ef100000,0x00000000ef100000,0x00000000ef600000)
 ParOldGen       total 87552K, used 15045K [0x00000000c0000000, 0x00000000c5580000, 0x00000000eab00000)
  object space 87552K, 17% used [0x00000000c0000000,0x00000000c0eb1650,0x00000000c5580000)
 Metaspace       used 6441K, capacity 7160K, committed 7424K, reserved 1056768K
  class space    used 643K, capacity 688K, committed 768K, reserved 1048576K
}

Deoptimization events (10 events):
Event: 1.711 Thread 0x0000000016b72000 Uncommon trap: reason=null_check action=make_not_entrant pc=0x0000000002c60660 method=com.android.dx.ssa.SsaRenamer.getLocalForNewReg(I)Lcom/android/dx/rop/code/LocalItem; @ 19
Event: 1.717 Thread 0x0000000016b72000 Uncommon trap: reason=class_check action=maybe_recompile pc=0x0000000002c22d20 method=com.android.dx.ssa.NormalSsaInsn.accept(Lcom/android/dx/ssa/SsaInsn$Visitor;)V @ 9
Event: 1.717 Thread 0x0000000016b72000 Uncommon trap: reason=class_check action=maybe_recompile pc=0x0000000002c22d20 method=com.android.dx.ssa.NormalSsaInsn.accept(Lcom/android/dx/ssa/SsaInsn$Visitor;)V @ 9
Event: 1.717 Thread 0x0000000016b72000 Uncommon trap: reason=class_check action=maybe_recompile pc=0x0000000002c22d20 method=com.android.dx.ssa.NormalSsaInsn.accept(Lcom/android/dx/ssa/SsaInsn$Visitor;)V @ 9
Event: 1.717 Thread 0x0000000016b72000 Uncommon trap: reason=class_check action=maybe_recompile pc=0x0000000002c22d20 method=com.android.dx.ssa.NormalSsaInsn.accept(Lcom/android/dx/ssa/SsaInsn$Visitor;)V @ 9
Event: 1.739 Thread 0x0000000016b47000 Uncommon trap: reason=unstable_if action=reinterpret pc=0x0000000002c80970 method=java.util.HashMap.putVal(ILjava/lang/Object;Ljava/lang/Object;ZZ)Ljava/lang/Object; @ 162
Event: 1.751 Thread 0x0000000016b47000 Uncommon trap: reason=unstable_if action=reinterpret pc=0x0000000002ded7f4 method=java.util.HashMap.getNode(ILjava/lang/Object;)Ljava/util/HashMap$Node; @ 84
Event: 1.766 Thread 0x000000000277d800 Uncommon trap: reason=unstable_if action=reinterpret pc=0x0000000002df0b90 method=java.util.HashMap.putVal(ILjava/lang/Object;Ljava/lang/Object;ZZ)Ljava/lang/Object; @ 162
Event: 1.853 Thread 0x0000000016b47000 Uncommon trap: reason=unstable_if action=reinterpret pc=0x0000000002d64c7c method=com.android.dx.util.IntList.binarysearch(I)I @ 105
Event: 2.319 Thread 0x0000000016b66800 Uncommon trap: reason=unstable_if action=reinterpret pc=0x0000000002fcdd38 method=com.android.dx.ssa.LocalVariableExtractor.processBlock(I)V @ 251

Internal exceptions (6 events):
Event: 0.047 Thread 0x000000000277d800 Exception <a 'java/lang/NoSuchMethodError': Method sun.misc.Unsafe.defineClass(Ljava/lang/String;[BII)Ljava/lang/Class; name or signature does not match> (0x00000000eab07c78) thrown at [C:\re\workspace\8-2-build-windows-amd64-cygwin\jdk8u111\7883\hotspot\
Event: 0.047 Thread 0x000000000277d800 Exception <a 'java/lang/NoSuchMethodError': Method sun.misc.Unsafe.prefetchRead(Ljava/lang/Object;J)V name or signature does not match> (0x00000000eab07f60) thrown at [C:\re\workspace\8-2-build-windows-amd64-cygwin\jdk8u111\7883\hotspot\src\share\vm\prims
Event: 1.711 Thread 0x0000000016b72000 Implicit null exception at 0x0000000002c5ec72 to 0x0000000002c60619
Event: 1.747 Thread 0x0000000016b47000 Exception <a 'java/lang/ArrayIndexOutOfBoundsException': 18> (0x00000000eb98be78) thrown at [C:\re\workspace\8-2-build-windows-amd64-cygwin\jdk8u111\7883\hotspot\src\share\vm\interpreter\interpreterRuntime.cpp, line 366]
Event: 1.748 Thread 0x0000000016b47000 Exception <a 'java/lang/ArrayIndexOutOfBoundsException'> (0x00000000eb98d9f8) thrown at [C:\re\workspace\8-2-build-windows-amd64-cygwin\jdk8u111\7883\hotspot\src\share\vm\runtime\sharedRuntime.cpp, line 605]
Event: 1.749 Thread 0x0000000016b47000 Exception <a 'java/lang/ArrayIndexOutOfBoundsException'> (0x00000000eb98ece0) thrown at [C:\re\workspace\8-2-build-windows-amd64-cygwin\jdk8u111\7883\hotspot\src\share\vm\runtime\sharedRuntime.cpp, line 605]

Events (10 events):
Event: 2.168 Thread 0x0000000016b72000 DEOPT UNPACKING pc=0x00000000029c787f sp=0x000000001738e738 mode 0
Event: 2.181 Thread 0x0000000016b72000 DEOPT PACKING pc=0x0000000002cca804 sp=0x000000001738e970
Event: 2.181 Thread 0x0000000016b72000 DEOPT UNPACKING pc=0x00000000029c787f sp=0x000000001738e738 mode 0
Event: 2.192 Thread 0x0000000016b47000 DEOPT PACKING pc=0x0000000002cca549 sp=0x000000001708e460
Event: 2.192 Thread 0x0000000016b47000 DEOPT UNPACKING pc=0x00000000029c787f sp=0x000000001708e228 mode 0
Event: 2.218 Thread 0x0000000016b66800 DEOPT PACKING pc=0x0000000002faa6d9 sp=0x000000001728e970
Event: 2.218 Thread 0x0000000016b66800 DEOPT UNPACKING pc=0x00000000029c787f sp=0x000000001728e668 mode 0
Event: 2.319 Thread 0x0000000016b66800 Uncommon trap: trap_request=0xffffff65 fr.pc=0x0000000002fcdd38
Event: 2.319 Thread 0x0000000016b66800 DEOPT PACKING pc=0x0000000002fcdd38 sp=0x000000001728e9d0
Event: 2.319 Thread 0x0000000016b66800 DEOPT UNPACKING pc=0x00000000029c582a sp=0x000000001728e9a0 mode 2


Dynamic libraries:
0x00007ff7d0e50000 - 0x00007ff7d0e87000 	C:\Program Files\Java\jdk1.8.0_111\bin\java.exe
0x00007ffa8eb90000 - 0x00007ffa8ed51000 	C:\WINDOWS\SYSTEM32\ntdll.dll
0x00007ffa8e040000 - 0x00007ffa8e0ed000 	C:\WINDOWS\system32\KERNEL32.DLL
0x00007ffa8ba60000 - 0x00007ffa8bc48000 	C:\WINDOWS\system32\KERNELBASE.dll
0x00007ffa8df90000 - 0x00007ffa8e037000 	C:\WINDOWS\system32\ADVAPI32.dll
0x00007ffa8e670000 - 0x00007ffa8e70d000 	C:\WINDOWS\system32\msvcrt.dll
0x00007ffa8db50000 - 0x00007ffa8dbab000 	C:\WINDOWS\system32\sechost.dll
0x00007ffa8c0e0000 - 0x00007ffa8c1fc000 	C:\WINDOWS\system32\RPCRT4.dll
0x00007ffa8c490000 - 0x00007ffa8c5e6000 	C:\WINDOWS\system32\USER32.dll
0x00007ffa8c240000 - 0x00007ffa8c3c6000 	C:\WINDOWS\system32\GDI32.dll
0x00007ffa7e220000 - 0x00007ffa7e494000 	C:\WINDOWS\WinSxS\amd64_microsoft.windows.common-controls_6595b64144ccf1df_6.0.10586.589_none_a2ddb3caa539acce\COMCTL32.dll
0x00007ffa8dbb0000 - 0x00007ffa8de2d000 	C:\WINDOWS\system32\combase.dll
0x00007ffa8b2d0000 - 0x00007ffa8b33a000 	C:\WINDOWS\system32\bcryptPrimitives.dll
0x00007ffa8c200000 - 0x00007ffa8c23b000 	C:\WINDOWS\system32\IMM32.DLL
0x0000000053f00000 - 0x0000000053fd2000 	C:\Program Files\Java\jdk1.8.0_111\jre\bin\msvcr100.dll
0x0000000052260000 - 0x0000000052afa000 	C:\Program Files\Java\jdk1.8.0_111\jre\bin\server\jvm.dll
0x00007ffa8e820000 - 0x00007ffa8e828000 	C:\WINDOWS\system32\PSAPI.DLL
0x00007ffa7dda0000 - 0x00007ffa7dda9000 	C:\WINDOWS\SYSTEM32\WSOCK32.dll
0x00007ffa898b0000 - 0x00007ffa898d3000 	C:\WINDOWS\SYSTEM32\WINMM.dll
0x00007ffa88380000 - 0x00007ffa8838a000 	C:\WINDOWS\SYSTEM32\VERSION.dll
0x00007ffa89880000 - 0x00007ffa898ac000 	C:\WINDOWS\SYSTEM32\WINMMBASE.dll
0x00007ffa8bf40000 - 0x00007ffa8bf83000 	C:\WINDOWS\system32\cfgmgr32.dll
0x00007ffa8bf90000 - 0x00007ffa8bffb000 	C:\WINDOWS\system32\WS2_32.dll
0x0000000053ef0000 - 0x0000000053eff000 	C:\Program Files\Java\jdk1.8.0_111\jre\bin\verify.dll
0x0000000053ec0000 - 0x0000000053ee9000 	C:\Program Files\Java\jdk1.8.0_111\jre\bin\java.dll
0x0000000053ea0000 - 0x0000000053eb6000 	C:\Program Files\Java\jdk1.8.0_111\jre\bin\zip.dll
0x00007ffa8c5f0000 - 0x00007ffa8db4c000 	C:\WINDOWS\system32\SHELL32.dll
0x00007ffa8b340000 - 0x00007ffa8b985000 	C:\WINDOWS\system32\windows.storage.dll
0x00007ffa8eb30000 - 0x00007ffa8eb82000 	C:\WINDOWS\system32\shlwapi.dll
0x00007ffa8b1b0000 - 0x00007ffa8b1bf000 	C:\WINDOWS\system32\kernel.appcore.dll
0x00007ffa8bc50000 - 0x00007ffa8bd05000 	C:\WINDOWS\system32\shcore.dll
0x00007ffa8b1f0000 - 0x00007ffa8b23b000 	C:\WINDOWS\system32\powrprof.dll
0x00007ffa8b1c0000 - 0x00007ffa8b1d4000 	C:\WINDOWS\system32\profapi.dll

VM Arguments:
jvm_args: -Djava.awt.headless=true -Xmx1024M -Dfile.encoding=windows-1252 -Duser.country=CA -Duser.language=en -Duser.variant 
java_command: com.android.dx.command.Main --dex --force-jumbo --num-threads=4 --multi-dex --output C:\Users\Hassen\Documents\Sirine\CPEN321-\proj\cpen321project\PlanMyTrip\app\build\intermediates\transforms\dex\debug\folders\1000\10\com.android.support-recyclerview-v7-24.1.0_d0a6f519ea31d9b33ac91fdd38534daeb574053e C:\Users\Hassen\Documents\Sirine\CPEN321-\proj\cpen321project\PlanMyTrip\app\build\intermediates\exploded-aar\com.android.support\recyclerview-v7\24.1.0\jars\classes.jar
java_class_path (initial): C:\Users\Hassen\AppData\Local\Android\sdk\build-tools\24.0.1\lib\dx.jar
Launcher Type: SUN_STANDARD

Environment Variables:
JAVA_HOME=C:\Program Files (x86)\Java\jdk1.7.0_79
PATH=C:\ProgramData\Oracle\Java\javapath;C:\Program Files (x86)\Common Files\NetSarang;C:\Program Files (x86)\Intel\iCLS Client\;C:\Program Files\Intel\iCLS Client\;C:\Windows\system32;C:\Windows;C:\Windows\System32\Wbem;C:\Windows\System32\WindowsPowerShell\v1.0\;C:\Program Files\Intel\WiFi\bin\;C:\Program Files\Common Files\Intel\WirelessCommon\;C:\Program Files\Intel\Intel(R) Management Engine Components\DAL;C:\Program Files\Intel\Intel(R) Management Engine Components\IPT;C:\Program Files (x86)\Intel\Intel(R) Management Engine Components\DAL;C:\Program Files (x86)\Intel\Intel(R) Management Engine Components\IPT;C:\Program Files\Acer\Remote Files\;C:\WINDOWS\system32;C:\WINDOWS;C:\WINDOWS\System32\Wbem;C:\WINDOWS\System32\WindowsPowerShell\v1.0\;C:\Program Files (x86)\Skype\Phone\;C:\Program Files (x86)\QuickTime\QTSystem\;C:\WINDOWS\system32;C:\WINDOWS;C:\WINDOWS\System32\Wbem;C:\WINDOWS\System32\WindowsPowerShell\v1.0\;%QUARTUS_ROOTDIR%\bin;C:\Program Files (x86)\apache-maven-3.3.9\bin;C:\Program Files (x86)\apache-maven-3.3.9\bin
USERNAME=Hassen
OS=Windows_NT
PROCESSOR_IDENTIFIER=Intel64 Family 6 Model 69 Stepping 1, GenuineIntel



---------------  S Y S T E M  ---------------

OS: Windows 10.0 , 64 bit Build 10586 (10.0.10586.589)

CPU:total 4 (2 cores per cpu, 2 threads per core) family 6 model 69 stepping 1, cmov, cx8, fxsr, mmx, sse, sse2, sse3, ssse3, sse4.1, sse4.2, popcnt, avx, avx2, aes, clmul, erms, lzcnt, ht, tsc, tscinvbit, bmi1, bmi2

Memory: 4k page, physical 8281368k(645032k free), swap 13073084k(4104k free)

vm_info: Java HotSpot(TM) 64-Bit Server VM (25.111-b14) for windows-amd64 JRE (1.8.0_111-b14), built on Sep 22 2016 19:24:05 by "java_re" with MS VC++ 10.0 (VS2010)

time: Thu Oct 27 12:56:39 2016
elapsed time: 2 seconds (0d 0h 0m 2s)

