#
# There is insufficient memory for the Java Runtime Environment to continue.
# Native memory allocation (malloc) failed to allocate 1454416 bytes for Chunk::new
# Possible reasons:
#   The system is out of physical RAM or swap space
#   In 32 bit mode, the process size limit was hit
# Possible solutions:
#   Reduce memory load on the system
#   Increase physical memory or swap space
#   Check if swap backing store is full
#   Use 64 bit Java on a 64 bit OS
#   Decrease Java heap size (-Xmx/-Xms)
#   Decrease number of Java threads
#   Decrease Java thread stack sizes (-Xss)
#   Set larger code cache with -XX:ReservedCodeCacheSize=
# This output file may be truncated or incomplete.
#
#  Out of Memory Error (allocation.cpp:390), pid=8568, tid=0x00000000000017d0
#
# JRE version: Java(TM) SE Runtime Environment (8.0_111-b14) (build 1.8.0_111-b14)
# Java VM: Java HotSpot(TM) 64-Bit Server VM (25.111-b14 mixed mode windows-amd64 compressed oops)
# Failed to write core dump. Minidumps are not enabled by default on client versions of Windows
#

---------------  T H R E A D  ---------------

Current thread (0x0000000015480000):  JavaThread "C2 CompilerThread1" daemon [_thread_in_native, id=6096, stack(0x0000000016bb0000,0x0000000016cb0000)]

Stack: [0x0000000016bb0000,0x0000000016cb0000]
[error occurred during error reporting (printing stack bounds), id 0xc0000005]

Native frames: (J=compiled Java code, j=interpreted, Vv=VM code, C=native code)


Current CompileTask:
C2:  24697 2749       4       com.android.dx.dex.code.LocalList$MakeState::snapshot (110 bytes)


---------------  P R O C E S S  ---------------

Java Threads: ( => current thread )
  0x0000000017041800 JavaThread "pool-1-thread-1" [_thread_in_Java, id=1452, stack(0x000000001a050000,0x000000001a150000)]
  0x00000000154dd800 JavaThread "Service Thread" daemon [_thread_blocked, id=7360, stack(0x00000000171b0000,0x00000000172b0000)]
  0x00000000154db000 JavaThread "C1 CompilerThread2" daemon [_thread_blocked, id=13228, stack(0x0000000016cb0000,0x0000000016db0000)]
=>0x0000000015480000 JavaThread "C2 CompilerThread1" daemon [_thread_in_native, id=6096, stack(0x0000000016bb0000,0x0000000016cb0000)]
  0x000000001547d000 JavaThread "C2 CompilerThread0" daemon [_thread_in_native, id=13272, stack(0x0000000016ab0000,0x0000000016bb0000)]
  0x000000001547b000 JavaThread "Attach Listener" daemon [_thread_blocked, id=12500, stack(0x00000000169b0000,0x0000000016ab0000)]
  0x000000001547a000 JavaThread "Signal Dispatcher" daemon [_thread_blocked, id=5820, stack(0x00000000168b0000,0x00000000169b0000)]
  0x000000001546a000 JavaThread "Finalizer" daemon [_thread_blocked, id=12684, stack(0x00000000166d0000,0x00000000167d0000)]
  0x0000000015449000 JavaThread "Reference Handler" daemon [_thread_blocked, id=13404, stack(0x00000000165d0000,0x00000000166d0000)]
  0x0000000002dad800 JavaThread "main" [_thread_blocked, id=13288, stack(0x0000000002a60000,0x0000000002b60000)]

Other Threads:
  0x0000000015447800 VMThread [stack: 0x00000000164d0000,0x00000000165d0000] [id=13224]
  0x0000000016db3800 WatcherThread [stack: 0x00000000172b0000,0x00000000173b0000] [id=11588]

VM state:not at safepoint (normal execution)

VM Mutex/Monitor currently owned by a thread:  ([mutex/lock_event])
[0x0000000002bf1850] CompileTaskAlloc_lock - owner thread: 0x0000000000000000

Heap:
 PSYoungGen      total 155136K, used 128718K [0x00000000eab00000, 0x00000000fee00000, 0x0000000100000000)
  eden space 133120K, 80% used [0x00000000eab00000,0x00000000f1335460,0x00000000f2d00000)
  from space 22016K, 99% used [0x00000000f2d00000,0x00000000f427e478,0x00000000f4280000)
  to   space 32256K, 0% used [0x00000000fce80000,0x00000000fce80000,0x00000000fee00000)
 ParOldGen       total 87552K, used 48215K [0x00000000c0000000, 0x00000000c5580000, 0x00000000eab00000)
  object space 87552K, 55% used [0x00000000c0000000,0x00000000c2f15e70,0x00000000c5580000)
 Metaspace       used 7079K, capacity 7640K, committed 7936K, reserved 1056768K
  class space    used 665K, capacity 720K, committed 768K, reserved 1048576K

Card table byte_map: [0x0000000012170000,0x0000000012380000] byte_map_base: 0x0000000011b70000

Marking Bits: (ParMarkBitMap*) 0x000000005331a6c0
 Begin Bits: [0x00000000128e0000, 0x00000000138e0000)
 End Bits:   [0x00000000138e0000, 0x00000000148e0000)

Polling page: 0x0000000000e20000

CodeCache: size=245760Kb used=10342Kb max_used=10342Kb free=235417Kb
 bounds [0x0000000002db0000, 0x00000000037e0000, 0x0000000011db0000]
 total_blobs=2654 nmethods=2383 adapters=183
 compilation: enabled

Compilation events (10 events):
Event: 24.677 Thread 0x00000000154db000 2855       2       com.android.dx.rop.annotation.Annotation::getNameValuePairs (11 bytes)
Event: 24.678 Thread 0x00000000154db000 nmethod 2855 0x00000000037cd990 code [0x00000000037cdb00, 0x00000000037cde08]
Event: 24.678 Thread 0x00000000154db000 2856       1       com.android.dx.rop.cst.CstArray::getList (5 bytes)
Event: 24.678 Thread 0x00000000154db000 nmethod 2856 0x0000000003315910 code [0x0000000003315a60, 0x0000000003315b70]
Event: 24.679 Thread 0x00000000154db000 2857       2       com.android.dx.dex.file.AnnotationItem::place0 (52 bytes)
Event: 24.680 Thread 0x00000000154db000 nmethod 2857 0x00000000037cdfd0 code [0x00000000037ce180, 0x00000000037ce628]
Event: 24.680 Thread 0x00000000154db000 2858       2       com.android.dx.dex.file.ValueEncoder::writeAnnotation (401 bytes)
Event: 24.685 Thread 0x00000000154db000 nmethod 2858 0x00000000037ce890 code [0x00000000037cede0, 0x00000000037d0d88]
Event: 24.686 Thread 0x00000000154db000 2859       2       com.android.dx.dex.file.ValueEncoder::<init> (43 bytes)
Event: 24.686 Thread 0x00000000154db000 nmethod 2859 0x00000000037d3d90 code [0x00000000037d3f20, 0x00000000037d41f8]

GC Heap History (10 events):
Event: 17.721 GC heap before
{Heap before GC invocations=3 (full 0):
 PSYoungGen      total 71680K, used 71664K [0x00000000eab00000, 0x00000000ef600000, 0x0000000100000000)
  eden space 66560K, 100% used [0x00000000eab00000,0x00000000eec00000,0x00000000eec00000)
  from space 5120K, 99% used [0x00000000ef100000,0x00000000ef5fc180,0x00000000ef600000)
  to   space 5120K, 0% used [0x00000000eec00000,0x00000000eec00000,0x00000000ef100000)
 ParOldGen       total 87552K, used 3495K [0x00000000c0000000, 0x00000000c5580000, 0x00000000eab00000)
  object space 87552K, 3% used [0x00000000c0000000,0x00000000c0369c58,0x00000000c5580000)
 Metaspace       used 6375K, capacity 7128K, committed 7424K, reserved 1056768K
  class space    used 625K, capacity 656K, committed 768K, reserved 1048576K
Event: 17.892 GC heap after
Heap after GC invocations=3 (full 0):
 PSYoungGen      total 71680K, used 5096K [0x00000000eab00000, 0x00000000ef600000, 0x0000000100000000)
  eden space 66560K, 0% used [0x00000000eab00000,0x00000000eab00000,0x00000000eec00000)
  from space 5120K, 99% used [0x00000000eec00000,0x00000000ef0fa2e0,0x00000000ef100000)
  to   space 5120K, 0% used [0x00000000ef100000,0x00000000ef100000,0x00000000ef600000)
 ParOldGen       total 87552K, used 13368K [0x00000000c0000000, 0x00000000c5580000, 0x00000000eab00000)
  object space 87552K, 15% used [0x00000000c0000000,0x00000000c0d0e0a8,0x00000000c5580000)
 Metaspace       used 6375K, capacity 7128K, committed 7424K, reserved 1056768K
  class space    used 625K, capacity 656K, committed 768K, reserved 1048576K
}
Event: 19.682 GC heap before
{Heap before GC invocations=4 (full 0):
 PSYoungGen      total 71680K, used 71656K [0x00000000eab00000, 0x00000000ef600000, 0x0000000100000000)
  eden space 66560K, 100% used [0x00000000eab00000,0x00000000eec00000,0x00000000eec00000)
  from space 5120K, 99% used [0x00000000eec00000,0x00000000ef0fa2e0,0x00000000ef100000)
  to   space 5120K, 0% used [0x00000000ef100000,0x00000000ef100000,0x00000000ef600000)
 ParOldGen       total 87552K, used 13368K [0x00000000c0000000, 0x00000000c5580000, 0x00000000eab00000)
  object space 87552K, 15% used [0x00000000c0000000,0x00000000c0d0e0a8,0x00000000c5580000)
 Metaspace       used 6518K, capacity 7192K, committed 7424K, reserved 1056768K
  class space    used 625K, capacity 656K, committed 768K, reserved 1048576K
Event: 19.897 GC heap after
Heap after GC invocations=4 (full 0):
 PSYoungGen      total 71680K, used 5096K [0x00000000eab00000, 0x00000000ef600000, 0x0000000100000000)
  eden space 66560K, 0% used [0x00000000eab00000,0x00000000eab00000,0x00000000eec00000)
  from space 5120K, 99% used [0x00000000ef100000,0x00000000ef5fa2c0,0x00000000ef600000)
  to   space 5120K, 0% used [0x00000000eec00000,0x00000000eec00000,0x00000000ef100000)
 ParOldGen       total 87552K, used 23697K [0x00000000c0000000, 0x00000000c5580000, 0x00000000eab00000)
  object space 87552K, 27% used [0x00000000c0000000,0x00000000c17246a0,0x00000000c5580000)
 Metaspace       used 6518K, capacity 7192K, committed 7424K, reserved 1056768K
  class space    used 625K, capacity 656K, committed 768K, reserved 1048576K
}
Event: 21.251 GC heap before
{Heap before GC invocations=5 (full 0):
 PSYoungGen      total 71680K, used 71656K [0x00000000eab00000, 0x00000000ef600000, 0x0000000100000000)
  eden space 66560K, 100% used [0x00000000eab00000,0x00000000eec00000,0x00000000eec00000)
  from space 5120K, 99% used [0x00000000ef100000,0x00000000ef5fa2c0,0x00000000ef600000)
  to   space 5120K, 0% used [0x00000000eec00000,0x00000000eec00000,0x00000000ef100000)
 ParOldGen       total 87552K, used 23697K [0x00000000c0000000, 0x00000000c5580000, 0x00000000eab00000)
  object space 87552K, 27% used [0x00000000c0000000,0x00000000c17246a0,0x00000000c5580000)
 Metaspace       used 6541K, capacity 7256K, committed 7424K, reserved 1056768K
  class space    used 625K, capacity 656K, committed 768K, reserved 1048576K
Event: 21.315 GC heap after
Heap after GC invocations=5 (full 0):
 PSYoungGen      total 71680K, used 5105K [0x00000000eab00000, 0x00000000f5800000, 0x0000000100000000)
  eden space 66560K, 0% used [0x00000000eab00000,0x00000000eab00000,0x00000000eec00000)
  from space 5120K, 99% used [0x00000000eec00000,0x00000000ef0fc508,0x00000000ef100000)
  to   space 22016K, 0% used [0x00000000f4280000,0x00000000f4280000,0x00000000f5800000)
 ParOldGen       total 87552K, used 35060K [0x00000000c0000000, 0x00000000c5580000, 0x00000000eab00000)
  object space 87552K, 40% used [0x00000000c0000000,0x00000000c223d2c0,0x00000000c5580000)
 Metaspace       used 6541K, capacity 7256K, committed 7424K, reserved 1056768K
  class space    used 625K, capacity 656K, committed 768K, reserved 1048576K
}
Event: 21.681 GC heap before
{Heap before GC invocations=6 (full 0):
 PSYoungGen      total 71680K, used 71665K [0x00000000eab00000, 0x00000000f5800000, 0x0000000100000000)
  eden space 66560K, 100% used [0x00000000eab00000,0x00000000eec00000,0x00000000eec00000)
  from space 5120K, 99% used [0x00000000eec00000,0x00000000ef0fc508,0x00000000ef100000)
  to   space 22016K, 0% used [0x00000000f4280000,0x00000000f4280000,0x00000000f5800000)
 ParOldGen       total 87552K, used 35060K [0x00000000c0000000, 0x00000000c5580000, 0x00000000eab00000)
  object space 87552K, 40% used [0x00000000c0000000,0x00000000c223d2c0,0x00000000c5580000)
 Metaspace       used 6650K, capacity 7288K, committed 7424K, reserved 1056768K
  class space    used 645K, capacity 688K, committed 768K, reserved 1048576K
Event: 21.740 GC heap after
Heap after GC invocations=6 (full 0):
 PSYoungGen      total 155136K, used 15546K [0x00000000eab00000, 0x00000000f5800000, 0x0000000100000000)
  eden space 133120K, 0% used [0x00000000eab00000,0x00000000eab00000,0x00000000f2d00000)
  from space 22016K, 70% used [0x00000000f4280000,0x00000000f51ae958,0x00000000f5800000)
  to   space 22016K, 0% used [0x00000000f2d00000,0x00000000f2d00000,0x00000000f4280000)
 ParOldGen       total 87552K, used 35060K [0x00000000c0000000, 0x00000000c5580000, 0x00000000eab00000)
  object space 87552K, 40% used [0x00000000c0000000,0x00000000c223d2c0,0x00000000c5580000)
 Metaspace       used 6650K, capacity 7288K, committed 7424K, reserved 1056768K
  class space    used 645K, capacity 688K, committed 768K, reserved 1048576K
}
Event: 22.428 GC heap before
{Heap before GC invocations=7 (full 0):
 PSYoungGen      total 155136K, used 148666K [0x00000000eab00000, 0x00000000f5800000, 0x0000000100000000)
  eden space 133120K, 100% used [0x00000000eab00000,0x00000000f2d00000,0x00000000f2d00000)
  from space 22016K, 70% used [0x00000000f4280000,0x00000000f51ae958,0x00000000f5800000)
  to   space 22016K, 0% used [0x00000000f2d00000,0x00000000f2d00000,0x00000000f4280000)
 ParOldGen       total 87552K, used 35060K [0x00000000c0000000, 0x00000000c5580000, 0x00000000eab00000)
  object space 87552K, 40% used [0x00000000c0000000,0x00000000c223d2c0,0x00000000c5580000)
 Metaspace       used 6660K, capacity 7288K, committed 7424K, reserved 1056768K
  class space    used 645K, capacity 688K, committed 768K, reserved 1048576K
Event: 22.540 GC heap after
Heap after GC invocations=7 (full 0):
 PSYoungGen      total 155136K, used 22009K [0x00000000eab00000, 0x00000000fee00000, 0x0000000100000000)
  eden space 133120K, 0% used [0x00000000eab00000,0x00000000eab00000,0x00000000f2d00000)
  from space 22016K, 99% used [0x00000000f2d00000,0x00000000f427e478,0x00000000f4280000)
  to   space 32256K, 0% used [0x00000000fce80000,0x00000000fce80000,0x00000000fee00000)
 ParOldGen       total 87552K, used 48215K [0x00000000c0000000, 0x00000000c5580000, 0x00000000eab00000)
  object space 87552K, 55% used [0x00000000c0000000,0x00000000c2f15e70,0x00000000c5580000)
 Metaspace       used 6660K, capacity 7288K, committed 7424K, reserved 1056768K
  class space    used 645K, capacity 688K, committed 768K, reserved 1048576K
}

Deoptimization events (10 events):
Event: 23.145 Thread 0x0000000017041800 Uncommon trap: reason=class_check action=maybe_recompile pc=0x000000000326ec44 method=java.util.HashMap.putVal(ILjava/lang/Object;Ljava/lang/Object;ZZ)Ljava/lang/Object; @ 203
Event: 23.703 Thread 0x0000000017041800 Uncommon trap: reason=unstable_if action=reinterpret pc=0x00000000036636ec method=java.util.TreeMap.put(Ljava/lang/Object;Ljava/lang/Object;)Ljava/lang/Object; @ 163
Event: 23.986 Thread 0x0000000017041800 Uncommon trap: reason=bimorphic action=maybe_recompile pc=0x000000000308544c method=com.android.dx.dex.code.DalvInsn.getLowRegVersion()Lcom/android/dx/dex/code/DalvInsn; @ 16
Event: 23.987 Thread 0x0000000017041800 Uncommon trap: reason=bimorphic action=maybe_recompile pc=0x000000000308544c method=com.android.dx.dex.code.DalvInsn.getLowRegVersion()Lcom/android/dx/dex/code/DalvInsn; @ 16
Event: 23.987 Thread 0x0000000017041800 Uncommon trap: reason=unstable_if action=reinterpret pc=0x000000000308c068 method=com.android.dx.dex.code.OutputFinisher.align64bits([Lcom/android/dx/dex/code/Dop;)V @ 205
Event: 23.987 Thread 0x0000000017041800 Uncommon trap: reason=bimorphic action=maybe_recompile pc=0x000000000308544c method=com.android.dx.dex.code.DalvInsn.getLowRegVersion()Lcom/android/dx/dex/code/DalvInsn; @ 16
Event: 24.027 Thread 0x0000000017041800 Uncommon trap: reason=unstable_if action=reinterpret pc=0x0000000003043808 method=com.android.dx.dex.code.LocalList$MakeState.snapshot(ILcom/android/dx/rop/code/RegisterSpecSet;)V @ 86
Event: 24.074 Thread 0x0000000017041800 Uncommon trap: reason=bimorphic action=maybe_recompile pc=0x000000000308544c method=com.android.dx.dex.code.DalvInsn.getLowRegVersion()Lcom/android/dx/dex/code/DalvInsn; @ 16
Event: 24.460 Thread 0x0000000017041800 Uncommon trap: reason=unstable_if action=reinterpret pc=0x00000000036fcaf8 method=java.util.ArrayList.<init>(I)V @ 5
Event: 24.687 Thread 0x0000000017041800 Uncommon trap: reason=unstable_if action=reinterpret pc=0x00000000031c26fc method=java.lang.Long.numberOfTrailingZeros(J)I @ 3

Internal exceptions (8 events):
Event: 0.070 Thread 0x0000000002dad800 Exception <a 'java/lang/NoSuchMethodError': Method sun.misc.Unsafe.defineClass(Ljava/lang/String;[BII)Ljava/lang/Class; name or signature does not match> (0x00000000eab07c78) thrown at [C:\re\workspace\8-2-build-windows-amd64-cygwin\jdk8u111\7883\hotspot\
Event: 0.070 Thread 0x0000000002dad800 Exception <a 'java/lang/NoSuchMethodError': Method sun.misc.Unsafe.prefetchRead(Ljava/lang/Object;J)V name or signature does not match> (0x00000000eab07f60) thrown at [C:\re\workspace\8-2-build-windows-amd64-cygwin\jdk8u111\7883\hotspot\src\share\vm\prims
Event: 14.904 Thread 0x0000000017040000 Implicit null exception at 0x00000000033ef3ff to 0x00000000033f13f5
Event: 20.920 Thread 0x0000000002dad800 Implicit null exception at 0x000000000333464c to 0x00000000033358f1
Event: 20.932 Thread 0x0000000002dad800 Implicit null exception at 0x00000000033469bc to 0x0000000003348179
Event: 21.363 Thread 0x0000000017042800 Exception <a 'java/lang/ArrayIndexOutOfBoundsException': 18> (0x00000000eb4e1870) thrown at [C:\re\workspace\8-2-build-windows-amd64-cygwin\jdk8u111\7883\hotspot\src\share\vm\interpreter\interpreterRuntime.cpp, line 366]
Event: 21.364 Thread 0x0000000017042800 Exception <a 'java/lang/ArrayIndexOutOfBoundsException'> (0x00000000eb4e33f0) thrown at [C:\re\workspace\8-2-build-windows-amd64-cygwin\jdk8u111\7883\hotspot\src\share\vm\runtime\sharedRuntime.cpp, line 605]
Event: 21.365 Thread 0x0000000017042800 Exception <a 'java/lang/ArrayIndexOutOfBoundsException'> (0x00000000eb4e46d8) thrown at [C:\re\workspace\8-2-build-windows-amd64-cygwin\jdk8u111\7883\hotspot\src\share\vm\runtime\sharedRuntime.cpp, line 605]

Events (10 events):
Event: 24.617 Thread 0x0000000017041800 DEOPT UNPACKING pc=0x0000000002df787f sp=0x000000001a14ead0 mode 0
Event: 24.623 Thread 0x0000000017041800 DEOPT PACKING pc=0x00000000033263d3 sp=0x000000001a14ec70
Event: 24.623 Thread 0x0000000017041800 DEOPT UNPACKING pc=0x0000000002df787f sp=0x000000001a14e9f0 mode 0
Event: 24.627 Thread 0x0000000017041800 DEOPT PACKING pc=0x000000000331a2bf sp=0x000000001a14ec50
Event: 24.627 Thread 0x0000000017041800 DEOPT UNPACKING pc=0x0000000002df787f sp=0x000000001a14e9e0 mode 0
Event: 24.670 loading class com/android/dex/EncodedValueCodec
Event: 24.670 loading class com/android/dex/EncodedValueCodec done
Event: 24.686 Thread 0x0000000017041800 Uncommon trap: trap_request=0xffffff65 fr.pc=0x00000000031c26fc
Event: 24.687 Thread 0x0000000017041800 DEOPT PACKING pc=0x00000000031c26fc sp=0x000000001a14eb80
Event: 24.687 Thread 0x0000000017041800 DEOPT UNPACKING pc=0x0000000002df582a sp=0x000000001a14eb10 mode 2


Dynamic libraries:
0x00007ff70c9f0000 - 0x00007ff70ca27000 	C:\Program Files\Java\jdk1.8.0_111\bin\java.exe
0x00007ffa8eb90000 - 0x00007ffa8ed51000 	C:\WINDOWS\SYSTEM32\ntdll.dll
0x00007ffa8e040000 - 0x00007ffa8e0ed000 	C:\WINDOWS\system32\KERNEL32.DLL
0x00007ffa8ba60000 - 0x00007ffa8bc48000 	C:\WINDOWS\system32\KERNELBASE.dll
0x00007ffa8df90000 - 0x00007ffa8e037000 	C:\WINDOWS\system32\ADVAPI32.dll
0x00007ffa8e670000 - 0x00007ffa8e70d000 	C:\WINDOWS\system32\msvcrt.dll
0x00007ffa8db50000 - 0x00007ffa8dbab000 	C:\WINDOWS\system32\sechost.dll
0x00007ffa8c0e0000 - 0x00007ffa8c1fc000 	C:\WINDOWS\system32\RPCRT4.dll
0x00007ffa8c490000 - 0x00007ffa8c5e6000 	C:\WINDOWS\system32\USER32.dll
0x00007ffa8c240000 - 0x00007ffa8c3c6000 	C:\WINDOWS\system32\GDI32.dll
0x00007ffa7e220000 - 0x00007ffa7e494000 	C:\WINDOWS\WinSxS\amd64_microsoft.windows.common-controls_6595b64144ccf1df_6.0.10586.589_none_a2ddb3caa539acce\COMCTL32.dll
0x00007ffa8dbb0000 - 0x00007ffa8de2d000 	C:\WINDOWS\system32\combase.dll
0x00007ffa8b2d0000 - 0x00007ffa8b33a000 	C:\WINDOWS\system32\bcryptPrimitives.dll
0x00007ffa8c200000 - 0x00007ffa8c23b000 	C:\WINDOWS\system32\IMM32.DLL
0x00000000533a0000 - 0x0000000053472000 	C:\Program Files\Java\jdk1.8.0_111\jre\bin\msvcr100.dll
0x0000000052b00000 - 0x000000005339a000 	C:\Program Files\Java\jdk1.8.0_111\jre\bin\server\jvm.dll
0x00007ffa8e820000 - 0x00007ffa8e828000 	C:\WINDOWS\system32\PSAPI.DLL
0x00007ffa7dda0000 - 0x00007ffa7dda9000 	C:\WINDOWS\SYSTEM32\WSOCK32.dll
0x00007ffa8bf90000 - 0x00007ffa8bffb000 	C:\WINDOWS\system32\WS2_32.dll
0x00007ffa898b0000 - 0x00007ffa898d3000 	C:\WINDOWS\SYSTEM32\WINMM.dll
0x00007ffa88380000 - 0x00007ffa8838a000 	C:\WINDOWS\SYSTEM32\VERSION.dll
0x00007ffa89880000 - 0x00007ffa898ac000 	C:\WINDOWS\SYSTEM32\winmmbase.dll
0x00007ffa8bf40000 - 0x00007ffa8bf83000 	C:\WINDOWS\system32\cfgmgr32.dll
0x0000000052af0000 - 0x0000000052aff000 	C:\Program Files\Java\jdk1.8.0_111\jre\bin\verify.dll
0x0000000052ac0000 - 0x0000000052ae9000 	C:\Program Files\Java\jdk1.8.0_111\jre\bin\java.dll
0x0000000052aa0000 - 0x0000000052ab6000 	C:\Program Files\Java\jdk1.8.0_111\jre\bin\zip.dll
0x00007ffa8c5f0000 - 0x00007ffa8db4c000 	C:\WINDOWS\system32\SHELL32.dll
0x00007ffa8b340000 - 0x00007ffa8b985000 	C:\WINDOWS\system32\windows.storage.dll
0x00007ffa8eb30000 - 0x00007ffa8eb82000 	C:\WINDOWS\system32\shlwapi.dll
0x00007ffa8b1b0000 - 0x00007ffa8b1bf000 	C:\WINDOWS\system32\kernel.appcore.dll
0x00007ffa8bc50000 - 0x00007ffa8bd05000 	C:\WINDOWS\system32\shcore.dll
0x00007ffa8b1f0000 - 0x00007ffa8b23b000 	C:\WINDOWS\system32\powrprof.dll
0x00007ffa8b1c0000 - 0x00007ffa8b1d4000 	C:\WINDOWS\system32\profapi.dll

VM Arguments:
jvm_args: -Djava.awt.headless=true -Xmx1024M -Dfile.encoding=windows-1252 -Duser.country=CA -Duser.language=en -Duser.variant 
java_command: com.android.dx.command.Main --dex --force-jumbo --num-threads=4 --multi-dex --output C:\Users\Hassen\Documents\Sirine\CPEN321-\proj\cpen321project\PlanMyTrip\app\build\intermediates\transforms\dex\debug\folders\1000\10\com.android.support-support-v4-24.1.0_a8e38c343730cc62bf087008767a135f68ee1463 C:\Users\Hassen\Documents\Sirine\CPEN321-\proj\cpen321project\PlanMyTrip\app\build\intermediates\exploded-aar\com.android.support\support-v4\24.1.0\jars\classes.jar
java_class_path (initial): C:\Users\Hassen\AppData\Local\Android\sdk\build-tools\24.0.1\lib\dx.jar
Launcher Type: SUN_STANDARD

Environment Variables:
JAVA_HOME=C:\Program Files (x86)\Java\jdk1.7.0_79
PATH=C:\ProgramData\Oracle\Java\javapath;C:\Program Files (x86)\Common Files\NetSarang;C:\Program Files (x86)\Intel\iCLS Client\;C:\Program Files\Intel\iCLS Client\;C:\Windows\system32;C:\Windows;C:\Windows\System32\Wbem;C:\Windows\System32\WindowsPowerShell\v1.0\;C:\Program Files\Intel\WiFi\bin\;C:\Program Files\Common Files\Intel\WirelessCommon\;C:\Program Files\Intel\Intel(R) Management Engine Components\DAL;C:\Program Files\Intel\Intel(R) Management Engine Components\IPT;C:\Program Files (x86)\Intel\Intel(R) Management Engine Components\DAL;C:\Program Files (x86)\Intel\Intel(R) Management Engine Components\IPT;C:\Program Files\Acer\Remote Files\;C:\WINDOWS\system32;C:\WINDOWS;C:\WINDOWS\System32\Wbem;C:\WINDOWS\System32\WindowsPowerShell\v1.0\;C:\Program Files (x86)\Skype\Phone\;C:\Program Files (x86)\QuickTime\QTSystem\;C:\WINDOWS\system32;C:\WINDOWS;C:\WINDOWS\System32\Wbem;C:\WINDOWS\System32\WindowsPowerShell\v1.0\;%QUARTUS_ROOTDIR%\bin;C:\Program Files (x86)\apache-maven-3.3.9\bin;C:\Program Files (x86)\apache-maven-3.3.9\bin
USERNAME=Hassen
OS=Windows_NT
PROCESSOR_IDENTIFIER=Intel64 Family 6 Model 69 Stepping 1, GenuineIntel



---------------  S Y S T E M  ---------------

OS: Windows 10.0 , 64 bit Build 10586 (10.0.10586.589)

CPU:total 4 (2 cores per cpu, 2 threads per core) family 6 model 69 stepping 1, cmov, cx8, fxsr, mmx, sse, sse2, sse3, ssse3, sse4.1, sse4.2, popcnt, avx, avx2, aes, clmul, erms, lzcnt, ht, tsc, tscinvbit, bmi1, bmi2

Memory: 4k page, physical 8281368k(587080k free), swap 12807464k(584k free)

vm_info: Java HotSpot(TM) 64-Bit Server VM (25.111-b14) for windows-amd64 JRE (1.8.0_111-b14), built on Sep 22 2016 19:24:05 by "java_re" with MS VC++ 10.0 (VS2010)

time: Wed Oct 26 12:59:41 2016
elapsed time: 24 seconds (0d 0h 0m 24s)

