#
# There is insufficient memory for the Java Runtime Environment to continue.
# Native memory allocation (malloc) failed to allocate 32784 bytes for Chunk::new
# Possible reasons:
#   The system is out of physical RAM or swap space
#   In 32 bit mode, the process size limit was hit
# Possible solutions:
#   Reduce memory load on the system
#   Increase physical memory or swap space
#   Check if swap backing store is full
#   Use 64 bit Java on a 64 bit OS
#   Decrease Java heap size (-Xmx/-Xms)
#   Decrease number of Java threads
#   Decrease Java thread stack sizes (-Xss)
#   Set larger code cache with -XX:ReservedCodeCacheSize=
# This output file may be truncated or incomplete.
#
#  Out of Memory Error (allocation.cpp:390), pid=2996, tid=0x0000000000000340
#
# JRE version: Java(TM) SE Runtime Environment (8.0_111-b14) (build 1.8.0_111-b14)
# Java VM: Java HotSpot(TM) 64-Bit Server VM (25.111-b14 mixed mode windows-amd64 compressed oops)
# Failed to write core dump. Minidumps are not enabled by default on client versions of Windows
#

---------------  T H R E A D  ---------------

Current thread (0x000000001580e000):  JavaThread "C2 CompilerThread0" daemon [_thread_in_native, id=832, stack(0x0000000016e40000,0x0000000016f40000)]

Stack: [0x0000000016e40000,0x0000000016f40000]
[error occurred during error reporting (printing stack bounds), id 0xc0000005]

Native frames: (J=compiled Java code, j=interpreted, Vv=VM code, C=native code)


Current CompileTask:
C2:  13165  902       4       com.android.dx.ssa.NormalSsaInsn::mapSourceRegisters (48 bytes)


---------------  P R O C E S S  ---------------

Java Threads: ( => current thread )
  0x0000000017184000 JavaThread "pool-1-thread-1" [_thread_new, id=14104, stack(0x0000000000000000,0x0000000000000000)]
  0x0000000017046800 JavaThread "Service Thread" daemon [_thread_blocked, id=7064, stack(0x0000000017540000,0x0000000017640000)]
  0x0000000017040800 JavaThread "C1 CompilerThread2" daemon [_thread_in_native, id=6880, stack(0x0000000017440000,0x0000000017540000)]
  0x000000001586a800 JavaThread "C2 CompilerThread1" daemon [_thread_in_native, id=5456, stack(0x0000000016f40000,0x0000000017040000)]
=>0x000000001580e000 JavaThread "C2 CompilerThread0" daemon [_thread_in_native, id=832, stack(0x0000000016e40000,0x0000000016f40000)]
  0x000000001580c000 JavaThread "Attach Listener" daemon [_thread_blocked, id=5184, stack(0x0000000016d40000,0x0000000016e40000)]
  0x000000001580b000 JavaThread "Signal Dispatcher" daemon [_thread_blocked, id=1948, stack(0x0000000016c40000,0x0000000016d40000)]
  0x0000000003134800 JavaThread "Finalizer" daemon [_thread_blocked, id=940, stack(0x0000000016a60000,0x0000000016b60000)]
  0x000000000312f000 JavaThread "Reference Handler" daemon [_thread_blocked, id=9684, stack(0x0000000016960000,0x0000000016a60000)]
  0x000000000301d800 JavaThread "main" [_thread_blocked, id=9848, stack(0x0000000002e60000,0x0000000002f60000)]

Other Threads:
  0x00000000157d8000 VMThread [stack: 0x0000000016860000,0x0000000016960000] [id=8300]
  0x0000000017054000 WatcherThread [stack: 0x0000000017640000,0x0000000017740000] [id=13892]

VM state:not at safepoint (normal execution)

VM Mutex/Monitor currently owned by a thread: None

Heap:
 PSYoungGen      total 38400K, used 19573K [0x00000000eab00000, 0x00000000ed580000, 0x0000000100000000)
  eden space 33280K, 58% used [0x00000000eab00000,0x00000000ebe1d638,0x00000000ecb80000)
  from space 5120K, 0% used [0x00000000ed080000,0x00000000ed080000,0x00000000ed580000)
  to   space 5120K, 0% used [0x00000000ecb80000,0x00000000ecb80000,0x00000000ed080000)
 ParOldGen       total 87552K, used 0K [0x00000000c0000000, 0x00000000c5580000, 0x00000000eab00000)
  object space 87552K, 0% used [0x00000000c0000000,0x00000000c0000000,0x00000000c5580000)
 Metaspace       used 5752K, capacity 6772K, committed 7040K, reserved 1058816K
  class space    used 597K, capacity 620K, committed 640K, reserved 1048576K

Card table byte_map: [0x0000000012500000,0x0000000012710000] byte_map_base: 0x0000000011f00000

Marking Bits: (ParMarkBitMap*) 0x0000000052a7a6c0
 Begin Bits: [0x0000000012c70000, 0x0000000013c70000)
 End Bits:   [0x0000000013c70000, 0x0000000014c70000)

Polling page: 0x0000000002f60000

CodeCache: size=245760Kb used=3651Kb max_used=3665Kb free=242108Kb
 bounds [0x0000000003140000, 0x00000000034e0000, 0x0000000012140000]
 total_blobs=1175 nmethods=912 adapters=174
 compilation: enabled

Compilation events (10 events):
Event: 13.146 Thread 0x0000000017040800 nmethod 917 0x00000000034c3650 code [0x00000000034c3960, 0x00000000034c5588]
Event: 13.147 Thread 0x0000000017040800  918       3       java.util.HashMap::afterNodeAccess (1 bytes)
Event: 13.147 Thread 0x0000000017040800 nmethod 918 0x00000000034c6ed0 code [0x00000000034c7020, 0x00000000034c7170]
Event: 13.147 Thread 0x0000000017040800  919       3       com.android.dx.util.BitIntSet$1::next (42 bytes)
Event: 13.148 Thread 0x0000000017040800 nmethod 919 0x00000000034c71d0 code [0x00000000034c7360, 0x00000000034c76d8]
Event: 13.148 Thread 0x0000000017040800  920       3       com.android.dx.ssa.SsaRenamer$BlockRenamer$1::visitPhiInsn (60 bytes)
Event: 13.149 Thread 0x0000000017040800 nmethod 920 0x00000000034c7850 code [0x00000000034c7a40, 0x00000000034c86c8]
Event: 13.149 Thread 0x0000000017040800  921       3       com.android.dx.ssa.SsaMethod::getEntryBlock (15 bytes)
Event: 13.150 Thread 0x0000000017040800 nmethod 921 0x00000000034c8d90 code [0x00000000034c8f40, 0x00000000034c9438]
Event: 13.151 Thread 0x0000000017040800  924       3       com.android.dx.ssa.SsaMethod::computeReachability (131 bytes)

GC Heap History (0 events):
No events

Deoptimization events (7 events):
Event: 12.681 Thread 0x000000000301d800 Uncommon trap: reason=unstable_if action=reinterpret pc=0x00000000033749c0 method=java.util.HashMap.getNode(ILjava/lang/Object;)Ljava/util/HashMap$Node; @ 62
Event: 12.822 Thread 0x000000001717e000 Uncommon trap: reason=class_check action=maybe_recompile pc=0x0000000003300eb4 method=com.android.dx.rop.cst.CstMemberRef.compareTo0(Lcom/android/dx/rop/cst/Constant;)I @ 1
Event: 12.822 Thread 0x000000000301d800 Uncommon trap: reason=class_check action=maybe_recompile pc=0x0000000003300eb4 method=com.android.dx.rop.cst.CstMemberRef.compareTo0(Lcom/android/dx/rop/cst/Constant;)I @ 1
Event: 12.822 Thread 0x000000000301d800 Uncommon trap: reason=class_check action=maybe_recompile pc=0x0000000003300eb4 method=com.android.dx.rop.cst.CstMemberRef.compareTo0(Lcom/android/dx/rop/cst/Constant;)I @ 1
Event: 12.822 Thread 0x000000001716e800 Uncommon trap: reason=class_check action=maybe_recompile pc=0x0000000003300eb4 method=com.android.dx.rop.cst.CstMemberRef.compareTo0(Lcom/android/dx/rop/cst/Constant;)I @ 1
Event: 12.857 Thread 0x000000000301d800 Uncommon trap: reason=unstable_if action=reinterpret pc=0x00000000033c2c30 method=java.util.BitSet.nextSetBit(I)I @ 87
Event: 12.857 Thread 0x000000001716e800 Uncommon trap: reason=unstable_if action=reinterpret pc=0x00000000032ff438 method=com.android.dx.rop.cst.CstFieldRef.compareTo0(Lcom/android/dx/rop/cst/Constant;)I @ 7

Internal exceptions (2 events):
Event: 2.943 Thread 0x000000000301d800 Exception <a 'java/lang/NoSuchMethodError': Method sun.misc.Unsafe.defineClass(Ljava/lang/String;[BII)Ljava/lang/Class; name or signature does not match> (0x00000000eab07c78) thrown at [C:\re\workspace\8-2-build-windows-amd64-cygwin\jdk8u111\7883\hotspot\
Event: 2.943 Thread 0x000000000301d800 Exception <a 'java/lang/NoSuchMethodError': Method sun.misc.Unsafe.prefetchRead(Ljava/lang/Object;J)V name or signature does not match> (0x00000000eab07f60) thrown at [C:\re\workspace\8-2-build-windows-amd64-cygwin\jdk8u111\7883\hotspot\src\share\vm\prims

Events (10 events):
Event: 13.121 Thread 0x0000000017040800 flushing nmethod 0x000000000324ccd0
Event: 13.121 Thread 0x0000000017040800 flushing nmethod 0x0000000003255ad0
Event: 13.132 loading class java/util/HashMap$KeySet
Event: 13.132 loading class java/util/HashMap$KeySet done
Event: 13.132 loading class java/util/HashMap$KeyIterator
Event: 13.132 loading class java/util/HashMap$KeyIterator done
Event: 13.133 Thread 0x000000001717e000 Thread exited: 0x000000001717e000
Event: 13.133 Executing VM operation: RevokeBias
Event: 13.139 Executing VM operation: RevokeBias done
Event: 13.140 Thread 0x0000000017186800 Thread exited: 0x0000000017186800


Dynamic libraries:
0x00007ff7d0e50000 - 0x00007ff7d0e87000 	C:\Program Files\Java\jdk1.8.0_111\bin\java.exe
0x00007ffa8eb90000 - 0x00007ffa8ed51000 	C:\WINDOWS\SYSTEM32\ntdll.dll
0x00007ffa8e040000 - 0x00007ffa8e0ed000 	C:\WINDOWS\system32\KERNEL32.DLL
0x00007ffa8ba60000 - 0x00007ffa8bc48000 	C:\WINDOWS\system32\KERNELBASE.dll
0x00007ffa8df90000 - 0x00007ffa8e037000 	C:\WINDOWS\system32\ADVAPI32.dll
0x00007ffa8e670000 - 0x00007ffa8e70d000 	C:\WINDOWS\system32\msvcrt.dll
0x00007ffa8db50000 - 0x00007ffa8dbab000 	C:\WINDOWS\system32\sechost.dll
0x00007ffa8c0e0000 - 0x00007ffa8c1fc000 	C:\WINDOWS\system32\RPCRT4.dll
0x00007ffa8c490000 - 0x00007ffa8c5e6000 	C:\WINDOWS\system32\USER32.dll
0x00007ffa8c240000 - 0x00007ffa8c3c6000 	C:\WINDOWS\system32\GDI32.dll
0x00007ffa7e220000 - 0x00007ffa7e494000 	C:\WINDOWS\WinSxS\amd64_microsoft.windows.common-controls_6595b64144ccf1df_6.0.10586.589_none_a2ddb3caa539acce\COMCTL32.dll
0x00007ffa8dbb0000 - 0x00007ffa8de2d000 	C:\WINDOWS\system32\combase.dll
0x00007ffa8b2d0000 - 0x00007ffa8b33a000 	C:\WINDOWS\system32\bcryptPrimitives.dll
0x00007ffa8c200000 - 0x00007ffa8c23b000 	C:\WINDOWS\system32\IMM32.DLL
0x0000000053f00000 - 0x0000000053fd2000 	C:\Program Files\Java\jdk1.8.0_111\jre\bin\msvcr100.dll
0x0000000052260000 - 0x0000000052afa000 	C:\Program Files\Java\jdk1.8.0_111\jre\bin\server\jvm.dll
0x00007ffa8e820000 - 0x00007ffa8e828000 	C:\WINDOWS\system32\PSAPI.DLL
0x00007ffa7dda0000 - 0x00007ffa7dda9000 	C:\WINDOWS\SYSTEM32\WSOCK32.dll
0x00007ffa8bf90000 - 0x00007ffa8bffb000 	C:\WINDOWS\system32\WS2_32.dll
0x00007ffa898b0000 - 0x00007ffa898d3000 	C:\WINDOWS\SYSTEM32\WINMM.dll
0x00007ffa88380000 - 0x00007ffa8838a000 	C:\WINDOWS\SYSTEM32\VERSION.dll
0x00007ffa89880000 - 0x00007ffa898ac000 	C:\WINDOWS\SYSTEM32\WINMMBASE.dll
0x00007ffa8bf40000 - 0x00007ffa8bf83000 	C:\WINDOWS\system32\cfgmgr32.dll
0x0000000053ef0000 - 0x0000000053eff000 	C:\Program Files\Java\jdk1.8.0_111\jre\bin\verify.dll
0x0000000053ec0000 - 0x0000000053ee9000 	C:\Program Files\Java\jdk1.8.0_111\jre\bin\java.dll
0x0000000053ea0000 - 0x0000000053eb6000 	C:\Program Files\Java\jdk1.8.0_111\jre\bin\zip.dll
0x00007ffa8c5f0000 - 0x00007ffa8db4c000 	C:\WINDOWS\system32\SHELL32.dll
0x00007ffa8b340000 - 0x00007ffa8b985000 	C:\WINDOWS\system32\windows.storage.dll
0x00007ffa8eb30000 - 0x00007ffa8eb82000 	C:\WINDOWS\system32\shlwapi.dll
0x00007ffa8b1b0000 - 0x00007ffa8b1bf000 	C:\WINDOWS\system32\kernel.appcore.dll
0x00007ffa8bc50000 - 0x00007ffa8bd05000 	C:\WINDOWS\system32\shcore.dll
0x00007ffa8b1f0000 - 0x00007ffa8b23b000 	C:\WINDOWS\system32\powrprof.dll
0x00007ffa8b1c0000 - 0x00007ffa8b1d4000 	C:\WINDOWS\system32\profapi.dll

VM Arguments:
jvm_args: -Djava.awt.headless=true -Xmx1024M -Dfile.encoding=windows-1252 -Duser.country=CA -Duser.language=en -Duser.variant 
java_command: com.android.dx.command.Main --dex --force-jumbo --num-threads=4 --multi-dex --output C:\Users\Hassen\Documents\Sirine\CPEN321-\proj\cpen321project\PlanMyTrip\app\build\intermediates\transforms\dex\debug\folders\1000\5\slice_2 C:\Users\Hassen\Documents\Sirine\CPEN321-\proj\cpen321project\PlanMyTrip\app\build\intermediates\transforms\instantRunSlicer\debug\folders\1\5\slice_2
java_class_path (initial): C:\Users\Hassen\AppData\Local\Android\sdk\build-tools\24.0.1\lib\dx.jar
Launcher Type: SUN_STANDARD

Environment Variables:
JAVA_HOME=C:\Program Files (x86)\Java\jdk1.7.0_79
PATH=C:\ProgramData\Oracle\Java\javapath;C:\Program Files (x86)\Common Files\NetSarang;C:\Program Files (x86)\Intel\iCLS Client\;C:\Program Files\Intel\iCLS Client\;C:\Windows\system32;C:\Windows;C:\Windows\System32\Wbem;C:\Windows\System32\WindowsPowerShell\v1.0\;C:\Program Files\Intel\WiFi\bin\;C:\Program Files\Common Files\Intel\WirelessCommon\;C:\Program Files\Intel\Intel(R) Management Engine Components\DAL;C:\Program Files\Intel\Intel(R) Management Engine Components\IPT;C:\Program Files (x86)\Intel\Intel(R) Management Engine Components\DAL;C:\Program Files (x86)\Intel\Intel(R) Management Engine Components\IPT;C:\Program Files\Acer\Remote Files\;C:\WINDOWS\system32;C:\WINDOWS;C:\WINDOWS\System32\Wbem;C:\WINDOWS\System32\WindowsPowerShell\v1.0\;C:\Program Files (x86)\Skype\Phone\;C:\Program Files (x86)\QuickTime\QTSystem\;C:\WINDOWS\system32;C:\WINDOWS;C:\WINDOWS\System32\Wbem;C:\WINDOWS\System32\WindowsPowerShell\v1.0\;%QUARTUS_ROOTDIR%\bin;C:\Program Files (x86)\apache-maven-3.3.9\bin;C:\Program Files (x86)\apache-maven-3.3.9\bin
USERNAME=Hassen
OS=Windows_NT
PROCESSOR_IDENTIFIER=Intel64 Family 6 Model 69 Stepping 1, GenuineIntel



---------------  S Y S T E M  ---------------

OS: Windows 10.0 , 64 bit Build 10586 (10.0.10586.589)

CPU:total 4 (2 cores per cpu, 2 threads per core) family 6 model 69 stepping 1, cmov, cx8, fxsr, mmx, sse, sse2, sse3, ssse3, sse4.1, sse4.2, popcnt, avx, avx2, aes, clmul, erms, lzcnt, ht, tsc, tscinvbit, bmi1, bmi2

Memory: 4k page, physical 8281368k(566992k free), swap 13073084k(3076k free)

vm_info: Java HotSpot(TM) 64-Bit Server VM (25.111-b14) for windows-amd64 JRE (1.8.0_111-b14), built on Sep 22 2016 19:24:05 by "java_re" with MS VC++ 10.0 (VS2010)

time: Thu Oct 27 12:56:36 2016
elapsed time: 13 seconds (0d 0h 0m 13s)

