#
# There is insufficient memory for the Java Runtime Environment to continue.
# Native memory allocation (malloc) failed to allocate 1624688 bytes for Chunk::new
# Possible reasons:
#   The system is out of physical RAM or swap space
#   In 32 bit mode, the process size limit was hit
# Possible solutions:
#   Reduce memory load on the system
#   Increase physical memory or swap space
#   Check if swap backing store is full
#   Use 64 bit Java on a 64 bit OS
#   Decrease Java heap size (-Xmx/-Xms)
#   Decrease number of Java threads
#   Decrease Java thread stack sizes (-Xss)
#   Set larger code cache with -XX:ReservedCodeCacheSize=
# This output file may be truncated or incomplete.
#
#  Out of Memory Error (allocation.cpp:390), pid=4192, tid=0x000000000000249c
#
# JRE version: Java(TM) SE Runtime Environment (8.0_111-b14) (build 1.8.0_111-b14)
# Java VM: Java HotSpot(TM) 64-Bit Server VM (25.111-b14 mixed mode windows-amd64 compressed oops)
# Failed to write core dump. Minidumps are not enabled by default on client versions of Windows
#

---------------  T H R E A D  ---------------

Current thread (0x00000000153ad000):  JavaThread "C2 CompilerThread0" daemon [_thread_in_native, id=9372, stack(0x00000000169f0000,0x0000000016af0000)]

Stack: [0x00000000169f0000,0x0000000016af0000]
[error occurred during error reporting (printing stack bounds), id 0xc0000005]

Native frames: (J=compiled Java code, j=interpreted, Vv=VM code, C=native code)


Current CompileTask:
C2:   2199 1232   !   4       com.android.dx.cf.cst.ConstantPoolParser::parse0 (731 bytes)


---------------  P R O C E S S  ---------------

Java Threads: ( => current thread )
  0x0000000016f5d800 JavaThread "pool-2-thread-4" [_thread_in_Java, id=5416, stack(0x00000000176f0000,0x00000000177f0000)]
  0x0000000017051000 JavaThread "pool-2-thread-3" [_thread_in_vm, id=4216, stack(0x00000000175f0000,0x00000000176f0000)]
  0x0000000017054000 JavaThread "pool-2-thread-2" [_thread_blocked, id=12116, stack(0x00000000174f0000,0x00000000175f0000)]
  0x000000001704b800 JavaThread "pool-3-thread-1" [_thread_blocked, id=6516, stack(0x00000000173f0000,0x00000000174f0000)]
  0x000000001704b000 JavaThread "pool-2-thread-1" [_thread_in_vm, id=13948, stack(0x00000000172f0000,0x00000000173f0000)]
  0x0000000016cf5800 JavaThread "Service Thread" daemon [_thread_blocked, id=11720, stack(0x00000000170f0000,0x00000000171f0000)]
  0x0000000015403000 JavaThread "C1 CompilerThread2" daemon [_thread_in_native, id=4748, stack(0x0000000016bf0000,0x0000000016cf0000)]
  0x00000000153fe800 JavaThread "C2 CompilerThread1" daemon [_thread_in_native, id=5908, stack(0x0000000016af0000,0x0000000016bf0000)]
=>0x00000000153ad000 JavaThread "C2 CompilerThread0" daemon [_thread_in_native, id=9372, stack(0x00000000169f0000,0x0000000016af0000)]
  0x00000000153ab000 JavaThread "Attach Listener" daemon [_thread_blocked, id=2404, stack(0x00000000168f0000,0x00000000169f0000)]
  0x00000000153aa000 JavaThread "Signal Dispatcher" daemon [_thread_blocked, id=2052, stack(0x00000000167f0000,0x00000000168f0000)]
  0x000000001539a800 JavaThread "Finalizer" daemon [_thread_blocked, id=12356, stack(0x0000000016610000,0x0000000016710000)]
  0x0000000015379000 JavaThread "Reference Handler" daemon [_thread_blocked, id=12504, stack(0x0000000016510000,0x0000000016610000)]
  0x000000000126d800 JavaThread "main" [_thread_in_Java, id=13404, stack(0x00000000029e0000,0x0000000002ae0000)]

Other Threads:
  0x0000000015377800 VMThread [stack: 0x0000000016410000,0x0000000016510000] [id=13324]
  0x0000000016d19800 WatcherThread [stack: 0x00000000171f0000,0x00000000172f0000] [id=11568]

VM state:not at safepoint (normal execution)

VM Mutex/Monitor currently owned by a thread:  ([mutex/lock_event])
[0x000000000126be30] CodeCache_lock - owner thread: 0x0000000015403000
[0x0000000002be1750] Compile_lock - owner thread: 0x0000000015403000
[0x0000000002be02d0] MethodCompileQueue_lock - owner thread: 0x0000000015403000

Heap:
 PSYoungGen      total 38400K, used 15990K [0x00000000eab00000, 0x00000000ed580000, 0x0000000100000000)
  eden space 33280K, 32% used [0x00000000eab00000,0x00000000eb5a05b8,0x00000000ecb80000)
  from space 5120K, 99% used [0x00000000ecb80000,0x00000000ed07d290,0x00000000ed080000)
  to   space 5120K, 0% used [0x00000000ed080000,0x00000000ed080000,0x00000000ed580000)
 ParOldGen       total 87552K, used 1013K [0x00000000c0000000, 0x00000000c5580000, 0x00000000eab00000)
  object space 87552K, 1% used [0x00000000c0000000,0x00000000c00fd730,0x00000000c5580000)
 Metaspace       used 6194K, capacity 7000K, committed 7168K, reserved 1056768K
  class space    used 623K, capacity 656K, committed 768K, reserved 1048576K

Card table byte_map: [0x00000000120a0000,0x00000000122b0000] byte_map_base: 0x0000000011aa0000

Marking Bits: (ParMarkBitMap*) 0x000000005331a6c0
 Begin Bits: [0x0000000012810000, 0x0000000013810000)
 End Bits:   [0x0000000013810000, 0x0000000014810000)

Polling page: 0x0000000000f40000

CodeCache: size=245760Kb used=5356Kb max_used=5356Kb free=240403Kb
 bounds [0x0000000002ce0000, 0x0000000003230000, 0x0000000011ce0000]
 total_blobs=1584 nmethods=1315 adapters=182
 compilation: enabled

Compilation events (10 events):
Event: 1.856 Thread 0x0000000015403000 nmethod 1320 0x00000000031f5150 code [0x00000000031f53a0, 0x00000000031f6368]
Event: 1.860 Thread 0x0000000015403000 1321       3       com.android.dx.ssa.back.FirstFitLocalCombiningAllocator::handleLocalAssociatedParams (132 bytes)
Event: 1.862 Thread 0x0000000015403000 nmethod 1321 0x00000000031f6ad0 code [0x00000000031f6d60, 0x00000000031f7cc8]
Event: 1.863 Thread 0x0000000015403000 1323       3       com.android.dx.ssa.back.SsaToRop::verifyValidExitPredecessor (53 bytes)
Event: 1.864 Thread 0x0000000015403000 nmethod 1323 0x00000000031f8590 code [0x00000000031f8780, 0x00000000031f8f98]
Event: 2.014 Thread 0x00000000153fe800 nmethod 1281 0x0000000003201bd0 code [0x0000000003203140, 0x00000000032098b0]
Event: 2.014 Thread 0x00000000153fe800 1285       4       com.android.dx.ssa.SCCP::simulateBranch (666 bytes)
Event: 2.189 Thread 0x0000000015403000 1324       3       com.android.dx.cf.code.BasicBlocker::visitNoArgs (298 bytes)
Event: 2.190 Thread 0x0000000015403000 nmethod 1324 0x00000000031fffd0 code [0x0000000003200240, 0x0000000003200ff8]
Event: 2.191 Thread 0x0000000015403000 1325       3       com.android.dx.cf.code.Simulator$SimVisitor::visitNoArgs (2136 bytes)

GC Heap History (2 events):
Event: 1.606 GC heap before
{Heap before GC invocations=1 (full 0):
 PSYoungGen      total 38400K, used 33280K [0x00000000eab00000, 0x00000000ed580000, 0x0000000100000000)
  eden space 33280K, 100% used [0x00000000eab00000,0x00000000ecb80000,0x00000000ecb80000)
  from space 5120K, 0% used [0x00000000ed080000,0x00000000ed080000,0x00000000ed580000)
  to   space 5120K, 0% used [0x00000000ecb80000,0x00000000ecb80000,0x00000000ed080000)
 ParOldGen       total 87552K, used 0K [0x00000000c0000000, 0x00000000c5580000, 0x00000000eab00000)
  object space 87552K, 0% used [0x00000000c0000000,0x00000000c0000000,0x00000000c5580000)
 Metaspace       used 6121K, capacity 6936K, committed 7168K, reserved 1056768K
  class space    used 623K, capacity 656K, committed 768K, reserved 1048576K
Event: 1.631 GC heap after
Heap after GC invocations=1 (full 0):
 PSYoungGen      total 38400K, used 5108K [0x00000000eab00000, 0x00000000ed580000, 0x0000000100000000)
  eden space 33280K, 0% used [0x00000000eab00000,0x00000000eab00000,0x00000000ecb80000)
  from space 5120K, 99% used [0x00000000ecb80000,0x00000000ed07d290,0x00000000ed080000)
  to   space 5120K, 0% used [0x00000000ed080000,0x00000000ed080000,0x00000000ed580000)
 ParOldGen       total 87552K, used 1013K [0x00000000c0000000, 0x00000000c5580000, 0x00000000eab00000)
  object space 87552K, 1% used [0x00000000c0000000,0x00000000c00fd730,0x00000000c5580000)
 Metaspace       used 6121K, capacity 6936K, committed 7168K, reserved 1056768K
  class space    used 623K, capacity 656K, committed 768K, reserved 1048576K
}

Deoptimization events (3 events):
Event: 0.550 Thread 0x000000000126d800 Uncommon trap: reason=unstable_if action=reinterpret pc=0x0000000002e37ad4 method=java.lang.String.compareTo(Ljava/lang/String;)I @ 38
Event: 1.018 Thread 0x0000000016f5d800 Uncommon trap: reason=unstable_if action=reinterpret pc=0x0000000002f34030 method=java.util.BitSet.nextSetBit(I)I @ 87
Event: 1.483 Thread 0x0000000017051000 Uncommon trap: reason=unstable_if action=reinterpret pc=0x0000000003042604 method=com.android.dx.rop.code.RegisterSpec.equals(ILcom/android/dx/rop/type/TypeBearer;Lcom/android/dx/rop/code/LocalItem;)Z @ 42

Internal exceptions (2 events):
Event: 0.220 Thread 0x000000000126d800 Exception <a 'java/lang/NoSuchMethodError': Method sun.misc.Unsafe.defineClass(Ljava/lang/String;[BII)Ljava/lang/Class; name or signature does not match> (0x00000000eab07c78) thrown at [C:\re\workspace\8-2-build-windows-amd64-cygwin\jdk8u111\7883\hotspot\
Event: 0.220 Thread 0x000000000126d800 Exception <a 'java/lang/NoSuchMethodError': Method sun.misc.Unsafe.prefetchRead(Ljava/lang/Object;J)V name or signature does not match> (0x00000000eab07f60) thrown at [C:\re\workspace\8-2-build-windows-amd64-cygwin\jdk8u111\7883\hotspot\src\share\vm\prims

Events (10 events):
Event: 1.171 loading class java/util/HashMap$ValueIterator done
Event: 1.319 loading class com/android/dx/cf/code/SwitchList
Event: 1.319 loading class com/android/dx/cf/code/SwitchList done
Event: 1.375 loading class java/util/DualPivotQuicksort
Event: 1.375 loading class java/util/DualPivotQuicksort done
Event: 1.481 Thread 0x0000000017051000 Uncommon trap: trap_request=0xffffff65 fr.pc=0x0000000003042604
Event: 1.483 Thread 0x0000000017051000 DEOPT PACKING pc=0x0000000003042604 sp=0x00000000176eee10
Event: 1.483 Thread 0x0000000017051000 DEOPT UNPACKING pc=0x0000000002d2582a sp=0x00000000176eed98 mode 2
Event: 1.582 Executing VM operation: ParallelGCFailedAllocation
Event: 1.631 Executing VM operation: ParallelGCFailedAllocation done


Dynamic libraries:
0x00007ff70c9f0000 - 0x00007ff70ca27000 	C:\Program Files\Java\jdk1.8.0_111\bin\java.exe
0x00007ffa8eb90000 - 0x00007ffa8ed51000 	C:\WINDOWS\SYSTEM32\ntdll.dll
0x00007ffa8e040000 - 0x00007ffa8e0ed000 	C:\WINDOWS\system32\KERNEL32.DLL
0x00007ffa8ba60000 - 0x00007ffa8bc48000 	C:\WINDOWS\system32\KERNELBASE.dll
0x00007ffa8df90000 - 0x00007ffa8e037000 	C:\WINDOWS\system32\ADVAPI32.dll
0x00007ffa8e670000 - 0x00007ffa8e70d000 	C:\WINDOWS\system32\msvcrt.dll
0x00007ffa8db50000 - 0x00007ffa8dbab000 	C:\WINDOWS\system32\sechost.dll
0x00007ffa8c0e0000 - 0x00007ffa8c1fc000 	C:\WINDOWS\system32\RPCRT4.dll
0x00007ffa8c490000 - 0x00007ffa8c5e6000 	C:\WINDOWS\system32\USER32.dll
0x00007ffa8c240000 - 0x00007ffa8c3c6000 	C:\WINDOWS\system32\GDI32.dll
0x00007ffa7e220000 - 0x00007ffa7e494000 	C:\WINDOWS\WinSxS\amd64_microsoft.windows.common-controls_6595b64144ccf1df_6.0.10586.589_none_a2ddb3caa539acce\COMCTL32.dll
0x00007ffa8dbb0000 - 0x00007ffa8de2d000 	C:\WINDOWS\system32\combase.dll
0x00007ffa8b2d0000 - 0x00007ffa8b33a000 	C:\WINDOWS\system32\bcryptPrimitives.dll
0x00007ffa8c200000 - 0x00007ffa8c23b000 	C:\WINDOWS\system32\IMM32.DLL
0x00000000533a0000 - 0x0000000053472000 	C:\Program Files\Java\jdk1.8.0_111\jre\bin\msvcr100.dll
0x0000000052b00000 - 0x000000005339a000 	C:\Program Files\Java\jdk1.8.0_111\jre\bin\server\jvm.dll
0x00007ffa8e820000 - 0x00007ffa8e828000 	C:\WINDOWS\system32\PSAPI.DLL
0x00007ffa7dda0000 - 0x00007ffa7dda9000 	C:\WINDOWS\SYSTEM32\WSOCK32.dll
0x00007ffa8bf90000 - 0x00007ffa8bffb000 	C:\WINDOWS\system32\WS2_32.dll
0x00007ffa898b0000 - 0x00007ffa898d3000 	C:\WINDOWS\SYSTEM32\WINMM.dll
0x00007ffa88380000 - 0x00007ffa8838a000 	C:\WINDOWS\SYSTEM32\VERSION.dll
0x00007ffa89880000 - 0x00007ffa898ac000 	C:\WINDOWS\SYSTEM32\WINMMBASE.dll
0x00007ffa8bf40000 - 0x00007ffa8bf83000 	C:\WINDOWS\system32\cfgmgr32.dll
0x0000000052af0000 - 0x0000000052aff000 	C:\Program Files\Java\jdk1.8.0_111\jre\bin\verify.dll
0x0000000052ac0000 - 0x0000000052ae9000 	C:\Program Files\Java\jdk1.8.0_111\jre\bin\java.dll
0x0000000052aa0000 - 0x0000000052ab6000 	C:\Program Files\Java\jdk1.8.0_111\jre\bin\zip.dll
0x00007ffa8c5f0000 - 0x00007ffa8db4c000 	C:\WINDOWS\system32\SHELL32.dll
0x00007ffa8b340000 - 0x00007ffa8b985000 	C:\WINDOWS\system32\windows.storage.dll
0x00007ffa8eb30000 - 0x00007ffa8eb82000 	C:\WINDOWS\system32\shlwapi.dll
0x00007ffa8b1b0000 - 0x00007ffa8b1bf000 	C:\WINDOWS\system32\kernel.appcore.dll
0x00007ffa8bc50000 - 0x00007ffa8bd05000 	C:\WINDOWS\system32\shcore.dll
0x00007ffa8b1f0000 - 0x00007ffa8b23b000 	C:\WINDOWS\system32\powrprof.dll
0x00007ffa8b1c0000 - 0x00007ffa8b1d4000 	C:\WINDOWS\system32\profapi.dll

VM Arguments:
jvm_args: -Djava.awt.headless=true -Xmx1024M -Dfile.encoding=windows-1252 -Duser.country=CA -Duser.language=en -Duser.variant 
java_command: com.android.dx.command.Main --dex --force-jumbo --num-threads=4 --multi-dex --output C:\Users\Hassen\Documents\Sirine\CPEN321-\proj\cpen321project\PlanMyTrip\app\build\intermediates\transforms\dex\debug\folders\1000\10\com.android.support-appcompat-v7-24.1.0_fa588e9d5f8894251753fe3e4045bb80322aba35 C:\Users\Hassen\Documents\Sirine\CPEN321-\proj\cpen321project\PlanMyTrip\app\build\intermediates\exploded-aar\com.android.support\appcompat-v7\24.1.0\jars\classes.jar
java_class_path (initial): C:\Users\Hassen\AppData\Local\Android\sdk\build-tools\24.0.1\lib\dx.jar
Launcher Type: SUN_STANDARD

Environment Variables:
JAVA_HOME=C:\Program Files (x86)\Java\jdk1.7.0_79
PATH=C:\ProgramData\Oracle\Java\javapath;C:\Program Files (x86)\Common Files\NetSarang;C:\Program Files (x86)\Intel\iCLS Client\;C:\Program Files\Intel\iCLS Client\;C:\Windows\system32;C:\Windows;C:\Windows\System32\Wbem;C:\Windows\System32\WindowsPowerShell\v1.0\;C:\Program Files\Intel\WiFi\bin\;C:\Program Files\Common Files\Intel\WirelessCommon\;C:\Program Files\Intel\Intel(R) Management Engine Components\DAL;C:\Program Files\Intel\Intel(R) Management Engine Components\IPT;C:\Program Files (x86)\Intel\Intel(R) Management Engine Components\DAL;C:\Program Files (x86)\Intel\Intel(R) Management Engine Components\IPT;C:\Program Files\Acer\Remote Files\;C:\WINDOWS\system32;C:\WINDOWS;C:\WINDOWS\System32\Wbem;C:\WINDOWS\System32\WindowsPowerShell\v1.0\;C:\Program Files (x86)\Skype\Phone\;C:\Program Files (x86)\QuickTime\QTSystem\;C:\WINDOWS\system32;C:\WINDOWS;C:\WINDOWS\System32\Wbem;C:\WINDOWS\System32\WindowsPowerShell\v1.0\;%QUARTUS_ROOTDIR%\bin;C:\Program Files (x86)\apache-maven-3.3.9\bin;C:\Program Files (x86)\apache-maven-3.3.9\bin
USERNAME=Hassen
OS=Windows_NT
PROCESSOR_IDENTIFIER=Intel64 Family 6 Model 69 Stepping 1, GenuineIntel



---------------  S Y S T E M  ---------------

OS: Windows 10.0 , 64 bit Build 10586 (10.0.10586.589)

CPU:total 4 (2 cores per cpu, 2 threads per core) family 6 model 69 stepping 1, cmov, cx8, fxsr, mmx, sse, sse2, sse3, ssse3, sse4.1, sse4.2, popcnt, avx, avx2, aes, clmul, erms, lzcnt, ht, tsc, tscinvbit, bmi1, bmi2

Memory: 4k page, physical 8281368k(399772k free), swap 12814204k(5860k free)

vm_info: Java HotSpot(TM) 64-Bit Server VM (25.111-b14) for windows-amd64 JRE (1.8.0_111-b14), built on Sep 22 2016 19:24:05 by "java_re" with MS VC++ 10.0 (VS2010)

time: Wed Oct 26 12:37:43 2016
elapsed time: 2 seconds (0d 0h 0m 2s)

