#
# There is insufficient memory for the Java Runtime Environment to continue.
# Native memory allocation (malloc) failed to allocate 65552 bytes for Chunk::new
# Possible reasons:
#   The system is out of physical RAM or swap space
#   In 32 bit mode, the process size limit was hit
# Possible solutions:
#   Reduce memory load on the system
#   Increase physical memory or swap space
#   Check if swap backing store is full
#   Use 64 bit Java on a 64 bit OS
#   Decrease Java heap size (-Xmx/-Xms)
#   Decrease number of Java threads
#   Decrease Java thread stack sizes (-Xss)
#   Set larger code cache with -XX:ReservedCodeCacheSize=
# This output file may be truncated or incomplete.
#
#  Out of Memory Error (allocation.cpp:390), pid=9956, tid=0x0000000000003b18
#
# JRE version: Java(TM) SE Runtime Environment (8.0_111-b14) (build 1.8.0_111-b14)
# Java VM: Java HotSpot(TM) 64-Bit Server VM (25.111-b14 mixed mode windows-amd64 compressed oops)
# Failed to write core dump. Minidumps are not enabled by default on client versions of Windows
#

---------------  T H R E A D  ---------------

Current thread (0x000000001518d000):  JavaThread "C2 CompilerThread0" daemon [_thread_in_native, id=15128, stack(0x0000000016720000,0x0000000016820000)]

Stack: [0x0000000016720000,0x0000000016820000]
[error occurred during error reporting (printing stack bounds), id 0xc0000005]

Native frames: (J=compiled Java code, j=interpreted, Vv=VM code, C=native code)


Current CompileTask:
C2:   1932  863   !   4       com.android.dx.cf.code.BytecodeArray::parseInstruction (2764 bytes)


---------------  P R O C E S S  ---------------

Java Threads: ( => current thread )
  0x0000000016ccc800 JavaThread "pool-2-thread-4" [_thread_in_Java, id=13184, stack(0x0000000017420000,0x0000000017520000)]
  0x0000000016ca2000 JavaThread "pool-2-thread-3" [_thread_in_Java, id=2092, stack(0x0000000017320000,0x0000000017420000)]
  0x0000000016b9f000 JavaThread "pool-2-thread-2" [_thread_in_Java, id=15188, stack(0x0000000017220000,0x0000000017320000)]
  0x0000000016b5b000 JavaThread "pool-3-thread-1" [_thread_blocked, id=6156, stack(0x0000000017120000,0x0000000017220000)]
  0x0000000016b76800 JavaThread "pool-2-thread-1" [_thread_in_Java, id=11524, stack(0x0000000017020000,0x0000000017120000)]
  0x0000000016a2d800 JavaThread "Service Thread" daemon [_thread_blocked, id=15952, stack(0x0000000016e20000,0x0000000016f20000)]
  0x00000000151ee000 JavaThread "C1 CompilerThread2" daemon [_thread_in_native, id=6584, stack(0x0000000016920000,0x0000000016a20000)]
  0x0000000015190000 JavaThread "C2 CompilerThread1" daemon [_thread_in_native, id=7872, stack(0x0000000016820000,0x0000000016920000)]
=>0x000000001518d000 JavaThread "C2 CompilerThread0" daemon [_thread_in_native, id=15128, stack(0x0000000016720000,0x0000000016820000)]
  0x000000001518b000 JavaThread "Attach Listener" daemon [_thread_blocked, id=6320, stack(0x0000000016620000,0x0000000016720000)]
  0x000000001518a000 JavaThread "Signal Dispatcher" daemon [_thread_blocked, id=13672, stack(0x0000000016520000,0x0000000016620000)]
  0x000000001517a000 JavaThread "Finalizer" daemon [_thread_blocked, id=5476, stack(0x0000000016420000,0x0000000016520000)]
  0x0000000015159000 JavaThread "Reference Handler" daemon [_thread_blocked, id=4080, stack(0x0000000016320000,0x0000000016420000)]
  0x000000000268d800 JavaThread "main" [_thread_in_Java, id=11288, stack(0x00000000028c0000,0x00000000029c0000)]

Other Threads:
  0x0000000015157000 VMThread [stack: 0x0000000016220000,0x0000000016320000] [id=14044]
  0x0000000016a4b000 WatcherThread [stack: 0x0000000016f20000,0x0000000017020000] [id=15724]

VM state:not at safepoint (normal execution)

VM Mutex/Monitor currently owned by a thread: None

Heap:
 PSYoungGen      total 38400K, used 17594K [0x00000000eab00000, 0x00000000ed580000, 0x0000000100000000)
  eden space 33280K, 52% used [0x00000000eab00000,0x00000000ebc2e8d0,0x00000000ecb80000)
  from space 5120K, 0% used [0x00000000ed080000,0x00000000ed080000,0x00000000ed580000)
  to   space 5120K, 0% used [0x00000000ecb80000,0x00000000ecb80000,0x00000000ed080000)
 ParOldGen       total 87552K, used 0K [0x00000000c0000000, 0x00000000c5580000, 0x00000000eab00000)
  object space 87552K, 0% used [0x00000000c0000000,0x00000000c0000000,0x00000000c5580000)
 Metaspace       used 5727K, capacity 6774K, committed 7040K, reserved 1058816K
  class space    used 600K, capacity 622K, committed 640K, reserved 1048576K

Card table byte_map: [0x0000000011e80000,0x0000000012090000] byte_map_base: 0x0000000011880000

Marking Bits: (ParMarkBitMap*) 0x0000000055cda6c0
 Begin Bits: [0x00000000125f0000, 0x00000000135f0000)
 End Bits:   [0x00000000135f0000, 0x00000000145f0000)

Polling page: 0x0000000000c10000

CodeCache: size=245760Kb used=3622Kb max_used=3622Kb free=242137Kb
 bounds [0x0000000002ac0000, 0x0000000002e50000, 0x0000000011ac0000]
 total_blobs=1135 nmethods=873 adapters=175
 compilation: enabled

Compilation events (10 events):
Event: 1.929 Thread 0x00000000151ee000 nmethod 855 0x0000000002e47390 code [0x0000000002e475e0, 0x0000000002e48438]
Event: 1.929 Thread 0x00000000151ee000  861       3       com.android.dx.cf.code.BaseMachine::auxType (6 bytes)
Event: 1.929 Thread 0x0000000015190000 nmethod 868 0x0000000002e3a250 code [0x0000000002e3a3c0, 0x0000000002e3a628]
Event: 1.929 Thread 0x0000000015190000  870       4       java.util.BitSet::nextSetBit (102 bytes)
Event: 1.929 Thread 0x00000000151ee000 nmethod 861 0x0000000002e39650 code [0x0000000002e397a0, 0x0000000002e39910]
Event: 1.929 Thread 0x00000000151ee000  864       3       com.android.dx.rop.type.StdTypeList::get (9 bytes)
Event: 1.929 Thread 0x00000000151ee000 nmethod 864 0x0000000002e46e90 code [0x0000000002e47000, 0x0000000002e472e8]
Event: 1.929 Thread 0x00000000151ee000  871       3       com.android.dx.rop.code.RegisterSpec::getBasicFrameType (10 bytes)
Event: 1.929 Thread 0x00000000151ee000 nmethod 871 0x0000000002e46a50 code [0x0000000002e46bc0, 0x0000000002e46de8]
Event: 1.929 Thread 0x00000000151ee000  845       3       java.util.BitSet::set (124 bytes)

GC Heap History (0 events):
No events

Deoptimization events (2 events):
Event: 1.627 Thread 0x0000000016b9f000 Uncommon trap: reason=unstable_if action=reinterpret pc=0x0000000002c834e8 method=java.util.HashMap.getNode(ILjava/lang/Object;)Ljava/util/HashMap$Node; @ 129
Event: 1.903 Thread 0x0000000016b9f000 Uncommon trap: reason=unstable_if action=reinterpret pc=0x0000000002d58170 method=java.util.BitSet.nextSetBit(I)I @ 87

Internal exceptions (2 events):
Event: 0.274 Thread 0x000000000268d800 Exception <a 'java/lang/NoSuchMethodError': Method sun.misc.Unsafe.defineClass(Ljava/lang/String;[BII)Ljava/lang/Class; name or signature does not match> (0x00000000eab07c78) thrown at [C:\re\workspace\8-2-build-windows-amd64-cygwin\jdk8u111\7883\hotspot\
Event: 0.274 Thread 0x000000000268d800 Exception <a 'java/lang/NoSuchMethodError': Method sun.misc.Unsafe.prefetchRead(Ljava/lang/Object;J)V name or signature does not match> (0x00000000eab07f60) thrown at [C:\re\workspace\8-2-build-windows-amd64-cygwin\jdk8u111\7883\hotspot\src\share\vm\prims

Events (10 events):
Event: 1.888 loading class java/util/ArrayList$1
Event: 1.888 loading class java/util/ArrayList$1 done
Event: 1.903 Thread 0x0000000016b9f000 Uncommon trap: trap_request=0xffffff65 fr.pc=0x0000000002d58170
Event: 1.903 Thread 0x0000000016b9f000 DEOPT PACKING pc=0x0000000002d58170 sp=0x000000001731e6f0
Event: 1.903 Thread 0x0000000016b9f000 DEOPT UNPACKING pc=0x0000000002b0582a sp=0x000000001731e688 mode 2
Event: 1.916 Thread 0x0000000016ccc800 DEOPT PACKING pc=0x0000000002d57762 sp=0x000000001751eb00
Event: 1.916 Thread 0x0000000016ccc800 DEOPT UNPACKING pc=0x0000000002b0787f sp=0x000000001751e878 mode 0
Event: 1.921 Thread 0x0000000016ccc800 DEOPT PACKING pc=0x0000000002d57762 sp=0x000000001751eb00
Event: 1.921 Thread 0x0000000016ccc800 DEOPT UNPACKING pc=0x0000000002b0787f sp=0x000000001751e878 mode 0
Event: 1.927 loading class java/util/TreeMap$EntrySet


Dynamic libraries:
0x00007ff74dd00000 - 0x00007ff74dd37000 	C:\Program Files\Java\jdk1.8.0_111\bin\java.exe
0x00007ffdfe0b0000 - 0x00007ffdfe271000 	C:\WINDOWS\SYSTEM32\ntdll.dll
0x00007ffdfb900000 - 0x00007ffdfb9ad000 	C:\WINDOWS\system32\KERNEL32.DLL
0x00007ffdfa780000 - 0x00007ffdfa968000 	C:\WINDOWS\system32\KERNELBASE.dll
0x00007ffdfe000000 - 0x00007ffdfe0a7000 	C:\WINDOWS\system32\ADVAPI32.dll
0x00007ffdfc820000 - 0x00007ffdfc8bd000 	C:\WINDOWS\system32\msvcrt.dll
0x00007ffdfc1b0000 - 0x00007ffdfc20b000 	C:\WINDOWS\system32\sechost.dll
0x00007ffdfdee0000 - 0x00007ffdfdffc000 	C:\WINDOWS\system32\RPCRT4.dll
0x00007ffdfbd70000 - 0x00007ffdfbec6000 	C:\WINDOWS\system32\USER32.dll
0x00007ffdfbb70000 - 0x00007ffdfbcf6000 	C:\WINDOWS\system32\GDI32.dll
0x00007ffdee630000 - 0x00007ffdee8a4000 	C:\WINDOWS\WinSxS\amd64_microsoft.windows.common-controls_6595b64144ccf1df_6.0.10586.589_none_a2ddb3caa539acce\COMCTL32.dll
0x00007ffdfbf30000 - 0x00007ffdfc1ad000 	C:\WINDOWS\system32\combase.dll
0x00007ffdfb2b0000 - 0x00007ffdfb31a000 	C:\WINDOWS\system32\bcryptPrimitives.dll
0x00007ffdfc8c0000 - 0x00007ffdfc8fb000 	C:\WINDOWS\system32\IMM32.DLL
0x0000000055d60000 - 0x0000000055e32000 	C:\Program Files\Java\jdk1.8.0_111\jre\bin\msvcr100.dll
0x00000000554c0000 - 0x0000000055d5a000 	C:\Program Files\Java\jdk1.8.0_111\jre\bin\server\jvm.dll
0x00007ffdfc640000 - 0x00007ffdfc648000 	C:\WINDOWS\system32\PSAPI.DLL
0x00007ffdedbe0000 - 0x00007ffdedbe9000 	C:\WINDOWS\SYSTEM32\WSOCK32.dll
0x00007ffdfbd00000 - 0x00007ffdfbd6b000 	C:\WINDOWS\system32\WS2_32.dll
0x00007ffdf1d00000 - 0x00007ffdf1d0a000 	C:\WINDOWS\SYSTEM32\VERSION.dll
0x00007ffdf8e00000 - 0x00007ffdf8e23000 	C:\WINDOWS\SYSTEM32\WINMM.dll
0x00007ffdf8da0000 - 0x00007ffdf8dcc000 	C:\WINDOWS\SYSTEM32\WINMMBASE.dll
0x00007ffdfb460000 - 0x00007ffdfb4a3000 	C:\WINDOWS\system32\cfgmgr32.dll
0x0000000056a90000 - 0x0000000056a9f000 	C:\Program Files\Java\jdk1.8.0_111\jre\bin\verify.dll
0x0000000056a60000 - 0x0000000056a89000 	C:\Program Files\Java\jdk1.8.0_111\jre\bin\java.dll
0x00000000554a0000 - 0x00000000554b6000 	C:\Program Files\Java\jdk1.8.0_111\jre\bin\zip.dll
0x00007ffdfc900000 - 0x00007ffdfde5c000 	C:\WINDOWS\system32\SHELL32.dll
0x00007ffdfa970000 - 0x00007ffdfafb5000 	C:\WINDOWS\system32\windows.storage.dll
0x00007ffdfb7c0000 - 0x00007ffdfb812000 	C:\WINDOWS\system32\shlwapi.dll
0x00007ffdfa730000 - 0x00007ffdfa73f000 	C:\WINDOWS\system32\kernel.appcore.dll
0x00007ffdfb020000 - 0x00007ffdfb0d5000 	C:\WINDOWS\system32\shcore.dll
0x00007ffdfa6d0000 - 0x00007ffdfa71b000 	C:\WINDOWS\system32\powrprof.dll
0x00007ffdfa740000 - 0x00007ffdfa754000 	C:\WINDOWS\system32\profapi.dll

VM Arguments:
jvm_args: -Djava.awt.headless=true -Xmx1024M -Dfile.encoding=windows-1252 -Duser.country=CA -Duser.language=en -Duser.variant 
java_command: com.android.dx.command.Main --dex --force-jumbo --num-threads=4 --multi-dex --output C:\Users\Hassen\Documents\Sirine\CPEN321-\proj\cpen321project\PlanMyTrip\app\build\intermediates\transforms\dex\debug\folders\1000\5\slice_1 C:\Users\Hassen\Documents\Sirine\CPEN321-\proj\cpen321project\PlanMyTrip\app\build\intermediates\transforms\instantRunSlicer\debug\folders\1\5\slice_1
java_class_path (initial): C:\Users\Hassen\AppData\Local\Android\sdk\build-tools\24.0.1\lib\dx.jar
Launcher Type: SUN_STANDARD

Environment Variables:
JAVA_HOME=C:\Program Files (x86)\Java\jdk1.7.0_79
PATH=C:\ProgramData\Oracle\Java\javapath;C:\Program Files (x86)\Common Files\NetSarang;C:\Program Files (x86)\Intel\iCLS Client\;C:\Program Files\Intel\iCLS Client\;C:\Windows\system32;C:\Windows;C:\Windows\System32\Wbem;C:\Windows\System32\WindowsPowerShell\v1.0\;C:\Program Files\Intel\WiFi\bin\;C:\Program Files\Common Files\Intel\WirelessCommon\;C:\Program Files\Intel\Intel(R) Management Engine Components\DAL;C:\Program Files\Intel\Intel(R) Management Engine Components\IPT;C:\Program Files (x86)\Intel\Intel(R) Management Engine Components\DAL;C:\Program Files (x86)\Intel\Intel(R) Management Engine Components\IPT;C:\Program Files\Acer\Remote Files\;C:\WINDOWS\system32;C:\WINDOWS;C:\WINDOWS\System32\Wbem;C:\WINDOWS\System32\WindowsPowerShell\v1.0\;C:\Program Files (x86)\Skype\Phone\;C:\Program Files (x86)\QuickTime\QTSystem\;C:\WINDOWS\system32;C:\WINDOWS;C:\WINDOWS\System32\Wbem;C:\WINDOWS\System32\WindowsPowerShell\v1.0\;%QUARTUS_ROOTDIR%\bin;C:\Program Files (x86)\apache-maven-3.3.9\bin;C:\Program Files (x86)\apache-maven-3.3.9\bin
USERNAME=Hassen
OS=Windows_NT
PROCESSOR_IDENTIFIER=Intel64 Family 6 Model 69 Stepping 1, GenuineIntel



---------------  S Y S T E M  ---------------

OS: Windows 10.0 , 64 bit Build 10586 (10.0.10586.589)

CPU:total 4 (2 cores per cpu, 2 threads per core) family 6 model 69 stepping 1, cmov, cx8, fxsr, mmx, sse, sse2, sse3, ssse3, sse4.1, sse4.2, popcnt, avx, avx2, aes, clmul, erms, lzcnt, ht, tsc, tscinvbit, bmi1, bmi2

Memory: 4k page, physical 8281368k(909724k free), swap 12578572k(68k free)

vm_info: Java HotSpot(TM) 64-Bit Server VM (25.111-b14) for windows-amd64 JRE (1.8.0_111-b14), built on Sep 22 2016 19:24:05 by "java_re" with MS VC++ 10.0 (VS2010)

time: Wed Nov 02 22:20:51 2016
elapsed time: 1 seconds (0d 0h 0m 1s)

