#
# There is insufficient memory for the Java Runtime Environment to continue.
# Native memory allocation (malloc) failed to allocate 251568 bytes for Chunk::new
# Possible reasons:
#   The system is out of physical RAM or swap space
#   In 32 bit mode, the process size limit was hit
# Possible solutions:
#   Reduce memory load on the system
#   Increase physical memory or swap space
#   Check if swap backing store is full
#   Use 64 bit Java on a 64 bit OS
#   Decrease Java heap size (-Xmx/-Xms)
#   Decrease number of Java threads
#   Decrease Java thread stack sizes (-Xss)
#   Set larger code cache with -XX:ReservedCodeCacheSize=
# This output file may be truncated or incomplete.
#
#  Out of Memory Error (allocation.cpp:390), pid=9616, tid=0x0000000000000054
#
# JRE version: Java(TM) SE Runtime Environment (8.0_111-b14) (build 1.8.0_111-b14)
# Java VM: Java HotSpot(TM) 64-Bit Server VM (25.111-b14 mixed mode windows-amd64 compressed oops)
# Failed to write core dump. Minidumps are not enabled by default on client versions of Windows
#

---------------  T H R E A D  ---------------

Current thread (0x0000000014ced000):  JavaThread "C2 CompilerThread0" daemon [_thread_in_native, id=84, stack(0x0000000016360000,0x0000000016460000)]

Stack: [0x0000000016360000,0x0000000016460000]
[error occurred during error reporting (printing stack bounds), id 0xc0000005]

Native frames: (J=compiled Java code, j=interpreted, Vv=VM code, C=native code)


Current CompileTask:
C2:   4588 1206   !   4       com.android.dx.cf.code.BytecodeArray::parseInstruction (2764 bytes)


---------------  P R O C E S S  ---------------

Java Threads: ( => current thread )
  0x00000000167b7800 JavaThread "pool-2-thread-4" [_thread_blocked, id=12328, stack(0x0000000017060000,0x0000000017160000)]
  0x00000000167b6000 JavaThread "pool-2-thread-3" [_thread_in_Java, id=7176, stack(0x0000000016f60000,0x0000000017060000)]
  0x00000000166eb800 JavaThread "pool-2-thread-2" [_thread_blocked, id=120, stack(0x0000000016e60000,0x0000000016f60000)]
  0x00000000166eb000 JavaThread "pool-3-thread-1" [_thread_blocked, id=8040, stack(0x0000000016d60000,0x0000000016e60000)]
  0x00000000166f6000 JavaThread "pool-2-thread-1" [_thread_in_vm, id=13436, stack(0x0000000016c60000,0x0000000016d60000)]
  0x0000000014d4b800 JavaThread "Service Thread" daemon [_thread_blocked, id=6484, stack(0x0000000016a60000,0x0000000016b60000)]
  0x0000000016568800 JavaThread "C1 CompilerThread2" daemon [_thread_in_native, id=6036, stack(0x0000000016960000,0x0000000016a60000)]
  0x0000000014d41800 JavaThread "C2 CompilerThread1" daemon [_thread_in_native, id=9888, stack(0x0000000016460000,0x0000000016560000)]
=>0x0000000014ced000 JavaThread "C2 CompilerThread0" daemon [_thread_in_native, id=84, stack(0x0000000016360000,0x0000000016460000)]
  0x0000000014ceb000 JavaThread "Attach Listener" daemon [_thread_blocked, id=5520, stack(0x0000000016260000,0x0000000016360000)]
  0x0000000014cea000 JavaThread "Signal Dispatcher" daemon [_thread_blocked, id=12060, stack(0x0000000016160000,0x0000000016260000)]
  0x0000000014cda000 JavaThread "Finalizer" daemon [_thread_blocked, id=12948, stack(0x0000000015f70000,0x0000000016070000)]
  0x0000000014cb9000 JavaThread "Reference Handler" daemon [_thread_blocked, id=9532, stack(0x0000000015e70000,0x0000000015f70000)]
  0x00000000023be000 JavaThread "main" [_thread_blocked, id=10132, stack(0x00000000022b0000,0x00000000023b0000)]

Other Threads:
  0x0000000014cb7800 VMThread [stack: 0x0000000015d70000,0x0000000015e70000] [id=10096]
  0x000000001657b000 WatcherThread [stack: 0x0000000016b60000,0x0000000016c60000] [id=11820]

VM state:not at safepoint (normal execution)

VM Mutex/Monitor currently owned by a thread: None

Heap:
 PSYoungGen      total 38400K, used 9286K [0x00000000eab00000, 0x00000000ed580000, 0x0000000100000000)
  eden space 33280K, 12% used [0x00000000eab00000,0x00000000eaf19b00,0x00000000ecb80000)
  from space 5120K, 99% used [0x00000000ecb80000,0x00000000ed078048,0x00000000ed080000)
  to   space 5120K, 0% used [0x00000000ed080000,0x00000000ed080000,0x00000000ed580000)
 ParOldGen       total 87552K, used 1562K [0x00000000c0000000, 0x00000000c5580000, 0x00000000eab00000)
  object space 87552K, 1% used [0x00000000c0000000,0x00000000c0186a38,0x00000000c5580000)
 Metaspace       used 6159K, capacity 7000K, committed 7168K, reserved 1056768K
  class space    used 625K, capacity 656K, committed 768K, reserved 1048576K

Card table byte_map: [0x00000000119e0000,0x0000000011bf0000] byte_map_base: 0x00000000113e0000

Marking Bits: (ParMarkBitMap*) 0x0000000052a7a6c0
 Begin Bits: [0x0000000012150000, 0x0000000013150000)
 End Bits:   [0x0000000013150000, 0x0000000014150000)

Polling page: 0x00000000023c0000

CodeCache: size=245760Kb used=5143Kb max_used=5143Kb free=240616Kb
 bounds [0x0000000002620000, 0x0000000002b30000, 0x0000000011620000]
 total_blobs=1535 nmethods=1265 adapters=182
 compilation: enabled

Compilation events (10 events):
Event: 4.578 Thread 0x0000000016568800 1272       3       com.android.dx.ssa.DeadCodeRemover::<init> (44 bytes)
Event: 4.578 Thread 0x0000000016568800 nmethod 1272 0x0000000002b24290 code [0x0000000002b24420, 0x0000000002b24818]
Event: 4.578 Thread 0x0000000016568800 1266       3       com.android.dx.rop.code.RopMethod::<init> (53 bytes)
Event: 4.579 Thread 0x0000000016568800 nmethod 1266 0x0000000002b24990 code [0x0000000002b24b20, 0x0000000002b24ef8]
Event: 4.579 Thread 0x0000000016568800 1265       3       com.android.dx.rop.code.Rops::opConst (85 bytes)
Event: 4.580 Thread 0x0000000016568800 nmethod 1265 0x0000000002b25050 code [0x0000000002b252a0, 0x0000000002b25fa8]
Event: 4.583 Thread 0x0000000016568800 1274       3       com.android.dx.dex.file.MemberIdItem::<init> (14 bytes)
Event: 4.583 Thread 0x0000000016568800 nmethod 1274 0x0000000002b26550 code [0x0000000002b266e0, 0x0000000002b26b88]
Event: 4.585 Thread 0x0000000016568800 1275       3       com.android.dx.util.MutabilityControl::<init> (10 bytes)
Event: 4.585 Thread 0x0000000016568800 nmethod 1275 0x0000000002b26dd0 code [0x0000000002b26f20, 0x0000000002b270d0]

GC Heap History (2 events):
Event: 4.533 GC heap before
{Heap before GC invocations=1 (full 0):
 PSYoungGen      total 38400K, used 33280K [0x00000000eab00000, 0x00000000ed580000, 0x0000000100000000)
  eden space 33280K, 100% used [0x00000000eab00000,0x00000000ecb80000,0x00000000ecb80000)
  from space 5120K, 0% used [0x00000000ed080000,0x00000000ed080000,0x00000000ed580000)
  to   space 5120K, 0% used [0x00000000ecb80000,0x00000000ecb80000,0x00000000ed080000)
 ParOldGen       total 87552K, used 0K [0x00000000c0000000, 0x00000000c5580000, 0x00000000eab00000)
  object space 87552K, 0% used [0x00000000c0000000,0x00000000c0000000,0x00000000c5580000)
 Metaspace       used 6136K, capacity 7000K, committed 7168K, reserved 1056768K
  class space    used 625K, capacity 656K, committed 768K, reserved 1048576K
Event: 4.558 GC heap after
Heap after GC invocations=1 (full 0):
 PSYoungGen      total 38400K, used 5088K [0x00000000eab00000, 0x00000000ed580000, 0x0000000100000000)
  eden space 33280K, 0% used [0x00000000eab00000,0x00000000eab00000,0x00000000ecb80000)
  from space 5120K, 99% used [0x00000000ecb80000,0x00000000ed078048,0x00000000ed080000)
  to   space 5120K, 0% used [0x00000000ed080000,0x00000000ed080000,0x00000000ed580000)
 ParOldGen       total 87552K, used 1562K [0x00000000c0000000, 0x00000000c5580000, 0x00000000eab00000)
  object space 87552K, 1% used [0x00000000c0000000,0x00000000c0186a38,0x00000000c5580000)
 Metaspace       used 6136K, capacity 7000K, committed 7168K, reserved 1056768K
  class space    used 625K, capacity 656K, committed 768K, reserved 1048576K
}

Deoptimization events (9 events):
Event: 3.830 Thread 0x00000000023be000 Uncommon trap: reason=unstable_if action=reinterpret pc=0x0000000002835d60 method=java.util.HashMap.getNode(ILjava/lang/Object;)Ljava/util/HashMap$Node; @ 129
Event: 4.125 Thread 0x00000000166eb800 Uncommon trap: reason=unstable_if action=reinterpret pc=0x000000000292661c method=com.android.dx.rop.cst.Constant.compareTo(Lcom/android/dx/rop/cst/Constant;)I @ 12
Event: 4.373 Thread 0x00000000166eb800 Uncommon trap: reason=unstable_if action=reinterpret pc=0x0000000002914eec method=com.android.dx.rop.code.RegisterSpecSet.put(Lcom/android/dx/rop/code/RegisterSpec;)V @ 77
Event: 4.373 Thread 0x00000000166eb800 Uncommon trap: reason=unstable_if action=reinterpret pc=0x000000000299812c method=com.android.dx.rop.code.RegisterSpecSet.put(Lcom/android/dx/rop/code/RegisterSpec;)V @ 77
Event: 4.379 Thread 0x00000000166eb800 Uncommon trap: reason=bimorphic action=maybe_recompile pc=0x000000000285a4ec method=java.util.HashMap.getNode(ILjava/lang/Object;)Ljava/util/HashMap$Node; @ 126
Event: 4.397 Thread 0x00000000167b7800 Uncommon trap: reason=unstable_if action=reinterpret pc=0x0000000002a696fc method=com.android.dx.util.IntList.binarysearch(I)I @ 105
Event: 4.423 Thread 0x00000000167b7800 Uncommon trap: reason=bimorphic action=maybe_recompile pc=0x000000000285a4ec method=java.util.HashMap.getNode(ILjava/lang/Object;)Ljava/util/HashMap$Node; @ 126
Event: 4.428 Thread 0x00000000167b7800 Uncommon trap: reason=null_check action=make_not_entrant pc=0x00000000028c57e8 method=com.android.dx.rop.type.Type.equals(Ljava/lang/Object;)Z @ 8
Event: 4.464 Thread 0x00000000167b6000 Uncommon trap: reason=unstable_if action=reinterpret pc=0x00000000028d17c4 method=com.android.dx.rop.code.RegisterSpec.equals(ILcom/android/dx/rop/type/TypeBearer;Lcom/android/dx/rop/code/LocalItem;)Z @ 42

Internal exceptions (3 events):
Event: 2.599 Thread 0x00000000023be000 Exception <a 'java/lang/NoSuchMethodError': Method sun.misc.Unsafe.defineClass(Ljava/lang/String;[BII)Ljava/lang/Class; name or signature does not match> (0x00000000eab07c78) thrown at [C:\re\workspace\8-2-build-windows-amd64-cygwin\jdk8u111\7883\hotspot\
Event: 2.599 Thread 0x00000000023be000 Exception <a 'java/lang/NoSuchMethodError': Method sun.misc.Unsafe.prefetchRead(Ljava/lang/Object;J)V name or signature does not match> (0x00000000eab07f60) thrown at [C:\re\workspace\8-2-build-windows-amd64-cygwin\jdk8u111\7883\hotspot\src\share\vm\prims
Event: 4.428 Thread 0x00000000167b7800 Implicit null exception at 0x00000000028c56e2 to 0x00000000028c57da

Events (10 events):
Event: 4.423 Thread 0x00000000167b7800 DEOPT PACKING pc=0x000000000285a4ec sp=0x000000001715ea60
Event: 4.423 Thread 0x00000000167b7800 DEOPT UNPACKING pc=0x000000000266582a sp=0x000000001715e978 mode 2
Event: 4.428 Thread 0x00000000167b7800 Uncommon trap: trap_request=0xfffffff4 fr.pc=0x00000000028c57e8
Event: 4.428 Thread 0x00000000167b7800 DEOPT PACKING pc=0x00000000028c57e8 sp=0x000000001715e690
Event: 4.428 Thread 0x00000000167b7800 DEOPT UNPACKING pc=0x000000000266582a sp=0x000000001715e618 mode 2
Event: 4.464 Thread 0x00000000167b6000 Uncommon trap: trap_request=0xffffff65 fr.pc=0x00000000028d17c4
Event: 4.464 Thread 0x00000000167b6000 DEOPT PACKING pc=0x00000000028d17c4 sp=0x000000001705e8f0
Event: 4.464 Thread 0x00000000167b6000 DEOPT UNPACKING pc=0x000000000266582a sp=0x000000001705e878 mode 2
Event: 4.479 Executing VM operation: ParallelGCFailedAllocation
Event: 4.558 Executing VM operation: ParallelGCFailedAllocation done


Dynamic libraries:
0x00007ff7d0e50000 - 0x00007ff7d0e87000 	C:\Program Files\Java\jdk1.8.0_111\bin\java.exe
0x00007ffa8eb90000 - 0x00007ffa8ed51000 	C:\WINDOWS\SYSTEM32\ntdll.dll
0x00007ffa8e040000 - 0x00007ffa8e0ed000 	C:\WINDOWS\system32\KERNEL32.DLL
0x00007ffa8ba60000 - 0x00007ffa8bc48000 	C:\WINDOWS\system32\KERNELBASE.dll
0x00007ffa8df90000 - 0x00007ffa8e037000 	C:\WINDOWS\system32\ADVAPI32.dll
0x00007ffa8e670000 - 0x00007ffa8e70d000 	C:\WINDOWS\system32\msvcrt.dll
0x00007ffa8db50000 - 0x00007ffa8dbab000 	C:\WINDOWS\system32\sechost.dll
0x00007ffa8c0e0000 - 0x00007ffa8c1fc000 	C:\WINDOWS\system32\RPCRT4.dll
0x00007ffa8c490000 - 0x00007ffa8c5e6000 	C:\WINDOWS\system32\USER32.dll
0x00007ffa8c240000 - 0x00007ffa8c3c6000 	C:\WINDOWS\system32\GDI32.dll
0x00007ffa7e220000 - 0x00007ffa7e494000 	C:\WINDOWS\WinSxS\amd64_microsoft.windows.common-controls_6595b64144ccf1df_6.0.10586.589_none_a2ddb3caa539acce\COMCTL32.dll
0x00007ffa8dbb0000 - 0x00007ffa8de2d000 	C:\WINDOWS\system32\combase.dll
0x00007ffa8b2d0000 - 0x00007ffa8b33a000 	C:\WINDOWS\system32\bcryptPrimitives.dll
0x00007ffa8c200000 - 0x00007ffa8c23b000 	C:\WINDOWS\system32\IMM32.DLL
0x0000000053f00000 - 0x0000000053fd2000 	C:\Program Files\Java\jdk1.8.0_111\jre\bin\msvcr100.dll
0x0000000052260000 - 0x0000000052afa000 	C:\Program Files\Java\jdk1.8.0_111\jre\bin\server\jvm.dll
0x00007ffa8e820000 - 0x00007ffa8e828000 	C:\WINDOWS\system32\PSAPI.DLL
0x00007ffa7dda0000 - 0x00007ffa7dda9000 	C:\WINDOWS\SYSTEM32\WSOCK32.dll
0x00007ffa8bf90000 - 0x00007ffa8bffb000 	C:\WINDOWS\system32\WS2_32.dll
0x00007ffa898b0000 - 0x00007ffa898d3000 	C:\WINDOWS\SYSTEM32\WINMM.dll
0x00007ffa88380000 - 0x00007ffa8838a000 	C:\WINDOWS\SYSTEM32\VERSION.dll
0x00007ffa89880000 - 0x00007ffa898ac000 	C:\WINDOWS\SYSTEM32\WINMMBASE.dll
0x00007ffa8bf40000 - 0x00007ffa8bf83000 	C:\WINDOWS\system32\cfgmgr32.dll
0x0000000053ef0000 - 0x0000000053eff000 	C:\Program Files\Java\jdk1.8.0_111\jre\bin\verify.dll
0x0000000053ec0000 - 0x0000000053ee9000 	C:\Program Files\Java\jdk1.8.0_111\jre\bin\java.dll
0x0000000053ea0000 - 0x0000000053eb6000 	C:\Program Files\Java\jdk1.8.0_111\jre\bin\zip.dll
0x00007ffa8c5f0000 - 0x00007ffa8db4c000 	C:\WINDOWS\system32\SHELL32.dll
0x00007ffa8b340000 - 0x00007ffa8b985000 	C:\WINDOWS\system32\windows.storage.dll
0x00007ffa8eb30000 - 0x00007ffa8eb82000 	C:\WINDOWS\system32\shlwapi.dll
0x00007ffa8b1b0000 - 0x00007ffa8b1bf000 	C:\WINDOWS\system32\kernel.appcore.dll
0x00007ffa8bc50000 - 0x00007ffa8bd05000 	C:\WINDOWS\system32\shcore.dll
0x00007ffa8b1f0000 - 0x00007ffa8b23b000 	C:\WINDOWS\system32\powrprof.dll
0x00007ffa8b1c0000 - 0x00007ffa8b1d4000 	C:\WINDOWS\system32\profapi.dll

VM Arguments:
jvm_args: -Djava.awt.headless=true -Xmx1024M -Dfile.encoding=windows-1252 -Duser.country=CA -Duser.language=en -Duser.variant 
java_command: com.android.dx.command.Main --dex --force-jumbo --num-threads=4 --multi-dex --output C:\Users\Hassen\Documents\Sirine\CPEN321-\proj\cpen321project\PlanMyTrip\app\build\intermediates\transforms\dex\debug\folders\1000\10\com.android.support-support-vector-drawable-24.1.0_de5c5dcc6f190f2a10bfab988a70963eabd8b1aa C:\Users\Hassen\Documents\Sirine\CPEN321-\proj\cpen321project\PlanMyTrip\app\build\intermediates\exploded-aar\com.android.support\support-vector-drawable\24.1.0\jars\classes.jar
java_class_path (initial): C:\Users\Hassen\AppData\Local\Android\sdk\build-tools\24.0.1\lib\dx.jar
Launcher Type: SUN_STANDARD

Environment Variables:
JAVA_HOME=C:\Program Files (x86)\Java\jdk1.7.0_79
PATH=C:\ProgramData\Oracle\Java\javapath;C:\Program Files (x86)\Common Files\NetSarang;C:\Program Files (x86)\Intel\iCLS Client\;C:\Program Files\Intel\iCLS Client\;C:\Windows\system32;C:\Windows;C:\Windows\System32\Wbem;C:\Windows\System32\WindowsPowerShell\v1.0\;C:\Program Files\Intel\WiFi\bin\;C:\Program Files\Common Files\Intel\WirelessCommon\;C:\Program Files\Intel\Intel(R) Management Engine Components\DAL;C:\Program Files\Intel\Intel(R) Management Engine Components\IPT;C:\Program Files (x86)\Intel\Intel(R) Management Engine Components\DAL;C:\Program Files (x86)\Intel\Intel(R) Management Engine Components\IPT;C:\Program Files\Acer\Remote Files\;C:\WINDOWS\system32;C:\WINDOWS;C:\WINDOWS\System32\Wbem;C:\WINDOWS\System32\WindowsPowerShell\v1.0\;C:\Program Files (x86)\Skype\Phone\;C:\Program Files (x86)\QuickTime\QTSystem\;C:\WINDOWS\system32;C:\WINDOWS;C:\WINDOWS\System32\Wbem;C:\WINDOWS\System32\WindowsPowerShell\v1.0\;%QUARTUS_ROOTDIR%\bin;C:\Program Files (x86)\apache-maven-3.3.9\bin;C:\Program Files (x86)\apache-maven-3.3.9\bin
USERNAME=Hassen
OS=Windows_NT
PROCESSOR_IDENTIFIER=Intel64 Family 6 Model 69 Stepping 1, GenuineIntel



---------------  S Y S T E M  ---------------

OS: Windows 10.0 , 64 bit Build 10586 (10.0.10586.589)

CPU:total 4 (2 cores per cpu, 2 threads per core) family 6 model 69 stepping 1, cmov, cx8, fxsr, mmx, sse, sse2, sse3, ssse3, sse4.1, sse4.2, popcnt, avx, avx2, aes, clmul, erms, lzcnt, ht, tsc, tscinvbit, bmi1, bmi2

Memory: 4k page, physical 8281368k(679772k free), swap 13045512k(5288k free)

vm_info: Java HotSpot(TM) 64-Bit Server VM (25.111-b14) for windows-amd64 JRE (1.8.0_111-b14), built on Sep 22 2016 19:24:05 by "java_re" with MS VC++ 10.0 (VS2010)

time: Thu Oct 27 13:10:47 2016
elapsed time: 4 seconds (0d 0h 0m 4s)

