#
# There is insufficient memory for the Java Runtime Environment to continue.
# Native memory allocation (malloc) failed to allocate 1125280 bytes for Chunk::new
# Possible reasons:
#   The system is out of physical RAM or swap space
#   In 32 bit mode, the process size limit was hit
# Possible solutions:
#   Reduce memory load on the system
#   Increase physical memory or swap space
#   Check if swap backing store is full
#   Use 64 bit Java on a 64 bit OS
#   Decrease Java heap size (-Xmx/-Xms)
#   Decrease number of Java threads
#   Decrease Java thread stack sizes (-Xss)
#   Set larger code cache with -XX:ReservedCodeCacheSize=
# This output file may be truncated or incomplete.
#
#  Out of Memory Error (allocation.cpp:390), pid=13644, tid=0x0000000000003518
#
# JRE version: Java(TM) SE Runtime Environment (8.0_111-b14) (build 1.8.0_111-b14)
# Java VM: Java HotSpot(TM) 64-Bit Server VM (25.111-b14 mixed mode windows-amd64 compressed oops)
# Failed to write core dump. Minidumps are not enabled by default on client versions of Windows
#

---------------  T H R E A D  ---------------

Current thread (0x00000000151f1000):  JavaThread "C2 CompilerThread1" daemon [_thread_in_native, id=13592, stack(0x0000000016920000,0x0000000016a20000)]

Stack: [0x0000000016920000,0x0000000016a20000]
[error occurred during error reporting (printing stack bounds), id 0xc0000005]

Native frames: (J=compiled Java code, j=interpreted, Vv=VM code, C=native code)


Current CompileTask:
C2:  20085 2370       4       com.android.dx.dex.code.DalvCode::finishProcessingIfNecessary (69 bytes)


---------------  P R O C E S S  ---------------

Java Threads: ( => current thread )
  0x0000000016d87800 JavaThread "pool-1-thread-1" [_thread_in_Java, id=10044, stack(0x0000000019ed0000,0x0000000019fd0000)]
  0x0000000016b22800 JavaThread "Service Thread" daemon [_thread_blocked, id=5792, stack(0x0000000016f20000,0x0000000017020000)]
  0x000000001524b000 JavaThread "C1 CompilerThread2" daemon [_thread_blocked, id=14060, stack(0x0000000016a20000,0x0000000016b20000)]
=>0x00000000151f1000 JavaThread "C2 CompilerThread1" daemon [_thread_in_native, id=13592, stack(0x0000000016920000,0x0000000016a20000)]
  0x00000000151ed000 JavaThread "C2 CompilerThread0" daemon [_thread_in_native, id=14000, stack(0x0000000016820000,0x0000000016920000)]
  0x00000000151eb000 JavaThread "Attach Listener" daemon [_thread_blocked, id=8452, stack(0x0000000016720000,0x0000000016820000)]
  0x00000000151ea000 JavaThread "Signal Dispatcher" daemon [_thread_blocked, id=11268, stack(0x0000000016620000,0x0000000016720000)]
  0x00000000151da000 JavaThread "Finalizer" daemon [_thread_blocked, id=10120, stack(0x0000000016440000,0x0000000016540000)]
  0x00000000151b9000 JavaThread "Reference Handler" daemon [_thread_blocked, id=8968, stack(0x0000000016340000,0x0000000016440000)]
  0x00000000029bd800 JavaThread "main" [_thread_blocked, id=9468, stack(0x0000000002850000,0x0000000002950000)]

Other Threads:
  0x00000000151b7800 VMThread [stack: 0x0000000016240000,0x0000000016340000] [id=2520]
  0x0000000016b27000 WatcherThread [stack: 0x0000000017020000,0x0000000017120000] [id=13832]

VM state:not at safepoint (normal execution)

VM Mutex/Monitor currently owned by a thread: None

Heap:
 PSYoungGen      total 138240K, used 33657K [0x00000000eab00000, 0x00000000f3700000, 0x0000000100000000)
  eden space 133120K, 21% used [0x00000000eab00000,0x00000000ec6e4438,0x00000000f2d00000)
  from space 5120K, 99% used [0x00000000f3200000,0x00000000f36fa098,0x00000000f3700000)
  to   space 5120K, 0% used [0x00000000f2d00000,0x00000000f2d00000,0x00000000f3200000)
 ParOldGen       total 87552K, used 24887K [0x00000000c0000000, 0x00000000c5580000, 0x00000000eab00000)
  object space 87552K, 28% used [0x00000000c0000000,0x00000000c184df48,0x00000000c5580000)
 Metaspace       used 6937K, capacity 7576K, committed 7680K, reserved 1056768K
  class space    used 666K, capacity 720K, committed 768K, reserved 1048576K

Card table byte_map: [0x0000000011ee0000,0x00000000120f0000] byte_map_base: 0x00000000118e0000

Marking Bits: (ParMarkBitMap*) 0x0000000052a7a6c0
 Begin Bits: [0x0000000012650000, 0x0000000013650000)
 End Bits:   [0x0000000013650000, 0x0000000014650000)

Polling page: 0x0000000001070000

CodeCache: size=245760Kb used=10677Kb max_used=10677Kb free=235082Kb
 bounds [0x0000000002b20000, 0x00000000035a0000, 0x0000000011b20000]
 total_blobs=2595 nmethods=2324 adapters=183
 compilation: enabled

Compilation events (10 events):
Event: 18.889 Thread 0x000000001524b000 2454       3       com.android.dx.dex.code.HighRegisterPrefix::writeTo (40 bytes)
Event: 18.890 Thread 0x000000001524b000 nmethod 2454 0x0000000003591710 code [0x00000000035918a0, 0x0000000003591df8]
Event: 18.891 Thread 0x000000001524b000 2455       3       com.android.dx.dex.code.form.Form21c::writeTo (34 bytes)
Event: 18.891 Thread 0x000000001524b000 nmethod 2455 0x0000000003592050 code [0x0000000003592220, 0x0000000003592a68]
Event: 18.892 Thread 0x000000001524b000 2457       3       com.android.dx.dex.code.form.Form23x::writeTo (41 bytes)
Event: 18.893 Thread 0x000000001524b000 nmethod 2457 0x0000000003592e10 code [0x0000000003593020, 0x0000000003593d28]
Event: 18.895 Thread 0x000000001524b000 2458       3       com.android.dx.dex.code.form.Form22b::writeTo (54 bytes)
Event: 18.896 Thread 0x000000001524b000 nmethod 2458 0x00000000035941d0 code [0x00000000035943e0, 0x0000000003595108]
Event: 18.947 Thread 0x000000001524b000 2460       3       com.android.dx.dex.code.InsnFormat::write (13 bytes)
Event: 18.947 Thread 0x000000001524b000 nmethod 2460 0x00000000035955d0 code [0x0000000003595760, 0x0000000003595a48]

GC Heap History (8 events):
Event: 2.195 GC heap before
{Heap before GC invocations=1 (full 0):
 PSYoungGen      total 38400K, used 33280K [0x00000000eab00000, 0x00000000ed580000, 0x0000000100000000)
  eden space 33280K, 100% used [0x00000000eab00000,0x00000000ecb80000,0x00000000ecb80000)
  from space 5120K, 0% used [0x00000000ed080000,0x00000000ed080000,0x00000000ed580000)
  to   space 5120K, 0% used [0x00000000ecb80000,0x00000000ecb80000,0x00000000ed080000)
 ParOldGen       total 87552K, used 0K [0x00000000c0000000, 0x00000000c5580000, 0x00000000eab00000)
  object space 87552K, 0% used [0x00000000c0000000,0x00000000c0000000,0x00000000c5580000)
 Metaspace       used 6126K, capacity 6936K, committed 7168K, reserved 1056768K
  class space    used 622K, capacity 656K, committed 768K, reserved 1048576K
Event: 2.229 GC heap after
Heap after GC invocations=1 (full 0):
 PSYoungGen      total 38400K, used 5119K [0x00000000eab00000, 0x00000000ef600000, 0x0000000100000000)
  eden space 33280K, 0% used [0x00000000eab00000,0x00000000eab00000,0x00000000ecb80000)
  from space 5120K, 99% used [0x00000000ecb80000,0x00000000ed07fc78,0x00000000ed080000)
  to   space 5120K, 0% used [0x00000000ef100000,0x00000000ef100000,0x00000000ef600000)
 ParOldGen       total 87552K, used 1694K [0x00000000c0000000, 0x00000000c5580000, 0x00000000eab00000)
  object space 87552K, 1% used [0x00000000c0000000,0x00000000c01a7a30,0x00000000c5580000)
 Metaspace       used 6126K, capacity 6936K, committed 7168K, reserved 1056768K
  class space    used 622K, capacity 656K, committed 768K, reserved 1048576K
}
Event: 3.752 GC heap before
{Heap before GC invocations=2 (full 0):
 PSYoungGen      total 38400K, used 38399K [0x00000000eab00000, 0x00000000ef600000, 0x0000000100000000)
  eden space 33280K, 100% used [0x00000000eab00000,0x00000000ecb80000,0x00000000ecb80000)
  from space 5120K, 99% used [0x00000000ecb80000,0x00000000ed07fc78,0x00000000ed080000)
  to   space 5120K, 0% used [0x00000000ef100000,0x00000000ef100000,0x00000000ef600000)
 ParOldGen       total 87552K, used 1694K [0x00000000c0000000, 0x00000000c5580000, 0x00000000eab00000)
  object space 87552K, 1% used [0x00000000c0000000,0x00000000c01a7a30,0x00000000c5580000)
 Metaspace       used 6292K, capacity 7064K, committed 7424K, reserved 1056768K
  class space    used 624K, capacity 656K, committed 768K, reserved 1048576K
Event: 3.845 GC heap after
Heap after GC invocations=2 (full 0):
 PSYoungGen      total 71680K, used 5088K [0x00000000eab00000, 0x00000000ef600000, 0x0000000100000000)
  eden space 66560K, 0% used [0x00000000eab00000,0x00000000eab00000,0x00000000eec00000)
  from space 5120K, 99% used [0x00000000ef100000,0x00000000ef5f8360,0x00000000ef600000)
  to   space 5120K, 0% used [0x00000000eec00000,0x00000000eec00000,0x00000000ef100000)
 ParOldGen       total 87552K, used 6118K [0x00000000c0000000, 0x00000000c5580000, 0x00000000eab00000)
  object space 87552K, 6% used [0x00000000c0000000,0x00000000c05f98d8,0x00000000c5580000)
 Metaspace       used 6292K, capacity 7064K, committed 7424K, reserved 1056768K
  class space    used 624K, capacity 656K, committed 768K, reserved 1048576K
}
Event: 5.436 GC heap before
{Heap before GC invocations=3 (full 0):
 PSYoungGen      total 71680K, used 71648K [0x00000000eab00000, 0x00000000ef600000, 0x0000000100000000)
  eden space 66560K, 100% used [0x00000000eab00000,0x00000000eec00000,0x00000000eec00000)
  from space 5120K, 99% used [0x00000000ef100000,0x00000000ef5f8360,0x00000000ef600000)
  to   space 5120K, 0% used [0x00000000eec00000,0x00000000eec00000,0x00000000ef100000)
 ParOldGen       total 87552K, used 6118K [0x00000000c0000000, 0x00000000c5580000, 0x00000000eab00000)
  object space 87552K, 6% used [0x00000000c0000000,0x00000000c05f98d8,0x00000000c5580000)
 Metaspace       used 6450K, capacity 7160K, committed 7424K, reserved 1056768K
  class space    used 644K, capacity 688K, committed 768K, reserved 1048576K
Event: 5.483 GC heap after
Heap after GC invocations=3 (full 0):
 PSYoungGen      total 71680K, used 5108K [0x00000000eab00000, 0x00000000f3700000, 0x0000000100000000)
  eden space 66560K, 0% used [0x00000000eab00000,0x00000000eab00000,0x00000000eec00000)
  from space 5120K, 99% used [0x00000000eec00000,0x00000000ef0fd250,0x00000000ef100000)
  to   space 5120K, 0% used [0x00000000f3200000,0x00000000f3200000,0x00000000f3700000)
 ParOldGen       total 87552K, used 15646K [0x00000000c0000000, 0x00000000c5580000, 0x00000000eab00000)
  object space 87552K, 17% used [0x00000000c0000000,0x00000000c0f47998,0x00000000c5580000)
 Metaspace       used 6450K, capacity 7160K, committed 7424K, reserved 1056768K
  class space    used 644K, capacity 688K, committed 768K, reserved 1048576K
}
Event: 8.630 GC heap before
{Heap before GC invocations=4 (full 0):
 PSYoungGen      total 71680K, used 71668K [0x00000000eab00000, 0x00000000f3700000, 0x0000000100000000)
  eden space 66560K, 100% used [0x00000000eab00000,0x00000000eec00000,0x00000000eec00000)
  from space 5120K, 99% used [0x00000000eec00000,0x00000000ef0fd250,0x00000000ef100000)
  to   space 5120K, 0% used [0x00000000f3200000,0x00000000f3200000,0x00000000f3700000)
 ParOldGen       total 87552K, used 15646K [0x00000000c0000000, 0x00000000c5580000, 0x00000000eab00000)
  object space 87552K, 17% used [0x00000000c0000000,0x00000000c0f47998,0x00000000c5580000)
 Metaspace       used 6470K, capacity 7160K, committed 7424K, reserved 1056768K
  class space    used 644K, capacity 688K, committed 768K, reserved 1048576K
Event: 8.913 GC heap after
Heap after GC invocations=4 (full 0):
 PSYoungGen      total 138240K, used 5096K [0x00000000eab00000, 0x00000000f3700000, 0x0000000100000000)
  eden space 133120K, 0% used [0x00000000eab00000,0x00000000eab00000,0x00000000f2d00000)
  from space 5120K, 99% used [0x00000000f3200000,0x00000000f36fa098,0x00000000f3700000)
  to   space 5120K, 0% used [0x00000000f2d00000,0x00000000f2d00000,0x00000000f3200000)
 ParOldGen       total 87552K, used 24887K [0x00000000c0000000, 0x00000000c5580000, 0x00000000eab00000)
  object space 87552K, 28% used [0x00000000c0000000,0x00000000c184df48,0x00000000c5580000)
 Metaspace       used 6470K, capacity 7160K, committed 7424K, reserved 1056768K
  class space    used 644K, capacity 688K, committed 768K, reserved 1048576K
}

Deoptimization events (10 events):
Event: 15.888 Thread 0x0000000016d87800 Uncommon trap: reason=unstable_if action=reinterpret pc=0x00000000034a6674 method=com.android.dx.dex.code.OutputFinisher.align64bits([Lcom/android/dx/dex/code/Dop;)V @ 130
Event: 15.890 Thread 0x0000000016d87800 Uncommon trap: reason=unstable_if action=reinterpret pc=0x00000000034a5020 method=com.android.dx.dex.code.OutputFinisher.align64bits([Lcom/android/dx/dex/code/Dop;)V @ 130
Event: 16.145 Thread 0x0000000016d87800 Uncommon trap: reason=unstable_if action=reinterpret pc=0x00000000034a3c18 method=com.android.dx.rop.code.RegisterSpecSet.findMatchingLocal(Lcom/android/dx/rop/code/RegisterSpec;)Lcom/android/dx/rop/code/RegisterSpec; @ 35
Event: 16.147 Thread 0x0000000016d87800 Uncommon trap: reason=unstable_if action=reinterpret pc=0x00000000034bcfd0 method=com.android.dx.dex.code.StdCatchBuilder.handlersFor(Lcom/android/dx/rop/code/BasicBlock;Lcom/android/dx/dex/code/BlockAddresses;)Lcom/android/dx/dex/code/CatchHandlerList; @
Event: 17.013 Thread 0x0000000016d87800 Uncommon trap: reason=unstable_if action=reinterpret pc=0x0000000003495198 method=java.util.HashMap.putVal(ILjava/lang/Object;Ljava/lang/Object;ZZ)Ljava/lang/Object; @ 109
Event: 17.370 Thread 0x0000000016d87800 Uncommon trap: reason=unstable_if action=reinterpret pc=0x00000000034e2508 method=com.android.dx.dex.code.LocalList$MakeState.startLocal(ILcom/android/dx/rop/code/RegisterSpec;)V @ 121
Event: 17.394 Thread 0x0000000016d87800 Uncommon trap: reason=unstable_if action=reinterpret pc=0x00000000034259b8 method=java.util.ArrayList.<init>(I)V @ 5
Event: 18.641 Thread 0x0000000016d87800 Uncommon trap: reason=unstable_if action=reinterpret pc=0x0000000003527ac0 method=com.android.dx.dex.file.DebugInfoEncoder.emitLocalsAtAddress(I)I @ 137
Event: 18.679 Thread 0x0000000016d87800 Uncommon trap: reason=unstable_if action=reinterpret pc=0x00000000035102dc method=com.android.dx.util.ByteArrayAnnotatedOutput.ensureCapacity(I)V @ 6
Event: 18.688 Thread 0x0000000016d87800 Uncommon trap: reason=unstable_if action=reinterpret pc=0x00000000034ffdc4 method=com.android.dx.util.ByteArrayAnnotatedOutput.writeByte(I)V @ 13

Internal exceptions (7 events):
Event: 0.275 Thread 0x00000000029bd800 Exception <a 'java/lang/NoSuchMethodError': Method sun.misc.Unsafe.defineClass(Ljava/lang/String;[BII)Ljava/lang/Class; name or signature does not match> (0x00000000eab07c78) thrown at [C:\re\workspace\8-2-build-windows-amd64-cygwin\jdk8u111\7883\hotspot\
Event: 0.275 Thread 0x00000000029bd800 Exception <a 'java/lang/NoSuchMethodError': Method sun.misc.Unsafe.prefetchRead(Ljava/lang/Object;J)V name or signature does not match> (0x00000000eab07f60) thrown at [C:\re\workspace\8-2-build-windows-amd64-cygwin\jdk8u111\7883\hotspot\src\share\vm\prims
Event: 1.730 Thread 0x0000000016d95000 Implicit null exception at 0x0000000002e44ce2 to 0x0000000002e44dda
Event: 3.996 Thread 0x0000000016d95000 Implicit null exception at 0x0000000002e8a231 to 0x0000000002e8b999
Event: 4.086 Thread 0x0000000016df3000 Exception <a 'java/lang/ArrayIndexOutOfBoundsException': 18> (0x00000000eba53768) thrown at [C:\re\workspace\8-2-build-windows-amd64-cygwin\jdk8u111\7883\hotspot\src\share\vm\interpreter\interpreterRuntime.cpp, line 366]
Event: 4.087 Thread 0x0000000016df3000 Exception <a 'java/lang/ArrayIndexOutOfBoundsException'> (0x00000000eba552e8) thrown at [C:\re\workspace\8-2-build-windows-amd64-cygwin\jdk8u111\7883\hotspot\src\share\vm\runtime\sharedRuntime.cpp, line 605]
Event: 4.089 Thread 0x0000000016df3000 Exception <a 'java/lang/ArrayIndexOutOfBoundsException'> (0x00000000eba565d0) thrown at [C:\re\workspace\8-2-build-windows-amd64-cygwin\jdk8u111\7883\hotspot\src\share\vm\runtime\sharedRuntime.cpp, line 605]

Events (10 events):
Event: 18.678 Thread 0x0000000016d87800 Uncommon trap: trap_request=0xffffff65 fr.pc=0x00000000035102dc
Event: 18.679 Thread 0x0000000016d87800 DEOPT PACKING pc=0x00000000035102dc sp=0x0000000019fce760
Event: 18.679 Thread 0x0000000016d87800 DEOPT UNPACKING pc=0x0000000002b6582a sp=0x0000000019fce6e8 mode 2
Event: 18.680 loading class com/android/dx/dex/file/MapItem
Event: 18.680 loading class com/android/dx/dex/file/MapItem done
Event: 18.686 loading class com/android/dex/DexFormat
Event: 18.686 loading class com/android/dex/DexFormat done
Event: 18.688 Thread 0x0000000016d87800 Uncommon trap: trap_request=0xffffff65 fr.pc=0x00000000034ffdc4
Event: 18.688 Thread 0x0000000016d87800 DEOPT PACKING pc=0x00000000034ffdc4 sp=0x0000000019fce9a0
Event: 18.688 Thread 0x0000000016d87800 DEOPT UNPACKING pc=0x0000000002b6582a sp=0x0000000019fce958 mode 2


Dynamic libraries:
0x00007ff7d0e50000 - 0x00007ff7d0e87000 	C:\Program Files\Java\jdk1.8.0_111\bin\java.exe
0x00007ffa8eb90000 - 0x00007ffa8ed51000 	C:\WINDOWS\SYSTEM32\ntdll.dll
0x00007ffa8e040000 - 0x00007ffa8e0ed000 	C:\WINDOWS\system32\KERNEL32.DLL
0x00007ffa8ba60000 - 0x00007ffa8bc48000 	C:\WINDOWS\system32\KERNELBASE.dll
0x00007ffa8df90000 - 0x00007ffa8e037000 	C:\WINDOWS\system32\ADVAPI32.dll
0x00007ffa8e670000 - 0x00007ffa8e70d000 	C:\WINDOWS\system32\msvcrt.dll
0x00007ffa8db50000 - 0x00007ffa8dbab000 	C:\WINDOWS\system32\sechost.dll
0x00007ffa8c0e0000 - 0x00007ffa8c1fc000 	C:\WINDOWS\system32\RPCRT4.dll
0x00007ffa8c490000 - 0x00007ffa8c5e6000 	C:\WINDOWS\system32\USER32.dll
0x00007ffa8c240000 - 0x00007ffa8c3c6000 	C:\WINDOWS\system32\GDI32.dll
0x00007ffa7e220000 - 0x00007ffa7e494000 	C:\WINDOWS\WinSxS\amd64_microsoft.windows.common-controls_6595b64144ccf1df_6.0.10586.589_none_a2ddb3caa539acce\COMCTL32.dll
0x00007ffa8dbb0000 - 0x00007ffa8de2d000 	C:\WINDOWS\system32\combase.dll
0x00007ffa8b2d0000 - 0x00007ffa8b33a000 	C:\WINDOWS\system32\bcryptPrimitives.dll
0x00007ffa8c200000 - 0x00007ffa8c23b000 	C:\WINDOWS\system32\IMM32.DLL
0x0000000053f00000 - 0x0000000053fd2000 	C:\Program Files\Java\jdk1.8.0_111\jre\bin\msvcr100.dll
0x0000000052260000 - 0x0000000052afa000 	C:\Program Files\Java\jdk1.8.0_111\jre\bin\server\jvm.dll
0x00007ffa8e820000 - 0x00007ffa8e828000 	C:\WINDOWS\system32\PSAPI.DLL
0x00007ffa7dda0000 - 0x00007ffa7dda9000 	C:\WINDOWS\SYSTEM32\WSOCK32.dll
0x00007ffa8bf90000 - 0x00007ffa8bffb000 	C:\WINDOWS\system32\WS2_32.dll
0x00007ffa898b0000 - 0x00007ffa898d3000 	C:\WINDOWS\SYSTEM32\WINMM.dll
0x00007ffa88380000 - 0x00007ffa8838a000 	C:\WINDOWS\SYSTEM32\VERSION.dll
0x00007ffa89880000 - 0x00007ffa898ac000 	C:\WINDOWS\SYSTEM32\WINMMBASE.dll
0x00007ffa8bf40000 - 0x00007ffa8bf83000 	C:\WINDOWS\system32\cfgmgr32.dll
0x0000000053ef0000 - 0x0000000053eff000 	C:\Program Files\Java\jdk1.8.0_111\jre\bin\verify.dll
0x0000000053ec0000 - 0x0000000053ee9000 	C:\Program Files\Java\jdk1.8.0_111\jre\bin\java.dll
0x0000000053ea0000 - 0x0000000053eb6000 	C:\Program Files\Java\jdk1.8.0_111\jre\bin\zip.dll
0x00007ffa8c5f0000 - 0x00007ffa8db4c000 	C:\WINDOWS\system32\SHELL32.dll
0x00007ffa8b340000 - 0x00007ffa8b985000 	C:\WINDOWS\system32\windows.storage.dll
0x00007ffa8eb30000 - 0x00007ffa8eb82000 	C:\WINDOWS\system32\shlwapi.dll
0x00007ffa8b1b0000 - 0x00007ffa8b1bf000 	C:\WINDOWS\system32\kernel.appcore.dll
0x00007ffa8bc50000 - 0x00007ffa8bd05000 	C:\WINDOWS\system32\shcore.dll
0x00007ffa8b1f0000 - 0x00007ffa8b23b000 	C:\WINDOWS\system32\powrprof.dll
0x00007ffa8b1c0000 - 0x00007ffa8b1d4000 	C:\WINDOWS\system32\profapi.dll

VM Arguments:
jvm_args: -Djava.awt.headless=true -Xmx1024M -Dfile.encoding=windows-1252 -Duser.country=CA -Duser.language=en -Duser.variant 
java_command: com.android.dx.command.Main --dex --force-jumbo --num-threads=4 --multi-dex --output C:\Users\Hassen\Documents\Sirine\CPEN321-\proj\cpen321project\PlanMyTrip\app\build\intermediates\transforms\dex\debug\folders\1000\10\com.android.support-recyclerview-v7-24.1.0_d0a6f519ea31d9b33ac91fdd38534daeb574053e C:\Users\Hassen\Documents\Sirine\CPEN321-\proj\cpen321project\PlanMyTrip\app\build\intermediates\exploded-aar\com.android.support\recyclerview-v7\24.1.0\jars\classes.jar
java_class_path (initial): C:\Users\Hassen\AppData\Local\Android\sdk\build-tools\24.0.1\lib\dx.jar
Launcher Type: SUN_STANDARD

Environment Variables:
JAVA_HOME=C:\Program Files (x86)\Java\jdk1.7.0_79
PATH=C:\ProgramData\Oracle\Java\javapath;C:\Program Files (x86)\Common Files\NetSarang;C:\Program Files (x86)\Intel\iCLS Client\;C:\Program Files\Intel\iCLS Client\;C:\Windows\system32;C:\Windows;C:\Windows\System32\Wbem;C:\Windows\System32\WindowsPowerShell\v1.0\;C:\Program Files\Intel\WiFi\bin\;C:\Program Files\Common Files\Intel\WirelessCommon\;C:\Program Files\Intel\Intel(R) Management Engine Components\DAL;C:\Program Files\Intel\Intel(R) Management Engine Components\IPT;C:\Program Files (x86)\Intel\Intel(R) Management Engine Components\DAL;C:\Program Files (x86)\Intel\Intel(R) Management Engine Components\IPT;C:\Program Files\Acer\Remote Files\;C:\WINDOWS\system32;C:\WINDOWS;C:\WINDOWS\System32\Wbem;C:\WINDOWS\System32\WindowsPowerShell\v1.0\;C:\Program Files (x86)\Skype\Phone\;C:\Program Files (x86)\QuickTime\QTSystem\;C:\WINDOWS\system32;C:\WINDOWS;C:\WINDOWS\System32\Wbem;C:\WINDOWS\System32\WindowsPowerShell\v1.0\;%QUARTUS_ROOTDIR%\bin;C:\Program Files (x86)\apache-maven-3.3.9\bin;C:\Program Files (x86)\apache-maven-3.3.9\bin
USERNAME=Hassen
OS=Windows_NT
PROCESSOR_IDENTIFIER=Intel64 Family 6 Model 69 Stepping 1, GenuineIntel



---------------  S Y S T E M  ---------------

OS: Windows 10.0 , 64 bit Build 10586 (10.0.10586.589)

CPU:total 4 (2 cores per cpu, 2 threads per core) family 6 model 69 stepping 1, cmov, cx8, fxsr, mmx, sse, sse2, sse3, ssse3, sse4.1, sse4.2, popcnt, avx, avx2, aes, clmul, erms, lzcnt, ht, tsc, tscinvbit, bmi1, bmi2

Memory: 4k page, physical 8281368k(617648k free), swap 13045512k(5500k free)

vm_info: Java HotSpot(TM) 64-Bit Server VM (25.111-b14) for windows-amd64 JRE (1.8.0_111-b14), built on Sep 22 2016 19:24:05 by "java_re" with MS VC++ 10.0 (VS2010)

time: Thu Oct 27 13:10:35 2016
elapsed time: 20 seconds (0d 0h 0m 20s)

