#
# There is insufficient memory for the Java Runtime Environment to continue.
# Native memory allocation (malloc) failed to allocate 32744 bytes for ChunkPool::allocate
# Possible reasons:
#   The system is out of physical RAM or swap space
#   In 32 bit mode, the process size limit was hit
# Possible solutions:
#   Reduce memory load on the system
#   Increase physical memory or swap space
#   Check if swap backing store is full
#   Use 64 bit Java on a 64 bit OS
#   Decrease Java heap size (-Xmx/-Xms)
#   Decrease number of Java threads
#   Decrease Java thread stack sizes (-Xss)
#   Set larger code cache with -XX:ReservedCodeCacheSize=
# This output file may be truncated or incomplete.
#
#  Out of Memory Error (allocation.cpp:273), pid=8128, tid=0x0000000000003530
#
# JRE version: Java(TM) SE Runtime Environment (8.0_111-b14) (build 1.8.0_111-b14)
# Java VM: Java HotSpot(TM) 64-Bit Server VM (25.111-b14 mixed mode windows-amd64 compressed oops)
# Failed to write core dump. Minidumps are not enabled by default on client versions of Windows
#

---------------  T H R E A D  ---------------

Current thread (0x000000001551b000):  JavaThread "C1 CompilerThread2" daemon [_thread_in_native, id=13616, stack(0x0000000016c10000,0x0000000016d10000)]

Stack: [0x0000000016c10000,0x0000000016d10000]
[error occurred during error reporting (printing stack bounds), id 0xc0000005]

Native frames: (J=compiled Java code, j=interpreted, Vv=VM code, C=native code)


Current CompileTask:
C1:   5923  287   !   3       com.android.dx.rop.type.Type::intern (319 bytes)


---------------  P R O C E S S  ---------------

Java Threads: ( => current thread )
  0x000000001550b000 JavaThread "pool-2-thread-4" [_thread_in_Java, id=6468, stack(0x0000000017710000,0x0000000017810000)]
  0x0000000016f9e800 JavaThread "pool-2-thread-3" [_thread_in_Java, id=13652, stack(0x0000000017610000,0x0000000017710000)]
  0x0000000016e55000 JavaThread "pool-2-thread-2" [_thread_in_Java, id=13704, stack(0x0000000017510000,0x0000000017610000)]
  0x0000000016e4e000 JavaThread "pool-3-thread-1" [_thread_blocked, id=11480, stack(0x0000000017410000,0x0000000017510000)]
  0x0000000016e45000 JavaThread "pool-2-thread-1" [_thread_in_vm, id=7272, stack(0x0000000017310000,0x0000000017410000)]
  0x0000000016d15800 JavaThread "Service Thread" daemon [_thread_blocked, id=14056, stack(0x0000000017110000,0x0000000017210000)]
=>0x000000001551b000 JavaThread "C1 CompilerThread2" daemon [_thread_in_native, id=13616, stack(0x0000000016c10000,0x0000000016d10000)]
  0x00000000154c0000 JavaThread "C2 CompilerThread1" daemon [_thread_blocked, id=12248, stack(0x0000000016b10000,0x0000000016c10000)]
  0x00000000154bd000 JavaThread "C2 CompilerThread0" daemon [_thread_blocked, id=12920, stack(0x0000000016a10000,0x0000000016b10000)]
  0x00000000154bb000 JavaThread "Attach Listener" daemon [_thread_blocked, id=11124, stack(0x0000000016910000,0x0000000016a10000)]
  0x00000000154ba000 JavaThread "Signal Dispatcher" daemon [_thread_blocked, id=7204, stack(0x0000000016810000,0x0000000016910000)]
  0x00000000154aa000 JavaThread "Finalizer" daemon [_thread_blocked, id=11784, stack(0x0000000016710000,0x0000000016810000)]
  0x0000000015489000 JavaThread "Reference Handler" daemon [_thread_blocked, id=4700, stack(0x0000000016610000,0x0000000016710000)]
  0x000000000136d800 JavaThread "main" [_thread_in_native, id=11268, stack(0x0000000002af0000,0x0000000002bf0000)]

Other Threads:
  0x0000000015487000 VMThread [stack: 0x0000000016510000,0x0000000016610000] [id=232]
  0x0000000016d24000 WatcherThread [stack: 0x0000000017210000,0x0000000017310000] [id=5172]

VM state:not at safepoint (normal execution)

VM Mutex/Monitor currently owned by a thread: None

Heap:
 PSYoungGen      total 38400K, used 9323K [0x00000000eab00000, 0x00000000ed580000, 0x0000000100000000)
  eden space 33280K, 28% used [0x00000000eab00000,0x00000000eb41afa0,0x00000000ecb80000)
  from space 5120K, 0% used [0x00000000ed080000,0x00000000ed080000,0x00000000ed580000)
  to   space 5120K, 0% used [0x00000000ecb80000,0x00000000ecb80000,0x00000000ed080000)
 ParOldGen       total 87552K, used 0K [0x00000000c0000000, 0x00000000c5580000, 0x00000000eab00000)
  object space 87552K, 0% used [0x00000000c0000000,0x00000000c0000000,0x00000000c5580000)
 Metaspace       used 4657K, capacity 5808K, committed 6016K, reserved 1056768K
  class space    used 521K, capacity 552K, committed 640K, reserved 1048576K

Card table byte_map: [0x00000000121b0000,0x00000000123c0000] byte_map_base: 0x0000000011bb0000

Marking Bits: (ParMarkBitMap*) 0x0000000052a7a6c0
 Begin Bits: [0x0000000012920000, 0x0000000013920000)
 End Bits:   [0x0000000013920000, 0x0000000014920000)

Polling page: 0x0000000000fa0000

CodeCache: size=245760Kb used=1667Kb max_used=1688Kb free=244092Kb
 bounds [0x0000000002df0000, 0x0000000003060000, 0x0000000011df0000]
 total_blobs=543 nmethods=285 adapters=171
 compilation: enabled

Compilation events (10 events):
Event: 5.918 Thread 0x000000001551b000 nmethod 279 0x0000000002f8f150 code [0x0000000002f8f2a0, 0x0000000002f8f3f0]
Event: 5.918 Thread 0x000000001551b000  281       3       com.android.dx.rop.type.Type::hashCode (8 bytes)
Event: 5.918 Thread 0x00000000154bd000 nmethod 285 0x0000000002f674d0 code [0x0000000002f67600, 0x0000000002f67658]
Event: 5.918 Thread 0x000000001551b000 nmethod 281 0x0000000002f91c50 code [0x0000000002f91dc0, 0x0000000002f91fc8]
Event: 5.918 Thread 0x000000001551b000  282       3       com.android.dx.rop.cst.CstString::hashCode (8 bytes)
Event: 5.918 Thread 0x000000001551b000 nmethod 282 0x0000000002f91810 code [0x0000000002f91980, 0x0000000002f91b88]
Event: 5.918 Thread 0x000000001551b000  287   !   3       com.android.dx.rop.type.Type::intern (319 bytes)
Event: 5.918 Thread 0x00000000154bd000  288       4       com.android.dx.rop.cst.CstFieldRef::compareTo0 (43 bytes)
Event: 5.918 Thread 0x00000000154c0000 nmethod 286 0x0000000002f8ff90 code [0x0000000002f900e0, 0x0000000002f901d8]
Event: 5.919 Thread 0x00000000154c0000  289       4       com.android.dx.rop.cst.CstMemberRef::compareTo0 (49 bytes)

GC Heap History (0 events):
No events

Deoptimization events (0 events):
No events

Internal exceptions (2 events):
Event: 0.074 Thread 0x000000000136d800 Exception <a 'java/lang/NoSuchMethodError': Method sun.misc.Unsafe.defineClass(Ljava/lang/String;[BII)Ljava/lang/Class; name or signature does not match> (0x00000000eab07c78) thrown at [C:\re\workspace\8-2-build-windows-amd64-cygwin\jdk8u111\7883\hotspot\
Event: 0.075 Thread 0x000000000136d800 Exception <a 'java/lang/NoSuchMethodError': Method sun.misc.Unsafe.prefetchRead(Ljava/lang/Object;J)V name or signature does not match> (0x00000000eab07f60) thrown at [C:\re\workspace\8-2-build-windows-amd64-cygwin\jdk8u111\7883\hotspot\src\share\vm\prims

Events (10 events):
Event: 5.916 loading class com/android/dx/ssa/LocalVariableExtractor
Event: 5.916 loading class com/android/dx/ssa/LocalVariableExtractor done
Event: 5.916 Executing VM operation: RevokeBias
Event: 5.916 Executing VM operation: RevokeBias done
Event: 5.917 loading class com/android/dx/ssa/LocalVariableInfo
Event: 5.917 loading class com/android/dx/ssa/LocalVariableInfo done
Event: 5.918 loading class com/android/dx/rop/code/RegisterSpecSet
Event: 5.918 loading class com/android/dx/rop/code/RegisterSpecSet done
Event: 5.919 loading class com/android/dx/ssa/DomFront
Event: 5.919 loading class com/android/dx/ssa/DomFront done


Dynamic libraries:
0x00007ff7d0e50000 - 0x00007ff7d0e87000 	C:\Program Files\Java\jdk1.8.0_111\bin\java.exe
0x00007ffa8eb90000 - 0x00007ffa8ed51000 	C:\WINDOWS\SYSTEM32\ntdll.dll
0x00007ffa8e040000 - 0x00007ffa8e0ed000 	C:\WINDOWS\system32\KERNEL32.DLL
0x00007ffa8ba60000 - 0x00007ffa8bc48000 	C:\WINDOWS\system32\KERNELBASE.dll
0x00007ffa8df90000 - 0x00007ffa8e037000 	C:\WINDOWS\system32\ADVAPI32.dll
0x00007ffa8e670000 - 0x00007ffa8e70d000 	C:\WINDOWS\system32\msvcrt.dll
0x00007ffa8db50000 - 0x00007ffa8dbab000 	C:\WINDOWS\system32\sechost.dll
0x00007ffa8c0e0000 - 0x00007ffa8c1fc000 	C:\WINDOWS\system32\RPCRT4.dll
0x00007ffa8c490000 - 0x00007ffa8c5e6000 	C:\WINDOWS\system32\USER32.dll
0x00007ffa8c240000 - 0x00007ffa8c3c6000 	C:\WINDOWS\system32\GDI32.dll
0x00007ffa7e220000 - 0x00007ffa7e494000 	C:\WINDOWS\WinSxS\amd64_microsoft.windows.common-controls_6595b64144ccf1df_6.0.10586.589_none_a2ddb3caa539acce\COMCTL32.dll
0x00007ffa8dbb0000 - 0x00007ffa8de2d000 	C:\WINDOWS\system32\combase.dll
0x00007ffa8b2d0000 - 0x00007ffa8b33a000 	C:\WINDOWS\system32\bcryptPrimitives.dll
0x00007ffa8c200000 - 0x00007ffa8c23b000 	C:\WINDOWS\system32\IMM32.DLL
0x0000000053f00000 - 0x0000000053fd2000 	C:\Program Files\Java\jdk1.8.0_111\jre\bin\msvcr100.dll
0x0000000052260000 - 0x0000000052afa000 	C:\Program Files\Java\jdk1.8.0_111\jre\bin\server\jvm.dll
0x00007ffa8e820000 - 0x00007ffa8e828000 	C:\WINDOWS\system32\PSAPI.DLL
0x00007ffa7dda0000 - 0x00007ffa7dda9000 	C:\WINDOWS\SYSTEM32\WSOCK32.dll
0x00007ffa8bf90000 - 0x00007ffa8bffb000 	C:\WINDOWS\system32\WS2_32.dll
0x00007ffa898b0000 - 0x00007ffa898d3000 	C:\WINDOWS\SYSTEM32\WINMM.dll
0x00007ffa88380000 - 0x00007ffa8838a000 	C:\WINDOWS\SYSTEM32\VERSION.dll
0x00007ffa89880000 - 0x00007ffa898ac000 	C:\WINDOWS\SYSTEM32\WINMMBASE.dll
0x00007ffa8bf40000 - 0x00007ffa8bf83000 	C:\WINDOWS\system32\cfgmgr32.dll
0x0000000053ef0000 - 0x0000000053eff000 	C:\Program Files\Java\jdk1.8.0_111\jre\bin\verify.dll
0x0000000053ec0000 - 0x0000000053ee9000 	C:\Program Files\Java\jdk1.8.0_111\jre\bin\java.dll
0x0000000053ea0000 - 0x0000000053eb6000 	C:\Program Files\Java\jdk1.8.0_111\jre\bin\zip.dll
0x00007ffa8c5f0000 - 0x00007ffa8db4c000 	C:\WINDOWS\system32\SHELL32.dll
0x00007ffa8b340000 - 0x00007ffa8b985000 	C:\WINDOWS\system32\windows.storage.dll
0x00007ffa8eb30000 - 0x00007ffa8eb82000 	C:\WINDOWS\system32\shlwapi.dll
0x00007ffa8b1b0000 - 0x00007ffa8b1bf000 	C:\WINDOWS\system32\kernel.appcore.dll
0x00007ffa8bc50000 - 0x00007ffa8bd05000 	C:\WINDOWS\system32\shcore.dll
0x00007ffa8b1f0000 - 0x00007ffa8b23b000 	C:\WINDOWS\system32\powrprof.dll
0x00007ffa8b1c0000 - 0x00007ffa8b1d4000 	C:\WINDOWS\system32\profapi.dll

VM Arguments:
jvm_args: -Djava.awt.headless=true -Xmx1024M -Dfile.encoding=windows-1252 -Duser.country=CA -Duser.language=en -Duser.variant 
java_command: com.android.dx.command.Main --dex --force-jumbo --num-threads=4 --multi-dex --output C:\Users\Hassen\Documents\Sirine\CPEN321-\proj\cpen321project\PlanMyTrip\app\build\intermediates\transforms\dex\debug\folders\1000\5\slice_0 C:\Users\Hassen\Documents\Sirine\CPEN321-\proj\cpen321project\PlanMyTrip\app\build\intermediates\transforms\instantRunSlicer\debug\folders\1\5\slice_0
java_class_path (initial): C:\Users\Hassen\AppData\Local\Android\sdk\build-tools\24.0.1\lib\dx.jar
Launcher Type: SUN_STANDARD

Environment Variables:
JAVA_HOME=C:\Program Files (x86)\Java\jdk1.7.0_79
PATH=C:\ProgramData\Oracle\Java\javapath;C:\Program Files (x86)\Common Files\NetSarang;C:\Program Files (x86)\Intel\iCLS Client\;C:\Program Files\Intel\iCLS Client\;C:\Windows\system32;C:\Windows;C:\Windows\System32\Wbem;C:\Windows\System32\WindowsPowerShell\v1.0\;C:\Program Files\Intel\WiFi\bin\;C:\Program Files\Common Files\Intel\WirelessCommon\;C:\Program Files\Intel\Intel(R) Management Engine Components\DAL;C:\Program Files\Intel\Intel(R) Management Engine Components\IPT;C:\Program Files (x86)\Intel\Intel(R) Management Engine Components\DAL;C:\Program Files (x86)\Intel\Intel(R) Management Engine Components\IPT;C:\Program Files\Acer\Remote Files\;C:\WINDOWS\system32;C:\WINDOWS;C:\WINDOWS\System32\Wbem;C:\WINDOWS\System32\WindowsPowerShell\v1.0\;C:\Program Files (x86)\Skype\Phone\;C:\Program Files (x86)\QuickTime\QTSystem\;C:\WINDOWS\system32;C:\WINDOWS;C:\WINDOWS\System32\Wbem;C:\WINDOWS\System32\WindowsPowerShell\v1.0\;%QUARTUS_ROOTDIR%\bin;C:\Program Files (x86)\apache-maven-3.3.9\bin;C:\Program Files (x86)\apache-maven-3.3.9\bin
USERNAME=Hassen
OS=Windows_NT
PROCESSOR_IDENTIFIER=Intel64 Family 6 Model 69 Stepping 1, GenuineIntel



---------------  S Y S T E M  ---------------

OS: Windows 10.0 , 64 bit Build 10586 (10.0.10586.589)

CPU:total 4 (2 cores per cpu, 2 threads per core) family 6 model 69 stepping 1, cmov, cx8, fxsr, mmx, sse, sse2, sse3, ssse3, sse4.1, sse4.2, popcnt, avx, avx2, aes, clmul, erms, lzcnt, ht, tsc, tscinvbit, bmi1, bmi2

Memory: 4k page, physical 8281368k(927672k free), swap 13090332k(2844k free)

vm_info: Java HotSpot(TM) 64-Bit Server VM (25.111-b14) for windows-amd64 JRE (1.8.0_111-b14), built on Sep 22 2016 19:24:05 by "java_re" with MS VC++ 10.0 (VS2010)

time: Thu Oct 27 12:28:15 2016
elapsed time: 5 seconds (0d 0h 0m 5s)

