#
# There is insufficient memory for the Java Runtime Environment to continue.
# Native memory allocation (malloc) failed to allocate 335376 bytes for Chunk::new
# Possible reasons:
#   The system is out of physical RAM or swap space
#   In 32 bit mode, the process size limit was hit
# Possible solutions:
#   Reduce memory load on the system
#   Increase physical memory or swap space
#   Check if swap backing store is full
#   Use 64 bit Java on a 64 bit OS
#   Decrease Java heap size (-Xmx/-Xms)
#   Decrease number of Java threads
#   Decrease Java thread stack sizes (-Xss)
#   Set larger code cache with -XX:ReservedCodeCacheSize=
# This output file may be truncated or incomplete.
#
#  Out of Memory Error (allocation.cpp:390), pid=14292, tid=0x0000000000002b0c
#
# JRE version: Java(TM) SE Runtime Environment (8.0_111-b14) (build 1.8.0_111-b14)
# Java VM: Java HotSpot(TM) 64-Bit Server VM (25.111-b14 mixed mode windows-amd64 compressed oops)
# Failed to write core dump. Minidumps are not enabled by default on client versions of Windows
#

---------------  T H R E A D  ---------------

Current thread (0x0000000014a6d000):  JavaThread "C2 CompilerThread0" daemon [_thread_in_native, id=11020, stack(0x00000000160b0000,0x00000000161b0000)]

Stack: [0x00000000160b0000,0x00000000161b0000]
[error occurred during error reporting (printing stack bounds), id 0xc0000005]

Native frames: (J=compiled Java code, j=interpreted, Vv=VM code, C=native code)


Current CompileTask:
C2:  10840 1407       4       com.android.dx.cf.code.ValueAwareMachine::run (1142 bytes)


---------------  P R O C E S S  ---------------

Java Threads: ( => current thread )
  0x000000001652a000 JavaThread "pool-2-thread-4" [_thread_blocked, id=4088, stack(0x0000000016db0000,0x0000000016eb0000)]
  0x0000000016415000 JavaThread "pool-2-thread-3" [_thread_blocked, id=12064, stack(0x0000000016cb0000,0x0000000016db0000)]
  0x0000000016414000 JavaThread "pool-2-thread-2" [_thread_blocked, id=460, stack(0x0000000016bb0000,0x0000000016cb0000)]
  0x00000000163db000 JavaThread "pool-3-thread-1" [_thread_blocked, id=11244, stack(0x0000000016ab0000,0x0000000016bb0000)]
  0x00000000163da800 JavaThread "pool-2-thread-1" [_thread_blocked, id=13596, stack(0x00000000169b0000,0x0000000016ab0000)]
  0x00000000162c3000 JavaThread "Service Thread" daemon [_thread_blocked, id=13968, stack(0x00000000167b0000,0x00000000168b0000)]
  0x00000000162b8800 JavaThread "C1 CompilerThread2" daemon [_thread_blocked, id=10808, stack(0x00000000166b0000,0x00000000167b0000)]
  0x0000000014a70000 JavaThread "C2 CompilerThread1" daemon [_thread_in_native, id=13188, stack(0x00000000161b0000,0x00000000162b0000)]
=>0x0000000014a6d000 JavaThread "C2 CompilerThread0" daemon [_thread_in_native, id=11020, stack(0x00000000160b0000,0x00000000161b0000)]
  0x0000000014a6b000 JavaThread "Attach Listener" daemon [_thread_blocked, id=4948, stack(0x0000000015fb0000,0x00000000160b0000)]
  0x0000000014a6a000 JavaThread "Signal Dispatcher" daemon [_thread_blocked, id=12224, stack(0x0000000015eb0000,0x0000000015fb0000)]
  0x0000000002394800 JavaThread "Finalizer" daemon [_thread_blocked, id=10920, stack(0x0000000015cd0000,0x0000000015dd0000)]
  0x000000000238f000 JavaThread "Reference Handler" daemon [_thread_blocked, id=11596, stack(0x0000000015bd0000,0x0000000015cd0000)]
  0x000000000203d800 JavaThread "main" [_thread_in_native, id=12376, stack(0x00000000020a0000,0x00000000021a0000)]

Other Threads:
  0x0000000014a38000 VMThread [stack: 0x0000000015ad0000,0x0000000015bd0000] [id=1896]
  0x00000000162c7000 WatcherThread [stack: 0x00000000168b0000,0x00000000169b0000] [id=10840]

VM state:not at safepoint (normal execution)

VM Mutex/Monitor currently owned by a thread:  ([mutex/lock_event])
[0x000000000203c850] Heap_lock - owner thread: 0x000000001652a000

Heap:
 PSYoungGen      total 71680K, used 5651K [0x00000000eab00000, 0x00000000ef600000, 0x0000000100000000)
  eden space 66560K, 0% used [0x00000000eab00000,0x00000000eab86bb0,0x00000000eec00000)
  from space 5120K, 99% used [0x00000000ef100000,0x00000000ef5fe0d8,0x00000000ef600000)
  to   space 5120K, 0% used [0x00000000eec00000,0x00000000eec00000,0x00000000ef100000)
 ParOldGen       total 87552K, used 13044K [0x00000000c0000000, 0x00000000c5580000, 0x00000000eab00000)
  object space 87552K, 14% used [0x00000000c0000000,0x00000000c0cbd2b0,0x00000000c5580000)
 Metaspace       used 5979K, capacity 6966K, committed 7040K, reserved 1056768K
  class space    used 604K, capacity 622K, committed 640K, reserved 1048576K

Card table byte_map: [0x0000000011760000,0x0000000011970000] byte_map_base: 0x0000000011160000

Marking Bits: (ParMarkBitMap*) 0x000000005331a6c0
 Begin Bits: [0x0000000011ed0000, 0x0000000012ed0000)
 End Bits:   [0x0000000012ed0000, 0x0000000013ed0000)

Polling page: 0x00000000006b0000

CodeCache: size=245760Kb used=6356Kb max_used=6356Kb free=239403Kb
 bounds [0x00000000023a0000, 0x00000000029e0000, 0x00000000113a0000]
 total_blobs=1661 nmethods=1399 adapters=175
 compilation: enabled

Compilation events (10 events):
Event: 10.620 Thread 0x0000000014a70000 1412       4       com.android.dx.dex.code.RopToDop::dopFor (792 bytes)
Event: 10.621 Thread 0x00000000162b8800 nmethod 1420 0x00000000029bfe10 code [0x00000000029bff80, 0x00000000029c03d0]
Event: 10.622 Thread 0x00000000162b8800 1421       3       com.android.dx.rop.code.Rops::opMoveParam (69 bytes)
Event: 10.622 Thread 0x00000000162b8800 nmethod 1421 0x00000000029c20d0 code [0x00000000029c2300, 0x00000000029c2ed8]
Event: 10.626 Thread 0x00000000162b8800 1423       3       com.android.dx.util.Bits::isEmpty (26 bytes)
Event: 10.627 Thread 0x00000000162b8800 nmethod 1423 0x00000000029c1c10 code [0x00000000029c1d80, 0x00000000029c1fd0]
Event: 10.627 Thread 0x00000000162b8800 1424       3       com.android.dx.cf.code.BytecodeArray::parseLookupswitch (175 bytes)
Event: 10.629 Thread 0x00000000162b8800 nmethod 1424 0x00000000029d6ed0 code [0x00000000029d7180, 0x00000000029d8588]
Event: 10.629 Thread 0x00000000162b8800 1425   !   3       com.android.dx.cf.code.Ropper::doit (126 bytes)
Event: 10.631 Thread 0x00000000162b8800 nmethod 1425 0x00000000029d91d0 code [0x00000000029d94c0, 0x00000000029da918]

GC Heap History (4 events):
Event: 4.988 GC heap before
{Heap before GC invocations=1 (full 0):
 PSYoungGen      total 38400K, used 33280K [0x00000000eab00000, 0x00000000ed580000, 0x0000000100000000)
  eden space 33280K, 100% used [0x00000000eab00000,0x00000000ecb80000,0x00000000ecb80000)
  from space 5120K, 0% used [0x00000000ed080000,0x00000000ed080000,0x00000000ed580000)
  to   space 5120K, 0% used [0x00000000ecb80000,0x00000000ecb80000,0x00000000ed080000)
 ParOldGen       total 87552K, used 0K [0x00000000c0000000, 0x00000000c5580000, 0x00000000eab00000)
  object space 87552K, 0% used [0x00000000c0000000,0x00000000c0000000,0x00000000c5580000)
 Metaspace       used 5822K, capacity 6834K, committed 7040K, reserved 1056768K
  class space    used 595K, capacity 618K, committed 640K, reserved 1048576K
Event: 5.108 GC heap after
Heap after GC invocations=1 (full 0):
 PSYoungGen      total 38400K, used 5093K [0x00000000eab00000, 0x00000000ef600000, 0x0000000100000000)
  eden space 33280K, 0% used [0x00000000eab00000,0x00000000eab00000,0x00000000ecb80000)
  from space 5120K, 99% used [0x00000000ecb80000,0x00000000ed079728,0x00000000ed080000)
  to   space 5120K, 0% used [0x00000000ef100000,0x00000000ef100000,0x00000000ef600000)
 ParOldGen       total 87552K, used 6169K [0x00000000c0000000, 0x00000000c5580000, 0x00000000eab00000)
  object space 87552K, 7% used [0x00000000c0000000,0x00000000c0606590,0x00000000c5580000)
 Metaspace       used 5822K, capacity 6834K, committed 7040K, reserved 1056768K
  class space    used 595K, capacity 618K, committed 640K, reserved 1048576K
}
Event: 10.636 GC heap before
{Heap before GC invocations=2 (full 0):
 PSYoungGen      total 38400K, used 38373K [0x00000000eab00000, 0x00000000ef600000, 0x0000000100000000)
  eden space 33280K, 100% used [0x00000000eab00000,0x00000000ecb80000,0x00000000ecb80000)
  from space 5120K, 99% used [0x00000000ecb80000,0x00000000ed079728,0x00000000ed080000)
  to   space 5120K, 0% used [0x00000000ef100000,0x00000000ef100000,0x00000000ef600000)
 ParOldGen       total 87552K, used 6169K [0x00000000c0000000, 0x00000000c5580000, 0x00000000eab00000)
  object space 87552K, 7% used [0x00000000c0000000,0x00000000c0606590,0x00000000c5580000)
 Metaspace       used 5979K, capacity 6966K, committed 7040K, reserved 1056768K
  class space    used 604K, capacity 622K, committed 640K, reserved 1048576K
Event: 10.766 GC heap after
Heap after GC invocations=2 (full 0):
 PSYoungGen      total 71680K, used 5112K [0x00000000eab00000, 0x00000000ef600000, 0x0000000100000000)
  eden space 66560K, 0% used [0x00000000eab00000,0x00000000eab00000,0x00000000eec00000)
  from space 5120K, 99% used [0x00000000ef100000,0x00000000ef5fe0d8,0x00000000ef600000)
  to   space 5120K, 0% used [0x00000000eec00000,0x00000000eec00000,0x00000000ef100000)
 ParOldGen       total 87552K, used 13044K [0x00000000c0000000, 0x00000000c5580000, 0x00000000eab00000)
  object space 87552K, 14% used [0x00000000c0000000,0x00000000c0cbd2b0,0x00000000c5580000)
 Metaspace       used 5979K, capacity 6966K, committed 7040K, reserved 1056768K
  class space    used 604K, capacity 622K, committed 640K, reserved 1048576K
}

Deoptimization events (10 events):
Event: 5.891 Thread 0x0000000016415000 Uncommon trap: reason=unstable_if action=reinterpret pc=0x00000000027046e4 method=com.android.dx.rop.code.RegisterSpec.equals(ILcom/android/dx/rop/type/TypeBearer;Lcom/android/dx/rop/code/LocalItem;)Z @ 16
Event: 5.914 Thread 0x0000000016415000 Uncommon trap: reason=unstable_if action=reinterpret pc=0x00000000027b7aac method=com.android.dx.util.LabeledList.set(ILcom/android/dx/util/LabeledItem;)V @ 16
Event: 5.924 Thread 0x0000000016415000 Uncommon trap: reason=unstable_if action=reinterpret pc=0x00000000028658dc method=com.android.dx.rop.cst.Constant.compareTo(Lcom/android/dx/rop/cst/Constant;)I @ 12
Event: 6.069 Thread 0x0000000016415000 Uncommon trap: reason=class_check action=maybe_recompile pc=0x00000000026fad54 method=com.android.dx.ssa.NormalSsaInsn.accept(Lcom/android/dx/ssa/SsaInsn$Visitor;)V @ 9
Event: 6.069 Thread 0x0000000016415000 Uncommon trap: reason=class_check action=maybe_recompile pc=0x00000000026b8a4c method=com.android.dx.ssa.NormalSsaInsn.accept(Lcom/android/dx/ssa/SsaInsn$Visitor;)V @ 9
Event: 6.176 Thread 0x0000000016415000 Uncommon trap: reason=class_check action=maybe_recompile pc=0x00000000026fad54 method=com.android.dx.ssa.NormalSsaInsn.accept(Lcom/android/dx/ssa/SsaInsn$Visitor;)V @ 9
Event: 6.176 Thread 0x0000000016415000 Uncommon trap: reason=class_check action=maybe_recompile pc=0x00000000026b8a4c method=com.android.dx.ssa.NormalSsaInsn.accept(Lcom/android/dx/ssa/SsaInsn$Visitor;)V @ 9
Event: 6.572 Thread 0x00000000163da800 Uncommon trap: reason=class_check action=maybe_recompile pc=0x00000000028d3d40 method=com.android.dx.ssa.SCCP.simulatePhi(Lcom/android/dx/ssa/PhiInsn;)V @ 124
Event: 7.459 Thread 0x00000000163da800 Uncommon trap: reason=class_check action=maybe_recompile pc=0x00000000028d3d40 method=com.android.dx.ssa.SCCP.simulatePhi(Lcom/android/dx/ssa/PhiInsn;)V @ 124
Event: 10.617 Thread 0x000000001652a000 Uncommon trap: reason=unstable_if action=reinterpret pc=0x00000000029347f8 method=com.android.dx.rop.cst.CstLiteral32.equals(Ljava/lang/Object;)Z @ 12

Internal exceptions (3 events):
Event: 1.355 Thread 0x000000000203d800 Exception <a 'java/lang/NoSuchMethodError': Method sun.misc.Unsafe.defineClass(Ljava/lang/String;[BII)Ljava/lang/Class; name or signature does not match> (0x00000000eab07c78) thrown at [C:\re\workspace\8-2-build-windows-amd64-cygwin\jdk8u111\7883\hotspot\
Event: 1.355 Thread 0x000000000203d800 Exception <a 'java/lang/NoSuchMethodError': Method sun.misc.Unsafe.prefetchRead(Ljava/lang/Object;J)V name or signature does not match> (0x00000000eab07f60) thrown at [C:\re\workspace\8-2-build-windows-amd64-cygwin\jdk8u111\7883\hotspot\src\share\vm\prims
Event: 5.889 Thread 0x0000000016415000 Implicit null exception at 0x000000000276d9e2 to 0x000000000276dae9

Events (10 events):
Event: 9.884 Thread 0x0000000016415000 DEOPT UNPACKING pc=0x00000000023e787f sp=0x0000000016dae478 mode 0
Event: 9.885 Thread 0x0000000016415000 DEOPT PACKING pc=0x00000000028a58c2 sp=0x0000000016dae710
Event: 9.885 Thread 0x0000000016415000 DEOPT UNPACKING pc=0x00000000023e787f sp=0x0000000016dae478 mode 0
Event: 9.919 Thread 0x0000000016415000 DEOPT PACKING pc=0x00000000028a58c2 sp=0x0000000016dae710
Event: 9.919 Thread 0x0000000016415000 DEOPT UNPACKING pc=0x00000000023e787f sp=0x0000000016dae478 mode 0
Event: 10.617 Thread 0x000000001652a000 Uncommon trap: trap_request=0xffffff65 fr.pc=0x00000000029347f8
Event: 10.617 Thread 0x000000001652a000 DEOPT PACKING pc=0x00000000029347f8 sp=0x0000000016eae250
Event: 10.617 Thread 0x000000001652a000 DEOPT UNPACKING pc=0x00000000023e582a sp=0x0000000016eae1f0 mode 2
Event: 10.636 Executing VM operation: ParallelGCFailedAllocation
Event: 10.766 Executing VM operation: ParallelGCFailedAllocation done


Dynamic libraries:
0x00007ff70c9f0000 - 0x00007ff70ca27000 	C:\Program Files\Java\jdk1.8.0_111\bin\java.exe
0x00007ffa8eb90000 - 0x00007ffa8ed51000 	C:\WINDOWS\SYSTEM32\ntdll.dll
0x00007ffa8e040000 - 0x00007ffa8e0ed000 	C:\WINDOWS\system32\KERNEL32.DLL
0x00007ffa8ba60000 - 0x00007ffa8bc48000 	C:\WINDOWS\system32\KERNELBASE.dll
0x00007ffa8df90000 - 0x00007ffa8e037000 	C:\WINDOWS\system32\ADVAPI32.dll
0x00007ffa8e670000 - 0x00007ffa8e70d000 	C:\WINDOWS\system32\msvcrt.dll
0x00007ffa8db50000 - 0x00007ffa8dbab000 	C:\WINDOWS\system32\sechost.dll
0x00007ffa8c0e0000 - 0x00007ffa8c1fc000 	C:\WINDOWS\system32\RPCRT4.dll
0x00007ffa8c490000 - 0x00007ffa8c5e6000 	C:\WINDOWS\system32\USER32.dll
0x00007ffa8c240000 - 0x00007ffa8c3c6000 	C:\WINDOWS\system32\GDI32.dll
0x00007ffa7e220000 - 0x00007ffa7e494000 	C:\WINDOWS\WinSxS\amd64_microsoft.windows.common-controls_6595b64144ccf1df_6.0.10586.589_none_a2ddb3caa539acce\COMCTL32.dll
0x00007ffa8dbb0000 - 0x00007ffa8de2d000 	C:\WINDOWS\system32\combase.dll
0x00007ffa8b2d0000 - 0x00007ffa8b33a000 	C:\WINDOWS\system32\bcryptPrimitives.dll
0x00007ffa8c200000 - 0x00007ffa8c23b000 	C:\WINDOWS\system32\IMM32.DLL
0x00000000533a0000 - 0x0000000053472000 	C:\Program Files\Java\jdk1.8.0_111\jre\bin\msvcr100.dll
0x0000000052b00000 - 0x000000005339a000 	C:\Program Files\Java\jdk1.8.0_111\jre\bin\server\jvm.dll
0x00007ffa8e820000 - 0x00007ffa8e828000 	C:\WINDOWS\system32\PSAPI.DLL
0x00007ffa7dda0000 - 0x00007ffa7dda9000 	C:\WINDOWS\SYSTEM32\WSOCK32.dll
0x00007ffa8bf90000 - 0x00007ffa8bffb000 	C:\WINDOWS\system32\WS2_32.dll
0x00007ffa898b0000 - 0x00007ffa898d3000 	C:\WINDOWS\SYSTEM32\WINMM.dll
0x00007ffa88380000 - 0x00007ffa8838a000 	C:\WINDOWS\SYSTEM32\VERSION.dll
0x00007ffa89880000 - 0x00007ffa898ac000 	C:\WINDOWS\SYSTEM32\WINMMBASE.dll
0x00007ffa8bf40000 - 0x00007ffa8bf83000 	C:\WINDOWS\system32\cfgmgr32.dll
0x0000000052af0000 - 0x0000000052aff000 	C:\Program Files\Java\jdk1.8.0_111\jre\bin\verify.dll
0x0000000052ac0000 - 0x0000000052ae9000 	C:\Program Files\Java\jdk1.8.0_111\jre\bin\java.dll
0x0000000052aa0000 - 0x0000000052ab6000 	C:\Program Files\Java\jdk1.8.0_111\jre\bin\zip.dll
0x00007ffa8c5f0000 - 0x00007ffa8db4c000 	C:\WINDOWS\system32\SHELL32.dll
0x00007ffa8b340000 - 0x00007ffa8b985000 	C:\WINDOWS\system32\windows.storage.dll
0x00007ffa8eb30000 - 0x00007ffa8eb82000 	C:\WINDOWS\system32\shlwapi.dll
0x00007ffa8b1b0000 - 0x00007ffa8b1bf000 	C:\WINDOWS\system32\kernel.appcore.dll
0x00007ffa8bc50000 - 0x00007ffa8bd05000 	C:\WINDOWS\system32\shcore.dll
0x00007ffa8b1f0000 - 0x00007ffa8b23b000 	C:\WINDOWS\system32\powrprof.dll
0x00007ffa8b1c0000 - 0x00007ffa8b1d4000 	C:\WINDOWS\system32\profapi.dll

VM Arguments:
jvm_args: -Djava.awt.headless=true -Xmx1024M -Dfile.encoding=windows-1252 -Duser.country=CA -Duser.language=en -Duser.variant 
java_command: com.android.dx.command.Main --dex --force-jumbo --num-threads=4 --multi-dex --output C:\Users\Hassen\Documents\Sirine\CPEN321-\proj\cpen321project\PlanMyTrip\app\build\intermediates\transforms\dex\debug\folders\1000\5\slice_1 C:\Users\Hassen\Documents\Sirine\CPEN321-\proj\cpen321project\PlanMyTrip\app\build\intermediates\transforms\instantRunSlicer\debug\folders\1\5\slice_1
java_class_path (initial): C:\Users\Hassen\AppData\Local\Android\sdk\build-tools\24.0.1\lib\dx.jar
Launcher Type: SUN_STANDARD

Environment Variables:
JAVA_HOME=C:\Program Files (x86)\Java\jdk1.7.0_79
PATH=C:\ProgramData\Oracle\Java\javapath;C:\Program Files (x86)\Common Files\NetSarang;C:\Program Files (x86)\Intel\iCLS Client\;C:\Program Files\Intel\iCLS Client\;C:\Windows\system32;C:\Windows;C:\Windows\System32\Wbem;C:\Windows\System32\WindowsPowerShell\v1.0\;C:\Program Files\Intel\WiFi\bin\;C:\Program Files\Common Files\Intel\WirelessCommon\;C:\Program Files\Intel\Intel(R) Management Engine Components\DAL;C:\Program Files\Intel\Intel(R) Management Engine Components\IPT;C:\Program Files (x86)\Intel\Intel(R) Management Engine Components\DAL;C:\Program Files (x86)\Intel\Intel(R) Management Engine Components\IPT;C:\Program Files\Acer\Remote Files\;C:\WINDOWS\system32;C:\WINDOWS;C:\WINDOWS\System32\Wbem;C:\WINDOWS\System32\WindowsPowerShell\v1.0\;C:\Program Files (x86)\Skype\Phone\;C:\Program Files (x86)\QuickTime\QTSystem\;C:\WINDOWS\system32;C:\WINDOWS;C:\WINDOWS\System32\Wbem;C:\WINDOWS\System32\WindowsPowerShell\v1.0\;%QUARTUS_ROOTDIR%\bin;C:\Program Files (x86)\apache-maven-3.3.9\bin;C:\Program Files (x86)\apache-maven-3.3.9\bin
USERNAME=Hassen
OS=Windows_NT
PROCESSOR_IDENTIFIER=Intel64 Family 6 Model 69 Stepping 1, GenuineIntel



---------------  S Y S T E M  ---------------

OS: Windows 10.0 , 64 bit Build 10586 (10.0.10586.589)

CPU:total 4 (2 cores per cpu, 2 threads per core) family 6 model 69 stepping 1, cmov, cx8, fxsr, mmx, sse, sse2, sse3, ssse3, sse4.1, sse4.2, popcnt, avx, avx2, aes, clmul, erms, lzcnt, ht, tsc, tscinvbit, bmi1, bmi2

Memory: 4k page, physical 8281368k(617652k free), swap 12799552k(5468k free)

vm_info: Java HotSpot(TM) 64-Bit Server VM (25.111-b14) for windows-amd64 JRE (1.8.0_111-b14), built on Sep 22 2016 19:24:05 by "java_re" with MS VC++ 10.0 (VS2010)

time: Wed Oct 26 13:01:22 2016
elapsed time: 10 seconds (0d 0h 0m 10s)

