#
# There is insufficient memory for the Java Runtime Environment to continue.
# Native memory allocation (malloc) failed to allocate 1040976 bytes for Chunk::new
# Possible reasons:
#   The system is out of physical RAM or swap space
#   In 32 bit mode, the process size limit was hit
# Possible solutions:
#   Reduce memory load on the system
#   Increase physical memory or swap space
#   Check if swap backing store is full
#   Use 64 bit Java on a 64 bit OS
#   Decrease Java heap size (-Xmx/-Xms)
#   Decrease number of Java threads
#   Decrease Java thread stack sizes (-Xss)
#   Set larger code cache with -XX:ReservedCodeCacheSize=
# This output file may be truncated or incomplete.
#
#  Out of Memory Error (allocation.cpp:390), pid=10948, tid=0x0000000000000660
#
# JRE version: Java(TM) SE Runtime Environment (8.0_111-b14) (build 1.8.0_111-b14)
# Java VM: Java HotSpot(TM) 64-Bit Server VM (25.111-b14 mixed mode windows-amd64 compressed oops)
# Failed to write core dump. Minidumps are not enabled by default on client versions of Windows
#

---------------  T H R E A D  ---------------

Current thread (0x0000000014ad9800):  JavaThread "C2 CompilerThread1" daemon [_thread_in_native, id=1632, stack(0x00000000160e0000,0x00000000161e0000)]

Stack: [0x00000000160e0000,0x00000000161e0000]
[error occurred during error reporting (printing stack bounds), id 0xc0000005]

Native frames: (J=compiled Java code, j=interpreted, Vv=VM code, C=native code)


Current CompileTask:
C2:   6106 1814   !   4       com.android.dx.cf.code.BytecodeArray::parseInstruction (2764 bytes)


---------------  P R O C E S S  ---------------

Java Threads: ( => current thread )
  0x000000001644b800 JavaThread "pool-1-thread-1" [_thread_new, id=13072, stack(0x0000000000000000,0x0000000000000000)]
  0x00000000161e5800 JavaThread "Service Thread" daemon [_thread_blocked, id=12608, stack(0x00000000166e0000,0x00000000167e0000)]
  0x00000000161e0800 JavaThread "C1 CompilerThread2" daemon [_thread_blocked, id=11536, stack(0x00000000165e0000,0x00000000166e0000)]
=>0x0000000014ad9800 JavaThread "C2 CompilerThread1" daemon [_thread_in_native, id=1632, stack(0x00000000160e0000,0x00000000161e0000)]
  0x0000000014a7d000 JavaThread "C2 CompilerThread0" daemon [_thread_in_native, id=13412, stack(0x0000000015fe0000,0x00000000160e0000)]
  0x0000000014a7b000 JavaThread "Attach Listener" daemon [_thread_blocked, id=14020, stack(0x0000000015ee0000,0x0000000015fe0000)]
  0x0000000014a7a000 JavaThread "Signal Dispatcher" daemon [_thread_blocked, id=12048, stack(0x0000000015de0000,0x0000000015ee0000)]
  0x0000000014a6a000 JavaThread "Finalizer" daemon [_thread_blocked, id=2060, stack(0x0000000015ce0000,0x0000000015de0000)]
  0x0000000014a49000 JavaThread "Reference Handler" daemon [_thread_blocked, id=11980, stack(0x0000000015be0000,0x0000000015ce0000)]
  0x000000000094d800 JavaThread "main" [_thread_blocked, id=13516, stack(0x0000000000810000,0x0000000000910000)]

Other Threads:
  0x0000000014a47800 VMThread [stack: 0x0000000015ae0000,0x0000000015be0000] [id=10416]
  0x00000000161e9800 WatcherThread [stack: 0x00000000167e0000,0x00000000168e0000] [id=7020]

VM state:not at safepoint (normal execution)

VM Mutex/Monitor currently owned by a thread: None

Heap:
 PSYoungGen      total 71680K, used 69134K [0x00000000eab00000, 0x00000000ef600000, 0x0000000100000000)
  eden space 66560K, 96% used [0x00000000eab00000,0x00000000ee985120,0x00000000eec00000)
  from space 5120K, 99% used [0x00000000ef100000,0x00000000ef5feac8,0x00000000ef600000)
  to   space 5120K, 0% used [0x00000000eec00000,0x00000000eec00000,0x00000000ef100000)
 ParOldGen       total 87552K, used 4302K [0x00000000c0000000, 0x00000000c5580000, 0x00000000eab00000)
  object space 87552K, 4% used [0x00000000c0000000,0x00000000c0433870,0x00000000c5580000)
 Metaspace       used 6519K, capacity 7192K, committed 7424K, reserved 1056768K
  class space    used 625K, capacity 656K, committed 768K, reserved 1048576K

Card table byte_map: [0x0000000011770000,0x0000000011980000] byte_map_base: 0x0000000011170000

Marking Bits: (ParMarkBitMap*) 0x000000005331a6c0
 Begin Bits: [0x0000000011ee0000, 0x0000000012ee0000)
 End Bits:   [0x0000000012ee0000, 0x0000000013ee0000)

Polling page: 0x00000000005e0000

CodeCache: size=245760Kb used=7506Kb max_used=7518Kb free=238253Kb
 bounds [0x00000000023b0000, 0x0000000002b10000, 0x00000000113b0000]
 total_blobs=2089 nmethods=1819 adapters=182
 compilation: enabled

Compilation events (10 events):
Event: 5.967 Thread 0x0000000014a7d000 nmethod 1806 0x0000000002b03b10 code [0x0000000002b03c80, 0x0000000002b03f88]
Event: 5.967 Thread 0x0000000014a7d000 1821       4       com.android.dx.ssa.back.LivenessAnalyzer::<init> (55 bytes)
Event: 5.973 Thread 0x0000000014a7d000 nmethod 1821 0x0000000002b01e90 code [0x0000000002b02000, 0x0000000002b023d8]
Event: 5.973 Thread 0x0000000014a7d000 1817       4       com.android.dx.rop.code.Rop::hashCode (54 bytes)
Event: 5.989 Thread 0x0000000014a7d000 nmethod 1817 0x0000000002b0c610 code [0x0000000002b0c780, 0x0000000002b0ce98]
Event: 5.989 Thread 0x0000000014a7d000 1825       4       com.android.dx.rop.code.RegisterSpecList::set (7 bytes)
Event: 5.990 Thread 0x0000000014a7d000 nmethod 1825 0x0000000002b03750 code [0x0000000002b038a0, 0x0000000002b039b8]
Event: 5.990 Thread 0x0000000014a7d000 1796       4       com.android.dx.rop.code.ThrowingCstInsn::withNewRegisters (25 bytes)
Event: 5.993 Thread 0x0000000014a7d000 nmethod 1796 0x0000000002b01850 code [0x0000000002b019a0, 0x0000000002b01bd8]
Event: 5.993 Thread 0x0000000014a7d000 1778       4       com.android.dx.dex.code.RopToDop::dopFor (792 bytes)

GC Heap History (4 events):
Event: 3.569 GC heap before
{Heap before GC invocations=1 (full 0):
 PSYoungGen      total 38400K, used 33280K [0x00000000eab00000, 0x00000000ed580000, 0x0000000100000000)
  eden space 33280K, 100% used [0x00000000eab00000,0x00000000ecb80000,0x00000000ecb80000)
  from space 5120K, 0% used [0x00000000ed080000,0x00000000ed080000,0x00000000ed580000)
  to   space 5120K, 0% used [0x00000000ecb80000,0x00000000ecb80000,0x00000000ed080000)
 ParOldGen       total 87552K, used 0K [0x00000000c0000000, 0x00000000c5580000, 0x00000000eab00000)
  object space 87552K, 0% used [0x00000000c0000000,0x00000000c0000000,0x00000000c5580000)
 Metaspace       used 6123K, capacity 6936K, committed 7168K, reserved 1056768K
  class space    used 621K, capacity 656K, committed 768K, reserved 1048576K
Event: 3.620 GC heap after
Heap after GC invocations=1 (full 0):
 PSYoungGen      total 38400K, used 5088K [0x00000000eab00000, 0x00000000ef600000, 0x0000000100000000)
  eden space 33280K, 0% used [0x00000000eab00000,0x00000000eab00000,0x00000000ecb80000)
  from space 5120K, 99% used [0x00000000ecb80000,0x00000000ed078088,0x00000000ed080000)
  to   space 5120K, 0% used [0x00000000ef100000,0x00000000ef100000,0x00000000ef600000)
 ParOldGen       total 87552K, used 818K [0x00000000c0000000, 0x00000000c5580000, 0x00000000eab00000)
  object space 87552K, 0% used [0x00000000c0000000,0x00000000c00cc9b8,0x00000000c5580000)
 Metaspace       used 6123K, capacity 6936K, committed 7168K, reserved 1056768K
  class space    used 621K, capacity 656K, committed 768K, reserved 1048576K
}
Event: 4.677 GC heap before
{Heap before GC invocations=2 (full 0):
 PSYoungGen      total 38400K, used 38368K [0x00000000eab00000, 0x00000000ef600000, 0x0000000100000000)
  eden space 33280K, 100% used [0x00000000eab00000,0x00000000ecb80000,0x00000000ecb80000)
  from space 5120K, 99% used [0x00000000ecb80000,0x00000000ed078088,0x00000000ed080000)
  to   space 5120K, 0% used [0x00000000ef100000,0x00000000ef100000,0x00000000ef600000)
 ParOldGen       total 87552K, used 818K [0x00000000c0000000, 0x00000000c5580000, 0x00000000eab00000)
  object space 87552K, 0% used [0x00000000c0000000,0x00000000c00cc9b8,0x00000000c5580000)
 Metaspace       used 6375K, capacity 7128K, committed 7424K, reserved 1056768K
  class space    used 622K, capacity 656K, committed 768K, reserved 1048576K
Event: 4.781 GC heap after
Heap after GC invocations=2 (full 0):
 PSYoungGen      total 71680K, used 5114K [0x00000000eab00000, 0x00000000ef600000, 0x0000000100000000)
  eden space 66560K, 0% used [0x00000000eab00000,0x00000000eab00000,0x00000000eec00000)
  from space 5120K, 99% used [0x00000000ef100000,0x00000000ef5feac8,0x00000000ef600000)
  to   space 5120K, 0% used [0x00000000eec00000,0x00000000eec00000,0x00000000ef100000)
 ParOldGen       total 87552K, used 4302K [0x00000000c0000000, 0x00000000c5580000, 0x00000000eab00000)
  object space 87552K, 4% used [0x00000000c0000000,0x00000000c0433870,0x00000000c5580000)
 Metaspace       used 6375K, capacity 7128K, committed 7424K, reserved 1056768K
  class space    used 622K, capacity 656K, committed 768K, reserved 1048576K
}

Deoptimization events (10 events):
Event: 4.950 Thread 0x000000001644a800 Uncommon trap: reason=class_check action=maybe_recompile pc=0x0000000002a33384 method=com.android.dx.cf.code.BytecodeArray.parseInstruction(ILcom/android/dx/cf/code/BytecodeArray$Visitor;)I @ 955
Event: 5.042 Thread 0x0000000016453800 Uncommon trap: reason=unstable_if action=reinterpret pc=0x000000000273ad04 method=com.android.dx.rop.code.RegisterSpecSet.<init>(I)V @ 2
Event: 5.251 Thread 0x0000000016453800 Uncommon trap: reason=unstable_if action=reinterpret pc=0x00000000029d0770 method=com.android.dx.ssa.LiteralOpUpgrader$1.visitNonMoveInsn(Lcom/android/dx/ssa/NormalSsaInsn;)V @ 55
Event: 5.252 Thread 0x0000000016453800 Uncommon trap: reason=unstable_if action=reinterpret pc=0x00000000027a3cdc method=com.android.dx.ssa.SsaMethod.updateOneDefinition(Lcom/android/dx/ssa/SsaInsn;Lcom/android/dx/rop/code/RegisterSpec;)V @ 4
Event: 5.815 Thread 0x0000000016454000 Uncommon trap: reason=bimorphic action=maybe_recompile pc=0x0000000002ae8c30 method=com.android.dx.cf.code.BytecodeArray.parseInstruction(ILcom/android/dx/cf/code/BytecodeArray$Visitor;)I @ 1357
Event: 5.815 Thread 0x0000000016454000 Uncommon trap: reason=bimorphic action=maybe_recompile pc=0x0000000002ae8c30 method=com.android.dx.cf.code.BytecodeArray.parseInstruction(ILcom/android/dx/cf/code/BytecodeArray$Visitor;)I @ 1357
Event: 5.815 Thread 0x0000000016454000 Uncommon trap: reason=class_check action=maybe_recompile pc=0x0000000002ae8d00 method=com.android.dx.cf.code.BytecodeArray.parseInstruction(ILcom/android/dx/cf/code/BytecodeArray$Visitor;)I @ 1417
Event: 5.816 Thread 0x0000000016454000 Uncommon trap: reason=bimorphic action=maybe_recompile pc=0x0000000002ae8c30 method=com.android.dx.cf.code.BytecodeArray.parseInstruction(ILcom/android/dx/cf/code/BytecodeArray$Visitor;)I @ 1357
Event: 5.816 Thread 0x0000000016454000 Uncommon trap: reason=bimorphic action=maybe_recompile pc=0x0000000002ae8c30 method=com.android.dx.cf.code.BytecodeArray.parseInstruction(ILcom/android/dx/cf/code/BytecodeArray$Visitor;)I @ 1357
Event: 5.889 Thread 0x000000000094d800 Uncommon trap: reason=unstable_if action=reinterpret pc=0x0000000002662190 method=java.lang.String.<init>([CII)V @ 18

Internal exceptions (3 events):
Event: 1.866 Thread 0x000000000094d800 Exception <a 'java/lang/NoSuchMethodError': Method sun.misc.Unsafe.defineClass(Ljava/lang/String;[BII)Ljava/lang/Class; name or signature does not match> (0x00000000eab07c78) thrown at [C:\re\workspace\8-2-build-windows-amd64-cygwin\jdk8u111\7883\hotspot\
Event: 1.866 Thread 0x000000000094d800 Exception <a 'java/lang/NoSuchMethodError': Method sun.misc.Unsafe.prefetchRead(Ljava/lang/Object;J)V name or signature does not match> (0x00000000eab07f60) thrown at [C:\re\workspace\8-2-build-windows-amd64-cygwin\jdk8u111\7883\hotspot\src\share\vm\prims
Event: 3.643 Thread 0x0000000016454000 Implicit null exception at 0x00000000026d8ce2 to 0x00000000026d8dda

Events (10 events):
Event: 5.902 loading class java/util/HashMap$KeyIterator
Event: 5.902 loading class java/util/HashMap$KeyIterator done
Event: 5.902 Thread 0x0000000016452800 Thread exited: 0x0000000016452800
Event: 5.903 Thread 0x0000000016453800 Thread exited: 0x0000000016453800
Event: 5.948 Thread 0x0000000016454000 Thread exited: 0x0000000016454000
Event: 5.949 Thread 0x000000001644b800 Thread exited: 0x000000001644b800
Event: 5.950 loading class com/android/dx/command/dexer/Main$DexWriter
Event: 5.950 loading class com/android/dx/command/dexer/Main$DexWriter done
Event: 5.951 Thread 0x000000001644b800 Thread added: 0x000000001644b800
Event: 5.951 Thread 0x000000001644a800 Thread exited: 0x000000001644a800


Dynamic libraries:
0x00007ff70c9f0000 - 0x00007ff70ca27000 	C:\Program Files\Java\jdk1.8.0_111\bin\java.exe
0x00007ffa8eb90000 - 0x00007ffa8ed51000 	C:\WINDOWS\SYSTEM32\ntdll.dll
0x00007ffa8e040000 - 0x00007ffa8e0ed000 	C:\WINDOWS\system32\KERNEL32.DLL
0x00007ffa8ba60000 - 0x00007ffa8bc48000 	C:\WINDOWS\system32\KERNELBASE.dll
0x00007ffa8df90000 - 0x00007ffa8e037000 	C:\WINDOWS\system32\ADVAPI32.dll
0x00007ffa8e670000 - 0x00007ffa8e70d000 	C:\WINDOWS\system32\msvcrt.dll
0x00007ffa8db50000 - 0x00007ffa8dbab000 	C:\WINDOWS\system32\sechost.dll
0x00007ffa8c0e0000 - 0x00007ffa8c1fc000 	C:\WINDOWS\system32\RPCRT4.dll
0x00007ffa8c490000 - 0x00007ffa8c5e6000 	C:\WINDOWS\system32\USER32.dll
0x00007ffa8c240000 - 0x00007ffa8c3c6000 	C:\WINDOWS\system32\GDI32.dll
0x00007ffa7e220000 - 0x00007ffa7e494000 	C:\WINDOWS\WinSxS\amd64_microsoft.windows.common-controls_6595b64144ccf1df_6.0.10586.589_none_a2ddb3caa539acce\COMCTL32.dll
0x00007ffa8dbb0000 - 0x00007ffa8de2d000 	C:\WINDOWS\system32\combase.dll
0x00007ffa8b2d0000 - 0x00007ffa8b33a000 	C:\WINDOWS\system32\bcryptPrimitives.dll
0x00007ffa8c200000 - 0x00007ffa8c23b000 	C:\WINDOWS\system32\IMM32.DLL
0x00000000533a0000 - 0x0000000053472000 	C:\Program Files\Java\jdk1.8.0_111\jre\bin\msvcr100.dll
0x0000000052b00000 - 0x000000005339a000 	C:\Program Files\Java\jdk1.8.0_111\jre\bin\server\jvm.dll
0x00007ffa8e820000 - 0x00007ffa8e828000 	C:\WINDOWS\system32\PSAPI.DLL
0x00007ffa7dda0000 - 0x00007ffa7dda9000 	C:\WINDOWS\SYSTEM32\WSOCK32.dll
0x00007ffa8bf90000 - 0x00007ffa8bffb000 	C:\WINDOWS\system32\WS2_32.dll
0x00007ffa898b0000 - 0x00007ffa898d3000 	C:\WINDOWS\SYSTEM32\WINMM.dll
0x00007ffa88380000 - 0x00007ffa8838a000 	C:\WINDOWS\SYSTEM32\VERSION.dll
0x00007ffa89880000 - 0x00007ffa898ac000 	C:\WINDOWS\SYSTEM32\WINMMBASE.dll
0x00007ffa8bf40000 - 0x00007ffa8bf83000 	C:\WINDOWS\system32\cfgmgr32.dll
0x0000000052af0000 - 0x0000000052aff000 	C:\Program Files\Java\jdk1.8.0_111\jre\bin\verify.dll
0x0000000052ac0000 - 0x0000000052ae9000 	C:\Program Files\Java\jdk1.8.0_111\jre\bin\java.dll
0x0000000052aa0000 - 0x0000000052ab6000 	C:\Program Files\Java\jdk1.8.0_111\jre\bin\zip.dll
0x00007ffa8c5f0000 - 0x00007ffa8db4c000 	C:\WINDOWS\system32\SHELL32.dll
0x00007ffa8b340000 - 0x00007ffa8b985000 	C:\WINDOWS\system32\windows.storage.dll
0x00007ffa8eb30000 - 0x00007ffa8eb82000 	C:\WINDOWS\system32\shlwapi.dll
0x00007ffa8b1b0000 - 0x00007ffa8b1bf000 	C:\WINDOWS\system32\kernel.appcore.dll
0x00007ffa8bc50000 - 0x00007ffa8bd05000 	C:\WINDOWS\system32\shcore.dll
0x00007ffa8b1f0000 - 0x00007ffa8b23b000 	C:\WINDOWS\system32\powrprof.dll
0x00007ffa8b1c0000 - 0x00007ffa8b1d4000 	C:\WINDOWS\system32\profapi.dll

VM Arguments:
jvm_args: -Djava.awt.headless=true -Xmx1024M -Dfile.encoding=windows-1252 -Duser.country=CA -Duser.language=en -Duser.variant 
java_command: com.android.dx.command.Main --dex --force-jumbo --num-threads=4 --multi-dex --output C:\Users\Hassen\Documents\Sirine\CPEN321-\proj\cpen321project\PlanMyTrip\app\build\intermediates\transforms\dex\debug\folders\1000\10\internal_impl-24.1.0_d14bdd114e9ea89e77c70e45f146e59b9a59205d C:\Users\Hassen\Documents\Sirine\CPEN321-\proj\cpen321project\PlanMyTrip\app\build\intermediates\exploded-aar\com.android.support\support-v4\24.1.0\jars\libs\internal_impl-24.1.0.jar
java_class_path (initial): C:\Users\Hassen\AppData\Local\Android\sdk\build-tools\24.0.1\lib\dx.jar
Launcher Type: SUN_STANDARD

Environment Variables:
JAVA_HOME=C:\Program Files (x86)\Java\jdk1.7.0_79
PATH=C:\ProgramData\Oracle\Java\javapath;C:\Program Files (x86)\Common Files\NetSarang;C:\Program Files (x86)\Intel\iCLS Client\;C:\Program Files\Intel\iCLS Client\;C:\Windows\system32;C:\Windows;C:\Windows\System32\Wbem;C:\Windows\System32\WindowsPowerShell\v1.0\;C:\Program Files\Intel\WiFi\bin\;C:\Program Files\Common Files\Intel\WirelessCommon\;C:\Program Files\Intel\Intel(R) Management Engine Components\DAL;C:\Program Files\Intel\Intel(R) Management Engine Components\IPT;C:\Program Files (x86)\Intel\Intel(R) Management Engine Components\DAL;C:\Program Files (x86)\Intel\Intel(R) Management Engine Components\IPT;C:\Program Files\Acer\Remote Files\;C:\WINDOWS\system32;C:\WINDOWS;C:\WINDOWS\System32\Wbem;C:\WINDOWS\System32\WindowsPowerShell\v1.0\;C:\Program Files (x86)\Skype\Phone\;C:\Program Files (x86)\QuickTime\QTSystem\;C:\WINDOWS\system32;C:\WINDOWS;C:\WINDOWS\System32\Wbem;C:\WINDOWS\System32\WindowsPowerShell\v1.0\;%QUARTUS_ROOTDIR%\bin;C:\Program Files (x86)\apache-maven-3.3.9\bin;C:\Program Files (x86)\apache-maven-3.3.9\bin
USERNAME=Hassen
OS=Windows_NT
PROCESSOR_IDENTIFIER=Intel64 Family 6 Model 69 Stepping 1, GenuineIntel



---------------  S Y S T E M  ---------------

OS: Windows 10.0 , 64 bit Build 10586 (10.0.10586.589)

CPU:total 4 (2 cores per cpu, 2 threads per core) family 6 model 69 stepping 1, cmov, cx8, fxsr, mmx, sse, sse2, sse3, ssse3, sse4.1, sse4.2, popcnt, avx, avx2, aes, clmul, erms, lzcnt, ht, tsc, tscinvbit, bmi1, bmi2

Memory: 4k page, physical 8281368k(716980k free), swap 12796392k(5132k free)

vm_info: Java HotSpot(TM) 64-Bit Server VM (25.111-b14) for windows-amd64 JRE (1.8.0_111-b14), built on Sep 22 2016 19:24:05 by "java_re" with MS VC++ 10.0 (VS2010)

time: Wed Oct 26 13:04:26 2016
elapsed time: 6 seconds (0d 0h 0m 6s)

