#
# There is insufficient memory for the Java Runtime Environment to continue.
# Native memory allocation (malloc) failed to allocate 3008 bytes for AllocateHeap
# Possible reasons:
#   The system is out of physical RAM or swap space
#   In 32 bit mode, the process size limit was hit
# Possible solutions:
#   Reduce memory load on the system
#   Increase physical memory or swap space
#   Check if swap backing store is full
#   Use 64 bit Java on a 64 bit OS
#   Decrease Java heap size (-Xmx/-Xms)
#   Decrease number of Java threads
#   Decrease Java thread stack sizes (-Xss)
#   Set larger code cache with -XX:ReservedCodeCacheSize=
# This output file may be truncated or incomplete.
#
#  Out of Memory Error (memory/allocation.inline.hpp:61), pid=3004, tid=0x0000000000003d70
#
# JRE version: Java(TM) SE Runtime Environment (8.0_111-b14) (build 1.8.0_111-b14)
# Java VM: Java HotSpot(TM) 64-Bit Server VM (25.111-b14 mixed mode windows-amd64 compressed oops)
# Failed to write core dump. Minidumps are not enabled by default on client versions of Windows
#

---------------  T H R E A D  ---------------

Current thread (0x0000000000c2d800):  JavaThread "main" [_thread_in_vm, id=15728, stack(0x00000000023f0000,0x00000000024f0000)]

Stack: [0x00000000023f0000,0x00000000024f0000]
[error occurred during error reporting (printing stack bounds), id 0xc0000005]

Native frames: (J=compiled Java code, j=interpreted, Vv=VM code, C=native code)

Java frames: (J=compiled Java code, j=interpreted, Vv=VM code)
j  java.lang.Thread.start0()V+0
j  java.lang.Thread.start()V+26
j  java.util.concurrent.ThreadPoolExecutor.addWorker(Ljava/lang/Runnable;Z)Z+257
j  java.util.concurrent.ThreadPoolExecutor.execute(Ljava/lang/Runnable;)V+34
j  java.util.concurrent.AbstractExecutorService.submit(Ljava/util/concurrent/Callable;)Ljava/util/concurrent/Future;+20
j  com.android.dx.command.dexer.Main$DirectClassFileConsumer.call(Lcom/android/dx/cf/direct/DirectClassFile;)Ljava/lang/Boolean;+303
j  com.android.dx.command.dexer.Main$DirectClassFileConsumer.access$700(Lcom/android/dx/command/dexer/Main$DirectClassFileConsumer;Lcom/android/dx/cf/direct/DirectClassFile;)Ljava/lang/Boolean;+2
j  com.android.dx.command.dexer.Main.processClass(Ljava/lang/String;[B)Z+37
j  com.android.dx.command.dexer.Main.processFileBytes(Ljava/lang/String;J[B)Z+188
j  com.android.dx.command.dexer.Main.access$1200(Ljava/lang/String;J[B)Z+3
j  com.android.dx.command.dexer.Main$FileBytesConsumer.processFileBytes(Ljava/lang/String;J[B)Z+4
j  com.android.dx.cf.direct.ClassPathOpener.processArchive(Ljava/io/File;)Z+203
j  com.android.dx.cf.direct.ClassPathOpener.processOne(Ljava/io/File;Z)Z+48
j  com.android.dx.cf.direct.ClassPathOpener.process()Z+15
j  com.android.dx.command.dexer.Main.processOne(Ljava/lang/String;Lcom/android/dx/cf/direct/ClassPathOpener$FileNameFilter;)V+20
j  com.android.dx.command.dexer.Main.processAllFiles()Z+272
j  com.android.dx.command.dexer.Main.runMultiDex()I+66
j  com.android.dx.command.dexer.Main.run(Lcom/android/dx/command/dexer/Main$Arguments;)I+66
j  com.android.dx.command.dexer.Main.main([Ljava/lang/String;)V+14
j  com.android.dx.command.Main.main([Ljava/lang/String;)V+61
v  ~StubRoutines::call_stub

---------------  P R O C E S S  ---------------

Java Threads: ( => current thread )
  0x00000000167f8000 JavaThread "pool-2-thread-3" [_thread_new, id=15396, stack(0x0000000000000000,0x0000000000000000)]
  0x00000000167f6800 JavaThread "pool-2-thread-2" [_thread_new, id=12612, stack(0x0000000000000000,0x0000000000000000)]
  0x00000000167f4000 JavaThread "pool-3-thread-1" [_thread_new, id=9868, stack(0x0000000000000000,0x0000000000000000)]
  0x00000000167f0800 JavaThread "pool-2-thread-1" [_thread_new, id=15324, stack(0x0000000000000000,0x0000000000000000)]
  0x0000000014e0d000 JavaThread "Service Thread" daemon [_thread_blocked, id=4628, stack(0x0000000016a20000,0x0000000016b20000)]
  0x0000000014e0b000 JavaThread "C1 CompilerThread2" daemon [_thread_blocked, id=6204, stack(0x0000000016520000,0x0000000016620000)]
  0x0000000014db0000 JavaThread "C2 CompilerThread1" daemon [_thread_blocked, id=12800, stack(0x0000000016420000,0x0000000016520000)]
  0x0000000014dad000 JavaThread "C2 CompilerThread0" daemon [_thread_blocked, id=13784, stack(0x0000000016320000,0x0000000016420000)]
  0x0000000014dab000 JavaThread "Attach Listener" daemon [_thread_blocked, id=13968, stack(0x0000000016220000,0x0000000016320000)]
  0x0000000014daa000 JavaThread "Signal Dispatcher" daemon [_thread_blocked, id=6540, stack(0x0000000016120000,0x0000000016220000)]
  0x0000000014d9a000 JavaThread "Finalizer" daemon [_thread_blocked, id=4128, stack(0x0000000016020000,0x0000000016120000)]
  0x0000000014d79000 JavaThread "Reference Handler" daemon [_thread_blocked, id=1072, stack(0x0000000015f20000,0x0000000016020000)]
=>0x0000000000c2d800 JavaThread "main" [_thread_in_vm, id=15728, stack(0x00000000023f0000,0x00000000024f0000)]

Other Threads:
  0x0000000014d77800 VMThread [stack: 0x0000000015e20000,0x0000000015f20000] [id=15448]
  0x000000001662f800 WatcherThread [stack: 0x0000000016b20000,0x0000000016c20000] [id=15264]

VM state:not at safepoint (normal execution)

VM Mutex/Monitor currently owned by a thread:  ([mutex/lock_event])
[0x0000000000c2ca80] Threads_lock - owner thread: 0x0000000000c2d800

Heap:
 PSYoungGen      total 38400K, used 3999K [0x00000000eab00000, 0x00000000ed580000, 0x0000000100000000)
  eden space 33280K, 12% used [0x00000000eab00000,0x00000000eaee7c20,0x00000000ecb80000)
  from space 5120K, 0% used [0x00000000ed080000,0x00000000ed080000,0x00000000ed580000)
  to   space 5120K, 0% used [0x00000000ecb80000,0x00000000ecb80000,0x00000000ed080000)
 ParOldGen       total 87552K, used 0K [0x00000000c0000000, 0x00000000c5580000, 0x00000000eab00000)
  object space 87552K, 0% used [0x00000000c0000000,0x00000000c0000000,0x00000000c5580000)
 Metaspace       used 4060K, capacity 5080K, committed 5248K, reserved 1056768K
  class space    used 469K, capacity 528K, committed 640K, reserved 1048576K

Card table byte_map: [0x0000000011aa0000,0x0000000011cb0000] byte_map_base: 0x00000000114a0000

Marking Bits: (ParMarkBitMap*) 0x0000000055cda6c0
 Begin Bits: [0x0000000012210000, 0x0000000013210000)
 End Bits:   [0x0000000013210000, 0x0000000014210000)

Polling page: 0x0000000000b90000

CodeCache: size=245760Kb used=1468Kb max_used=1480Kb free=244291Kb
 bounds [0x00000000026e0000, 0x0000000002950000, 0x00000000116e0000]
 total_blobs=447 nmethods=188 adapters=172
 compilation: enabled

Compilation events (10 events):
Event: 0.621 Thread 0x0000000014e0b000  184       3       java.util.zip.ZipCoder::getBytes (192 bytes)
Event: 0.622 Thread 0x0000000014db0000  187       4       java.lang.String::lastIndexOf (52 bytes)
Event: 0.624 Thread 0x0000000014e0b000 nmethod 184 0x000000000284abd0 code [0x000000000284af80, 0x000000000284d2b8]
Event: 0.624 Thread 0x0000000014e0b000  186       1       com.android.dx.util.ByteArray::access$000 (5 bytes)
Event: 0.624 Thread 0x0000000014e0b000 nmethod 186 0x000000000284e450 code [0x000000000284e5a0, 0x000000000284e690]
Event: 0.624 Thread 0x0000000014e0b000  185       3       java.util.zip.ZipCoder::encoder (35 bytes)
Event: 0.624 Thread 0x0000000014e0b000 nmethod 185 0x000000000284e710 code [0x000000000284e8a0, 0x000000000284ef08]
Event: 0.625 Thread 0x0000000014db0000 nmethod 187 0x0000000002851e10 code [0x0000000002851f40, 0x0000000002852098]
Event: 0.625 Thread 0x0000000014dad000  188       4       java.util.concurrent.ConcurrentHashMap::setTabAt (19 bytes)
Event: 0.626 Thread 0x0000000014dad000 nmethod 188 0x0000000002852190 code [0x00000000028522c0, 0x0000000002852338]

GC Heap History (0 events):
No events

Deoptimization events (0 events):
No events

Internal exceptions (2 events):
Event: 0.131 Thread 0x0000000000c2d800 Exception <a 'java/lang/NoSuchMethodError': Method sun.misc.Unsafe.defineClass(Ljava/lang/String;[BII)Ljava/lang/Class; name or signature does not match> (0x00000000eab07c78) thrown at [C:\re\workspace\8-2-build-windows-amd64-cygwin\jdk8u111\7883\hotspot\
Event: 0.131 Thread 0x0000000000c2d800 Exception <a 'java/lang/NoSuchMethodError': Method sun.misc.Unsafe.prefetchRead(Ljava/lang/Object;J)V name or signature does not match> (0x00000000eab07f60) thrown at [C:\re\workspace\8-2-build-windows-amd64-cygwin\jdk8u111\7883\hotspot\src\share\vm\prims

Events (10 events):
Event: 0.608 loading class com/android/dx/cf/attrib/AttConstantValue done
Event: 0.613 Thread 0x00000000167f8000 Thread added: 0x00000000167f8000
Event: 0.618 loading class com/android/dx/cf/direct/DirectClassFile$DcfTypeList
Event: 0.618 loading class com/android/dx/cf/direct/DirectClassFile$DcfTypeList done
Event: 0.621 loading class com/android/dx/cf/code/ByteCatchList$Item
Event: 0.621 loading class com/android/dx/cf/code/ByteCatchList$Item done
Event: 0.622 loading class com/android/dx/cf/attrib/AttLocalVariableTypeTable
Event: 0.622 loading class com/android/dx/cf/attrib/AttLocalVariableTypeTable done
Event: 0.626 loading class com/android/dx/cf/attrib/RawAttribute
Event: 0.626 loading class com/android/dx/cf/attrib/RawAttribute done


Dynamic libraries:
0x00007ff74dd00000 - 0x00007ff74dd37000 	C:\Program Files\Java\jdk1.8.0_111\bin\java.exe
0x00007ffdfe0b0000 - 0x00007ffdfe271000 	C:\WINDOWS\SYSTEM32\ntdll.dll
0x00007ffdfb900000 - 0x00007ffdfb9ad000 	C:\WINDOWS\system32\KERNEL32.DLL
0x00007ffdfa780000 - 0x00007ffdfa968000 	C:\WINDOWS\system32\KERNELBASE.dll
0x00007ffdfe000000 - 0x00007ffdfe0a7000 	C:\WINDOWS\system32\ADVAPI32.dll
0x00007ffdfc820000 - 0x00007ffdfc8bd000 	C:\WINDOWS\system32\msvcrt.dll
0x00007ffdfc1b0000 - 0x00007ffdfc20b000 	C:\WINDOWS\system32\sechost.dll
0x00007ffdfdee0000 - 0x00007ffdfdffc000 	C:\WINDOWS\system32\RPCRT4.dll
0x00007ffdfbd70000 - 0x00007ffdfbec6000 	C:\WINDOWS\system32\USER32.dll
0x00007ffdfbb70000 - 0x00007ffdfbcf6000 	C:\WINDOWS\system32\GDI32.dll
0x00007ffdee630000 - 0x00007ffdee8a4000 	C:\WINDOWS\WinSxS\amd64_microsoft.windows.common-controls_6595b64144ccf1df_6.0.10586.589_none_a2ddb3caa539acce\COMCTL32.dll
0x00007ffdfbf30000 - 0x00007ffdfc1ad000 	C:\WINDOWS\system32\combase.dll
0x00007ffdfb2b0000 - 0x00007ffdfb31a000 	C:\WINDOWS\system32\bcryptPrimitives.dll
0x00007ffdfc8c0000 - 0x00007ffdfc8fb000 	C:\WINDOWS\system32\IMM32.DLL
0x0000000055d60000 - 0x0000000055e32000 	C:\Program Files\Java\jdk1.8.0_111\jre\bin\msvcr100.dll
0x00000000554c0000 - 0x0000000055d5a000 	C:\Program Files\Java\jdk1.8.0_111\jre\bin\server\jvm.dll
0x00007ffdfc640000 - 0x00007ffdfc648000 	C:\WINDOWS\system32\PSAPI.DLL
0x00007ffdedbe0000 - 0x00007ffdedbe9000 	C:\WINDOWS\SYSTEM32\WSOCK32.dll
0x00007ffdfbd00000 - 0x00007ffdfbd6b000 	C:\WINDOWS\system32\WS2_32.dll
0x00007ffdf8e00000 - 0x00007ffdf8e23000 	C:\WINDOWS\SYSTEM32\WINMM.dll
0x00007ffdf1d00000 - 0x00007ffdf1d0a000 	C:\WINDOWS\SYSTEM32\VERSION.dll
0x00007ffdf8da0000 - 0x00007ffdf8dcc000 	C:\WINDOWS\SYSTEM32\WINMMBASE.dll
0x00007ffdfb460000 - 0x00007ffdfb4a3000 	C:\WINDOWS\system32\cfgmgr32.dll
0x0000000056a90000 - 0x0000000056a9f000 	C:\Program Files\Java\jdk1.8.0_111\jre\bin\verify.dll
0x0000000056a60000 - 0x0000000056a89000 	C:\Program Files\Java\jdk1.8.0_111\jre\bin\java.dll
0x00000000554a0000 - 0x00000000554b6000 	C:\Program Files\Java\jdk1.8.0_111\jre\bin\zip.dll
0x00007ffdfc900000 - 0x00007ffdfde5c000 	C:\WINDOWS\system32\SHELL32.dll
0x00007ffdfa970000 - 0x00007ffdfafb5000 	C:\WINDOWS\system32\windows.storage.dll
0x00007ffdfb7c0000 - 0x00007ffdfb812000 	C:\WINDOWS\system32\shlwapi.dll
0x00007ffdfa730000 - 0x00007ffdfa73f000 	C:\WINDOWS\system32\kernel.appcore.dll
0x00007ffdfb020000 - 0x00007ffdfb0d5000 	C:\WINDOWS\system32\shcore.dll
0x00007ffdfa6d0000 - 0x00007ffdfa71b000 	C:\WINDOWS\system32\powrprof.dll
0x00007ffdfa740000 - 0x00007ffdfa754000 	C:\WINDOWS\system32\profapi.dll

VM Arguments:
jvm_args: -Djava.awt.headless=true -Xmx1024M -Dfile.encoding=windows-1252 -Duser.country=CA -Duser.language=en -Duser.variant 
java_command: com.android.dx.command.Main --dex --force-jumbo --num-threads=4 --multi-dex --output C:\Users\Hassen\Documents\Sirine\CPEN321-\proj\cpen321project\PlanMyTrip\app\build\intermediates\transforms\dex\debug\folders\1000\10\instant-run_22ef3fc7dcb22410cfc307a3fa91b4847d5b8815 C:\Users\Hassen\Documents\Sirine\CPEN321-\proj\cpen321project\PlanMyTrip\app\build\intermediates\incremental-runtime-classes\debug\instant-run.jar
java_class_path (initial): C:\Users\Hassen\AppData\Local\Android\sdk\build-tools\24.0.1\lib\dx.jar
Launcher Type: SUN_STANDARD

Environment Variables:
JAVA_HOME=C:\Program Files (x86)\Java\jdk1.7.0_79
PATH=C:\ProgramData\Oracle\Java\javapath;C:\Program Files (x86)\Common Files\NetSarang;C:\Program Files (x86)\Intel\iCLS Client\;C:\Program Files\Intel\iCLS Client\;C:\Windows\system32;C:\Windows;C:\Windows\System32\Wbem;C:\Windows\System32\WindowsPowerShell\v1.0\;C:\Program Files\Intel\WiFi\bin\;C:\Program Files\Common Files\Intel\WirelessCommon\;C:\Program Files\Intel\Intel(R) Management Engine Components\DAL;C:\Program Files\Intel\Intel(R) Management Engine Components\IPT;C:\Program Files (x86)\Intel\Intel(R) Management Engine Components\DAL;C:\Program Files (x86)\Intel\Intel(R) Management Engine Components\IPT;C:\Program Files\Acer\Remote Files\;C:\WINDOWS\system32;C:\WINDOWS;C:\WINDOWS\System32\Wbem;C:\WINDOWS\System32\WindowsPowerShell\v1.0\;C:\Program Files (x86)\Skype\Phone\;C:\Program Files (x86)\QuickTime\QTSystem\;C:\WINDOWS\system32;C:\WINDOWS;C:\WINDOWS\System32\Wbem;C:\WINDOWS\System32\WindowsPowerShell\v1.0\;%QUARTUS_ROOTDIR%\bin;C:\Program Files (x86)\apache-maven-3.3.9\bin;C:\Program Files (x86)\apache-maven-3.3.9\bin
USERNAME=Hassen
OS=Windows_NT
PROCESSOR_IDENTIFIER=Intel64 Family 6 Model 69 Stepping 1, GenuineIntel



---------------  S Y S T E M  ---------------

OS: Windows 10.0 , 64 bit Build 10586 (10.0.10586.589)

CPU:total 4 (2 cores per cpu, 2 threads per core) family 6 model 69 stepping 1, cmov, cx8, fxsr, mmx, sse, sse2, sse3, ssse3, sse4.1, sse4.2, popcnt, avx, avx2, aes, clmul, erms, lzcnt, ht, tsc, tscinvbit, bmi1, bmi2

Memory: 4k page, physical 8281368k(682340k free), swap 12483708k(2128k free)

vm_info: Java HotSpot(TM) 64-Bit Server VM (25.111-b14) for windows-amd64 JRE (1.8.0_111-b14), built on Sep 22 2016 19:24:05 by "java_re" with MS VC++ 10.0 (VS2010)

time: Wed Nov 02 17:02:19 2016
elapsed time: 0 seconds (0d 0h 0m 0s)

