#
# There is insufficient memory for the Java Runtime Environment to continue.
# Native memory allocation (malloc) failed to allocate 1009696 bytes for Chunk::new
# Possible reasons:
#   The system is out of physical RAM or swap space
#   In 32 bit mode, the process size limit was hit
# Possible solutions:
#   Reduce memory load on the system
#   Increase physical memory or swap space
#   Check if swap backing store is full
#   Use 64 bit Java on a 64 bit OS
#   Decrease Java heap size (-Xmx/-Xms)
#   Decrease number of Java threads
#   Decrease Java thread stack sizes (-Xss)
#   Set larger code cache with -XX:ReservedCodeCacheSize=
# This output file may be truncated or incomplete.
#
#  Out of Memory Error (allocation.cpp:390), pid=11432, tid=0x0000000000000db0
#
# JRE version: Java(TM) SE Runtime Environment (8.0_111-b14) (build 1.8.0_111-b14)
# Java VM: Java HotSpot(TM) 64-Bit Server VM (25.111-b14 mixed mode windows-amd64 compressed oops)
# Failed to write core dump. Minidumps are not enabled by default on client versions of Windows
#

---------------  T H R E A D  ---------------

Current thread (0x0000000014b40000):  JavaThread "C2 CompilerThread1" daemon [_thread_in_native, id=3504, stack(0x0000000016270000,0x0000000016370000)]

Stack: [0x0000000016270000,0x0000000016370000]
[error occurred during error reporting (printing stack bounds), id 0xc0000005]

Native frames: (J=compiled Java code, j=interpreted, Vv=VM code, C=native code)


Current CompileTask:
C2:   6727 1631   !   4       com.android.dx.cf.cst.ConstantPoolParser::parse0 (731 bytes)


---------------  P R O C E S S  ---------------

Java Threads: ( => current thread )
  0x00000000165ca000 JavaThread "pool-2-thread-4" [_thread_in_Java, id=12308, stack(0x0000000016e70000,0x0000000016f70000)]
  0x00000000165c9800 JavaThread "pool-2-thread-3" [_thread_in_Java, id=11604, stack(0x0000000016d70000,0x0000000016e70000)]
  0x00000000165c8800 JavaThread "pool-2-thread-2" [_thread_in_vm, id=10012, stack(0x0000000016c70000,0x0000000016d70000)]
  0x00000000165c5000 JavaThread "pool-3-thread-1" [_thread_blocked, id=7296, stack(0x0000000016b70000,0x0000000016c70000)]
  0x00000000165c4000 JavaThread "pool-2-thread-1" [_thread_blocked, id=2512, stack(0x0000000016a70000,0x0000000016b70000)]
  0x0000000016375800 JavaThread "Service Thread" daemon [_thread_blocked, id=12648, stack(0x0000000016870000,0x0000000016970000)]
  0x0000000014b9e800 JavaThread "C1 CompilerThread2" daemon [_thread_blocked, id=9240, stack(0x0000000016770000,0x0000000016870000)]
=>0x0000000014b40000 JavaThread "C2 CompilerThread1" daemon [_thread_in_native, id=3504, stack(0x0000000016270000,0x0000000016370000)]
  0x0000000014b3d000 JavaThread "C2 CompilerThread0" daemon [_thread_blocked, id=9388, stack(0x0000000016170000,0x0000000016270000)]
  0x0000000014b3b000 JavaThread "Attach Listener" daemon [_thread_blocked, id=13028, stack(0x0000000016070000,0x0000000016170000)]
  0x0000000014b3a000 JavaThread "Signal Dispatcher" daemon [_thread_blocked, id=3824, stack(0x0000000015f70000,0x0000000016070000)]
  0x0000000014b2a000 JavaThread "Finalizer" daemon [_thread_blocked, id=13092, stack(0x0000000015d90000,0x0000000015e90000)]
  0x0000000014b09000 JavaThread "Reference Handler" daemon [_thread_blocked, id=9236, stack(0x0000000015c90000,0x0000000015d90000)]
  0x000000000226d800 JavaThread "main" [_thread_blocked, id=12960, stack(0x0000000002270000,0x0000000002370000)]

Other Threads:
  0x0000000014b07800 VMThread [stack: 0x0000000015b90000,0x0000000015c90000] [id=12556]
  0x0000000016391800 WatcherThread [stack: 0x0000000016970000,0x0000000016a70000] [id=12700]

VM state:not at safepoint (normal execution)

VM Mutex/Monitor currently owned by a thread: None

Heap:
 PSYoungGen      total 38400K, used 17967K [0x00000000eab00000, 0x00000000ed580000, 0x0000000100000000)
  eden space 33280K, 38% used [0x00000000eab00000,0x00000000eb78e308,0x00000000ecb80000)
  from space 5120K, 99% used [0x00000000ed080000,0x00000000ed57dc88,0x00000000ed580000)
  to   space 5120K, 0% used [0x00000000ecb80000,0x00000000ecb80000,0x00000000ed080000)
 ParOldGen       total 87552K, used 4585K [0x00000000c0000000, 0x00000000c5580000, 0x00000000eab00000)
  object space 87552K, 5% used [0x00000000c0000000,0x00000000c047a5b0,0x00000000c5580000)
 Metaspace       used 6389K, capacity 7128K, committed 7424K, reserved 1056768K
  class space    used 623K, capacity 656K, committed 768K, reserved 1048576K

Card table byte_map: [0x0000000011830000,0x0000000011a40000] byte_map_base: 0x0000000011230000

Marking Bits: (ParMarkBitMap*) 0x000000005b1fa6c0
 Begin Bits: [0x0000000011fa0000, 0x0000000012fa0000)
 End Bits:   [0x0000000012fa0000, 0x0000000013fa0000)

Polling page: 0x0000000000670000

CodeCache: size=245760Kb used=6891Kb max_used=6920Kb free=238868Kb
 bounds [0x0000000002470000, 0x0000000002b40000, 0x0000000011470000]
 total_blobs=1927 nmethods=1657 adapters=182
 compilation: enabled

Compilation events (10 events):
Event: 6.360 Thread 0x0000000014b9e800 nmethod 1671 0x0000000002b09690 code [0x0000000002b09800, 0x0000000002b09ae8]
Event: 6.366 Thread 0x0000000014b9e800 1672       1       com.android.dx.cf.code.LocalVariableList$Item::getSignature (5 bytes)
Event: 6.366 Thread 0x0000000014b9e800 nmethod 1672 0x0000000002b0b390 code [0x0000000002b0b4e0, 0x0000000002b0b5f0]
Event: 6.368 Thread 0x0000000014b9e800 1673       1       com.android.dx.rop.cst.CstType::getType (4 bytes)
Event: 6.368 Thread 0x0000000014b9e800 nmethod 1673 0x0000000002b0b0d0 code [0x0000000002b0b220, 0x0000000002b0b330]
Event: 6.427 Thread 0x0000000014b40000 nmethod 1366 0x0000000002b1dbd0 code [0x0000000002b1f300, 0x0000000002b28300]
Event: 6.427 Thread 0x0000000014b40000 1631   !   4       com.android.dx.cf.cst.ConstantPoolParser::parse0 (731 bytes)
Event: 6.570 Thread 0x0000000014b3d000 nmethod 1669 0x0000000002b325d0 code [0x0000000002b32980, 0x0000000002b374c0]
Event: 6.571 Thread 0x0000000014b3d000 1633       4       com.android.dx.ssa.back.LivenessAnalyzer::<init> (55 bytes)
Event: 6.577 Thread 0x0000000014b3d000 nmethod 1633 0x0000000002b0a910 code [0x0000000002b0aa80, 0x0000000002b0ae58]

GC Heap History (4 events):
Event: 4.716 GC heap before
{Heap before GC invocations=1 (full 0):
 PSYoungGen      total 38400K, used 33280K [0x00000000eab00000, 0x00000000ed580000, 0x0000000100000000)
  eden space 33280K, 100% used [0x00000000eab00000,0x00000000ecb80000,0x00000000ecb80000)
  from space 5120K, 0% used [0x00000000ed080000,0x00000000ed080000,0x00000000ed580000)
  to   space 5120K, 0% used [0x00000000ecb80000,0x00000000ecb80000,0x00000000ed080000)
 ParOldGen       total 87552K, used 0K [0x00000000c0000000, 0x00000000c5580000, 0x00000000eab00000)
  object space 87552K, 0% used [0x00000000c0000000,0x00000000c0000000,0x00000000c5580000)
 Metaspace       used 6117K, capacity 6936K, committed 7168K, reserved 1056768K
  class space    used 621K, capacity 656K, committed 768K, reserved 1048576K
Event: 4.830 GC heap after
Heap after GC invocations=1 (full 0):
 PSYoungGen      total 38400K, used 5092K [0x00000000eab00000, 0x00000000ed580000, 0x0000000100000000)
  eden space 33280K, 0% used [0x00000000eab00000,0x00000000eab00000,0x00000000ecb80000)
  from space 5120K, 99% used [0x00000000ecb80000,0x00000000ed079248,0x00000000ed080000)
  to   space 5120K, 0% used [0x00000000ed080000,0x00000000ed080000,0x00000000ed580000)
 ParOldGen       total 87552K, used 968K [0x00000000c0000000, 0x00000000c5580000, 0x00000000eab00000)
  object space 87552K, 1% used [0x00000000c0000000,0x00000000c00f20b8,0x00000000c5580000)
 Metaspace       used 6117K, capacity 6936K, committed 7168K, reserved 1056768K
  class space    used 621K, capacity 656K, committed 768K, reserved 1048576K
}
Event: 5.945 GC heap before
{Heap before GC invocations=2 (full 0):
 PSYoungGen      total 38400K, used 38372K [0x00000000eab00000, 0x00000000ed580000, 0x0000000100000000)
  eden space 33280K, 100% used [0x00000000eab00000,0x00000000ecb80000,0x00000000ecb80000)
  from space 5120K, 99% used [0x00000000ecb80000,0x00000000ed079248,0x00000000ed080000)
  to   space 5120K, 0% used [0x00000000ed080000,0x00000000ed080000,0x00000000ed580000)
 ParOldGen       total 87552K, used 968K [0x00000000c0000000, 0x00000000c5580000, 0x00000000eab00000)
  object space 87552K, 1% used [0x00000000c0000000,0x00000000c00f20b8,0x00000000c5580000)
 Metaspace       used 6362K, capacity 7128K, committed 7424K, reserved 1056768K
  class space    used 622K, capacity 656K, committed 768K, reserved 1048576K
Event: 6.003 GC heap after
Heap after GC invocations=2 (full 0):
 PSYoungGen      total 38400K, used 5111K [0x00000000eab00000, 0x00000000ed580000, 0x0000000100000000)
  eden space 33280K, 0% used [0x00000000eab00000,0x00000000eab00000,0x00000000ecb80000)
  from space 5120K, 99% used [0x00000000ed080000,0x00000000ed57dc88,0x00000000ed580000)
  to   space 5120K, 0% used [0x00000000ecb80000,0x00000000ecb80000,0x00000000ed080000)
 ParOldGen       total 87552K, used 4585K [0x00000000c0000000, 0x00000000c5580000, 0x00000000eab00000)
  object space 87552K, 5% used [0x00000000c0000000,0x00000000c047a5b0,0x00000000c5580000)
 Metaspace       used 6362K, capacity 7128K, committed 7424K, reserved 1056768K
  class space    used 622K, capacity 656K, committed 768K, reserved 1048576K
}

Deoptimization events (4 events):
Event: 1.547 Thread 0x000000000226d800 Uncommon trap: reason=unstable_if action=reinterpret pc=0x00000000025c1154 method=java.lang.String.compareTo(Ljava/lang/String;)I @ 38
Event: 4.041 Thread 0x00000000165c9800 Uncommon trap: reason=unstable_if action=reinterpret pc=0x0000000002775fdc method=com.android.dx.rop.cst.Constant.compareTo(Lcom/android/dx/rop/cst/Constant;)I @ 12
Event: 4.531 Thread 0x00000000165c4000 Uncommon trap: reason=null_check action=make_not_entrant pc=0x000000000278be28 method=com.android.dx.rop.type.Type.equals(Ljava/lang/Object;)Z @ 8
Event: 5.727 Thread 0x00000000165ca000 Uncommon trap: reason=unstable_if action=reinterpret pc=0x0000000002965c24 method=com.android.dx.ssa.SCCP.simulateStmt(Lcom/android/dx/ssa/SsaInsn;)V @ 53

Internal exceptions (3 events):
Event: 0.762 Thread 0x000000000226d800 Exception <a 'java/lang/NoSuchMethodError': Method sun.misc.Unsafe.defineClass(Ljava/lang/String;[BII)Ljava/lang/Class; name or signature does not match> (0x00000000eab07c78) thrown at [C:\re\workspace\8-2-build-windows-amd64-cygwin\jdk8u111\7883\hotspot\
Event: 0.762 Thread 0x000000000226d800 Exception <a 'java/lang/NoSuchMethodError': Method sun.misc.Unsafe.prefetchRead(Ljava/lang/Object;J)V name or signature does not match> (0x00000000eab07f60) thrown at [C:\re\workspace\8-2-build-windows-amd64-cygwin\jdk8u111\7883\hotspot\src\share\vm\prims
Event: 4.531 Thread 0x00000000165c4000 Implicit null exception at 0x000000000278bd22 to 0x000000000278be1a

Events (10 events):
Event: 5.631 loading class com/android/dx/cf/attrib/BaseAnnotations done
Event: 5.727 Thread 0x00000000165ca000 Uncommon trap: trap_request=0xffffff65 fr.pc=0x0000000002965c24
Event: 5.727 Thread 0x00000000165ca000 DEOPT PACKING pc=0x0000000002965c24 sp=0x0000000016f6e730
Event: 5.727 Thread 0x00000000165ca000 DEOPT UNPACKING pc=0x00000000024b582a sp=0x0000000016f6e718 mode 2
Event: 5.836 Executing VM operation: ParallelGCFailedAllocation
Event: 6.003 Executing VM operation: ParallelGCFailedAllocation done
Event: 6.202 loading class com/android/dx/rop/code/RegisterSpec$1
Event: 6.202 loading class com/android/dx/rop/code/RegisterSpec$1 done
Event: 6.297 loading class com/android/dx/cf/code/SwitchList
Event: 6.297 loading class com/android/dx/cf/code/SwitchList done


Dynamic libraries:
0x00007ff7f96b0000 - 0x00007ff7f96e7000 	C:\Program Files\Java\jdk1.8.0_111\bin\java.exe
0x00007ff931390000 - 0x00007ff931551000 	C:\WINDOWS\SYSTEM32\ntdll.dll
0x00007ff9312c0000 - 0x00007ff93136d000 	C:\WINDOWS\system32\KERNEL32.DLL
0x00007ff92de30000 - 0x00007ff92e018000 	C:\WINDOWS\system32\KERNELBASE.dll
0x00007ff92e790000 - 0x00007ff92e837000 	C:\WINDOWS\system32\ADVAPI32.dll
0x00007ff930bd0000 - 0x00007ff930c6d000 	C:\WINDOWS\system32\msvcrt.dll
0x00007ff931260000 - 0x00007ff9312bb000 	C:\WINDOWS\system32\sechost.dll
0x00007ff931130000 - 0x00007ff93124c000 	C:\WINDOWS\system32\RPCRT4.dll
0x00007ff930ef0000 - 0x00007ff931046000 	C:\WINDOWS\system32\USER32.dll
0x00007ff92f050000 - 0x00007ff92f1d6000 	C:\WINDOWS\system32\GDI32.dll
0x00007ff920d20000 - 0x00007ff920f94000 	C:\WINDOWS\WinSxS\amd64_microsoft.windows.common-controls_6595b64144ccf1df_6.0.10586.589_none_a2ddb3caa539acce\COMCTL32.dll
0x00007ff930c70000 - 0x00007ff930eed000 	C:\WINDOWS\system32\combase.dll
0x00007ff92e080000 - 0x00007ff92e0ea000 	C:\WINDOWS\system32\bcryptPrimitives.dll
0x00007ff92ef00000 - 0x00007ff92ef3b000 	C:\WINDOWS\system32\IMM32.DLL
0x000000005b280000 - 0x000000005b352000 	C:\Program Files\Java\jdk1.8.0_111\jre\bin\msvcr100.dll
0x000000005a9e0000 - 0x000000005b27a000 	C:\Program Files\Java\jdk1.8.0_111\jre\bin\server\jvm.dll
0x00007ff931250000 - 0x00007ff931258000 	C:\WINDOWS\system32\PSAPI.DLL
0x00007ff920700000 - 0x00007ff920709000 	C:\WINDOWS\SYSTEM32\WSOCK32.dll
0x00007ff930b60000 - 0x00007ff930bcb000 	C:\WINDOWS\system32\WS2_32.dll
0x00007ff92b7a0000 - 0x00007ff92b7c3000 	C:\WINDOWS\SYSTEM32\WINMM.dll
0x00007ff92c070000 - 0x00007ff92c07a000 	C:\WINDOWS\SYSTEM32\VERSION.dll
0x00007ff92b740000 - 0x00007ff92b76c000 	C:\WINDOWS\SYSTEM32\WINMMBASE.dll
0x00007ff92e0f0000 - 0x00007ff92e133000 	C:\WINDOWS\system32\cfgmgr32.dll
0x000000005a9d0000 - 0x000000005a9df000 	C:\Program Files\Java\jdk1.8.0_111\jre\bin\verify.dll
0x000000005a9a0000 - 0x000000005a9c9000 	C:\Program Files\Java\jdk1.8.0_111\jre\bin\java.dll
0x000000005a980000 - 0x000000005a996000 	C:\Program Files\Java\jdk1.8.0_111\jre\bin\zip.dll
0x00007ff92f330000 - 0x00007ff93088c000 	C:\WINDOWS\system32\SHELL32.dll
0x00007ff92e140000 - 0x00007ff92e785000 	C:\WINDOWS\system32\windows.storage.dll
0x00007ff92e840000 - 0x00007ff92e892000 	C:\WINDOWS\system32\shlwapi.dll
0x00007ff92d9d0000 - 0x00007ff92d9df000 	C:\WINDOWS\system32\kernel.appcore.dll
0x00007ff92dcc0000 - 0x00007ff92dd75000 	C:\WINDOWS\system32\shcore.dll
0x00007ff92d9f0000 - 0x00007ff92da3b000 	C:\WINDOWS\system32\powrprof.dll
0x00007ff92d9b0000 - 0x00007ff92d9c4000 	C:\WINDOWS\system32\profapi.dll

VM Arguments:
jvm_args: -Djava.awt.headless=true -Xmx1024M -Dfile.encoding=windows-1252 -Duser.country=CA -Duser.language=en -Duser.variant 
java_command: com.android.dx.command.Main --dex --force-jumbo --num-threads=4 --multi-dex --output C:\Users\Hassen\Documents\Sirine\CPEN321-\proj\cpen321project\PlanMyTrip\app\build\intermediates\transforms\dex\debug\folders\1000\10\internal_impl-24.1.0_d14bdd114e9ea89e77c70e45f146e59b9a59205d C:\Users\Hassen\Documents\Sirine\CPEN321-\proj\cpen321project\PlanMyTrip\app\build\intermediates\exploded-aar\com.android.support\support-v4\24.1.0\jars\libs\internal_impl-24.1.0.jar
java_class_path (initial): C:\Users\Hassen\AppData\Local\Android\sdk\build-tools\24.0.1\lib\dx.jar
Launcher Type: SUN_STANDARD

Environment Variables:
JAVA_HOME=C:\Program Files (x86)\Java\jdk1.7.0_79
PATH=C:\ProgramData\Oracle\Java\javapath;C:\Program Files (x86)\Common Files\NetSarang;C:\Program Files (x86)\Intel\iCLS Client\;C:\Program Files\Intel\iCLS Client\;C:\Windows\system32;C:\Windows;C:\Windows\System32\Wbem;C:\Windows\System32\WindowsPowerShell\v1.0\;C:\Program Files\Intel\WiFi\bin\;C:\Program Files\Common Files\Intel\WirelessCommon\;C:\Program Files\Intel\Intel(R) Management Engine Components\DAL;C:\Program Files\Intel\Intel(R) Management Engine Components\IPT;C:\Program Files (x86)\Intel\Intel(R) Management Engine Components\DAL;C:\Program Files (x86)\Intel\Intel(R) Management Engine Components\IPT;C:\Program Files\Acer\Remote Files\;C:\WINDOWS\system32;C:\WINDOWS;C:\WINDOWS\System32\Wbem;C:\WINDOWS\System32\WindowsPowerShell\v1.0\;C:\Program Files (x86)\Skype\Phone\;C:\Program Files (x86)\QuickTime\QTSystem\;C:\WINDOWS\system32;C:\WINDOWS;C:\WINDOWS\System32\Wbem;C:\WINDOWS\System32\WindowsPowerShell\v1.0\;%QUARTUS_ROOTDIR%\bin;C:\Program Files (x86)\apache-maven-3.3.9\bin;C:\Program Files (x86)\apache-maven-3.3.9\bin
USERNAME=Hassen
OS=Windows_NT
PROCESSOR_IDENTIFIER=Intel64 Family 6 Model 69 Stepping 1, GenuineIntel



---------------  S Y S T E M  ---------------

OS: Windows 10.0 , 64 bit Build 10586 (10.0.10586.589)

CPU:total 4 (2 cores per cpu, 2 threads per core) family 6 model 69 stepping 1, cmov, cx8, fxsr, mmx, sse, sse2, sse3, ssse3, sse4.1, sse4.2, popcnt, avx, avx2, aes, clmul, erms, lzcnt, ht, tsc, tscinvbit, bmi1, bmi2

Memory: 4k page, physical 8281368k(440820k free), swap 12341608k(5964k free)

vm_info: Java HotSpot(TM) 64-Bit Server VM (25.111-b14) for windows-amd64 JRE (1.8.0_111-b14), built on Sep 22 2016 19:24:05 by "java_re" with MS VC++ 10.0 (VS2010)

time: Sat Oct 29 17:54:10 2016
elapsed time: 6 seconds (0d 0h 0m 6s)

