#
# There is insufficient memory for the Java Runtime Environment to continue.
# Native memory allocation (malloc) failed to allocate 445136 bytes for Chunk::new
# Possible reasons:
#   The system is out of physical RAM or swap space
#   In 32 bit mode, the process size limit was hit
# Possible solutions:
#   Reduce memory load on the system
#   Increase physical memory or swap space
#   Check if swap backing store is full
#   Use 64 bit Java on a 64 bit OS
#   Decrease Java heap size (-Xmx/-Xms)
#   Decrease number of Java threads
#   Decrease Java thread stack sizes (-Xss)
#   Set larger code cache with -XX:ReservedCodeCacheSize=
# This output file may be truncated or incomplete.
#
#  Out of Memory Error (allocation.cpp:390), pid=13428, tid=0x00000000000021c4
#
# JRE version: Java(TM) SE Runtime Environment (8.0_111-b14) (build 1.8.0_111-b14)
# Java VM: Java HotSpot(TM) 64-Bit Server VM (25.111-b14 mixed mode windows-amd64 compressed oops)
# Failed to write core dump. Minidumps are not enabled by default on client versions of Windows
#

---------------  T H R E A D  ---------------

Current thread (0x000000001556d000):  JavaThread "C2 CompilerThread0" daemon [_thread_in_native, id=8644, stack(0x0000000016ba0000,0x0000000016ca0000)]

Stack: [0x0000000016ba0000,0x0000000016ca0000]
[error occurred during error reporting (printing stack bounds), id 0xc0000005]

Native frames: (J=compiled Java code, j=interpreted, Vv=VM code, C=native code)


Current CompileTask:
C2:   9383 1437       4       com.android.dx.ssa.back.FirstFitLocalCombiningAllocator::addMapping (76 bytes)


---------------  P R O C E S S  ---------------

Java Threads: ( => current thread )
  0x0000000017047000 JavaThread "pool-1-thread-1" [_thread_new, id=13084, stack(0x0000000000000000,0x0000000000000000)]
  0x00000000155cb800 JavaThread "Service Thread" daemon [_thread_blocked, id=1312, stack(0x00000000172a0000,0x00000000173a0000)]
  0x00000000155c6800 JavaThread "C1 CompilerThread2" daemon [_thread_blocked, id=1424, stack(0x0000000016da0000,0x0000000016ea0000)]
  0x0000000015570000 JavaThread "C2 CompilerThread1" daemon [_thread_blocked, id=13940, stack(0x0000000016ca0000,0x0000000016da0000)]
=>0x000000001556d000 JavaThread "C2 CompilerThread0" daemon [_thread_in_native, id=8644, stack(0x0000000016ba0000,0x0000000016ca0000)]
  0x000000001556b000 JavaThread "Attach Listener" daemon [_thread_blocked, id=11740, stack(0x0000000016aa0000,0x0000000016ba0000)]
  0x000000001556a000 JavaThread "Signal Dispatcher" daemon [_thread_blocked, id=12680, stack(0x00000000169a0000,0x0000000016aa0000)]
  0x000000001555a000 JavaThread "Finalizer" daemon [_thread_blocked, id=3372, stack(0x00000000167c0000,0x00000000168c0000)]
  0x0000000015539000 JavaThread "Reference Handler" daemon [_thread_blocked, id=6796, stack(0x00000000166c0000,0x00000000167c0000)]
  0x000000000140d800 JavaThread "main" [_thread_blocked, id=4168, stack(0x0000000002ca0000,0x0000000002da0000)]

Other Threads:
  0x0000000015537800 VMThread [stack: 0x00000000165c0000,0x00000000166c0000] [id=9820]
  0x0000000016ebb000 WatcherThread [stack: 0x00000000173a0000,0x00000000174a0000] [id=4156]

VM state:not at safepoint (normal execution)

VM Mutex/Monitor currently owned by a thread: None

Heap:
 PSYoungGen      total 38400K, used 31721K [0x00000000eab00000, 0x00000000ed580000, 0x0000000100000000)
  eden space 33280K, 80% used [0x00000000eab00000,0x00000000ec5001f8,0x00000000ecb80000)
  from space 5120K, 99% used [0x00000000ecb80000,0x00000000ed07a460,0x00000000ed080000)
  to   space 5120K, 0% used [0x00000000ed080000,0x00000000ed080000,0x00000000ed580000)
 ParOldGen       total 87552K, used 1167K [0x00000000c0000000, 0x00000000c5580000, 0x00000000eab00000)
  object space 87552K, 1% used [0x00000000c0000000,0x00000000c0123cc8,0x00000000c5580000)
 Metaspace       used 6173K, capacity 7000K, committed 7168K, reserved 1056768K
  class space    used 622K, capacity 656K, committed 768K, reserved 1048576K

Card table byte_map: [0x0000000012260000,0x0000000012470000] byte_map_base: 0x0000000011c60000

Marking Bits: (ParMarkBitMap*) 0x000000005331a6c0
 Begin Bits: [0x00000000129d0000, 0x00000000139d0000)
 End Bits:   [0x00000000139d0000, 0x00000000149d0000)

Polling page: 0x0000000000df0000

CodeCache: size=245760Kb used=6034Kb max_used=6048Kb free=239725Kb
 bounds [0x0000000002ea0000, 0x0000000003490000, 0x0000000011ea0000]
 total_blobs=1709 nmethods=1440 adapters=182
 compilation: enabled

Compilation events (10 events):
Event: 9.253 Thread 0x00000000155c6800 nmethod 1442 0x0000000003472d50 code [0x0000000003472f00, 0x00000000034735d8]
Event: 9.254 Thread 0x00000000155c6800 1443   !   3       java.util.zip.Inflater::reset (69 bytes)
Event: 9.254 Thread 0x00000000155c6800 nmethod 1443 0x00000000034883d0 code [0x0000000003488560, 0x00000000034889b8]
Event: 9.263 Thread 0x00000000155c6800 1445       3       java.util.ArrayDeque::add (7 bytes)
Event: 9.264 Thread 0x00000000155c6800 nmethod 1445 0x0000000003484b10 code [0x0000000003484c80, 0x0000000003484e28]
Event: 9.273 Thread 0x0000000015570000 nmethod 1432 0x000000000348c990 code [0x000000000348cb60, 0x000000000348dd18]
Event: 9.273 Thread 0x0000000015570000 1438       4       com.android.dx.ssa.back.FirstFitLocalCombiningAllocator::getAlignment (32 bytes)
Event: 9.274 Thread 0x0000000015570000 nmethod 1438 0x0000000003475c10 code [0x0000000003475d60, 0x0000000003475e08]
Event: 9.274 Thread 0x0000000015570000 1440       4       com.android.dx.ssa.back.FirstFitLocalCombiningAllocator$Alignment$3::nextClearBit (6 bytes)
Event: 9.275 Thread 0x0000000015570000 nmethod 1440 0x0000000003489850 code [0x00000000034899a0, 0x0000000003489ad8]

GC Heap History (2 events):
Event: 8.095 GC heap before
{Heap before GC invocations=1 (full 0):
 PSYoungGen      total 38400K, used 33280K [0x00000000eab00000, 0x00000000ed580000, 0x0000000100000000)
  eden space 33280K, 100% used [0x00000000eab00000,0x00000000ecb80000,0x00000000ecb80000)
  from space 5120K, 0% used [0x00000000ed080000,0x00000000ed080000,0x00000000ed580000)
  to   space 5120K, 0% used [0x00000000ecb80000,0x00000000ecb80000,0x00000000ed080000)
 ParOldGen       total 87552K, used 0K [0x00000000c0000000, 0x00000000c5580000, 0x00000000eab00000)
  object space 87552K, 0% used [0x00000000c0000000,0x00000000c0000000,0x00000000c5580000)
 Metaspace       used 6033K, capacity 6872K, committed 7168K, reserved 1056768K
  class space    used 617K, capacity 656K, committed 768K, reserved 1048576K
Event: 8.126 GC heap after
Heap after GC invocations=1 (full 0):
 PSYoungGen      total 38400K, used 5097K [0x00000000eab00000, 0x00000000ed580000, 0x0000000100000000)
  eden space 33280K, 0% used [0x00000000eab00000,0x00000000eab00000,0x00000000ecb80000)
  from space 5120K, 99% used [0x00000000ecb80000,0x00000000ed07a460,0x00000000ed080000)
  to   space 5120K, 0% used [0x00000000ed080000,0x00000000ed080000,0x00000000ed580000)
 ParOldGen       total 87552K, used 1167K [0x00000000c0000000, 0x00000000c5580000, 0x00000000eab00000)
  object space 87552K, 1% used [0x00000000c0000000,0x00000000c0123cc8,0x00000000c5580000)
 Metaspace       used 6033K, capacity 6872K, committed 7168K, reserved 1056768K
  class space    used 617K, capacity 656K, committed 768K, reserved 1048576K
}

Deoptimization events (10 events):
Event: 7.142 Thread 0x000000001703b800 Uncommon trap: reason=class_check action=maybe_recompile pc=0x00000000031353f0 method=com.android.dx.ssa.NormalSsaInsn.accept(Lcom/android/dx/ssa/SsaInsn$Visitor;)V @ 9
Event: 7.236 Thread 0x000000000140d800 Uncommon trap: reason=unstable_if action=reinterpret pc=0x00000000031d8380 method=com.android.dx.rop.code.RegisterSpec.equals(ILcom/android/dx/rop/type/TypeBearer;Lcom/android/dx/rop/code/LocalItem;)Z @ 42
Event: 7.633 Thread 0x0000000017047000 Uncommon trap: reason=unstable_if action=reinterpret pc=0x00000000031daa4c method=com.android.dx.ssa.SsaRenamer$BlockRenamer.addMapping(ILcom/android/dx/rop/code/RegisterSpec;)V @ 120
Event: 7.636 Thread 0x0000000017047000 Uncommon trap: reason=class_check action=maybe_recompile pc=0x00000000032f9838 method=com.android.dx.ssa.SCCP.setLatticeValueTo(IILcom/android/dx/rop/cst/Constant;)Z @ 43
Event: 7.636 Thread 0x0000000017047000 Uncommon trap: reason=class_check action=maybe_recompile pc=0x00000000032f9838 method=com.android.dx.ssa.SCCP.setLatticeValueTo(IILcom/android/dx/rop/cst/Constant;)Z @ 43
Event: 7.637 Thread 0x0000000017047000 Uncommon trap: reason=bimorphic action=maybe_recompile pc=0x000000000315c96c method=java.util.HashMap.getNode(ILjava/lang/Object;)Ljava/util/HashMap$Node; @ 126
Event: 7.637 Thread 0x0000000017047000 Uncommon trap: reason=class_check action=maybe_recompile pc=0x0000000003226c50 method=java.util.HashMap.putVal(ILjava/lang/Object;Ljava/lang/Object;ZZ)Ljava/lang/Object; @ 203
Event: 7.744 Thread 0x0000000017047000 Uncommon trap: reason=class_check action=maybe_recompile pc=0x00000000032f9838 method=com.android.dx.ssa.SCCP.setLatticeValueTo(IILcom/android/dx/rop/cst/Constant;)Z @ 43
Event: 7.744 Thread 0x0000000017047000 Uncommon trap: reason=class_check action=maybe_recompile pc=0x00000000032f9838 method=com.android.dx.ssa.SCCP.setLatticeValueTo(IILcom/android/dx/rop/cst/Constant;)Z @ 43
Event: 8.271 Thread 0x000000001703b800 Uncommon trap: reason=unstable_if action=reinterpret pc=0x000000000334e234 method=com.android.dx.cf.code.BytecodeArray.parseInstruction(ILcom/android/dx/cf/code/BytecodeArray$Visitor;)I @ 1198

Internal exceptions (3 events):
Event: 0.715 Thread 0x000000000140d800 Exception <a 'java/lang/NoSuchMethodError': Method sun.misc.Unsafe.defineClass(Ljava/lang/String;[BII)Ljava/lang/Class; name or signature does not match> (0x00000000eab07c78) thrown at [C:\re\workspace\8-2-build-windows-amd64-cygwin\jdk8u111\7883\hotspot\
Event: 0.716 Thread 0x000000000140d800 Exception <a 'java/lang/NoSuchMethodError': Method sun.misc.Unsafe.prefetchRead(Ljava/lang/Object;J)V name or signature does not match> (0x00000000eab07f60) thrown at [C:\re\workspace\8-2-build-windows-amd64-cygwin\jdk8u111\7883\hotspot\src\share\vm\prims
Event: 7.096 Thread 0x0000000017033000 Implicit null exception at 0x00000000031d6b62 to 0x00000000031d6c5a

Events (10 events):
Event: 8.904 Thread 0x0000000017036800 Thread exited: 0x0000000017036800
Event: 8.904 Thread 0x0000000017033000 Thread exited: 0x0000000017033000
Event: 8.924 Thread 0x0000000017047000 DEOPT PACKING pc=0x000000000319e121 sp=0x000000001799e970
Event: 8.924 Thread 0x0000000017047000 DEOPT UNPACKING pc=0x0000000002ee787f sp=0x000000001799e6e0 mode 0
Event: 9.106 Thread 0x000000001703b800 Thread exited: 0x000000001703b800
Event: 9.250 Thread 0x0000000017047000 Thread exited: 0x0000000017047000
Event: 9.251 Thread 0x0000000017034000 Thread exited: 0x0000000017034000
Event: 9.252 loading class com/android/dx/command/dexer/Main$DexWriter
Event: 9.252 loading class com/android/dx/command/dexer/Main$DexWriter done
Event: 9.266 Thread 0x0000000017047000 Thread added: 0x0000000017047000


Dynamic libraries:
0x00007ff70c9f0000 - 0x00007ff70ca27000 	C:\Program Files\Java\jdk1.8.0_111\bin\java.exe
0x00007ffa8eb90000 - 0x00007ffa8ed51000 	C:\WINDOWS\SYSTEM32\ntdll.dll
0x00007ffa8e040000 - 0x00007ffa8e0ed000 	C:\WINDOWS\system32\KERNEL32.DLL
0x00007ffa8ba60000 - 0x00007ffa8bc48000 	C:\WINDOWS\system32\KERNELBASE.dll
0x00007ffa8df90000 - 0x00007ffa8e037000 	C:\WINDOWS\system32\ADVAPI32.dll
0x00007ffa8e670000 - 0x00007ffa8e70d000 	C:\WINDOWS\system32\msvcrt.dll
0x00007ffa8db50000 - 0x00007ffa8dbab000 	C:\WINDOWS\system32\sechost.dll
0x00007ffa8c0e0000 - 0x00007ffa8c1fc000 	C:\WINDOWS\system32\RPCRT4.dll
0x00007ffa8c490000 - 0x00007ffa8c5e6000 	C:\WINDOWS\system32\USER32.dll
0x00007ffa8c240000 - 0x00007ffa8c3c6000 	C:\WINDOWS\system32\GDI32.dll
0x00007ffa7e220000 - 0x00007ffa7e494000 	C:\WINDOWS\WinSxS\amd64_microsoft.windows.common-controls_6595b64144ccf1df_6.0.10586.589_none_a2ddb3caa539acce\COMCTL32.dll
0x00007ffa8dbb0000 - 0x00007ffa8de2d000 	C:\WINDOWS\system32\combase.dll
0x00007ffa8b2d0000 - 0x00007ffa8b33a000 	C:\WINDOWS\system32\bcryptPrimitives.dll
0x00007ffa8c200000 - 0x00007ffa8c23b000 	C:\WINDOWS\system32\IMM32.DLL
0x00000000533a0000 - 0x0000000053472000 	C:\Program Files\Java\jdk1.8.0_111\jre\bin\msvcr100.dll
0x0000000052b00000 - 0x000000005339a000 	C:\Program Files\Java\jdk1.8.0_111\jre\bin\server\jvm.dll
0x00007ffa8e820000 - 0x00007ffa8e828000 	C:\WINDOWS\system32\PSAPI.DLL
0x00007ffa7dda0000 - 0x00007ffa7dda9000 	C:\WINDOWS\SYSTEM32\WSOCK32.dll
0x00007ffa8bf90000 - 0x00007ffa8bffb000 	C:\WINDOWS\system32\WS2_32.dll
0x00007ffa898b0000 - 0x00007ffa898d3000 	C:\WINDOWS\SYSTEM32\WINMM.dll
0x00007ffa88380000 - 0x00007ffa8838a000 	C:\WINDOWS\SYSTEM32\VERSION.dll
0x00007ffa89880000 - 0x00007ffa898ac000 	C:\WINDOWS\SYSTEM32\WINMMBASE.dll
0x00007ffa8bf40000 - 0x00007ffa8bf83000 	C:\WINDOWS\system32\cfgmgr32.dll
0x0000000052af0000 - 0x0000000052aff000 	C:\Program Files\Java\jdk1.8.0_111\jre\bin\verify.dll
0x0000000052ac0000 - 0x0000000052ae9000 	C:\Program Files\Java\jdk1.8.0_111\jre\bin\java.dll
0x0000000052aa0000 - 0x0000000052ab6000 	C:\Program Files\Java\jdk1.8.0_111\jre\bin\zip.dll
0x00007ffa8c5f0000 - 0x00007ffa8db4c000 	C:\WINDOWS\system32\SHELL32.dll
0x00007ffa8b340000 - 0x00007ffa8b985000 	C:\WINDOWS\system32\windows.storage.dll
0x00007ffa8eb30000 - 0x00007ffa8eb82000 	C:\WINDOWS\system32\shlwapi.dll
0x00007ffa8b1b0000 - 0x00007ffa8b1bf000 	C:\WINDOWS\system32\kernel.appcore.dll
0x00007ffa8bc50000 - 0x00007ffa8bd05000 	C:\WINDOWS\system32\shcore.dll
0x00007ffa8b1f0000 - 0x00007ffa8b23b000 	C:\WINDOWS\system32\powrprof.dll
0x00007ffa8b1c0000 - 0x00007ffa8b1d4000 	C:\WINDOWS\system32\profapi.dll

VM Arguments:
jvm_args: -Djava.awt.headless=true -Xmx1024M -Dfile.encoding=windows-1252 -Duser.country=CA -Duser.language=en -Duser.variant 
java_command: com.android.dx.command.Main --dex --force-jumbo --num-threads=4 --multi-dex --output C:\Users\Hassen\Documents\Sirine\CPEN321-\proj\cpen321project\PlanMyTrip\app\build\intermediates\transforms\dex\debug\folders\1000\10\instant-run_22ef3fc7dcb22410cfc307a3fa91b4847d5b8815 C:\Users\Hassen\Documents\Sirine\CPEN321-\proj\cpen321project\PlanMyTrip\app\build\intermediates\incremental-runtime-classes\debug\instant-run.jar
java_class_path (initial): C:\Users\Hassen\AppData\Local\Android\sdk\build-tools\24.0.1\lib\dx.jar
Launcher Type: SUN_STANDARD

Environment Variables:
JAVA_HOME=C:\Program Files (x86)\Java\jdk1.7.0_79
PATH=C:\ProgramData\Oracle\Java\javapath;C:\Program Files (x86)\Common Files\NetSarang;C:\Program Files (x86)\Intel\iCLS Client\;C:\Program Files\Intel\iCLS Client\;C:\Windows\system32;C:\Windows;C:\Windows\System32\Wbem;C:\Windows\System32\WindowsPowerShell\v1.0\;C:\Program Files\Intel\WiFi\bin\;C:\Program Files\Common Files\Intel\WirelessCommon\;C:\Program Files\Intel\Intel(R) Management Engine Components\DAL;C:\Program Files\Intel\Intel(R) Management Engine Components\IPT;C:\Program Files (x86)\Intel\Intel(R) Management Engine Components\DAL;C:\Program Files (x86)\Intel\Intel(R) Management Engine Components\IPT;C:\Program Files\Acer\Remote Files\;C:\WINDOWS\system32;C:\WINDOWS;C:\WINDOWS\System32\Wbem;C:\WINDOWS\System32\WindowsPowerShell\v1.0\;C:\Program Files (x86)\Skype\Phone\;C:\Program Files (x86)\QuickTime\QTSystem\;C:\WINDOWS\system32;C:\WINDOWS;C:\WINDOWS\System32\Wbem;C:\WINDOWS\System32\WindowsPowerShell\v1.0\;%QUARTUS_ROOTDIR%\bin;C:\Program Files (x86)\apache-maven-3.3.9\bin;C:\Program Files (x86)\apache-maven-3.3.9\bin
USERNAME=Hassen
OS=Windows_NT
PROCESSOR_IDENTIFIER=Intel64 Family 6 Model 69 Stepping 1, GenuineIntel



---------------  S Y S T E M  ---------------

OS: Windows 10.0 , 64 bit Build 10586 (10.0.10586.589)

CPU:total 4 (2 cores per cpu, 2 threads per core) family 6 model 69 stepping 1, cmov, cx8, fxsr, mmx, sse, sse2, sse3, ssse3, sse4.1, sse4.2, popcnt, avx, avx2, aes, clmul, erms, lzcnt, ht, tsc, tscinvbit, bmi1, bmi2

Memory: 4k page, physical 8281368k(615364k free), swap 12799552k(5212k free)

vm_info: Java HotSpot(TM) 64-Bit Server VM (25.111-b14) for windows-amd64 JRE (1.8.0_111-b14), built on Sep 22 2016 19:24:05 by "java_re" with MS VC++ 10.0 (VS2010)

time: Wed Oct 26 13:01:22 2016
elapsed time: 9 seconds (0d 0h 0m 9s)

