#
# There is insufficient memory for the Java Runtime Environment to continue.
# Native memory allocation (malloc) failed to allocate 32744 bytes for ChunkPool::allocate
# Possible reasons:
#   The system is out of physical RAM or swap space
#   In 32 bit mode, the process size limit was hit
# Possible solutions:
#   Reduce memory load on the system
#   Increase physical memory or swap space
#   Check if swap backing store is full
#   Use 64 bit Java on a 64 bit OS
#   Decrease Java heap size (-Xmx/-Xms)
#   Decrease number of Java threads
#   Decrease Java thread stack sizes (-Xss)
#   Set larger code cache with -XX:ReservedCodeCacheSize=
# This output file may be truncated or incomplete.
#
#  Out of Memory Error (allocation.cpp:273), pid=5816, tid=0x0000000000003674
#
# JRE version: Java(TM) SE Runtime Environment (8.0_111-b14) (build 1.8.0_111-b14)
# Java VM: Java HotSpot(TM) 64-Bit Server VM (25.111-b14 mixed mode windows-amd64 compressed oops)
# Failed to write core dump. Minidumps are not enabled by default on client versions of Windows
#

---------------  T H R E A D  ---------------

Current thread (0x00000000169b0800):  JavaThread "C1 CompilerThread2" daemon [_thread_in_native, id=13940, stack(0x0000000016db0000,0x0000000016eb0000)]

Stack: [0x0000000016db0000,0x0000000016eb0000]
[error occurred during error reporting (printing stack bounds), id 0xc0000005]

Native frames: (J=compiled Java code, j=interpreted, Vv=VM code, C=native code)


Current CompileTask:
C1:    964  324   !   3       com.android.dx.cf.code.BytecodeArray::parseInstruction (2764 bytes)


---------------  P R O C E S S  ---------------

Java Threads: ( => current thread )
  0x0000000016c38000 JavaThread "pool-2-thread-4" [_thread_new, id=9828, stack(0x0000000000000000,0x0000000000000000)]
  0x0000000016c37000 JavaThread "pool-2-thread-3" [_thread_new, id=10352, stack(0x0000000000000000,0x0000000000000000)]
  0x0000000016b54800 JavaThread "pool-2-thread-2" [_thread_new, id=8296, stack(0x0000000000000000,0x0000000000000000)]
  0x0000000016b52000 JavaThread "pool-3-thread-1" [_thread_new, id=1556, stack(0x0000000000000000,0x0000000000000000)]
  0x0000000016b4f000 JavaThread "pool-2-thread-1" [_thread_in_vm, id=13912, stack(0x00000000170b0000,0x00000000171b0000)]
  0x00000000169b5800 JavaThread "Service Thread" daemon [_thread_blocked, id=13248, stack(0x0000000016eb0000,0x0000000016fb0000)]
=>0x00000000169b0800 JavaThread "C1 CompilerThread2" daemon [_thread_in_native, id=13940, stack(0x0000000016db0000,0x0000000016eb0000)]
  0x00000000151ce800 JavaThread "C2 CompilerThread1" daemon [_thread_blocked, id=4148, stack(0x00000000168b0000,0x00000000169b0000)]
  0x000000001517d000 JavaThread "C2 CompilerThread0" daemon [_thread_blocked, id=240, stack(0x00000000167b0000,0x00000000168b0000)]
  0x000000001517b800 JavaThread "Attach Listener" daemon [_thread_blocked, id=5684, stack(0x00000000166b0000,0x00000000167b0000)]
  0x000000001517a000 JavaThread "Signal Dispatcher" daemon [_thread_blocked, id=13444, stack(0x00000000165b0000,0x00000000166b0000)]
  0x000000001516a000 JavaThread "Finalizer" daemon [_thread_blocked, id=12968, stack(0x00000000163d0000,0x00000000164d0000)]
  0x0000000015149000 JavaThread "Reference Handler" daemon [_thread_blocked, id=1968, stack(0x00000000162d0000,0x00000000163d0000)]
  0x000000000100e000 JavaThread "main" [_thread_in_vm, id=13008, stack(0x00000000028b0000,0x00000000029b0000)]

Other Threads:
  0x0000000015147800 VMThread [stack: 0x00000000161d0000,0x00000000162d0000] [id=14016]
  0x00000000169db000 WatcherThread [stack: 0x0000000016fb0000,0x00000000170b0000] [id=11044]

VM state:not at safepoint (normal execution)

VM Mutex/Monitor currently owned by a thread: None

Heap:
 PSYoungGen      total 38400K, used 7327K [0x00000000eab00000, 0x00000000ed580000, 0x0000000100000000)
  eden space 33280K, 22% used [0x00000000eab00000,0x00000000eb227c38,0x00000000ecb80000)
  from space 5120K, 0% used [0x00000000ed080000,0x00000000ed080000,0x00000000ed580000)
  to   space 5120K, 0% used [0x00000000ecb80000,0x00000000ecb80000,0x00000000ed080000)
 ParOldGen       total 87552K, used 0K [0x00000000c0000000, 0x00000000c5580000, 0x00000000eab00000)
  object space 87552K, 0% used [0x00000000c0000000,0x00000000c0000000,0x00000000c5580000)
 Metaspace       used 4862K, capacity 5912K, committed 6016K, reserved 1056768K
  class space    used 539K, capacity 592K, committed 640K, reserved 1048576K

Card table byte_map: [0x0000000011e70000,0x0000000012080000] byte_map_base: 0x0000000011870000

Marking Bits: (ParMarkBitMap*) 0x000000005331a6c0
 Begin Bits: [0x00000000125e0000, 0x00000000135e0000)
 End Bits:   [0x00000000135e0000, 0x00000000145e0000)

Polling page: 0x0000000000fc0000

CodeCache: size=245760Kb used=1843Kb max_used=1854Kb free=243916Kb
 bounds [0x0000000002ab0000, 0x0000000002d20000, 0x0000000011ab0000]
 total_blobs=592 nmethods=326 adapters=179
 compilation: enabled

Compilation events (10 events):
Event: 0.950 Thread 0x00000000169b0800 nmethod 322 0x0000000002c7a050 code [0x0000000002c7a1c0, 0x0000000002c7a3e8]
Event: 0.950 Thread 0x00000000169b0800  323       3       com.android.dx.rop.type.Type::hashCode (8 bytes)
Event: 0.950 Thread 0x00000000169b0800 nmethod 323 0x0000000002c7cbd0 code [0x0000000002c7cd40, 0x0000000002c7cf48]
Event: 0.950 Thread 0x00000000169b0800  324   !   3       com.android.dx.cf.code.BytecodeArray::parseInstruction (2764 bytes)
Event: 0.952 Thread 0x00000000151ce800  328   !   4       com.android.dx.util.FixedSizeList::get0 (47 bytes)
Event: 0.953 Thread 0x00000000151ce800 nmethod 328 0x0000000002c7fcd0 code [0x0000000002c7fe00, 0x0000000002c7feb8]
Event: 0.954 Thread 0x000000001517d000  329       4       java.util.ArrayList::get (11 bytes)
Event: 0.955 Thread 0x000000001517d000 nmethod 329 0x0000000002c7ff90 code [0x0000000002c800c0, 0x0000000002c80178]
Event: 0.957 Thread 0x00000000151ce800  336       4       com.android.dx.cf.code.LineNumberList::get (9 bytes)
Event: 0.958 Thread 0x00000000151ce800 nmethod 336 0x0000000002c80290 code [0x0000000002c803e0, 0x0000000002c804b8]

GC Heap History (0 events):
No events

Deoptimization events (0 events):
No events

Internal exceptions (2 events):
Event: 0.368 Thread 0x000000000100e000 Exception <a 'java/lang/NoSuchMethodError': Method sun.misc.Unsafe.defineClass(Ljava/lang/String;[BII)Ljava/lang/Class; name or signature does not match> (0x00000000eab07c78) thrown at [C:\re\workspace\8-2-build-windows-amd64-cygwin\jdk8u111\7883\hotspot\
Event: 0.368 Thread 0x000000000100e000 Exception <a 'java/lang/NoSuchMethodError': Method sun.misc.Unsafe.prefetchRead(Ljava/lang/Object;J)V name or signature does not match> (0x00000000eab07f60) thrown at [C:\re\workspace\8-2-build-windows-amd64-cygwin\jdk8u111\7883\hotspot\src\share\vm\prims

Events (10 events):
Event: 0.941 loading class com/android/dx/rop/code/BasicBlockList$RegCountVisitor
Event: 0.941 loading class com/android/dx/rop/code/BasicBlockList$RegCountVisitor done
Event: 0.942 loading class com/android/dx/ssa/SsaBasicBlock
Event: 0.942 loading class com/android/dx/ssa/SsaBasicBlock done
Event: 0.943 loading class com/android/dx/ssa/SsaBasicBlock$LabelComparator
Event: 0.943 loading class com/android/dx/ssa/SsaBasicBlock$LabelComparator done
Event: 0.948 loading class java/lang/CloneNotSupportedException
Event: 0.948 loading class java/lang/CloneNotSupportedException done
Event: 0.961 loading class com/android/dx/ssa/LocalVariableExtractor
Event: 0.961 loading class com/android/dx/ssa/LocalVariableExtractor done


Dynamic libraries:
0x00007ff70c9f0000 - 0x00007ff70ca27000 	C:\Program Files\Java\jdk1.8.0_111\bin\java.exe
0x00007ffa8eb90000 - 0x00007ffa8ed51000 	C:\WINDOWS\SYSTEM32\ntdll.dll
0x00007ffa8e040000 - 0x00007ffa8e0ed000 	C:\WINDOWS\system32\KERNEL32.DLL
0x00007ffa8ba60000 - 0x00007ffa8bc48000 	C:\WINDOWS\system32\KERNELBASE.dll
0x00007ffa8df90000 - 0x00007ffa8e037000 	C:\WINDOWS\system32\ADVAPI32.dll
0x00007ffa8e670000 - 0x00007ffa8e70d000 	C:\WINDOWS\system32\msvcrt.dll
0x00007ffa8db50000 - 0x00007ffa8dbab000 	C:\WINDOWS\system32\sechost.dll
0x00007ffa8c0e0000 - 0x00007ffa8c1fc000 	C:\WINDOWS\system32\RPCRT4.dll
0x00007ffa8c490000 - 0x00007ffa8c5e6000 	C:\WINDOWS\system32\USER32.dll
0x00007ffa8c240000 - 0x00007ffa8c3c6000 	C:\WINDOWS\system32\GDI32.dll
0x00007ffa7e220000 - 0x00007ffa7e494000 	C:\WINDOWS\WinSxS\amd64_microsoft.windows.common-controls_6595b64144ccf1df_6.0.10586.589_none_a2ddb3caa539acce\COMCTL32.dll
0x00007ffa8dbb0000 - 0x00007ffa8de2d000 	C:\WINDOWS\system32\combase.dll
0x00007ffa8b2d0000 - 0x00007ffa8b33a000 	C:\WINDOWS\system32\bcryptPrimitives.dll
0x00007ffa8c200000 - 0x00007ffa8c23b000 	C:\WINDOWS\system32\IMM32.DLL
0x00000000533a0000 - 0x0000000053472000 	C:\Program Files\Java\jdk1.8.0_111\jre\bin\msvcr100.dll
0x0000000052b00000 - 0x000000005339a000 	C:\Program Files\Java\jdk1.8.0_111\jre\bin\server\jvm.dll
0x00007ffa8e820000 - 0x00007ffa8e828000 	C:\WINDOWS\system32\PSAPI.DLL
0x00007ffa7dda0000 - 0x00007ffa7dda9000 	C:\WINDOWS\SYSTEM32\WSOCK32.dll
0x00007ffa8bf90000 - 0x00007ffa8bffb000 	C:\WINDOWS\system32\WS2_32.dll
0x00007ffa898b0000 - 0x00007ffa898d3000 	C:\WINDOWS\SYSTEM32\WINMM.dll
0x00007ffa88380000 - 0x00007ffa8838a000 	C:\WINDOWS\SYSTEM32\VERSION.dll
0x00007ffa89880000 - 0x00007ffa898ac000 	C:\WINDOWS\SYSTEM32\WINMMBASE.dll
0x00007ffa8bf40000 - 0x00007ffa8bf83000 	C:\WINDOWS\system32\cfgmgr32.dll
0x0000000052af0000 - 0x0000000052aff000 	C:\Program Files\Java\jdk1.8.0_111\jre\bin\verify.dll
0x0000000052ac0000 - 0x0000000052ae9000 	C:\Program Files\Java\jdk1.8.0_111\jre\bin\java.dll
0x0000000052aa0000 - 0x0000000052ab6000 	C:\Program Files\Java\jdk1.8.0_111\jre\bin\zip.dll
0x00007ffa8c5f0000 - 0x00007ffa8db4c000 	C:\WINDOWS\system32\SHELL32.dll
0x00007ffa8b340000 - 0x00007ffa8b985000 	C:\WINDOWS\system32\windows.storage.dll
0x00007ffa8eb30000 - 0x00007ffa8eb82000 	C:\WINDOWS\system32\shlwapi.dll
0x00007ffa8b1b0000 - 0x00007ffa8b1bf000 	C:\WINDOWS\system32\kernel.appcore.dll
0x00007ffa8bc50000 - 0x00007ffa8bd05000 	C:\WINDOWS\system32\shcore.dll
0x00007ffa8b1f0000 - 0x00007ffa8b23b000 	C:\WINDOWS\system32\powrprof.dll
0x00007ffa8b1c0000 - 0x00007ffa8b1d4000 	C:\WINDOWS\system32\profapi.dll

VM Arguments:
jvm_args: -Djava.awt.headless=true -Xmx1024M -Dfile.encoding=windows-1252 -Duser.country=CA -Duser.language=en -Duser.variant 
java_command: com.android.dx.command.Main --dex --force-jumbo --num-threads=4 --multi-dex --output C:\Users\Hassen\Documents\Sirine\CPEN321-\proj\cpen321project\PlanMyTrip\app\build\intermediates\transforms\dex\debug\folders\1000\10\com.android.support-support-vector-drawable-24.1.0_de5c5dcc6f190f2a10bfab988a70963eabd8b1aa C:\Users\Hassen\Documents\Sirine\CPEN321-\proj\cpen321project\PlanMyTrip\app\build\intermediates\exploded-aar\com.android.support\support-vector-drawable\24.1.0\jars\classes.jar
java_class_path (initial): C:\Users\Hassen\AppData\Local\Android\sdk\build-tools\24.0.1\lib\dx.jar
Launcher Type: SUN_STANDARD

Environment Variables:
JAVA_HOME=C:\Program Files (x86)\Java\jdk1.7.0_79
PATH=C:\ProgramData\Oracle\Java\javapath;C:\Program Files (x86)\Common Files\NetSarang;C:\Program Files (x86)\Intel\iCLS Client\;C:\Program Files\Intel\iCLS Client\;C:\Windows\system32;C:\Windows;C:\Windows\System32\Wbem;C:\Windows\System32\WindowsPowerShell\v1.0\;C:\Program Files\Intel\WiFi\bin\;C:\Program Files\Common Files\Intel\WirelessCommon\;C:\Program Files\Intel\Intel(R) Management Engine Components\DAL;C:\Program Files\Intel\Intel(R) Management Engine Components\IPT;C:\Program Files (x86)\Intel\Intel(R) Management Engine Components\DAL;C:\Program Files (x86)\Intel\Intel(R) Management Engine Components\IPT;C:\Program Files\Acer\Remote Files\;C:\WINDOWS\system32;C:\WINDOWS;C:\WINDOWS\System32\Wbem;C:\WINDOWS\System32\WindowsPowerShell\v1.0\;C:\Program Files (x86)\Skype\Phone\;C:\Program Files (x86)\QuickTime\QTSystem\;C:\WINDOWS\system32;C:\WINDOWS;C:\WINDOWS\System32\Wbem;C:\WINDOWS\System32\WindowsPowerShell\v1.0\;%QUARTUS_ROOTDIR%\bin;C:\Program Files (x86)\apache-maven-3.3.9\bin;C:\Program Files (x86)\apache-maven-3.3.9\bin
USERNAME=Hassen
OS=Windows_NT
PROCESSOR_IDENTIFIER=Intel64 Family 6 Model 69 Stepping 1, GenuineIntel



---------------  S Y S T E M  ---------------

OS: Windows 10.0 , 64 bit Build 10586 (10.0.10586.589)

CPU:total 4 (2 cores per cpu, 2 threads per core) family 6 model 69 stepping 1, cmov, cx8, fxsr, mmx, sse, sse2, sse3, ssse3, sse4.1, sse4.2, popcnt, avx, avx2, aes, clmul, erms, lzcnt, ht, tsc, tscinvbit, bmi1, bmi2

Memory: 4k page, physical 8281368k(587120k free), swap 12807464k(3556k free)

vm_info: Java HotSpot(TM) 64-Bit Server VM (25.111-b14) for windows-amd64 JRE (1.8.0_111-b14), built on Sep 22 2016 19:24:05 by "java_re" with MS VC++ 10.0 (VS2010)

time: Wed Oct 26 12:59:41 2016
elapsed time: 0 seconds (0d 0h 0m 0s)

