#
# There is insufficient memory for the Java Runtime Environment to continue.
# Native memory allocation (malloc) failed to allocate 66576 bytes for Chunk::new
# Possible reasons:
#   The system is out of physical RAM or swap space
#   In 32 bit mode, the process size limit was hit
# Possible solutions:
#   Reduce memory load on the system
#   Increase physical memory or swap space
#   Check if swap backing store is full
#   Use 64 bit Java on a 64 bit OS
#   Decrease Java heap size (-Xmx/-Xms)
#   Decrease number of Java threads
#   Decrease Java thread stack sizes (-Xss)
#   Set larger code cache with -XX:ReservedCodeCacheSize=
# This output file may be truncated or incomplete.
#
#  Out of Memory Error (allocation.cpp:390), pid=13716, tid=0x00000000000010a0
#
# JRE version: Java(TM) SE Runtime Environment (8.0_111-b14) (build 1.8.0_111-b14)
# Java VM: Java HotSpot(TM) 64-Bit Server VM (25.111-b14 mixed mode windows-amd64 compressed oops)
# Failed to write core dump. Minidumps are not enabled by default on client versions of Windows
#

---------------  T H R E A D  ---------------

Current thread (0x000000001509d000):  JavaThread "C2 CompilerThread0" daemon [_thread_in_native, id=4256, stack(0x00000000166e0000,0x00000000167e0000)]

Stack: [0x00000000166e0000,0x00000000167e0000]
[error occurred during error reporting (printing stack bounds), id 0xc0000005]

Native frames: (J=compiled Java code, j=interpreted, Vv=VM code, C=native code)


Current CompileTask:
C2:   3981 1190       4       com.android.dx.ssa.SCCP::simulateStmt (481 bytes)


---------------  P R O C E S S  ---------------

Java Threads: ( => current thread )
  0x0000000016c60000 JavaThread "pool-2-thread-4" [_thread_in_Java, id=8572, stack(0x00000000173e0000,0x00000000174e0000)]
  0x0000000016c54000 JavaThread "pool-2-thread-3" [_thread_in_Java, id=10804, stack(0x00000000172e0000,0x00000000173e0000)]
  0x0000000016c52800 JavaThread "pool-2-thread-2" [_thread_in_Java, id=13516, stack(0x00000000171e0000,0x00000000172e0000)]
  0x0000000016c48000 JavaThread "pool-3-thread-1" [_thread_blocked, id=15376, stack(0x00000000170e0000,0x00000000171e0000)]
  0x0000000016c47800 JavaThread "pool-2-thread-1" [_thread_in_Java, id=16168, stack(0x0000000016fe0000,0x00000000170e0000)]
  0x00000000169e2800 JavaThread "Service Thread" daemon [_thread_blocked, id=8252, stack(0x0000000016de0000,0x0000000016ee0000)]
  0x00000000150fb000 JavaThread "C1 CompilerThread2" daemon [_thread_blocked, id=12556, stack(0x00000000168e0000,0x00000000169e0000)]
  0x00000000150f6800 JavaThread "C2 CompilerThread1" daemon [_thread_in_native, id=8476, stack(0x00000000167e0000,0x00000000168e0000)]
=>0x000000001509d000 JavaThread "C2 CompilerThread0" daemon [_thread_in_native, id=4256, stack(0x00000000166e0000,0x00000000167e0000)]
  0x000000001509b000 JavaThread "Attach Listener" daemon [_thread_blocked, id=11496, stack(0x00000000165e0000,0x00000000166e0000)]
  0x000000001509a000 JavaThread "Signal Dispatcher" daemon [_thread_blocked, id=14712, stack(0x00000000164e0000,0x00000000165e0000)]
  0x000000001508a000 JavaThread "Finalizer" daemon [_thread_blocked, id=15592, stack(0x0000000016300000,0x0000000016400000)]
  0x0000000015069000 JavaThread "Reference Handler" daemon [_thread_blocked, id=16064, stack(0x0000000016200000,0x0000000016300000)]
  0x0000000000f0d800 JavaThread "main" [_thread_in_Java, id=2788, stack(0x0000000002700000,0x0000000002800000)]

Other Threads:
  0x0000000015067800 VMThread [stack: 0x0000000016100000,0x0000000016200000] [id=15840]
  0x00000000169ea800 WatcherThread [stack: 0x0000000016ee0000,0x0000000016fe0000] [id=12448]

VM state:not at safepoint (normal execution)

VM Mutex/Monitor currently owned by a thread: None

Heap:
 PSYoungGen      total 38400K, used 32627K [0x00000000eab00000, 0x00000000ed580000, 0x0000000100000000)
  eden space 33280K, 98% used [0x00000000eab00000,0x00000000ecadcd90,0x00000000ecb80000)
  from space 5120K, 0% used [0x00000000ed080000,0x00000000ed080000,0x00000000ed580000)
  to   space 5120K, 0% used [0x00000000ecb80000,0x00000000ecb80000,0x00000000ed080000)
 ParOldGen       total 87552K, used 0K [0x00000000c0000000, 0x00000000c5580000, 0x00000000eab00000)
  object space 87552K, 0% used [0x00000000c0000000,0x00000000c0000000,0x00000000c5580000)
 Metaspace       used 6158K, capacity 6936K, committed 7168K, reserved 1056768K
  class space    used 624K, capacity 656K, committed 768K, reserved 1048576K

Card table byte_map: [0x0000000011d90000,0x0000000011fa0000] byte_map_base: 0x0000000011790000

Marking Bits: (ParMarkBitMap*) 0x0000000055cda6c0
 Begin Bits: [0x0000000012500000, 0x0000000013500000)
 End Bits:   [0x0000000013500000, 0x0000000014500000)

Polling page: 0x0000000000b10000

CodeCache: size=245760Kb used=4974Kb max_used=4974Kb free=240785Kb
 bounds [0x00000000029d0000, 0x0000000002eb0000, 0x00000000119d0000]
 total_blobs=1485 nmethods=1213 adapters=185
 compilation: enabled

Compilation events (10 events):
Event: 3.959 Thread 0x00000000150fb000 1214       1       com.android.dx.ssa.back.FirstFitLocalCombiningAllocator$Multiset::getSize (5 bytes)
Event: 3.959 Thread 0x00000000150fb000 nmethod 1214 0x0000000002ea6d10 code [0x0000000002ea6e60, 0x0000000002ea6f70]
Event: 3.959 Thread 0x00000000150fb000 1218       1       com.android.dx.cf.attrib.InnerClassList$Item::getInnerClass (5 bytes)
Event: 3.959 Thread 0x00000000150fb000 nmethod 1218 0x0000000002ea6fd0 code [0x0000000002ea7120, 0x0000000002ea7230]
Event: 3.960 Thread 0x00000000150fb000 1217       1       com.android.dx.rop.code.LocalItem::getName (5 bytes)
Event: 3.960 Thread 0x00000000150fb000 nmethod 1217 0x0000000002ea7290 code [0x0000000002ea73e0, 0x0000000002ea74f0]
Event: 3.961 Thread 0x00000000150fb000 1219       3       com.android.dx.ssa.back.SsaToRop::removePhiFunctions (83 bytes)
Event: 3.963 Thread 0x00000000150fb000 nmethod 1219 0x0000000002ea7550 code [0x0000000002ea7820, 0x0000000002ea8ba8]
Event: 3.974 Thread 0x00000000150fb000 1220       3       com.android.dx.ssa.DomFront::run (264 bytes)
Event: 3.978 Thread 0x00000000150fb000 nmethod 1220 0x0000000002ea9690 code [0x0000000002ea9c00, 0x0000000002ead268]

GC Heap History (0 events):
No events

Deoptimization events (9 events):
Event: 2.617 Thread 0x0000000000f0d800 Uncommon trap: reason=unstable_if action=reinterpret pc=0x0000000002c13830 method=java.util.BitSet.nextSetBit(I)I @ 87
Event: 2.993 Thread 0x0000000016c52800 Uncommon trap: reason=unstable_if action=reinterpret pc=0x0000000002c0b524 method=java.util.HashMap.getNode(ILjava/lang/Object;)Ljava/util/HashMap$Node; @ 129
Event: 2.993 Thread 0x0000000016c52800 Uncommon trap: reason=unstable_if action=reinterpret pc=0x0000000002d68ca0 method=java.util.HashMap.putVal(ILjava/lang/Object;Ljava/lang/Object;ZZ)Ljava/lang/Object; @ 193
Event: 3.151 Thread 0x0000000016c54000 Uncommon trap: reason=unstable_if action=reinterpret pc=0x0000000002c168f4 method=java.util.BitSet.ensureCapacity(I)V @ 6
Event: 3.442 Thread 0x0000000000f0d800 Uncommon trap: reason=unstable_if action=reinterpret pc=0x0000000002dad3c8 method=com.android.dx.rop.code.RegisterSpec.equals(ILcom/android/dx/rop/type/TypeBearer;Lcom/android/dx/rop/code/LocalItem;)Z @ 16
Event: 3.442 Thread 0x0000000000f0d800 Uncommon trap: reason=unstable_if action=reinterpret pc=0x0000000002d74cf0 method=com.android.dx.rop.code.RegisterSpec.equals(ILcom/android/dx/rop/type/TypeBearer;Lcom/android/dx/rop/code/LocalItem;)Z @ 16
Event: 3.445 Thread 0x0000000000f0d800 Uncommon trap: reason=unstable_if action=reinterpret pc=0x0000000002dc1df0 method=com.android.dx.rop.code.RegisterSpec.equals(ILcom/android/dx/rop/type/TypeBearer;Lcom/android/dx/rop/code/LocalItem;)Z @ 16
Event: 3.557 Thread 0x0000000000f0d800 Uncommon trap: reason=null_check action=make_not_entrant pc=0x0000000002cb0298 method=com.android.dx.ssa.SsaRenamer.getLocalForNewReg(I)Lcom/android/dx/rop/code/LocalItem; @ 19
Event: 3.906 Thread 0x0000000016c60000 Uncommon trap: reason=null_check action=make_not_entrant pc=0x0000000002e6a8e8 method=com.android.dx.rop.type.Type.equals(Ljava/lang/Object;)Z @ 8

Internal exceptions (4 events):
Event: 0.202 Thread 0x0000000000f0d800 Exception <a 'java/lang/NoSuchMethodError': Method sun.misc.Unsafe.defineClass(Ljava/lang/String;[BII)Ljava/lang/Class; name or signature does not match> (0x00000000eab07c78) thrown at [C:\re\workspace\8-2-build-windows-amd64-cygwin\jdk8u111\7883\hotspot\
Event: 0.202 Thread 0x0000000000f0d800 Exception <a 'java/lang/NoSuchMethodError': Method sun.misc.Unsafe.prefetchRead(Ljava/lang/Object;J)V name or signature does not match> (0x00000000eab07f60) thrown at [C:\re\workspace\8-2-build-windows-amd64-cygwin\jdk8u111\7883\hotspot\src\share\vm\prims
Event: 3.550 Thread 0x0000000000f0d800 Implicit null exception at 0x0000000002cae86e to 0x0000000002cb0251
Event: 3.906 Thread 0x0000000016c60000 Implicit null exception at 0x0000000002e6a7e2 to 0x0000000002e6a8da

Events (10 events):
Event: 3.442 Thread 0x0000000000f0d800 DEOPT UNPACKING pc=0x0000000002a1582a sp=0x00000000027fd9e8 mode 2
Event: 3.445 Thread 0x0000000000f0d800 Uncommon trap: trap_request=0xffffff65 fr.pc=0x0000000002dc1df0
Event: 3.445 Thread 0x0000000000f0d800 DEOPT PACKING pc=0x0000000002dc1df0 sp=0x00000000027fe640
Event: 3.445 Thread 0x0000000000f0d800 DEOPT UNPACKING pc=0x0000000002a1582a sp=0x00000000027fe480 mode 2
Event: 3.552 Thread 0x0000000000f0d800 Uncommon trap: trap_request=0xfffffff4 fr.pc=0x0000000002cb0298
Event: 3.557 Thread 0x0000000000f0d800 DEOPT PACKING pc=0x0000000002cb0298 sp=0x00000000027fe520
Event: 3.557 Thread 0x0000000000f0d800 DEOPT UNPACKING pc=0x0000000002a1582a sp=0x00000000027fe378 mode 2
Event: 3.906 Thread 0x0000000016c60000 Uncommon trap: trap_request=0xfffffff4 fr.pc=0x0000000002e6a8e8
Event: 3.906 Thread 0x0000000016c60000 DEOPT PACKING pc=0x0000000002e6a8e8 sp=0x00000000174de8f0
Event: 3.906 Thread 0x0000000016c60000 DEOPT UNPACKING pc=0x0000000002a1582a sp=0x00000000174de878 mode 2


Dynamic libraries:
0x00007ff74dd00000 - 0x00007ff74dd37000 	C:\Program Files\Java\jdk1.8.0_111\bin\java.exe
0x00007ffdfe0b0000 - 0x00007ffdfe271000 	C:\WINDOWS\SYSTEM32\ntdll.dll
0x00007ffdfb900000 - 0x00007ffdfb9ad000 	C:\WINDOWS\system32\KERNEL32.DLL
0x00007ffdfa780000 - 0x00007ffdfa968000 	C:\WINDOWS\system32\KERNELBASE.dll
0x00007ffdfe000000 - 0x00007ffdfe0a7000 	C:\WINDOWS\system32\ADVAPI32.dll
0x00007ffdfc820000 - 0x00007ffdfc8bd000 	C:\WINDOWS\system32\msvcrt.dll
0x00007ffdfc1b0000 - 0x00007ffdfc20b000 	C:\WINDOWS\system32\sechost.dll
0x00007ffdfdee0000 - 0x00007ffdfdffc000 	C:\WINDOWS\system32\RPCRT4.dll
0x00007ffdfbd70000 - 0x00007ffdfbec6000 	C:\WINDOWS\system32\USER32.dll
0x00007ffdfbb70000 - 0x00007ffdfbcf6000 	C:\WINDOWS\system32\GDI32.dll
0x00007ffdee630000 - 0x00007ffdee8a4000 	C:\WINDOWS\WinSxS\amd64_microsoft.windows.common-controls_6595b64144ccf1df_6.0.10586.589_none_a2ddb3caa539acce\COMCTL32.dll
0x00007ffdfbf30000 - 0x00007ffdfc1ad000 	C:\WINDOWS\system32\combase.dll
0x00007ffdfb2b0000 - 0x00007ffdfb31a000 	C:\WINDOWS\system32\bcryptPrimitives.dll
0x00007ffdfc8c0000 - 0x00007ffdfc8fb000 	C:\WINDOWS\system32\IMM32.DLL
0x0000000055d60000 - 0x0000000055e32000 	C:\Program Files\Java\jdk1.8.0_111\jre\bin\msvcr100.dll
0x00000000554c0000 - 0x0000000055d5a000 	C:\Program Files\Java\jdk1.8.0_111\jre\bin\server\jvm.dll
0x00007ffdfc640000 - 0x00007ffdfc648000 	C:\WINDOWS\system32\PSAPI.DLL
0x00007ffdedbe0000 - 0x00007ffdedbe9000 	C:\WINDOWS\SYSTEM32\WSOCK32.dll
0x00007ffdfbd00000 - 0x00007ffdfbd6b000 	C:\WINDOWS\system32\WS2_32.dll
0x00007ffdf8e00000 - 0x00007ffdf8e23000 	C:\WINDOWS\SYSTEM32\WINMM.dll
0x00007ffdf1d00000 - 0x00007ffdf1d0a000 	C:\WINDOWS\SYSTEM32\VERSION.dll
0x00007ffdf8da0000 - 0x00007ffdf8dcc000 	C:\WINDOWS\SYSTEM32\WINMMBASE.dll
0x00007ffdfb460000 - 0x00007ffdfb4a3000 	C:\WINDOWS\system32\cfgmgr32.dll
0x0000000056a90000 - 0x0000000056a9f000 	C:\Program Files\Java\jdk1.8.0_111\jre\bin\verify.dll
0x0000000056a60000 - 0x0000000056a89000 	C:\Program Files\Java\jdk1.8.0_111\jre\bin\java.dll
0x00000000554a0000 - 0x00000000554b6000 	C:\Program Files\Java\jdk1.8.0_111\jre\bin\zip.dll
0x00007ffdfc900000 - 0x00007ffdfde5c000 	C:\WINDOWS\system32\SHELL32.dll
0x00007ffdfa970000 - 0x00007ffdfafb5000 	C:\WINDOWS\system32\windows.storage.dll
0x00007ffdfb7c0000 - 0x00007ffdfb812000 	C:\WINDOWS\system32\shlwapi.dll
0x00007ffdfa730000 - 0x00007ffdfa73f000 	C:\WINDOWS\system32\kernel.appcore.dll
0x00007ffdfb020000 - 0x00007ffdfb0d5000 	C:\WINDOWS\system32\shcore.dll
0x00007ffdfa6d0000 - 0x00007ffdfa71b000 	C:\WINDOWS\system32\powrprof.dll
0x00007ffdfa740000 - 0x00007ffdfa754000 	C:\WINDOWS\system32\profapi.dll

VM Arguments:
jvm_args: -Djava.awt.headless=true -Xmx1024M -Dfile.encoding=windows-1252 -Duser.country=CA -Duser.language=en -Duser.variant 
java_command: com.android.dx.command.Main --dex --force-jumbo --num-threads=4 --multi-dex --output C:\Users\Hassen\Documents\Sirine\CPEN321-\proj\cpen321project\PlanMyTrip\app\build\intermediates\transforms\dex\debug\folders\1000\10\com.android.support-design-24.1.0_fc48fca70750a241c9239fad820af742543e7750 C:\Users\Hassen\Documents\Sirine\CPEN321-\proj\cpen321project\PlanMyTrip\app\build\intermediates\exploded-aar\com.android.support\design\24.1.0\jars\classes.jar
java_class_path (initial): C:\Users\Hassen\AppData\Local\Android\sdk\build-tools\24.0.1\lib\dx.jar
Launcher Type: SUN_STANDARD

Environment Variables:
JAVA_HOME=C:\Program Files (x86)\Java\jdk1.7.0_79
PATH=C:\ProgramData\Oracle\Java\javapath;C:\Program Files (x86)\Common Files\NetSarang;C:\Program Files (x86)\Intel\iCLS Client\;C:\Program Files\Intel\iCLS Client\;C:\Windows\system32;C:\Windows;C:\Windows\System32\Wbem;C:\Windows\System32\WindowsPowerShell\v1.0\;C:\Program Files\Intel\WiFi\bin\;C:\Program Files\Common Files\Intel\WirelessCommon\;C:\Program Files\Intel\Intel(R) Management Engine Components\DAL;C:\Program Files\Intel\Intel(R) Management Engine Components\IPT;C:\Program Files (x86)\Intel\Intel(R) Management Engine Components\DAL;C:\Program Files (x86)\Intel\Intel(R) Management Engine Components\IPT;C:\Program Files\Acer\Remote Files\;C:\WINDOWS\system32;C:\WINDOWS;C:\WINDOWS\System32\Wbem;C:\WINDOWS\System32\WindowsPowerShell\v1.0\;C:\Program Files (x86)\Skype\Phone\;C:\Program Files (x86)\QuickTime\QTSystem\;C:\WINDOWS\system32;C:\WINDOWS;C:\WINDOWS\System32\Wbem;C:\WINDOWS\System32\WindowsPowerShell\v1.0\;%QUARTUS_ROOTDIR%\bin;C:\Program Files (x86)\apache-maven-3.3.9\bin;C:\Program Files (x86)\apache-maven-3.3.9\bin
USERNAME=Hassen
OS=Windows_NT
PROCESSOR_IDENTIFIER=Intel64 Family 6 Model 69 Stepping 1, GenuineIntel



---------------  S Y S T E M  ---------------

OS: Windows 10.0 , 64 bit Build 10586 (10.0.10586.589)

CPU:total 4 (2 cores per cpu, 2 threads per core) family 6 model 69 stepping 1, cmov, cx8, fxsr, mmx, sse, sse2, sse3, ssse3, sse4.1, sse4.2, popcnt, avx, avx2, aes, clmul, erms, lzcnt, ht, tsc, tscinvbit, bmi1, bmi2

Memory: 4k page, physical 8281368k(643128k free), swap 12482632k(5216k free)

vm_info: Java HotSpot(TM) 64-Bit Server VM (25.111-b14) for windows-amd64 JRE (1.8.0_111-b14), built on Sep 22 2016 19:24:05 by "java_re" with MS VC++ 10.0 (VS2010)

time: Wed Nov 02 17:06:59 2016
elapsed time: 3 seconds (0d 0h 0m 3s)

