#
# There is insufficient memory for the Java Runtime Environment to continue.
# Native memory allocation (malloc) failed to allocate 436256 bytes for Chunk::new
# Possible reasons:
#   The system is out of physical RAM or swap space
#   In 32 bit mode, the process size limit was hit
# Possible solutions:
#   Reduce memory load on the system
#   Increase physical memory or swap space
#   Check if swap backing store is full
#   Use 64 bit Java on a 64 bit OS
#   Decrease Java heap size (-Xmx/-Xms)
#   Decrease number of Java threads
#   Decrease Java thread stack sizes (-Xss)
#   Set larger code cache with -XX:ReservedCodeCacheSize=
# This output file may be truncated or incomplete.
#
#  Out of Memory Error (allocation.cpp:390), pid=6932, tid=0x00000000000033b4
#
# JRE version: Java(TM) SE Runtime Environment (8.0_111-b14) (build 1.8.0_111-b14)
# Java VM: Java HotSpot(TM) 64-Bit Server VM (25.111-b14 mixed mode windows-amd64 compressed oops)
# Failed to write core dump. Minidumps are not enabled by default on client versions of Windows
#

---------------  T H R E A D  ---------------

Current thread (0x0000000014aa1800):  JavaThread "C2 CompilerThread1" daemon [_thread_in_native, id=13236, stack(0x0000000016190000,0x0000000016290000)]

Stack: [0x0000000016190000,0x0000000016290000]
[error occurred during error reporting (printing stack bounds), id 0xc0000005]

Native frames: (J=compiled Java code, j=interpreted, Vv=VM code, C=native code)


Current CompileTask:
C2:   4932 1312       4       com.android.dx.ssa.SCCP::simulateBranch (666 bytes)


---------------  P R O C E S S  ---------------

Java Threads: ( => current thread )
  0x0000000016508000 JavaThread "pool-2-thread-4" [_thread_in_Java, id=12692, stack(0x0000000016d90000,0x0000000016e90000)]
  0x0000000016506800 JavaThread "pool-2-thread-3" [_thread_in_vm, id=11032, stack(0x0000000016c90000,0x0000000016d90000)]
  0x0000000016505000 JavaThread "pool-2-thread-2" [_thread_in_Java, id=8824, stack(0x0000000016b90000,0x0000000016c90000)]
  0x00000000164fa800 JavaThread "pool-3-thread-1" [_thread_blocked, id=1208, stack(0x0000000016a90000,0x0000000016b90000)]
  0x00000000164fa000 JavaThread "pool-2-thread-1" [_thread_blocked, id=3336, stack(0x0000000016990000,0x0000000016a90000)]
  0x0000000014aab800 JavaThread "Service Thread" daemon [_thread_blocked, id=6940, stack(0x0000000016790000,0x0000000016890000)]
  0x0000000016298800 JavaThread "C1 CompilerThread2" daemon [_thread_blocked, id=12068, stack(0x0000000016690000,0x0000000016790000)]
=>0x0000000014aa1800 JavaThread "C2 CompilerThread1" daemon [_thread_in_native, id=13236, stack(0x0000000016190000,0x0000000016290000)]
  0x0000000014a4d000 JavaThread "C2 CompilerThread0" daemon [_thread_in_native, id=7912, stack(0x0000000016090000,0x0000000016190000)]
  0x0000000014a4b000 JavaThread "Attach Listener" daemon [_thread_blocked, id=9612, stack(0x0000000015f90000,0x0000000016090000)]
  0x0000000014a4a000 JavaThread "Signal Dispatcher" daemon [_thread_blocked, id=4660, stack(0x0000000015e90000,0x0000000015f90000)]
  0x0000000014a3a000 JavaThread "Finalizer" daemon [_thread_blocked, id=4020, stack(0x0000000015cb0000,0x0000000015db0000)]
  0x0000000014a19000 JavaThread "Reference Handler" daemon [_thread_blocked, id=9972, stack(0x0000000015bb0000,0x0000000015cb0000)]
  0x000000000083d800 JavaThread "main" [_thread_blocked, id=3700, stack(0x0000000002080000,0x0000000002180000)]

Other Threads:
  0x0000000014a17800 VMThread [stack: 0x0000000015ab0000,0x0000000015bb0000] [id=6924]
  0x00000000162aa000 WatcherThread [stack: 0x0000000016890000,0x0000000016990000] [id=12072]

VM state:not at safepoint (normal execution)

VM Mutex/Monitor currently owned by a thread: None

Heap:
 PSYoungGen      total 38400K, used 31981K [0x00000000eab00000, 0x00000000ed580000, 0x0000000100000000)
  eden space 33280K, 98% used [0x00000000eab00000,0x00000000ecae1d68,0x00000000ecb80000)
  from space 5120K, 0% used [0x00000000ed080000,0x00000000ed080000,0x00000000ed580000)
  to   space 5120K, 0% used [0x00000000ecb80000,0x00000000ecb80000,0x00000000ed080000)
 ParOldGen       total 87552K, used 0K [0x00000000c0000000, 0x00000000c5580000, 0x00000000eab00000)
  object space 87552K, 0% used [0x00000000c0000000,0x00000000c0000000,0x00000000c5580000)
 Metaspace       used 6174K, capacity 7000K, committed 7168K, reserved 1056768K
  class space    used 620K, capacity 656K, committed 768K, reserved 1048576K

Card table byte_map: [0x0000000011740000,0x0000000011950000] byte_map_base: 0x0000000011140000

Marking Bits: (ParMarkBitMap*) 0x000000005b1fa6c0
 Begin Bits: [0x0000000011eb0000, 0x0000000012eb0000)
 End Bits:   [0x0000000012eb0000, 0x0000000013eb0000)

Polling page: 0x00000000008a0000

CodeCache: size=245760Kb used=5446Kb max_used=5446Kb free=240313Kb
 bounds [0x0000000002380000, 0x00000000028e0000, 0x0000000011380000]
 total_blobs=1586 nmethods=1317 adapters=182
 compilation: enabled

Compilation events (10 events):
Event: 4.919 Thread 0x0000000016298800 1338       3       com.android.dx.rop.cst.CstString::<init> (42 bytes)
Event: 4.920 Thread 0x0000000016298800 nmethod 1338 0x00000000028ce750 code [0x00000000028ce920, 0x00000000028ceeb8]
Event: 4.920 Thread 0x0000000016298800 1339       3       com.android.dx.cf.code.LocalVariableList::concat (97 bytes)
Event: 4.922 Thread 0x0000000016298800 nmethod 1339 0x00000000028cf150 code [0x00000000028cf480, 0x00000000028d11c8]
Event: 4.923 Thread 0x0000000016298800 1340       3       java.lang.Character::forDigit (42 bytes)
Event: 4.923 Thread 0x0000000016298800 nmethod 1340 0x00000000028d26d0 code [0x00000000028d2840, 0x00000000028d2af0]
Event: 4.923 Thread 0x0000000016298800 1341   !   3       com.android.dx.cf.code.Ropper::doit (126 bytes)
Event: 4.925 Thread 0x0000000016298800 nmethod 1341 0x00000000028d2b50 code [0x00000000028d2e40, 0x00000000028d4298]
Event: 4.928 Thread 0x0000000016298800 1342       3       com.android.dx.rop.cst.TypedConstant::getFrameType (2 bytes)
Event: 4.929 Thread 0x0000000016298800 nmethod 1342 0x00000000028b2590 code [0x00000000028b26e0, 0x00000000028b2830]

GC Heap History (0 events):
No events

Deoptimization events (10 events):
Event: 4.698 Thread 0x00000000164fa000 Uncommon trap: reason=bimorphic action=maybe_recompile pc=0x00000000025991e0 method=java.util.HashMap.getNode(ILjava/lang/Object;)Ljava/util/HashMap$Node; @ 126
Event: 4.698 Thread 0x00000000164fa000 Uncommon trap: reason=class_check action=maybe_recompile pc=0x00000000027cce84 method=java.util.HashMap.putVal(ILjava/lang/Object;Ljava/lang/Object;ZZ)Ljava/lang/Object; @ 203
Event: 4.698 Thread 0x00000000164fa000 Uncommon trap: reason=bimorphic action=maybe_recompile pc=0x00000000027ccec4 method=java.util.HashMap.putVal(ILjava/lang/Object;Ljava/lang/Object;ZZ)Ljava/lang/Object; @ 91
Event: 4.698 Thread 0x00000000164fa000 Uncommon trap: reason=bimorphic action=maybe_recompile pc=0x00000000027ccec4 method=java.util.HashMap.putVal(ILjava/lang/Object;Ljava/lang/Object;ZZ)Ljava/lang/Object; @ 91
Event: 4.698 Thread 0x00000000164fa000 Uncommon trap: reason=bimorphic action=maybe_recompile pc=0x00000000025991e0 method=java.util.HashMap.getNode(ILjava/lang/Object;)Ljava/util/HashMap$Node; @ 126
Event: 4.698 Thread 0x00000000164fa000 Uncommon trap: reason=class_check action=maybe_recompile pc=0x00000000027cce84 method=java.util.HashMap.putVal(ILjava/lang/Object;Ljava/lang/Object;ZZ)Ljava/lang/Object; @ 203
Event: 4.698 Thread 0x00000000164fa000 Uncommon trap: reason=bimorphic action=maybe_recompile pc=0x00000000025991e0 method=java.util.HashMap.getNode(ILjava/lang/Object;)Ljava/util/HashMap$Node; @ 126
Event: 4.698 Thread 0x00000000164fa000 Uncommon trap: reason=class_check action=maybe_recompile pc=0x00000000027cce84 method=java.util.HashMap.putVal(ILjava/lang/Object;Ljava/lang/Object;ZZ)Ljava/lang/Object; @ 203
Event: 4.698 Thread 0x00000000164fa000 Uncommon trap: reason=bimorphic action=maybe_recompile pc=0x00000000025f2718 method=java.util.HashMap.getNode(ILjava/lang/Object;)Ljava/util/HashMap$Node; @ 126
Event: 4.698 Thread 0x00000000164fa000 Uncommon trap: reason=bimorphic action=maybe_recompile pc=0x0000000002895b9c method=java.util.HashMap.putVal(ILjava/lang/Object;Ljava/lang/Object;ZZ)Ljava/lang/Object; @ 91

Internal exceptions (4 events):
Event: 0.835 Thread 0x000000000083d800 Exception <a 'java/lang/NoSuchMethodError': Method sun.misc.Unsafe.defineClass(Ljava/lang/String;[BII)Ljava/lang/Class; name or signature does not match> (0x00000000eab07c78) thrown at [C:\re\workspace\8-2-build-windows-amd64-cygwin\jdk8u111\7883\hotspot\
Event: 0.836 Thread 0x000000000083d800 Exception <a 'java/lang/NoSuchMethodError': Method sun.misc.Unsafe.prefetchRead(Ljava/lang/Object;J)V name or signature does not match> (0x00000000eab07f60) thrown at [C:\re\workspace\8-2-build-windows-amd64-cygwin\jdk8u111\7883\hotspot\src\share\vm\prims
Event: 3.489 Thread 0x000000000083d800 Implicit null exception at 0x0000000002645c6e to 0x00000000026472d5
Event: 3.808 Thread 0x0000000016508000 Implicit null exception at 0x0000000002689e62 to 0x0000000002689f5a

Events (10 events):
Event: 4.698 Thread 0x00000000164fa000 DEOPT PACKING pc=0x00000000027cce84 sp=0x0000000016a8e810
Event: 4.698 Thread 0x00000000164fa000 DEOPT UNPACKING pc=0x00000000023c582a sp=0x0000000016a8e798 mode 2
Event: 4.698 Thread 0x00000000164fa000 Uncommon trap: trap_request=0xffffffc6 fr.pc=0x00000000025f2718
Event: 4.698 Thread 0x00000000164fa000 DEOPT PACKING pc=0x00000000025f2718 sp=0x0000000016a8e540
Event: 4.698 Thread 0x00000000164fa000 DEOPT UNPACKING pc=0x00000000023c582a sp=0x0000000016a8e468 mode 2
Event: 4.698 Thread 0x00000000164fa000 Uncommon trap: trap_request=0xffffffc6 fr.pc=0x0000000002895b9c
Event: 4.698 Thread 0x00000000164fa000 DEOPT PACKING pc=0x0000000002895b9c sp=0x0000000016a8e970
Event: 4.698 Thread 0x00000000164fa000 DEOPT UNPACKING pc=0x00000000023c582a sp=0x0000000016a8e898 mode 2
Event: 4.703 Executing VM operation: ForceSafepoint
Event: 4.754 Executing VM operation: ForceSafepoint done


Dynamic libraries:
0x00007ff7f96b0000 - 0x00007ff7f96e7000 	C:\Program Files\Java\jdk1.8.0_111\bin\java.exe
0x00007ff931390000 - 0x00007ff931551000 	C:\WINDOWS\SYSTEM32\ntdll.dll
0x00007ff9312c0000 - 0x00007ff93136d000 	C:\WINDOWS\system32\KERNEL32.DLL
0x00007ff92de30000 - 0x00007ff92e018000 	C:\WINDOWS\system32\KERNELBASE.dll
0x00007ff92e790000 - 0x00007ff92e837000 	C:\WINDOWS\system32\ADVAPI32.dll
0x00007ff930bd0000 - 0x00007ff930c6d000 	C:\WINDOWS\system32\msvcrt.dll
0x00007ff931260000 - 0x00007ff9312bb000 	C:\WINDOWS\system32\sechost.dll
0x00007ff931130000 - 0x00007ff93124c000 	C:\WINDOWS\system32\RPCRT4.dll
0x00007ff930ef0000 - 0x00007ff931046000 	C:\WINDOWS\system32\USER32.dll
0x00007ff92f050000 - 0x00007ff92f1d6000 	C:\WINDOWS\system32\GDI32.dll
0x00007ff920d20000 - 0x00007ff920f94000 	C:\WINDOWS\WinSxS\amd64_microsoft.windows.common-controls_6595b64144ccf1df_6.0.10586.589_none_a2ddb3caa539acce\COMCTL32.dll
0x00007ff930c70000 - 0x00007ff930eed000 	C:\WINDOWS\system32\combase.dll
0x00007ff92e080000 - 0x00007ff92e0ea000 	C:\WINDOWS\system32\bcryptPrimitives.dll
0x00007ff92ef00000 - 0x00007ff92ef3b000 	C:\WINDOWS\system32\IMM32.DLL
0x000000005b280000 - 0x000000005b352000 	C:\Program Files\Java\jdk1.8.0_111\jre\bin\msvcr100.dll
0x000000005a9e0000 - 0x000000005b27a000 	C:\Program Files\Java\jdk1.8.0_111\jre\bin\server\jvm.dll
0x00007ff931250000 - 0x00007ff931258000 	C:\WINDOWS\system32\PSAPI.DLL
0x00007ff920700000 - 0x00007ff920709000 	C:\WINDOWS\SYSTEM32\WSOCK32.dll
0x00007ff930b60000 - 0x00007ff930bcb000 	C:\WINDOWS\system32\WS2_32.dll
0x00007ff92b7a0000 - 0x00007ff92b7c3000 	C:\WINDOWS\SYSTEM32\WINMM.dll
0x00007ff92c070000 - 0x00007ff92c07a000 	C:\WINDOWS\SYSTEM32\VERSION.dll
0x00007ff92b740000 - 0x00007ff92b76c000 	C:\WINDOWS\SYSTEM32\WINMMBASE.dll
0x00007ff92e0f0000 - 0x00007ff92e133000 	C:\WINDOWS\system32\cfgmgr32.dll
0x000000005a9d0000 - 0x000000005a9df000 	C:\Program Files\Java\jdk1.8.0_111\jre\bin\verify.dll
0x000000005a9a0000 - 0x000000005a9c9000 	C:\Program Files\Java\jdk1.8.0_111\jre\bin\java.dll
0x000000005a980000 - 0x000000005a996000 	C:\Program Files\Java\jdk1.8.0_111\jre\bin\zip.dll
0x00007ff92f330000 - 0x00007ff93088c000 	C:\WINDOWS\system32\SHELL32.dll
0x00007ff92e140000 - 0x00007ff92e785000 	C:\WINDOWS\system32\windows.storage.dll
0x00007ff92e840000 - 0x00007ff92e892000 	C:\WINDOWS\system32\shlwapi.dll
0x00007ff92d9d0000 - 0x00007ff92d9df000 	C:\WINDOWS\system32\kernel.appcore.dll
0x00007ff92dcc0000 - 0x00007ff92dd75000 	C:\WINDOWS\system32\shcore.dll
0x00007ff92d9f0000 - 0x00007ff92da3b000 	C:\WINDOWS\system32\powrprof.dll
0x00007ff92d9b0000 - 0x00007ff92d9c4000 	C:\WINDOWS\system32\profapi.dll

VM Arguments:
jvm_args: -Djava.awt.headless=true -Xmx1024M -Dfile.encoding=windows-1252 -Duser.country=CA -Duser.language=en -Duser.variant 
java_command: com.android.dx.command.Main --dex --force-jumbo --num-threads=4 --multi-dex --output C:\Users\Hassen\Documents\Sirine\CPEN321-\proj\cpen321project\PlanMyTrip\app\build\intermediates\transforms\dex\debug\folders\1000\10\com.android.support-recyclerview-v7-24.1.0_d0a6f519ea31d9b33ac91fdd38534daeb574053e C:\Users\Hassen\Documents\Sirine\CPEN321-\proj\cpen321project\PlanMyTrip\app\build\intermediates\exploded-aar\com.android.support\recyclerview-v7\24.1.0\jars\classes.jar
java_class_path (initial): C:\Users\Hassen\AppData\Local\Android\sdk\build-tools\24.0.1\lib\dx.jar
Launcher Type: SUN_STANDARD

Environment Variables:
JAVA_HOME=C:\Program Files (x86)\Java\jdk1.7.0_79
PATH=C:\ProgramData\Oracle\Java\javapath;C:\Program Files (x86)\Common Files\NetSarang;C:\Program Files (x86)\Intel\iCLS Client\;C:\Program Files\Intel\iCLS Client\;C:\Windows\system32;C:\Windows;C:\Windows\System32\Wbem;C:\Windows\System32\WindowsPowerShell\v1.0\;C:\Program Files\Intel\WiFi\bin\;C:\Program Files\Common Files\Intel\WirelessCommon\;C:\Program Files\Intel\Intel(R) Management Engine Components\DAL;C:\Program Files\Intel\Intel(R) Management Engine Components\IPT;C:\Program Files (x86)\Intel\Intel(R) Management Engine Components\DAL;C:\Program Files (x86)\Intel\Intel(R) Management Engine Components\IPT;C:\Program Files\Acer\Remote Files\;C:\WINDOWS\system32;C:\WINDOWS;C:\WINDOWS\System32\Wbem;C:\WINDOWS\System32\WindowsPowerShell\v1.0\;C:\Program Files (x86)\Skype\Phone\;C:\Program Files (x86)\QuickTime\QTSystem\;C:\WINDOWS\system32;C:\WINDOWS;C:\WINDOWS\System32\Wbem;C:\WINDOWS\System32\WindowsPowerShell\v1.0\;%QUARTUS_ROOTDIR%\bin;C:\Program Files (x86)\apache-maven-3.3.9\bin;C:\Program Files (x86)\apache-maven-3.3.9\bin
USERNAME=Hassen
OS=Windows_NT
PROCESSOR_IDENTIFIER=Intel64 Family 6 Model 69 Stepping 1, GenuineIntel



---------------  S Y S T E M  ---------------

OS: Windows 10.0 , 64 bit Build 10586 (10.0.10586.589)

CPU:total 4 (2 cores per cpu, 2 threads per core) family 6 model 69 stepping 1, cmov, cx8, fxsr, mmx, sse, sse2, sse3, ssse3, sse4.1, sse4.2, popcnt, avx, avx2, aes, clmul, erms, lzcnt, ht, tsc, tscinvbit, bmi1, bmi2

Memory: 4k page, physical 8281368k(661252k free), swap 12341608k(4548k free)

vm_info: Java HotSpot(TM) 64-Bit Server VM (25.111-b14) for windows-amd64 JRE (1.8.0_111-b14), built on Sep 22 2016 19:24:05 by "java_re" with MS VC++ 10.0 (VS2010)

time: Sat Oct 29 19:05:07 2016
elapsed time: 4 seconds (0d 0h 0m 4s)

