#
# There is insufficient memory for the Java Runtime Environment to continue.
# Native memory allocation (malloc) failed to allocate 74736 bytes for Chunk::new
# Possible reasons:
#   The system is out of physical RAM or swap space
#   In 32 bit mode, the process size limit was hit
# Possible solutions:
#   Reduce memory load on the system
#   Increase physical memory or swap space
#   Check if swap backing store is full
#   Use 64 bit Java on a 64 bit OS
#   Decrease Java heap size (-Xmx/-Xms)
#   Decrease number of Java threads
#   Decrease Java thread stack sizes (-Xss)
#   Set larger code cache with -XX:ReservedCodeCacheSize=
# This output file may be truncated or incomplete.
#
#  Out of Memory Error (allocation.cpp:390), pid=8672, tid=0x0000000000001a00
#
# JRE version: Java(TM) SE Runtime Environment (8.0_111-b14) (build 1.8.0_111-b14)
# Java VM: Java HotSpot(TM) 64-Bit Server VM (25.111-b14 mixed mode windows-amd64 compressed oops)
# Failed to write core dump. Minidumps are not enabled by default on client versions of Windows
#

---------------  T H R E A D  ---------------

Current thread (0x0000000014d96800):  JavaThread "C2 CompilerThread1" daemon [_thread_in_native, id=6656, stack(0x0000000016490000,0x0000000016590000)]

Stack: [0x0000000016490000,0x0000000016590000]
[error occurred during error reporting (printing stack bounds), id 0xc0000005]

Native frames: (J=compiled Java code, j=interpreted, Vv=VM code, C=native code)


Current CompileTask:
C2:   7404  972       4       java.util.HashMap::put (13 bytes)


---------------  P R O C E S S  ---------------

Java Threads: ( => current thread )
  0x0000000016919000 JavaThread "pool-1-thread-1" [_thread_in_Java, id=2692, stack(0x0000000017890000,0x0000000017990000)]
  0x0000000016690800 JavaThread "Service Thread" daemon [_thread_blocked, id=3476, stack(0x0000000016a90000,0x0000000016b90000)]
  0x0000000014d9b000 JavaThread "C1 CompilerThread2" daemon [_thread_in_native_trans, id=9480, stack(0x0000000016590000,0x0000000016690000)]
=>0x0000000014d96800 JavaThread "C2 CompilerThread1" daemon [_thread_in_native, id=6656, stack(0x0000000016490000,0x0000000016590000)]
  0x0000000014d3d000 JavaThread "C2 CompilerThread0" daemon [_thread_in_native, id=11764, stack(0x0000000016390000,0x0000000016490000)]
  0x0000000014d3b000 JavaThread "Attach Listener" daemon [_thread_blocked, id=12804, stack(0x0000000016290000,0x0000000016390000)]
  0x0000000014d3a000 JavaThread "Signal Dispatcher" daemon [_thread_blocked, id=13024, stack(0x0000000016190000,0x0000000016290000)]
  0x0000000014d2a000 JavaThread "Finalizer" daemon [_thread_blocked, id=13108, stack(0x0000000015fb0000,0x00000000160b0000)]
  0x0000000014d09000 JavaThread "Reference Handler" daemon [_thread_blocked, id=6932, stack(0x0000000015eb0000,0x0000000015fb0000)]
  0x00000000024bd800 JavaThread "main" [_thread_blocked, id=12388, stack(0x0000000002390000,0x0000000002490000)]

Other Threads:
  0x0000000014d07800 VMThread [stack: 0x0000000015db0000,0x0000000015eb0000] [id=1088]
  0x0000000016694800 WatcherThread [stack: 0x0000000016b90000,0x0000000016c90000] [id=12636]

VM state:not at safepoint (normal execution)

VM Mutex/Monitor currently owned by a thread: None

Heap:
 PSYoungGen      total 38400K, used 17312K [0x00000000eab00000, 0x00000000ed580000, 0x0000000100000000)
  eden space 33280K, 52% used [0x00000000eab00000,0x00000000ebbe8390,0x00000000ecb80000)
  from space 5120K, 0% used [0x00000000ed080000,0x00000000ed080000,0x00000000ed580000)
  to   space 5120K, 0% used [0x00000000ecb80000,0x00000000ecb80000,0x00000000ed080000)
 ParOldGen       total 87552K, used 0K [0x00000000c0000000, 0x00000000c5580000, 0x00000000eab00000)
  object space 87552K, 0% used [0x00000000c0000000,0x00000000c0000000,0x00000000c5580000)
 Metaspace       used 6047K, capacity 6872K, committed 7168K, reserved 1056768K
  class space    used 628K, capacity 656K, committed 768K, reserved 1048576K

Card table byte_map: [0x0000000011a30000,0x0000000011c40000] byte_map_base: 0x0000000011430000

Marking Bits: (ParMarkBitMap*) 0x000000005b1fa6c0
 Begin Bits: [0x00000000121a0000, 0x00000000131a0000)
 End Bits:   [0x00000000131a0000, 0x00000000141a0000)

Polling page: 0x00000000007d0000

CodeCache: size=245760Kb used=4028Kb max_used=4041Kb free=241731Kb
 bounds [0x0000000002670000, 0x0000000002a70000, 0x0000000011670000]
 total_blobs=1260 nmethods=991 adapters=182
 compilation: enabled

Compilation events (10 events):
Event: 7.398 Thread 0x0000000014d9b000 nmethod 981 0x0000000002a5a190 code [0x0000000002a5a300, 0x0000000002a5a530]
Event: 7.398 Thread 0x0000000014d9b000  982       3       java.util.TreeMap$PrivateEntryIterator::<init> (28 bytes)
Event: 7.398 Thread 0x0000000014d9b000 nmethod 982 0x0000000002a5a610 code [0x0000000002a5a780, 0x0000000002a5a990]
Event: 7.398 Thread 0x0000000014d9b000  984       1       com.android.dx.dex.file.DexFile::getTypeIds (5 bytes)
Event: 7.398 Thread 0x0000000014d9b000 nmethod 984 0x0000000002a5aa90 code [0x0000000002a5abe0, 0x0000000002a5acf0]
Event: 7.399 Thread 0x0000000014d9b000  985       3       com.android.dx.dex.file.StringIdsSection::intern (13 bytes)
Event: 7.400 Thread 0x0000000014d9b000 nmethod 985 0x0000000002a5ad50 code [0x0000000002a5af00, 0x0000000002a5b418]
Event: 7.400 Thread 0x0000000014d9b000  988       3       com.android.dx.rop.type.Prototype::compareTo (120 bytes)
Event: 7.401 Thread 0x0000000014d9b000 nmethod 988 0x0000000002a5b690 code [0x0000000002a5b8a0, 0x0000000002a5c738]
Event: 7.401 Thread 0x0000000014d9b000  986       3       com.android.dx.dex.file.StringIdItem::<init> (29 bytes)

GC Heap History (0 events):
No events

Deoptimization events (3 events):
Event: 4.381 Thread 0x0000000016918800 Uncommon trap: reason=unstable_if action=reinterpret pc=0x0000000002839d64 method=java.util.HashMap.getNode(ILjava/lang/Object;)Ljava/util/HashMap$Node; @ 129
Event: 5.290 Thread 0x0000000016918800 Uncommon trap: reason=class_check action=maybe_recompile pc=0x00000000029d8a38 method=com.android.dx.ssa.NormalSsaInsn.accept(Lcom/android/dx/ssa/SsaInsn$Visitor;)V @ 9
Event: 5.291 Thread 0x0000000016918800 Uncommon trap: reason=class_check action=maybe_recompile pc=0x00000000029d8a38 method=com.android.dx.ssa.NormalSsaInsn.accept(Lcom/android/dx/ssa/SsaInsn$Visitor;)V @ 9

Internal exceptions (2 events):
Event: 1.236 Thread 0x00000000024bd800 Exception <a 'java/lang/NoSuchMethodError': Method sun.misc.Unsafe.defineClass(Ljava/lang/String;[BII)Ljava/lang/Class; name or signature does not match> (0x00000000eab07c78) thrown at [C:\re\workspace\8-2-build-windows-amd64-cygwin\jdk8u111\7883\hotspot\
Event: 1.236 Thread 0x00000000024bd800 Exception <a 'java/lang/NoSuchMethodError': Method sun.misc.Unsafe.prefetchRead(Ljava/lang/Object;J)V name or signature does not match> (0x00000000eab07f60) thrown at [C:\re\workspace\8-2-build-windows-amd64-cygwin\jdk8u111\7883\hotspot\src\share\vm\prims

Events (10 events):
Event: 7.383 loading class java/util/TreeMap$KeyIterator
Event: 7.383 loading class java/util/TreeMap$KeyIterator done
Event: 7.383 loading class java/util/TreeMap$EntrySet
Event: 7.384 loading class java/util/TreeMap$EntrySet done
Event: 7.384 loading class java/util/TreeMap$EntryIterator
Event: 7.384 loading class java/util/TreeMap$EntryIterator done
Event: 7.388 loading class com/android/dx/dex/file/CatchStructs
Event: 7.388 loading class com/android/dx/dex/file/CatchStructs done
Event: 7.398 loading class com/android/dx/dex/file/ProtoIdItem
Event: 7.398 loading class com/android/dx/dex/file/ProtoIdItem done


Dynamic libraries:
0x00007ff7f96b0000 - 0x00007ff7f96e7000 	C:\Program Files\Java\jdk1.8.0_111\bin\java.exe
0x00007ff931390000 - 0x00007ff931551000 	C:\WINDOWS\SYSTEM32\ntdll.dll
0x00007ff9312c0000 - 0x00007ff93136d000 	C:\WINDOWS\system32\KERNEL32.DLL
0x00007ff92de30000 - 0x00007ff92e018000 	C:\WINDOWS\system32\KERNELBASE.dll
0x00007ff92e790000 - 0x00007ff92e837000 	C:\WINDOWS\system32\ADVAPI32.dll
0x00007ff930bd0000 - 0x00007ff930c6d000 	C:\WINDOWS\system32\msvcrt.dll
0x00007ff931260000 - 0x00007ff9312bb000 	C:\WINDOWS\system32\sechost.dll
0x00007ff931130000 - 0x00007ff93124c000 	C:\WINDOWS\system32\RPCRT4.dll
0x00007ff930ef0000 - 0x00007ff931046000 	C:\WINDOWS\system32\USER32.dll
0x00007ff92f050000 - 0x00007ff92f1d6000 	C:\WINDOWS\system32\GDI32.dll
0x00007ff920d20000 - 0x00007ff920f94000 	C:\WINDOWS\WinSxS\amd64_microsoft.windows.common-controls_6595b64144ccf1df_6.0.10586.589_none_a2ddb3caa539acce\COMCTL32.dll
0x00007ff930c70000 - 0x00007ff930eed000 	C:\WINDOWS\system32\combase.dll
0x00007ff92e080000 - 0x00007ff92e0ea000 	C:\WINDOWS\system32\bcryptPrimitives.dll
0x00007ff92ef00000 - 0x00007ff92ef3b000 	C:\WINDOWS\system32\IMM32.DLL
0x000000005b280000 - 0x000000005b352000 	C:\Program Files\Java\jdk1.8.0_111\jre\bin\msvcr100.dll
0x000000005a9e0000 - 0x000000005b27a000 	C:\Program Files\Java\jdk1.8.0_111\jre\bin\server\jvm.dll
0x00007ff931250000 - 0x00007ff931258000 	C:\WINDOWS\system32\PSAPI.DLL
0x00007ff920700000 - 0x00007ff920709000 	C:\WINDOWS\SYSTEM32\WSOCK32.dll
0x00007ff930b60000 - 0x00007ff930bcb000 	C:\WINDOWS\system32\WS2_32.dll
0x00007ff92b7a0000 - 0x00007ff92b7c3000 	C:\WINDOWS\SYSTEM32\WINMM.dll
0x00007ff92c070000 - 0x00007ff92c07a000 	C:\WINDOWS\SYSTEM32\VERSION.dll
0x00007ff92b740000 - 0x00007ff92b76c000 	C:\WINDOWS\SYSTEM32\WINMMBASE.dll
0x00007ff92e0f0000 - 0x00007ff92e133000 	C:\WINDOWS\system32\cfgmgr32.dll
0x000000005a9d0000 - 0x000000005a9df000 	C:\Program Files\Java\jdk1.8.0_111\jre\bin\verify.dll
0x000000005a9a0000 - 0x000000005a9c9000 	C:\Program Files\Java\jdk1.8.0_111\jre\bin\java.dll
0x000000005a980000 - 0x000000005a996000 	C:\Program Files\Java\jdk1.8.0_111\jre\bin\zip.dll
0x00007ff92f330000 - 0x00007ff93088c000 	C:\WINDOWS\system32\SHELL32.dll
0x00007ff92e140000 - 0x00007ff92e785000 	C:\WINDOWS\system32\windows.storage.dll
0x00007ff92e840000 - 0x00007ff92e892000 	C:\WINDOWS\system32\shlwapi.dll
0x00007ff92d9d0000 - 0x00007ff92d9df000 	C:\WINDOWS\system32\kernel.appcore.dll
0x00007ff92dcc0000 - 0x00007ff92dd75000 	C:\WINDOWS\system32\shcore.dll
0x00007ff92d9f0000 - 0x00007ff92da3b000 	C:\WINDOWS\system32\powrprof.dll
0x00007ff92d9b0000 - 0x00007ff92d9c4000 	C:\WINDOWS\system32\profapi.dll

VM Arguments:
jvm_args: -Djava.awt.headless=true -Xmx1024M -Dfile.encoding=windows-1252 -Duser.country=CA -Duser.language=en -Duser.variant 
java_command: com.android.dx.command.Main --dex --force-jumbo --num-threads=4 --multi-dex --output C:\Users\Hassen\Documents\Sirine\CPEN321-\proj\cpen321project\PlanMyTrip\app\build\intermediates\transforms\dex\debug\folders\1000\10\com.android.support-animated-vector-drawable-24.1.0_f3a22619419e55082bb64325f7211393f64b9a89 C:\Users\Hassen\Documents\Sirine\CPEN321-\proj\cpen321project\PlanMyTrip\app\build\intermediates\exploded-aar\com.android.support\animated-vector-drawable\24.1.0\jars\classes.jar
java_class_path (initial): C:\Users\Hassen\AppData\Local\Android\sdk\build-tools\24.0.1\lib\dx.jar
Launcher Type: SUN_STANDARD

Environment Variables:
JAVA_HOME=C:\Program Files (x86)\Java\jdk1.7.0_79
PATH=C:\ProgramData\Oracle\Java\javapath;C:\Program Files (x86)\Common Files\NetSarang;C:\Program Files (x86)\Intel\iCLS Client\;C:\Program Files\Intel\iCLS Client\;C:\Windows\system32;C:\Windows;C:\Windows\System32\Wbem;C:\Windows\System32\WindowsPowerShell\v1.0\;C:\Program Files\Intel\WiFi\bin\;C:\Program Files\Common Files\Intel\WirelessCommon\;C:\Program Files\Intel\Intel(R) Management Engine Components\DAL;C:\Program Files\Intel\Intel(R) Management Engine Components\IPT;C:\Program Files (x86)\Intel\Intel(R) Management Engine Components\DAL;C:\Program Files (x86)\Intel\Intel(R) Management Engine Components\IPT;C:\Program Files\Acer\Remote Files\;C:\WINDOWS\system32;C:\WINDOWS;C:\WINDOWS\System32\Wbem;C:\WINDOWS\System32\WindowsPowerShell\v1.0\;C:\Program Files (x86)\Skype\Phone\;C:\Program Files (x86)\QuickTime\QTSystem\;C:\WINDOWS\system32;C:\WINDOWS;C:\WINDOWS\System32\Wbem;C:\WINDOWS\System32\WindowsPowerShell\v1.0\;%QUARTUS_ROOTDIR%\bin;C:\Program Files (x86)\apache-maven-3.3.9\bin;C:\Program Files (x86)\apache-maven-3.3.9\bin
USERNAME=Hassen
OS=Windows_NT
PROCESSOR_IDENTIFIER=Intel64 Family 6 Model 69 Stepping 1, GenuineIntel



---------------  S Y S T E M  ---------------

OS: Windows 10.0 , 64 bit Build 10586 (10.0.10586.589)

CPU:total 4 (2 cores per cpu, 2 threads per core) family 6 model 69 stepping 1, cmov, cx8, fxsr, mmx, sse, sse2, sse3, ssse3, sse4.1, sse4.2, popcnt, avx, avx2, aes, clmul, erms, lzcnt, ht, tsc, tscinvbit, bmi1, bmi2

Memory: 4k page, physical 8281368k(440720k free), swap 12341608k(4336k free)

vm_info: Java HotSpot(TM) 64-Bit Server VM (25.111-b14) for windows-amd64 JRE (1.8.0_111-b14), built on Sep 22 2016 19:24:05 by "java_re" with MS VC++ 10.0 (VS2010)

time: Sat Oct 29 17:54:10 2016
elapsed time: 7 seconds (0d 0h 0m 7s)

