#
# There is insufficient memory for the Java Runtime Environment to continue.
# Native memory allocation (malloc) failed to allocate 769776 bytes for Chunk::new
# Possible reasons:
#   The system is out of physical RAM or swap space
#   In 32 bit mode, the process size limit was hit
# Possible solutions:
#   Reduce memory load on the system
#   Increase physical memory or swap space
#   Check if swap backing store is full
#   Use 64 bit Java on a 64 bit OS
#   Decrease Java heap size (-Xmx/-Xms)
#   Decrease number of Java threads
#   Decrease Java thread stack sizes (-Xss)
#   Set larger code cache with -XX:ReservedCodeCacheSize=
# This output file may be truncated or incomplete.
#
#  Out of Memory Error (allocation.cpp:390), pid=11472, tid=0x0000000000003180
#
# JRE version: Java(TM) SE Runtime Environment (8.0_111-b14) (build 1.8.0_111-b14)
# Java VM: Java HotSpot(TM) 64-Bit Server VM (25.111-b14 mixed mode windows-amd64 compressed oops)
# Failed to write core dump. Minidumps are not enabled by default on client versions of Windows
#

---------------  T H R E A D  ---------------

Current thread (0x000000001516d000):  JavaThread "C2 CompilerThread0" daemon [_thread_in_native, id=12672, stack(0x00000000167a0000,0x00000000168a0000)]

Stack: [0x00000000167a0000,0x00000000168a0000]
[error occurred during error reporting (printing stack bounds), id 0xc0000005]

Native frames: (J=compiled Java code, j=interpreted, Vv=VM code, C=native code)


Current CompileTask:
C2:   5951 1131       4       com.android.dx.ssa.SCCP::simulateBranch (666 bytes)


---------------  P R O C E S S  ---------------

Java Threads: ( => current thread )
  0x0000000016ae4000 JavaThread "pool-1-thread-1" [_thread_new, id=9848, stack(0x0000000000000000,0x0000000000000000)]
  0x00000000169a6800 JavaThread "Service Thread" daemon [_thread_blocked, id=9604, stack(0x0000000016ea0000,0x0000000016fa0000)]
  0x00000000169a0800 JavaThread "C1 CompilerThread2" daemon [_thread_blocked, id=3460, stack(0x0000000016da0000,0x0000000016ea0000)]
  0x00000000151be800 JavaThread "C2 CompilerThread1" daemon [_thread_in_native, id=11500, stack(0x00000000168a0000,0x00000000169a0000)]
=>0x000000001516d000 JavaThread "C2 CompilerThread0" daemon [_thread_in_native, id=12672, stack(0x00000000167a0000,0x00000000168a0000)]
  0x000000001516b000 JavaThread "Attach Listener" daemon [_thread_blocked, id=5244, stack(0x00000000166a0000,0x00000000167a0000)]
  0x000000001516a000 JavaThread "Signal Dispatcher" daemon [_thread_blocked, id=5456, stack(0x00000000165a0000,0x00000000166a0000)]
  0x000000001515a000 JavaThread "Finalizer" daemon [_thread_blocked, id=12292, stack(0x00000000163c0000,0x00000000164c0000)]
  0x0000000015139000 JavaThread "Reference Handler" daemon [_thread_blocked, id=4836, stack(0x00000000162c0000,0x00000000163c0000)]
  0x000000000289e000 JavaThread "main" [_thread_blocked, id=12972, stack(0x00000000028a0000,0x00000000029a0000)]

Other Threads:
  0x0000000015137800 VMThread [stack: 0x00000000161c0000,0x00000000162c0000] [id=11112]
  0x00000000169ac000 WatcherThread [stack: 0x0000000016fa0000,0x00000000170a0000] [id=11640]

VM state:not at safepoint (normal execution)

VM Mutex/Monitor currently owned by a thread: None

Heap:
 PSYoungGen      total 38400K, used 10572K [0x00000000eab00000, 0x00000000ef600000, 0x0000000100000000)
  eden space 33280K, 16% used [0x00000000eab00000,0x00000000eb0539f0,0x00000000ecb80000)
  from space 5120K, 99% used [0x00000000ecb80000,0x00000000ed07f9f0,0x00000000ed080000)
  to   space 5120K, 0% used [0x00000000ef100000,0x00000000ef100000,0x00000000ef600000)
 ParOldGen       total 87552K, used 1348K [0x00000000c0000000, 0x00000000c5580000, 0x00000000eab00000)
  object space 87552K, 1% used [0x00000000c0000000,0x00000000c0151268,0x00000000c5580000)
 Metaspace       used 6136K, capacity 7000K, committed 7168K, reserved 1056768K
  class space    used 625K, capacity 656K, committed 768K, reserved 1048576K

Card table byte_map: [0x0000000011e60000,0x0000000012070000] byte_map_base: 0x0000000011860000

Marking Bits: (ParMarkBitMap*) 0x0000000052a7a6c0
 Begin Bits: [0x00000000125d0000, 0x00000000135d0000)
 End Bits:   [0x00000000135d0000, 0x00000000145d0000)

Polling page: 0x0000000000d00000

CodeCache: size=245760Kb used=5336Kb max_used=5336Kb free=240423Kb
 bounds [0x0000000002aa0000, 0x0000000002fe0000, 0x0000000011aa0000]
 total_blobs=1542 nmethods=1273 adapters=182
 compilation: enabled

Compilation events (10 events):
Event: 5.932 Thread 0x00000000169a0800 1277       1       com.android.dx.rop.code.LocalItem::getName (5 bytes)
Event: 5.932 Thread 0x00000000169a0800 nmethod 1277 0x0000000002fd7210 code [0x0000000002fd7360, 0x0000000002fd7470]
Event: 5.934 Thread 0x00000000169a0800 1278  s    3       com.android.dx.dex.file.FieldIdsSection::intern (55 bytes)
Event: 5.935 Thread 0x00000000169a0800 nmethod 1278 0x0000000002fd74d0 code [0x0000000002fd7700, 0x0000000002fd8428]
Event: 5.935 Thread 0x00000000169a0800 1279       3       com.android.dx.rop.type.Prototype::compareTo (120 bytes)
Event: 5.936 Thread 0x00000000169a0800 nmethod 1279 0x0000000002fd8b50 code [0x0000000002fd8d60, 0x0000000002fd9bf8]
Event: 5.936 Thread 0x00000000169a0800 1280       1       java.util.concurrent.locks.AbstractQueuedSynchronizer::getState (5 bytes)
Event: 5.936 Thread 0x00000000169a0800 nmethod 1280 0x0000000002fda310 code [0x0000000002fda460, 0x0000000002fda570]
Event: 5.939 Thread 0x00000000169a0800 1281       3       java.util.concurrent.locks.AbstractOwnableSynchronizer::setExclusiveOwnerThread (6 bytes)
Event: 5.939 Thread 0x00000000169a0800 nmethod 1281 0x0000000002fda5d0 code [0x0000000002fda720, 0x0000000002fda890]

GC Heap History (2 events):
Event: 5.077 GC heap before
{Heap before GC invocations=1 (full 0):
 PSYoungGen      total 38400K, used 33280K [0x00000000eab00000, 0x00000000ed580000, 0x0000000100000000)
  eden space 33280K, 100% used [0x00000000eab00000,0x00000000ecb80000,0x00000000ecb80000)
  from space 5120K, 0% used [0x00000000ed080000,0x00000000ed080000,0x00000000ed580000)
  to   space 5120K, 0% used [0x00000000ecb80000,0x00000000ecb80000,0x00000000ed080000)
 ParOldGen       total 87552K, used 0K [0x00000000c0000000, 0x00000000c5580000, 0x00000000eab00000)
  object space 87552K, 0% used [0x00000000c0000000,0x00000000c0000000,0x00000000c5580000)
 Metaspace       used 6107K, capacity 7000K, committed 7168K, reserved 1056768K
  class space    used 624K, capacity 656K, committed 768K, reserved 1048576K
Event: 5.522 GC heap after
Heap after GC invocations=1 (full 0):
 PSYoungGen      total 38400K, used 5118K [0x00000000eab00000, 0x00000000ef600000, 0x0000000100000000)
  eden space 33280K, 0% used [0x00000000eab00000,0x00000000eab00000,0x00000000ecb80000)
  from space 5120K, 99% used [0x00000000ecb80000,0x00000000ed07f9f0,0x00000000ed080000)
  to   space 5120K, 0% used [0x00000000ef100000,0x00000000ef100000,0x00000000ef600000)
 ParOldGen       total 87552K, used 1348K [0x00000000c0000000, 0x00000000c5580000, 0x00000000eab00000)
  object space 87552K, 1% used [0x00000000c0000000,0x00000000c0151268,0x00000000c5580000)
 Metaspace       used 6107K, capacity 7000K, committed 7168K, reserved 1056768K
  class space    used 624K, capacity 656K, committed 768K, reserved 1048576K
}

Deoptimization events (10 events):
Event: 4.126 Thread 0x0000000016beb000 Uncommon trap: reason=class_check action=maybe_recompile pc=0x0000000002ed4210 method=java.util.HashMap.putVal(ILjava/lang/Object;Ljava/lang/Object;ZZ)Ljava/lang/Object; @ 203
Event: 4.160 Thread 0x0000000016c4e800 Uncommon trap: reason=unstable_if action=reinterpret pc=0x0000000002de79ec method=com.android.dx.rop.code.RegisterSpecSet.put(Lcom/android/dx/rop/code/RegisterSpec;)V @ 77
Event: 4.160 Thread 0x0000000016c4e800 Uncommon trap: reason=unstable_if action=reinterpret pc=0x0000000002de942c method=com.android.dx.rop.code.RegisterSpecSet.put(Lcom/android/dx/rop/code/RegisterSpec;)V @ 77
Event: 4.163 Thread 0x0000000016c4e800 Uncommon trap: reason=bimorphic action=maybe_recompile pc=0x0000000002dac700 method=java.util.HashMap.getNode(ILjava/lang/Object;)Ljava/util/HashMap$Node; @ 126
Event: 4.163 Thread 0x0000000016c4e800 Uncommon trap: reason=class_check action=maybe_recompile pc=0x0000000002ed4210 method=java.util.HashMap.putVal(ILjava/lang/Object;Ljava/lang/Object;ZZ)Ljava/lang/Object; @ 203
Event: 4.188 Thread 0x0000000016ae8000 Uncommon trap: reason=unstable_if action=reinterpret pc=0x0000000002de14c4 method=com.android.dx.rop.code.RegisterSpec.equals(ILcom/android/dx/rop/type/TypeBearer;Lcom/android/dx/rop/code/LocalItem;)Z @ 42
Event: 5.873 Thread 0x0000000016ae8000 Uncommon trap: reason=bimorphic action=maybe_recompile pc=0x0000000002f188a8 method=com.android.dx.cf.code.BytecodeArray.parseInstruction(ILcom/android/dx/cf/code/BytecodeArray$Visitor;)I @ 1035
Event: 5.873 Thread 0x0000000016ae8000 Uncommon trap: reason=bimorphic action=maybe_recompile pc=0x0000000002f18928 method=com.android.dx.cf.code.BytecodeArray.parseInstruction(ILcom/android/dx/cf/code/BytecodeArray$Visitor;)I @ 1051
Event: 5.873 Thread 0x0000000016ae8000 Uncommon trap: reason=bimorphic action=maybe_recompile pc=0x0000000002f18928 method=com.android.dx.cf.code.BytecodeArray.parseInstruction(ILcom/android/dx/cf/code/BytecodeArray$Visitor;)I @ 1051
Event: 5.873 Thread 0x0000000016ae8000 Uncommon trap: reason=bimorphic action=maybe_recompile pc=0x0000000002f188a8 method=com.android.dx.cf.code.BytecodeArray.parseInstruction(ILcom/android/dx/cf/code/BytecodeArray$Visitor;)I @ 1035

Internal exceptions (3 events):
Event: 0.070 Thread 0x000000000289e000 Exception <a 'java/lang/NoSuchMethodError': Method sun.misc.Unsafe.defineClass(Ljava/lang/String;[BII)Ljava/lang/Class; name or signature does not match> (0x00000000eab07c78) thrown at [C:\re\workspace\8-2-build-windows-amd64-cygwin\jdk8u111\7883\hotspot\
Event: 0.070 Thread 0x000000000289e000 Exception <a 'java/lang/NoSuchMethodError': Method sun.misc.Unsafe.prefetchRead(Ljava/lang/Object;J)V name or signature does not match> (0x00000000eab07f60) thrown at [C:\re\workspace\8-2-build-windows-amd64-cygwin\jdk8u111\7883\hotspot\src\share\vm\prims
Event: 3.631 Thread 0x0000000016ae8000 Implicit null exception at 0x0000000002ded022 to 0x0000000002ded11a

Events (10 events):
Event: 5.873 Thread 0x0000000016ae8000 DEOPT PACKING pc=0x0000000002f18928 sp=0x000000001719e720
Event: 5.873 Thread 0x0000000016ae8000 DEOPT UNPACKING pc=0x0000000002ae582a sp=0x000000001719e698 mode 2
Event: 5.873 Thread 0x0000000016ae8000 Uncommon trap: trap_request=0xffffffc6 fr.pc=0x0000000002f188a8
Event: 5.873 Thread 0x0000000016ae8000 DEOPT PACKING pc=0x0000000002f188a8 sp=0x000000001719e720
Event: 5.874 Thread 0x0000000016ae8000 DEOPT UNPACKING pc=0x0000000002ae582a sp=0x000000001719e698 mode 2
Event: 5.937 Thread 0x0000000016ae8000 Thread exited: 0x0000000016ae8000
Event: 5.939 Thread 0x0000000016ae4000 Thread exited: 0x0000000016ae4000
Event: 5.940 loading class com/android/dx/command/dexer/Main$DexWriter
Event: 5.940 loading class com/android/dx/command/dexer/Main$DexWriter done
Event: 5.941 Thread 0x0000000016ae4000 Thread added: 0x0000000016ae4000


Dynamic libraries:
0x00007ff7d0e50000 - 0x00007ff7d0e87000 	C:\Program Files\Java\jdk1.8.0_111\bin\java.exe
0x00007ffa8eb90000 - 0x00007ffa8ed51000 	C:\WINDOWS\SYSTEM32\ntdll.dll
0x00007ffa8e040000 - 0x00007ffa8e0ed000 	C:\WINDOWS\system32\KERNEL32.DLL
0x00007ffa8ba60000 - 0x00007ffa8bc48000 	C:\WINDOWS\system32\KERNELBASE.dll
0x00007ffa8df90000 - 0x00007ffa8e037000 	C:\WINDOWS\system32\ADVAPI32.dll
0x00007ffa8e670000 - 0x00007ffa8e70d000 	C:\WINDOWS\system32\msvcrt.dll
0x00007ffa8db50000 - 0x00007ffa8dbab000 	C:\WINDOWS\system32\sechost.dll
0x00007ffa8c0e0000 - 0x00007ffa8c1fc000 	C:\WINDOWS\system32\RPCRT4.dll
0x00007ffa8c490000 - 0x00007ffa8c5e6000 	C:\WINDOWS\system32\USER32.dll
0x00007ffa8c240000 - 0x00007ffa8c3c6000 	C:\WINDOWS\system32\GDI32.dll
0x00007ffa7e220000 - 0x00007ffa7e494000 	C:\WINDOWS\WinSxS\amd64_microsoft.windows.common-controls_6595b64144ccf1df_6.0.10586.589_none_a2ddb3caa539acce\COMCTL32.dll
0x00007ffa8dbb0000 - 0x00007ffa8de2d000 	C:\WINDOWS\system32\combase.dll
0x00007ffa8b2d0000 - 0x00007ffa8b33a000 	C:\WINDOWS\system32\bcryptPrimitives.dll
0x00007ffa8c200000 - 0x00007ffa8c23b000 	C:\WINDOWS\system32\IMM32.DLL
0x0000000053f00000 - 0x0000000053fd2000 	C:\Program Files\Java\jdk1.8.0_111\jre\bin\msvcr100.dll
0x0000000052260000 - 0x0000000052afa000 	C:\Program Files\Java\jdk1.8.0_111\jre\bin\server\jvm.dll
0x00007ffa8e820000 - 0x00007ffa8e828000 	C:\WINDOWS\system32\PSAPI.DLL
0x00007ffa7dda0000 - 0x00007ffa7dda9000 	C:\WINDOWS\SYSTEM32\WSOCK32.dll
0x00007ffa8bf90000 - 0x00007ffa8bffb000 	C:\WINDOWS\system32\WS2_32.dll
0x00007ffa898b0000 - 0x00007ffa898d3000 	C:\WINDOWS\SYSTEM32\WINMM.dll
0x00007ffa88380000 - 0x00007ffa8838a000 	C:\WINDOWS\SYSTEM32\VERSION.dll
0x00007ffa89880000 - 0x00007ffa898ac000 	C:\WINDOWS\SYSTEM32\WINMMBASE.dll
0x00007ffa8bf40000 - 0x00007ffa8bf83000 	C:\WINDOWS\system32\cfgmgr32.dll
0x0000000053ef0000 - 0x0000000053eff000 	C:\Program Files\Java\jdk1.8.0_111\jre\bin\verify.dll
0x0000000053ec0000 - 0x0000000053ee9000 	C:\Program Files\Java\jdk1.8.0_111\jre\bin\java.dll
0x0000000053ea0000 - 0x0000000053eb6000 	C:\Program Files\Java\jdk1.8.0_111\jre\bin\zip.dll
0x00007ffa8c5f0000 - 0x00007ffa8db4c000 	C:\WINDOWS\system32\SHELL32.dll
0x00007ffa8b340000 - 0x00007ffa8b985000 	C:\WINDOWS\system32\windows.storage.dll
0x00007ffa8eb30000 - 0x00007ffa8eb82000 	C:\WINDOWS\system32\shlwapi.dll
0x00007ffa8b1b0000 - 0x00007ffa8b1bf000 	C:\WINDOWS\system32\kernel.appcore.dll
0x00007ffa8bc50000 - 0x00007ffa8bd05000 	C:\WINDOWS\system32\shcore.dll
0x00007ffa8b1f0000 - 0x00007ffa8b23b000 	C:\WINDOWS\system32\powrprof.dll
0x00007ffa8b1c0000 - 0x00007ffa8b1d4000 	C:\WINDOWS\system32\profapi.dll

VM Arguments:
jvm_args: -Djava.awt.headless=true -Xmx1024M -Dfile.encoding=windows-1252 -Duser.country=CA -Duser.language=en -Duser.variant 
java_command: com.android.dx.command.Main --dex --force-jumbo --num-threads=4 --multi-dex --output C:\Users\Hassen\Documents\Sirine\CPEN321-\proj\cpen321project\PlanMyTrip\app\build\intermediates\transforms\dex\debug\folders\1000\10\com.android.support-support-vector-drawable-24.1.0_de5c5dcc6f190f2a10bfab988a70963eabd8b1aa C:\Users\Hassen\Documents\Sirine\CPEN321-\proj\cpen321project\PlanMyTrip\app\build\intermediates\exploded-aar\com.android.support\support-vector-drawable\24.1.0\jars\classes.jar
java_class_path (initial): C:\Users\Hassen\AppData\Local\Android\sdk\build-tools\24.0.1\lib\dx.jar
Launcher Type: SUN_STANDARD

Environment Variables:
JAVA_HOME=C:\Program Files (x86)\Java\jdk1.7.0_79
PATH=C:\ProgramData\Oracle\Java\javapath;C:\Program Files (x86)\Common Files\NetSarang;C:\Program Files (x86)\Intel\iCLS Client\;C:\Program Files\Intel\iCLS Client\;C:\Windows\system32;C:\Windows;C:\Windows\System32\Wbem;C:\Windows\System32\WindowsPowerShell\v1.0\;C:\Program Files\Intel\WiFi\bin\;C:\Program Files\Common Files\Intel\WirelessCommon\;C:\Program Files\Intel\Intel(R) Management Engine Components\DAL;C:\Program Files\Intel\Intel(R) Management Engine Components\IPT;C:\Program Files (x86)\Intel\Intel(R) Management Engine Components\DAL;C:\Program Files (x86)\Intel\Intel(R) Management Engine Components\IPT;C:\Program Files\Acer\Remote Files\;C:\WINDOWS\system32;C:\WINDOWS;C:\WINDOWS\System32\Wbem;C:\WINDOWS\System32\WindowsPowerShell\v1.0\;C:\Program Files (x86)\Skype\Phone\;C:\Program Files (x86)\QuickTime\QTSystem\;C:\WINDOWS\system32;C:\WINDOWS;C:\WINDOWS\System32\Wbem;C:\WINDOWS\System32\WindowsPowerShell\v1.0\;%QUARTUS_ROOTDIR%\bin;C:\Program Files (x86)\apache-maven-3.3.9\bin;C:\Program Files (x86)\apache-maven-3.3.9\bin
USERNAME=Hassen
OS=Windows_NT
PROCESSOR_IDENTIFIER=Intel64 Family 6 Model 69 Stepping 1, GenuineIntel



---------------  S Y S T E M  ---------------

OS: Windows 10.0 , 64 bit Build 10586 (10.0.10586.589)

CPU:total 4 (2 cores per cpu, 2 threads per core) family 6 model 69 stepping 1, cmov, cx8, fxsr, mmx, sse, sse2, sse3, ssse3, sse4.1, sse4.2, popcnt, avx, avx2, aes, clmul, erms, lzcnt, ht, tsc, tscinvbit, bmi1, bmi2

Memory: 4k page, physical 8281368k(934888k free), swap 13090332k(5668k free)

vm_info: Java HotSpot(TM) 64-Bit Server VM (25.111-b14) for windows-amd64 JRE (1.8.0_111-b14), built on Sep 22 2016 19:24:05 by "java_re" with MS VC++ 10.0 (VS2010)

time: Thu Oct 27 12:28:15 2016
elapsed time: 5 seconds (0d 0h 0m 5s)

