#
# There is insufficient memory for the Java Runtime Environment to continue.
# Native memory allocation (malloc) failed to allocate 375376 bytes for Chunk::new
# Possible reasons:
#   The system is out of physical RAM or swap space
#   In 32 bit mode, the process size limit was hit
# Possible solutions:
#   Reduce memory load on the system
#   Increase physical memory or swap space
#   Check if swap backing store is full
#   Use 64 bit Java on a 64 bit OS
#   Decrease Java heap size (-Xmx/-Xms)
#   Decrease number of Java threads
#   Decrease Java thread stack sizes (-Xss)
#   Set larger code cache with -XX:ReservedCodeCacheSize=
# This output file may be truncated or incomplete.
#
#  Out of Memory Error (allocation.cpp:390), pid=2504, tid=0x0000000000001abc
#
# JRE version: Java(TM) SE Runtime Environment (8.0_111-b14) (build 1.8.0_111-b14)
# Java VM: Java HotSpot(TM) 64-Bit Server VM (25.111-b14 mixed mode windows-amd64 compressed oops)
# Failed to write core dump. Minidumps are not enabled by default on client versions of Windows
#

---------------  T H R E A D  ---------------

Current thread (0x000000001596d000):  JavaThread "C2 CompilerThread0" daemon [_thread_in_native, id=6844, stack(0x0000000016fa0000,0x00000000170a0000)]

Stack: [0x0000000016fa0000,0x00000000170a0000]
[error occurred during error reporting (printing stack bounds), id 0xc0000005]

Native frames: (J=compiled Java code, j=interpreted, Vv=VM code, C=native code)


Current CompileTask:
C2:  12344 2756       4       com.android.dx.rop.cst.CstBaseMethodRef::getPrototype (41 bytes)


---------------  P R O C E S S  ---------------

Java Threads: ( => current thread )
  0x00000000172e1000 JavaThread "pool-1-thread-1" [_thread_in_Java, id=220, stack(0x000000001a540000,0x000000001a640000)]
  0x00000000171ad800 JavaThread "Service Thread" daemon [_thread_blocked, id=10428, stack(0x00000000176a0000,0x00000000177a0000)]
  0x00000000159ce800 JavaThread "C1 CompilerThread2" daemon [_thread_blocked, id=10756, stack(0x00000000175a0000,0x00000000176a0000)]
  0x0000000015970000 JavaThread "C2 CompilerThread1" daemon [_thread_blocked, id=4968, stack(0x00000000170a0000,0x00000000171a0000)]
=>0x000000001596d000 JavaThread "C2 CompilerThread0" daemon [_thread_in_native, id=6844, stack(0x0000000016fa0000,0x00000000170a0000)]
  0x000000001596b000 JavaThread "Attach Listener" daemon [_thread_blocked, id=11668, stack(0x0000000016ea0000,0x0000000016fa0000)]
  0x000000000329e000 JavaThread "Signal Dispatcher" daemon [_thread_blocked, id=5776, stack(0x0000000016da0000,0x0000000016ea0000)]
  0x000000001595a000 JavaThread "Finalizer" daemon [_thread_blocked, id=8244, stack(0x0000000016bc0000,0x0000000016cc0000)]
  0x0000000015939000 JavaThread "Reference Handler" daemon [_thread_blocked, id=9552, stack(0x0000000016ac0000,0x0000000016bc0000)]
  0x000000000309d800 JavaThread "main" [_thread_blocked, id=6172, stack(0x00000000030a0000,0x00000000031a0000)]

Other Threads:
  0x0000000015937800 VMThread [stack: 0x00000000169c0000,0x0000000016ac0000] [id=5216]
  0x00000000171b2800 WatcherThread [stack: 0x00000000177a0000,0x00000000178a0000] [id=11676]

VM state:not at safepoint (normal execution)

VM Mutex/Monitor currently owned by a thread: None

Heap:
 PSYoungGen      total 138240K, used 39125K [0x00000000eab00000, 0x00000000f3700000, 0x0000000100000000)
  eden space 133120K, 25% used [0x00000000eab00000,0x00000000ecc367b0,0x00000000f2d00000)
  from space 5120K, 99% used [0x00000000f2d00000,0x00000000f31fec50,0x00000000f3200000)
  to   space 5120K, 0% used [0x00000000f3200000,0x00000000f3200000,0x00000000f3700000)
 ParOldGen       total 87552K, used 44155K [0x00000000c0000000, 0x00000000c5580000, 0x00000000eab00000)
  object space 87552K, 50% used [0x00000000c0000000,0x00000000c2b1ee80,0x00000000c5580000)
 Metaspace       used 7126K, capacity 7704K, committed 7936K, reserved 1056768K
  class space    used 666K, capacity 720K, committed 768K, reserved 1048576K

Card table byte_map: [0x0000000012660000,0x0000000012870000] byte_map_base: 0x0000000012060000

Marking Bits: (ParMarkBitMap*) 0x0000000052a7a6c0
 Begin Bits: [0x0000000012dd0000, 0x0000000013dd0000)
 End Bits:   [0x0000000013dd0000, 0x0000000014dd0000)

Polling page: 0x0000000002f00000

CodeCache: size=245760Kb used=12491Kb max_used=12491Kb free=233268Kb
 bounds [0x00000000032a0000, 0x0000000003ee0000, 0x00000000122a0000]
 total_blobs=2935 nmethods=2664 adapters=183
 compilation: enabled

Compilation events (10 events):
Event: 12.301 Thread 0x00000000159ce800 nmethod 2777 0x0000000003eca690 code [0x0000000003eca820, 0x0000000003ecaa78]
Event: 12.301 Thread 0x0000000015970000 nmethod 2778 0x0000000003edce10 code [0x0000000003edcf60, 0x0000000003edcff8]
Event: 12.301 Thread 0x0000000015970000 2779       4       com.android.dx.dex.code.InsnFormat::opcodeUnit (54 bytes)
Event: 12.302 Thread 0x0000000015970000 nmethod 2779 0x0000000003edb610 code [0x0000000003edb740, 0x0000000003edb7f8]
Event: 12.305 Thread 0x00000000159ce800 2780       3       com.android.dx.dex.code.form.Form22x::writeTo (31 bytes)
Event: 12.305 Thread 0x00000000159ce800 nmethod 2780 0x0000000003eda690 code [0x0000000003eda880, 0x0000000003edb228]
Event: 12.305 Thread 0x00000000159ce800 2781   !   3       com.android.dx.dex.file.CodeItem::writeCodes (50 bytes)
Event: 12.306 Thread 0x00000000159ce800 nmethod 2781 0x0000000003edbc90 code [0x0000000003edbea0, 0x0000000003edc8e8]
Event: 12.307 Thread 0x00000000159ce800 2782       3       com.android.dx.dex.code.form.Form10t::writeTo (22 bytes)
Event: 12.308 Thread 0x00000000159ce800 nmethod 2782 0x0000000003eddad0 code [0x0000000003eddca0, 0x0000000003ede498]

GC Heap History (10 events):
Event: 1.566 GC heap before
{Heap before GC invocations=1 (full 0):
 PSYoungGen      total 38400K, used 33280K [0x00000000eab00000, 0x00000000ed580000, 0x0000000100000000)
  eden space 33280K, 100% used [0x00000000eab00000,0x00000000ecb80000,0x00000000ecb80000)
  from space 5120K, 0% used [0x00000000ed080000,0x00000000ed080000,0x00000000ed580000)
  to   space 5120K, 0% used [0x00000000ecb80000,0x00000000ecb80000,0x00000000ed080000)
 ParOldGen       total 87552K, used 0K [0x00000000c0000000, 0x00000000c5580000, 0x00000000eab00000)
  object space 87552K, 0% used [0x00000000c0000000,0x00000000c0000000,0x00000000c5580000)
 Metaspace       used 6105K, capacity 6936K, committed 7168K, reserved 1056768K
  class space    used 623K, capacity 656K, committed 768K, reserved 1048576K
Event: 1.597 GC heap after
Heap after GC invocations=1 (full 0):
 PSYoungGen      total 38400K, used 5118K [0x00000000eab00000, 0x00000000ef600000, 0x0000000100000000)
  eden space 33280K, 0% used [0x00000000eab00000,0x00000000eab00000,0x00000000ecb80000)
  from space 5120K, 99% used [0x00000000ecb80000,0x00000000ed07f938,0x00000000ed080000)
  to   space 5120K, 0% used [0x00000000ef100000,0x00000000ef100000,0x00000000ef600000)
 ParOldGen       total 87552K, used 1067K [0x00000000c0000000, 0x00000000c5580000, 0x00000000eab00000)
  object space 87552K, 1% used [0x00000000c0000000,0x00000000c010ac38,0x00000000c5580000)
 Metaspace       used 6105K, capacity 6936K, committed 7168K, reserved 1056768K
  class space    used 623K, capacity 656K, committed 768K, reserved 1048576K
}
Event: 3.819 GC heap before
{Heap before GC invocations=2 (full 0):
 PSYoungGen      total 38400K, used 38398K [0x00000000eab00000, 0x00000000ef600000, 0x0000000100000000)
  eden space 33280K, 100% used [0x00000000eab00000,0x00000000ecb80000,0x00000000ecb80000)
  from space 5120K, 99% used [0x00000000ecb80000,0x00000000ed07f938,0x00000000ed080000)
  to   space 5120K, 0% used [0x00000000ef100000,0x00000000ef100000,0x00000000ef600000)
 ParOldGen       total 87552K, used 1067K [0x00000000c0000000, 0x00000000c5580000, 0x00000000eab00000)
  object space 87552K, 1% used [0x00000000c0000000,0x00000000c010ac38,0x00000000c5580000)
 Metaspace       used 6333K, capacity 7128K, committed 7424K, reserved 1056768K
  class space    used 624K, capacity 656K, committed 768K, reserved 1048576K
Event: 4.009 GC heap after
Heap after GC invocations=2 (full 0):
 PSYoungGen      total 71680K, used 5095K [0x00000000eab00000, 0x00000000ef600000, 0x0000000100000000)
  eden space 66560K, 0% used [0x00000000eab00000,0x00000000eab00000,0x00000000eec00000)
  from space 5120K, 99% used [0x00000000ef100000,0x00000000ef5f9e30,0x00000000ef600000)
  to   space 5120K, 0% used [0x00000000eec00000,0x00000000eec00000,0x00000000ef100000)
 ParOldGen       total 87552K, used 4890K [0x00000000c0000000, 0x00000000c5580000, 0x00000000eab00000)
  object space 87552K, 5% used [0x00000000c0000000,0x00000000c04c69c8,0x00000000c5580000)
 Metaspace       used 6333K, capacity 7128K, committed 7424K, reserved 1056768K
  class space    used 624K, capacity 656K, committed 768K, reserved 1048576K
}
Event: 6.904 GC heap before
{Heap before GC invocations=3 (full 0):
 PSYoungGen      total 71680K, used 71655K [0x00000000eab00000, 0x00000000ef600000, 0x0000000100000000)
  eden space 66560K, 100% used [0x00000000eab00000,0x00000000eec00000,0x00000000eec00000)
  from space 5120K, 99% used [0x00000000ef100000,0x00000000ef5f9e30,0x00000000ef600000)
  to   space 5120K, 0% used [0x00000000eec00000,0x00000000eec00000,0x00000000ef100000)
 ParOldGen       total 87552K, used 4890K [0x00000000c0000000, 0x00000000c5580000, 0x00000000eab00000)
  object space 87552K, 5% used [0x00000000c0000000,0x00000000c04c69c8,0x00000000c5580000)
 Metaspace       used 6418K, capacity 7192K, committed 7424K, reserved 1056768K
  class space    used 625K, capacity 656K, committed 768K, reserved 1048576K
Event: 6.977 GC heap after
Heap after GC invocations=3 (full 0):
 PSYoungGen      total 71680K, used 5115K [0x00000000eab00000, 0x00000000f3700000, 0x0000000100000000)
  eden space 66560K, 0% used [0x00000000eab00000,0x00000000eab00000,0x00000000eec00000)
  from space 5120K, 99% used [0x00000000eec00000,0x00000000ef0fec68,0x00000000ef100000)
  to   space 5120K, 0% used [0x00000000f3200000,0x00000000f3200000,0x00000000f3700000)
 ParOldGen       total 87552K, used 15222K [0x00000000c0000000, 0x00000000c5580000, 0x00000000eab00000)
  object space 87552K, 17% used [0x00000000c0000000,0x00000000c0edda30,0x00000000c5580000)
 Metaspace       used 6418K, capacity 7192K, committed 7424K, reserved 1056768K
  class space    used 625K, capacity 656K, committed 768K, reserved 1048576K
}
Event: 7.677 GC heap before
{Heap before GC invocations=4 (full 0):
 PSYoungGen      total 71680K, used 71675K [0x00000000eab00000, 0x00000000f3700000, 0x0000000100000000)
  eden space 66560K, 100% used [0x00000000eab00000,0x00000000eec00000,0x00000000eec00000)
  from space 5120K, 99% used [0x00000000eec00000,0x00000000ef0fec68,0x00000000ef100000)
  to   space 5120K, 0% used [0x00000000f3200000,0x00000000f3200000,0x00000000f3700000)
 ParOldGen       total 87552K, used 15222K [0x00000000c0000000, 0x00000000c5580000, 0x00000000eab00000)
  object space 87552K, 17% used [0x00000000c0000000,0x00000000c0edda30,0x00000000c5580000)
 Metaspace       used 6538K, capacity 7224K, committed 7424K, reserved 1056768K
  class space    used 644K, capacity 688K, committed 768K, reserved 1048576K
Event: 7.706 GC heap after
Heap after GC invocations=4 (full 0):
 PSYoungGen      total 138240K, used 5116K [0x00000000eab00000, 0x00000000f3700000, 0x0000000100000000)
  eden space 133120K, 0% used [0x00000000eab00000,0x00000000eab00000,0x00000000f2d00000)
  from space 5120K, 99% used [0x00000000f3200000,0x00000000f36ff2b8,0x00000000f3700000)
  to   space 5120K, 0% used [0x00000000f2d00000,0x00000000f2d00000,0x00000000f3200000)
 ParOldGen       total 87552K, used 24745K [0x00000000c0000000, 0x00000000c5580000, 0x00000000eab00000)
  object space 87552K, 28% used [0x00000000c0000000,0x00000000c182a6e0,0x00000000c5580000)
 Metaspace       used 6538K, capacity 7224K, committed 7424K, reserved 1056768K
  class space    used 644K, capacity 688K, committed 768K, reserved 1048576K
}
Event: 9.951 GC heap before
{Heap before GC invocations=5 (full 0):
 PSYoungGen      total 138240K, used 138236K [0x00000000eab00000, 0x00000000f3700000, 0x0000000100000000)
  eden space 133120K, 100% used [0x00000000eab00000,0x00000000f2d00000,0x00000000f2d00000)
  from space 5120K, 99% used [0x00000000f3200000,0x00000000f36ff2b8,0x00000000f3700000)
  to   space 5120K, 0% used [0x00000000f2d00000,0x00000000f2d00000,0x00000000f3200000)
 ParOldGen       total 87552K, used 24745K [0x00000000c0000000, 0x00000000c5580000, 0x00000000eab00000)
  object space 87552K, 28% used [0x00000000c0000000,0x00000000c182a6e0,0x00000000c5580000)
 Metaspace       used 6649K, capacity 7288K, committed 7424K, reserved 1056768K
  class space    used 644K, capacity 688K, committed 768K, reserved 1048576K
Event: 10.132 GC heap after
Heap after GC invocations=5 (full 0):
 PSYoungGen      total 138240K, used 5115K [0x00000000eab00000, 0x00000000f3700000, 0x0000000100000000)
  eden space 133120K, 0% used [0x00000000eab00000,0x00000000eab00000,0x00000000f2d00000)
  from space 5120K, 99% used [0x00000000f2d00000,0x00000000f31fec50,0x00000000f3200000)
  to   space 5120K, 0% used [0x00000000f3200000,0x00000000f3200000,0x00000000f3700000)
 ParOldGen       total 87552K, used 44155K [0x00000000c0000000, 0x00000000c5580000, 0x00000000eab00000)
  object space 87552K, 50% used [0x00000000c0000000,0x00000000c2b1ee80,0x00000000c5580000)
 Metaspace       used 6649K, capacity 7288K, committed 7424K, reserved 1056768K
  class space    used 644K, capacity 688K, committed 768K, reserved 1048576K
}

Deoptimization events (10 events):
Event: 10.783 Thread 0x00000000172e1000 Uncommon trap: reason=speculate_class_check action=maybe_recompile pc=0x00000000035f34fc method=com.android.dx.util.FixedSizeList.equals(Ljava/lang/Object;)Z @ 25
Event: 10.783 Thread 0x00000000172e1000 Uncommon trap: reason=unstable_if action=reinterpret pc=0x00000000035e1b74 method=java.util.Arrays.equals([Ljava/lang/Object;[Ljava/lang/Object;)Z @ 23
Event: 10.885 Thread 0x00000000172e1000 Uncommon trap: reason=speculate_class_check action=maybe_recompile pc=0x00000000035f34fc method=com.android.dx.util.FixedSizeList.equals(Ljava/lang/Object;)Z @ 25
Event: 10.885 Thread 0x00000000172e1000 Uncommon trap: reason=speculate_class_check action=maybe_recompile pc=0x00000000035f34fc method=com.android.dx.util.FixedSizeList.equals(Ljava/lang/Object;)Z @ 25
Event: 10.885 Thread 0x00000000172e1000 Uncommon trap: reason=speculate_class_check action=maybe_recompile pc=0x00000000035f34fc method=com.android.dx.util.FixedSizeList.equals(Ljava/lang/Object;)Z @ 25
Event: 10.982 Thread 0x00000000172e1000 Uncommon trap: reason=unstable_if action=reinterpret pc=0x0000000003aa228c method=java.util.TreeMap.put(Ljava/lang/Object;Ljava/lang/Object;)Ljava/lang/Object; @ 163
Event: 10.996 Thread 0x00000000172e1000 Uncommon trap: reason=unstable_if action=reinterpret pc=0x0000000003d47fc8 method=com.android.dx.rop.code.RegisterSpec.matchesVariable(Lcom/android/dx/rop/code/RegisterSpec;)Z @ 59
Event: 11.542 Thread 0x00000000172e1000 Uncommon trap: reason=unstable_if action=reinterpret pc=0x0000000003d45938 method=java.util.ArrayList.<init>(I)V @ 5
Event: 11.904 Thread 0x00000000172e1000 Uncommon trap: reason=unstable_if action=reinterpret pc=0x00000000035bcbfc method=java.lang.Long.numberOfTrailingZeros(J)I @ 3
Event: 12.060 Thread 0x00000000172e1000 Uncommon trap: reason=unstable_if action=reinterpret pc=0x0000000003de96c4 method=com.android.dx.util.ByteArrayAnnotatedOutput.writeByte(I)V @ 13

Internal exceptions (6 events):
Event: 0.118 Thread 0x000000000309d800 Exception <a 'java/lang/NoSuchMethodError': Method sun.misc.Unsafe.defineClass(Ljava/lang/String;[BII)Ljava/lang/Class; name or signature does not match> (0x00000000eab07c78) thrown at [C:\re\workspace\8-2-build-windows-amd64-cygwin\jdk8u111\7883\hotspot\
Event: 0.118 Thread 0x000000000309d800 Exception <a 'java/lang/NoSuchMethodError': Method sun.misc.Unsafe.prefetchRead(Ljava/lang/Object;J)V name or signature does not match> (0x00000000eab07f60) thrown at [C:\re\workspace\8-2-build-windows-amd64-cygwin\jdk8u111\7883\hotspot\src\share\vm\prims
Event: 3.632 Thread 0x00000000174cb800 Implicit null exception at 0x000000000359f832 to 0x00000000035a1581
Event: 7.499 Thread 0x00000000174ca800 Exception <a 'java/lang/ArrayIndexOutOfBoundsException': 18> (0x00000000ed50a248) thrown at [C:\re\workspace\8-2-build-windows-amd64-cygwin\jdk8u111\7883\hotspot\src\share\vm\interpreter\interpreterRuntime.cpp, line 366]
Event: 7.500 Thread 0x00000000174ca800 Exception <a 'java/lang/ArrayIndexOutOfBoundsException'> (0x00000000ed50bdc8) thrown at [C:\re\workspace\8-2-build-windows-amd64-cygwin\jdk8u111\7883\hotspot\src\share\vm\runtime\sharedRuntime.cpp, line 605]
Event: 7.502 Thread 0x00000000174ca800 Exception <a 'java/lang/ArrayIndexOutOfBoundsException'> (0x00000000ed50d0b0) thrown at [C:\re\workspace\8-2-build-windows-amd64-cygwin\jdk8u111\7883\hotspot\src\share\vm\runtime\sharedRuntime.cpp, line 605]

Events (10 events):
Event: 11.904 Thread 0x00000000172e1000 Uncommon trap: trap_request=0xffffff65 fr.pc=0x00000000035bcbfc
Event: 11.904 Thread 0x00000000172e1000 DEOPT PACKING pc=0x00000000035bcbfc sp=0x000000001a63ef20
Event: 11.904 Thread 0x00000000172e1000 DEOPT UNPACKING pc=0x00000000032e582a sp=0x000000001a63eeb0 mode 2
Event: 12.041 loading class com/android/dx/dex/file/MapItem
Event: 12.041 loading class com/android/dx/dex/file/MapItem done
Event: 12.052 loading class com/android/dex/DexFormat
Event: 12.052 loading class com/android/dex/DexFormat done
Event: 12.060 Thread 0x00000000172e1000 Uncommon trap: trap_request=0xffffff65 fr.pc=0x0000000003de96c4
Event: 12.060 Thread 0x00000000172e1000 DEOPT PACKING pc=0x0000000003de96c4 sp=0x000000001a63f0b0
Event: 12.060 Thread 0x00000000172e1000 DEOPT UNPACKING pc=0x00000000032e582a sp=0x000000001a63f068 mode 2


Dynamic libraries:
0x00007ff7d0e50000 - 0x00007ff7d0e87000 	C:\Program Files\Java\jdk1.8.0_111\bin\java.exe
0x00007ffa8eb90000 - 0x00007ffa8ed51000 	C:\WINDOWS\SYSTEM32\ntdll.dll
0x00007ffa8e040000 - 0x00007ffa8e0ed000 	C:\WINDOWS\system32\KERNEL32.DLL
0x00007ffa8ba60000 - 0x00007ffa8bc48000 	C:\WINDOWS\system32\KERNELBASE.dll
0x00007ffa8df90000 - 0x00007ffa8e037000 	C:\WINDOWS\system32\ADVAPI32.dll
0x00007ffa8e670000 - 0x00007ffa8e70d000 	C:\WINDOWS\system32\msvcrt.dll
0x00007ffa8db50000 - 0x00007ffa8dbab000 	C:\WINDOWS\system32\sechost.dll
0x00007ffa8c0e0000 - 0x00007ffa8c1fc000 	C:\WINDOWS\system32\RPCRT4.dll
0x00007ffa8c490000 - 0x00007ffa8c5e6000 	C:\WINDOWS\system32\USER32.dll
0x00007ffa8c240000 - 0x00007ffa8c3c6000 	C:\WINDOWS\system32\GDI32.dll
0x00007ffa7e220000 - 0x00007ffa7e494000 	C:\WINDOWS\WinSxS\amd64_microsoft.windows.common-controls_6595b64144ccf1df_6.0.10586.589_none_a2ddb3caa539acce\COMCTL32.dll
0x00007ffa8dbb0000 - 0x00007ffa8de2d000 	C:\WINDOWS\system32\combase.dll
0x00007ffa8b2d0000 - 0x00007ffa8b33a000 	C:\WINDOWS\system32\bcryptPrimitives.dll
0x00007ffa8c200000 - 0x00007ffa8c23b000 	C:\WINDOWS\system32\IMM32.DLL
0x0000000053f00000 - 0x0000000053fd2000 	C:\Program Files\Java\jdk1.8.0_111\jre\bin\msvcr100.dll
0x0000000052260000 - 0x0000000052afa000 	C:\Program Files\Java\jdk1.8.0_111\jre\bin\server\jvm.dll
0x00007ffa8e820000 - 0x00007ffa8e828000 	C:\WINDOWS\system32\PSAPI.DLL
0x00007ffa7dda0000 - 0x00007ffa7dda9000 	C:\WINDOWS\SYSTEM32\WSOCK32.dll
0x00007ffa898b0000 - 0x00007ffa898d3000 	C:\WINDOWS\SYSTEM32\WINMM.dll
0x00007ffa8bf90000 - 0x00007ffa8bffb000 	C:\WINDOWS\system32\WS2_32.dll
0x00007ffa88380000 - 0x00007ffa8838a000 	C:\WINDOWS\SYSTEM32\VERSION.dll
0x00007ffa89880000 - 0x00007ffa898ac000 	C:\WINDOWS\SYSTEM32\WINMMBASE.dll
0x00007ffa8bf40000 - 0x00007ffa8bf83000 	C:\WINDOWS\system32\cfgmgr32.dll
0x0000000053ef0000 - 0x0000000053eff000 	C:\Program Files\Java\jdk1.8.0_111\jre\bin\verify.dll
0x0000000053ec0000 - 0x0000000053ee9000 	C:\Program Files\Java\jdk1.8.0_111\jre\bin\java.dll
0x0000000053ea0000 - 0x0000000053eb6000 	C:\Program Files\Java\jdk1.8.0_111\jre\bin\zip.dll
0x00007ffa8c5f0000 - 0x00007ffa8db4c000 	C:\WINDOWS\system32\SHELL32.dll
0x00007ffa8b340000 - 0x00007ffa8b985000 	C:\WINDOWS\system32\windows.storage.dll
0x00007ffa8eb30000 - 0x00007ffa8eb82000 	C:\WINDOWS\system32\shlwapi.dll
0x00007ffa8b1b0000 - 0x00007ffa8b1bf000 	C:\WINDOWS\system32\kernel.appcore.dll
0x00007ffa8bc50000 - 0x00007ffa8bd05000 	C:\WINDOWS\system32\shcore.dll
0x00007ffa8b1f0000 - 0x00007ffa8b23b000 	C:\WINDOWS\system32\powrprof.dll
0x00007ffa8b1c0000 - 0x00007ffa8b1d4000 	C:\WINDOWS\system32\profapi.dll

VM Arguments:
jvm_args: -Djava.awt.headless=true -Xmx1024M -Dfile.encoding=windows-1252 -Duser.country=CA -Duser.language=en -Duser.variant 
java_command: com.android.dx.command.Main --dex --force-jumbo --num-threads=4 --multi-dex --output C:\Users\Hassen\Documents\Sirine\CPEN321-\proj\cpen321project\PlanMyTrip\app\build\intermediates\transforms\dex\debug\folders\1000\10\com.android.support-appcompat-v7-24.1.0_fa588e9d5f8894251753fe3e4045bb80322aba35 C:\Users\Hassen\Documents\Sirine\CPEN321-\proj\cpen321project\PlanMyTrip\app\build\intermediates\exploded-aar\com.android.support\appcompat-v7\24.1.0\jars\classes.jar
java_class_path (initial): C:\Users\Hassen\AppData\Local\Android\sdk\build-tools\24.0.1\lib\dx.jar
Launcher Type: SUN_STANDARD

Environment Variables:
JAVA_HOME=C:\Program Files (x86)\Java\jdk1.7.0_79
PATH=C:\ProgramData\Oracle\Java\javapath;C:\Program Files (x86)\Common Files\NetSarang;C:\Program Files (x86)\Intel\iCLS Client\;C:\Program Files\Intel\iCLS Client\;C:\Windows\system32;C:\Windows;C:\Windows\System32\Wbem;C:\Windows\System32\WindowsPowerShell\v1.0\;C:\Program Files\Intel\WiFi\bin\;C:\Program Files\Common Files\Intel\WirelessCommon\;C:\Program Files\Intel\Intel(R) Management Engine Components\DAL;C:\Program Files\Intel\Intel(R) Management Engine Components\IPT;C:\Program Files (x86)\Intel\Intel(R) Management Engine Components\DAL;C:\Program Files (x86)\Intel\Intel(R) Management Engine Components\IPT;C:\Program Files\Acer\Remote Files\;C:\WINDOWS\system32;C:\WINDOWS;C:\WINDOWS\System32\Wbem;C:\WINDOWS\System32\WindowsPowerShell\v1.0\;C:\Program Files (x86)\Skype\Phone\;C:\Program Files (x86)\QuickTime\QTSystem\;C:\WINDOWS\system32;C:\WINDOWS;C:\WINDOWS\System32\Wbem;C:\WINDOWS\System32\WindowsPowerShell\v1.0\;%QUARTUS_ROOTDIR%\bin;C:\Program Files (x86)\apache-maven-3.3.9\bin;C:\Program Files (x86)\apache-maven-3.3.9\bin
USERNAME=Hassen
OS=Windows_NT
PROCESSOR_IDENTIFIER=Intel64 Family 6 Model 69 Stepping 1, GenuineIntel



---------------  S Y S T E M  ---------------

OS: Windows 10.0 , 64 bit Build 10586 (10.0.10586.589)

CPU:total 4 (2 cores per cpu, 2 threads per core) family 6 model 69 stepping 1, cmov, cx8, fxsr, mmx, sse, sse2, sse3, ssse3, sse4.1, sse4.2, popcnt, avx, avx2, aes, clmul, erms, lzcnt, ht, tsc, tscinvbit, bmi1, bmi2

Memory: 4k page, physical 8281368k(679764k free), swap 13045512k(5288k free)

vm_info: Java HotSpot(TM) 64-Bit Server VM (25.111-b14) for windows-amd64 JRE (1.8.0_111-b14), built on Sep 22 2016 19:24:05 by "java_re" with MS VC++ 10.0 (VS2010)

time: Thu Oct 27 13:10:47 2016
elapsed time: 12 seconds (0d 0h 0m 12s)

