#
# There is insufficient memory for the Java Runtime Environment to continue.
# Native memory allocation (malloc) failed to allocate 845776 bytes for Chunk::new
# Possible reasons:
#   The system is out of physical RAM or swap space
#   In 32 bit mode, the process size limit was hit
# Possible solutions:
#   Reduce memory load on the system
#   Increase physical memory or swap space
#   Check if swap backing store is full
#   Use 64 bit Java on a 64 bit OS
#   Decrease Java heap size (-Xmx/-Xms)
#   Decrease number of Java threads
#   Decrease Java thread stack sizes (-Xss)
#   Set larger code cache with -XX:ReservedCodeCacheSize=
# This output file may be truncated or incomplete.
#
#  Out of Memory Error (allocation.cpp:390), pid=5448, tid=0x0000000000001798
#
# JRE version: Java(TM) SE Runtime Environment (8.0_111-b14) (build 1.8.0_111-b14)
# Java VM: Java HotSpot(TM) 64-Bit Server VM (25.111-b14 mixed mode windows-amd64 compressed oops)
# Failed to write core dump. Minidumps are not enabled by default on client versions of Windows
#

---------------  T H R E A D  ---------------

Current thread (0x00000000155f0000):  JavaThread "C2 CompilerThread1" daemon [_thread_in_native, id=6040, stack(0x0000000016d40000,0x0000000016e40000)]

Stack: [0x0000000016d40000,0x0000000016e40000]
[error occurred during error reporting (printing stack bounds), id 0xc0000005]

Native frames: (J=compiled Java code, j=interpreted, Vv=VM code, C=native code)


Current CompileTask:
C2:  18181 1936       4       com.android.dx.rop.code.Rops::ropFor (771 bytes)


---------------  P R O C E S S  ---------------

Java Threads: ( => current thread )
  0x000000001710a000 JavaThread "pool-1-thread-1" [_thread_in_Java, id=9712, stack(0x000000001a1e0000,0x000000001a2e0000)]
  0x0000000016e45800 JavaThread "Service Thread" daemon [_thread_blocked, id=4004, stack(0x0000000017340000,0x0000000017440000)]
  0x000000001564e800 JavaThread "C1 CompilerThread2" daemon [_thread_blocked, id=11580, stack(0x0000000017240000,0x0000000017340000)]
=>0x00000000155f0000 JavaThread "C2 CompilerThread1" daemon [_thread_in_native, id=6040, stack(0x0000000016d40000,0x0000000016e40000)]
  0x00000000155ed000 JavaThread "C2 CompilerThread0" daemon [_thread_in_native, id=13000, stack(0x0000000016c40000,0x0000000016d40000)]
  0x00000000155eb000 JavaThread "Attach Listener" daemon [_thread_blocked, id=4304, stack(0x0000000016b40000,0x0000000016c40000)]
  0x00000000155ea000 JavaThread "Signal Dispatcher" daemon [_thread_blocked, id=5536, stack(0x0000000016a40000,0x0000000016b40000)]
  0x00000000155da000 JavaThread "Finalizer" daemon [_thread_blocked, id=84, stack(0x0000000016860000,0x0000000016960000)]
  0x00000000155b9000 JavaThread "Reference Handler" daemon [_thread_blocked, id=484, stack(0x0000000016760000,0x0000000016860000)]
  0x0000000002e1d800 JavaThread "main" [_thread_blocked, id=12456, stack(0x0000000002cf0000,0x0000000002df0000)]

Other Threads:
  0x00000000155b7800 VMThread [stack: 0x0000000016660000,0x0000000016760000] [id=13092]
  0x0000000016e51800 WatcherThread [stack: 0x0000000017440000,0x0000000017540000] [id=3696]

VM state:not at safepoint (normal execution)

VM Mutex/Monitor currently owned by a thread: None

Heap:
 PSYoungGen      total 285184K, used 67205K [0x00000000eab00000, 0x00000000ff800000, 0x0000000100000000)
  eden space 253952K, 14% used [0x00000000eab00000,0x00000000ece26568,0x00000000fa300000)
  from space 31232K, 99% used [0x00000000fc980000,0x00000000fe7faec8,0x00000000fe800000)
  to   space 39424K, 0% used [0x00000000fa300000,0x00000000fa300000,0x00000000fc980000)
 ParOldGen       total 87552K, used 48028K [0x00000000c0000000, 0x00000000c5580000, 0x00000000eab00000)
  object space 87552K, 54% used [0x00000000c0000000,0x00000000c2ee71b0,0x00000000c5580000)
 Metaspace       used 6887K, capacity 7480K, committed 7680K, reserved 1056768K
  class space    used 658K, capacity 688K, committed 768K, reserved 1048576K

Card table byte_map: [0x00000000122e0000,0x00000000124f0000] byte_map_base: 0x0000000011ce0000

Marking Bits: (ParMarkBitMap*) 0x000000005b1fa6c0
 Begin Bits: [0x0000000012a50000, 0x0000000013a50000)
 End Bits:   [0x0000000013a50000, 0x0000000014a50000)

Polling page: 0x0000000001110000

CodeCache: size=245760Kb used=9443Kb max_used=9443Kb free=236316Kb
 bounds [0x0000000002f20000, 0x0000000003860000, 0x0000000011f20000]
 total_blobs=2586 nmethods=2316 adapters=182
 compilation: enabled

Compilation events (10 events):
Event: 18.129 Thread 0x000000001564e800 2417       2       com.android.dx.dex.code.LocalList$MakeState::snapshot (110 bytes)
Event: 18.131 Thread 0x000000001564e800 nmethod 2417 0x000000000385d8d0 code [0x000000000385dae0, 0x000000000385e178]
Event: 18.131 Thread 0x000000001564e800 2418       2       com.android.dx.rop.code.RegisterSpecSet::getMaxSize (6 bytes)
Event: 18.131 Thread 0x000000001564e800 nmethod 2418 0x000000000385e910 code [0x000000000385ea60, 0x000000000385ebb0]
Event: 18.131 Thread 0x000000001564e800 2419       2       com.android.dx.rop.code.BasicBlock::canThrow (11 bytes)
Event: 18.131 Thread 0x000000001564e800 nmethod 2419 0x000000000385ec50 code [0x000000000385edc0, 0x000000000385efd8]
Event: 18.131 Thread 0x000000001564e800 2420       2       com.android.dx.rop.code.RegisterSpec::isCategory2 (13 bytes)
Event: 18.131 Thread 0x000000001564e800 nmethod 2420 0x000000000385f1d0 code [0x000000000385f340, 0x000000000385f4d8]
Event: 18.131 Thread 0x000000001564e800 2421       2       com.android.dx.dex.code.FixedSizeInsn::codeSize (11 bytes)
Event: 18.131 Thread 0x000000001564e800 nmethod 2421 0x000000000385f5d0 code [0x000000000385f740, 0x000000000385f8c8]

GC Heap History (10 events):
Event: 13.508 GC heap before
{Heap before GC invocations=4 (full 0):
 PSYoungGen      total 38400K, used 38386K [0x00000000eab00000, 0x00000000ef600000, 0x0000000100000000)
  eden space 33280K, 100% used [0x00000000eab00000,0x00000000ecb80000,0x00000000ecb80000)
  from space 5120K, 99% used [0x00000000ecb80000,0x00000000ed07ca68,0x00000000ed080000)
  to   space 5120K, 0% used [0x00000000ef100000,0x00000000ef100000,0x00000000ef600000)
 ParOldGen       total 87552K, used 9004K [0x00000000c0000000, 0x00000000c5580000, 0x00000000eab00000)
  object space 87552K, 10% used [0x00000000c0000000,0x00000000c08cb3a0,0x00000000c5580000)
 Metaspace       used 6387K, capacity 7192K, committed 7424K, reserved 1056768K
  class space    used 624K, capacity 656K, committed 768K, reserved 1048576K
Event: 13.576 GC heap after
Heap after GC invocations=4 (full 0):
 PSYoungGen      total 71680K, used 5097K [0x00000000eab00000, 0x00000000ef600000, 0x0000000100000000)
  eden space 66560K, 0% used [0x00000000eab00000,0x00000000eab00000,0x00000000eec00000)
  from space 5120K, 99% used [0x00000000ef100000,0x00000000ef5fa438,0x00000000ef600000)
  to   space 5120K, 0% used [0x00000000eec00000,0x00000000eec00000,0x00000000ef100000)
 ParOldGen       total 87552K, used 14624K [0x00000000c0000000, 0x00000000c5580000, 0x00000000eab00000)
  object space 87552K, 16% used [0x00000000c0000000,0x00000000c0e48008,0x00000000c5580000)
 Metaspace       used 6387K, capacity 7192K, committed 7424K, reserved 1056768K
  class space    used 624K, capacity 656K, committed 768K, reserved 1048576K
}
Event: 14.276 GC heap before
{Heap before GC invocations=5 (full 0):
 PSYoungGen      total 71680K, used 71657K [0x00000000eab00000, 0x00000000ef600000, 0x0000000100000000)
  eden space 66560K, 100% used [0x00000000eab00000,0x00000000eec00000,0x00000000eec00000)
  from space 5120K, 99% used [0x00000000ef100000,0x00000000ef5fa438,0x00000000ef600000)
  to   space 5120K, 0% used [0x00000000eec00000,0x00000000eec00000,0x00000000ef100000)
 ParOldGen       total 87552K, used 14624K [0x00000000c0000000, 0x00000000c5580000, 0x00000000eab00000)
  object space 87552K, 16% used [0x00000000c0000000,0x00000000c0e48008,0x00000000c5580000)
 Metaspace       used 6461K, capacity 7192K, committed 7424K, reserved 1056768K
  class space    used 624K, capacity 656K, committed 768K, reserved 1048576K
Event: 14.309 GC heap after
Heap after GC invocations=5 (full 0):
 PSYoungGen      total 71680K, used 5089K [0x00000000eab00000, 0x00000000f4f00000, 0x0000000100000000)
  eden space 66560K, 0% used [0x00000000eab00000,0x00000000eab00000,0x00000000eec00000)
  from space 5120K, 99% used [0x00000000eec00000,0x00000000ef0f8788,0x00000000ef100000)
  to   space 17408K, 0% used [0x00000000f3e00000,0x00000000f3e00000,0x00000000f4f00000)
 ParOldGen       total 87552K, used 24729K [0x00000000c0000000, 0x00000000c5580000, 0x00000000eab00000)
  object space 87552K, 28% used [0x00000000c0000000,0x00000000c1826778,0x00000000c5580000)
 Metaspace       used 6461K, capacity 7192K, committed 7424K, reserved 1056768K
  class space    used 624K, capacity 656K, committed 768K, reserved 1048576K
}
Event: 14.674 GC heap before
{Heap before GC invocations=6 (full 0):
 PSYoungGen      total 71680K, used 71649K [0x00000000eab00000, 0x00000000f4f00000, 0x0000000100000000)
  eden space 66560K, 100% used [0x00000000eab00000,0x00000000eec00000,0x00000000eec00000)
  from space 5120K, 99% used [0x00000000eec00000,0x00000000ef0f8788,0x00000000ef100000)
  to   space 17408K, 0% used [0x00000000f3e00000,0x00000000f3e00000,0x00000000f4f00000)
 ParOldGen       total 87552K, used 24729K [0x00000000c0000000, 0x00000000c5580000, 0x00000000eab00000)
  object space 87552K, 28% used [0x00000000c0000000,0x00000000c1826778,0x00000000c5580000)
 Metaspace       used 6511K, capacity 7256K, committed 7424K, reserved 1056768K
  class space    used 624K, capacity 656K, committed 768K, reserved 1048576K
Event: 14.731 GC heap after
Heap after GC invocations=6 (full 0):
 PSYoungGen      total 148480K, used 16232K [0x00000000eab00000, 0x00000000f5300000, 0x0000000100000000)
  eden space 131072K, 0% used [0x00000000eab00000,0x00000000eab00000,0x00000000f2b00000)
  from space 17408K, 93% used [0x00000000f3e00000,0x00000000f4dda2f0,0x00000000f4f00000)
  to   space 19456K, 0% used [0x00000000f2b00000,0x00000000f2b00000,0x00000000f3e00000)
 ParOldGen       total 87552K, used 24737K [0x00000000c0000000, 0x00000000c5580000, 0x00000000eab00000)
  object space 87552K, 28% used [0x00000000c0000000,0x00000000c1828778,0x00000000c5580000)
 Metaspace       used 6511K, capacity 7256K, committed 7424K, reserved 1056768K
  class space    used 624K, capacity 656K, committed 768K, reserved 1048576K
}
Event: 15.573 GC heap before
{Heap before GC invocations=7 (full 0):
 PSYoungGen      total 148480K, used 147304K [0x00000000eab00000, 0x00000000f5300000, 0x0000000100000000)
  eden space 131072K, 100% used [0x00000000eab00000,0x00000000f2b00000,0x00000000f2b00000)
  from space 17408K, 93% used [0x00000000f3e00000,0x00000000f4dda2f0,0x00000000f4f00000)
  to   space 19456K, 0% used [0x00000000f2b00000,0x00000000f2b00000,0x00000000f3e00000)
 ParOldGen       total 87552K, used 24737K [0x00000000c0000000, 0x00000000c5580000, 0x00000000eab00000)
  object space 87552K, 28% used [0x00000000c0000000,0x00000000c1828778,0x00000000c5580000)
 Metaspace       used 6679K, capacity 7288K, committed 7424K, reserved 1056768K
  class space    used 643K, capacity 688K, committed 768K, reserved 1048576K
Event: 15.684 GC heap after
Heap after GC invocations=7 (full 0):
 PSYoungGen      total 150528K, used 19446K [0x00000000eab00000, 0x00000000fe800000, 0x0000000100000000)
  eden space 131072K, 0% used [0x00000000eab00000,0x00000000eab00000,0x00000000f2b00000)
  from space 19456K, 99% used [0x00000000f2b00000,0x00000000f3dfdb90,0x00000000f3e00000)
  to   space 31232K, 0% used [0x00000000fc980000,0x00000000fc980000,0x00000000fe800000)
 ParOldGen       total 87552K, used 41414K [0x00000000c0000000, 0x00000000c5580000, 0x00000000eab00000)
  object space 87552K, 47% used [0x00000000c0000000,0x00000000c28718d0,0x00000000c5580000)
 Metaspace       used 6679K, capacity 7288K, committed 7424K, reserved 1056768K
  class space    used 643K, capacity 688K, committed 768K, reserved 1048576K
}
Event: 16.493 GC heap before
{Heap before GC invocations=8 (full 0):
 PSYoungGen      total 150528K, used 150518K [0x00000000eab00000, 0x00000000fe800000, 0x0000000100000000)
  eden space 131072K, 100% used [0x00000000eab00000,0x00000000f2b00000,0x00000000f2b00000)
  from space 19456K, 99% used [0x00000000f2b00000,0x00000000f3dfdb90,0x00000000f3e00000)
  to   space 31232K, 0% used [0x00000000fc980000,0x00000000fc980000,0x00000000fe800000)
 ParOldGen       total 87552K, used 41414K [0x00000000c0000000, 0x00000000c5580000, 0x00000000eab00000)
  object space 87552K, 47% used [0x00000000c0000000,0x00000000c28718d0,0x00000000c5580000)
 Metaspace       used 6695K, capacity 7288K, committed 7424K, reserved 1056768K
  class space    used 645K, capacity 688K, committed 768K, reserved 1048576K
Event: 16.610 GC heap after
Heap after GC invocations=8 (full 0):
 PSYoungGen      total 285184K, used 31211K [0x00000000eab00000, 0x00000000ff800000, 0x0000000100000000)
  eden space 253952K, 0% used [0x00000000eab00000,0x00000000eab00000,0x00000000fa300000)
  from space 31232K, 99% used [0x00000000fc980000,0x00000000fe7faec8,0x00000000fe800000)
  to   space 39424K, 0% used [0x00000000fa300000,0x00000000fa300000,0x00000000fc980000)
 ParOldGen       total 87552K, used 48028K [0x00000000c0000000, 0x00000000c5580000, 0x00000000eab00000)
  object space 87552K, 54% used [0x00000000c0000000,0x00000000c2ee71b0,0x00000000c5580000)
 Metaspace       used 6695K, capacity 7288K, committed 7424K, reserved 1056768K
  class space    used 645K, capacity 688K, committed 768K, reserved 1048576K
}

Deoptimization events (10 events):
Event: 16.223 Thread 0x0000000017109800 Uncommon trap: reason=unstable_if action=reinterpret pc=0x00000000035d241c method=java.util.HashMap.resize()[Ljava/util/HashMap$Node; @ 206
Event: 16.372 Thread 0x000000001710e800 Uncommon trap: reason=class_check action=maybe_recompile pc=0x00000000037b7c94 method=com.android.dx.cf.code.BytecodeArray.parseInstruction(ILcom/android/dx/cf/code/BytecodeArray$Visitor;)I @ 1807
Event: 16.375 Thread 0x0000000017115800 Uncommon trap: reason=bimorphic action=maybe_recompile pc=0x00000000037b7718 method=com.android.dx.cf.code.BytecodeArray.parseInstruction(ILcom/android/dx/cf/code/BytecodeArray$Visitor;)I @ 1357
Event: 16.375 Thread 0x0000000017115800 Uncommon trap: reason=bimorphic action=maybe_recompile pc=0x00000000037b7718 method=com.android.dx.cf.code.BytecodeArray.parseInstruction(ILcom/android/dx/cf/code/BytecodeArray$Visitor;)I @ 1357
Event: 16.846 Thread 0x000000001710a000 Uncommon trap: reason=class_check action=maybe_recompile pc=0x00000000034eac88 method=java.util.Arrays.hashCode([Ljava/lang/Object;)I @ 43
Event: 16.846 Thread 0x000000001710a000 Uncommon trap: reason=class_check action=maybe_recompile pc=0x00000000034eac88 method=java.util.Arrays.hashCode([Ljava/lang/Object;)I @ 43
Event: 16.846 Thread 0x000000001710a000 Uncommon trap: reason=class_check action=maybe_recompile pc=0x00000000034eac88 method=java.util.Arrays.hashCode([Ljava/lang/Object;)I @ 43
Event: 16.846 Thread 0x000000001710a000 Uncommon trap: reason=class_check action=maybe_recompile pc=0x00000000034eac88 method=java.util.Arrays.hashCode([Ljava/lang/Object;)I @ 43
Event: 16.846 Thread 0x000000001710a000 Uncommon trap: reason=class_check action=maybe_recompile pc=0x000000000345dbf4 method=java.util.Arrays.hashCode([Ljava/lang/Object;)I @ 43
Event: 16.914 Thread 0x000000001710a000 Uncommon trap: reason=class_check action=maybe_recompile pc=0x00000000034db7c4 method=java.util.HashMap.putVal(ILjava/lang/Object;Ljava/lang/Object;ZZ)Ljava/lang/Object; @ 203

Internal exceptions (6 events):
Event: 0.319 Thread 0x0000000002e1d800 Exception <a 'java/lang/NoSuchMethodError': Method sun.misc.Unsafe.defineClass(Ljava/lang/String;[BII)Ljava/lang/Class; name or signature does not match> (0x00000000eab07c78) thrown at [C:\re\workspace\8-2-build-windows-amd64-cygwin\jdk8u111\7883\hotspot\
Event: 0.319 Thread 0x0000000002e1d800 Exception <a 'java/lang/NoSuchMethodError': Method sun.misc.Unsafe.prefetchRead(Ljava/lang/Object;J)V name or signature does not match> (0x00000000eab07f60) thrown at [C:\re\workspace\8-2-build-windows-amd64-cygwin\jdk8u111\7883\hotspot\src\share\vm\prims
Event: 14.556 Thread 0x0000000017115800 Implicit null exception at 0x00000000035a18b0 to 0x00000000035a2f25
Event: 14.831 Thread 0x0000000017109800 Exception <a 'java/lang/ArrayIndexOutOfBoundsException': 18> (0x00000000ebeae740) thrown at [C:\re\workspace\8-2-build-windows-amd64-cygwin\jdk8u111\7883\hotspot\src\share\vm\interpreter\interpreterRuntime.cpp, line 366]
Event: 14.831 Thread 0x0000000017109800 Exception <a 'java/lang/ArrayIndexOutOfBoundsException': 145> (0x00000000ebeb02c0) thrown at [C:\re\workspace\8-2-build-windows-amd64-cygwin\jdk8u111\7883\hotspot\src\share\vm\interpreter\interpreterRuntime.cpp, line 366]
Event: 14.832 Thread 0x0000000017109800 Exception <a 'java/lang/ArrayIndexOutOfBoundsException': 40> (0x00000000ebeb15a8) thrown at [C:\re\workspace\8-2-build-windows-amd64-cygwin\jdk8u111\7883\hotspot\src\share\vm\interpreter\interpreterRuntime.cpp, line 366]

Events (10 events):
Event: 18.110 loading class com/android/dx/dex/code/LocalList$MakeState
Event: 18.110 loading class com/android/dx/dex/code/LocalList$MakeState done
Event: 18.111 loading class com/android/dx/dex/code/LocalList$Disposition
Event: 18.111 loading class com/android/dx/dex/code/LocalList$Disposition done
Event: 18.111 loading class com/android/dx/dex/code/LocalList$Entry
Event: 18.111 loading class com/android/dx/dex/code/LocalList$Entry done
Event: 18.114 loading class com/android/dx/dex/code/CatchHandlerList
Event: 18.114 loading class com/android/dx/dex/code/CatchHandlerList done
Event: 18.116 loading class com/android/dx/dex/code/CatchTable
Event: 18.116 loading class com/android/dx/dex/code/CatchTable done


Dynamic libraries:
0x00007ff7f96b0000 - 0x00007ff7f96e7000 	C:\Program Files\Java\jdk1.8.0_111\bin\java.exe
0x00007ff931390000 - 0x00007ff931551000 	C:\WINDOWS\SYSTEM32\ntdll.dll
0x00007ff9312c0000 - 0x00007ff93136d000 	C:\WINDOWS\system32\KERNEL32.DLL
0x00007ff92de30000 - 0x00007ff92e018000 	C:\WINDOWS\system32\KERNELBASE.dll
0x00007ff92e790000 - 0x00007ff92e837000 	C:\WINDOWS\system32\ADVAPI32.dll
0x00007ff930bd0000 - 0x00007ff930c6d000 	C:\WINDOWS\system32\msvcrt.dll
0x00007ff931260000 - 0x00007ff9312bb000 	C:\WINDOWS\system32\sechost.dll
0x00007ff931130000 - 0x00007ff93124c000 	C:\WINDOWS\system32\RPCRT4.dll
0x00007ff930ef0000 - 0x00007ff931046000 	C:\WINDOWS\system32\USER32.dll
0x00007ff92f050000 - 0x00007ff92f1d6000 	C:\WINDOWS\system32\GDI32.dll
0x00007ff920d20000 - 0x00007ff920f94000 	C:\WINDOWS\WinSxS\amd64_microsoft.windows.common-controls_6595b64144ccf1df_6.0.10586.589_none_a2ddb3caa539acce\COMCTL32.dll
0x00007ff930c70000 - 0x00007ff930eed000 	C:\WINDOWS\system32\combase.dll
0x00007ff92e080000 - 0x00007ff92e0ea000 	C:\WINDOWS\system32\bcryptPrimitives.dll
0x00007ff92ef00000 - 0x00007ff92ef3b000 	C:\WINDOWS\system32\IMM32.DLL
0x000000005b280000 - 0x000000005b352000 	C:\Program Files\Java\jdk1.8.0_111\jre\bin\msvcr100.dll
0x000000005a9e0000 - 0x000000005b27a000 	C:\Program Files\Java\jdk1.8.0_111\jre\bin\server\jvm.dll
0x00007ff931250000 - 0x00007ff931258000 	C:\WINDOWS\system32\PSAPI.DLL
0x00007ff920700000 - 0x00007ff920709000 	C:\WINDOWS\SYSTEM32\WSOCK32.dll
0x00007ff930b60000 - 0x00007ff930bcb000 	C:\WINDOWS\system32\WS2_32.dll
0x00007ff92b7a0000 - 0x00007ff92b7c3000 	C:\WINDOWS\SYSTEM32\WINMM.dll
0x00007ff92c070000 - 0x00007ff92c07a000 	C:\WINDOWS\SYSTEM32\VERSION.dll
0x00007ff92b740000 - 0x00007ff92b76c000 	C:\WINDOWS\SYSTEM32\WINMMBASE.dll
0x00007ff92e0f0000 - 0x00007ff92e133000 	C:\WINDOWS\system32\cfgmgr32.dll
0x000000005a9d0000 - 0x000000005a9df000 	C:\Program Files\Java\jdk1.8.0_111\jre\bin\verify.dll
0x000000005a9a0000 - 0x000000005a9c9000 	C:\Program Files\Java\jdk1.8.0_111\jre\bin\java.dll
0x000000005a980000 - 0x000000005a996000 	C:\Program Files\Java\jdk1.8.0_111\jre\bin\zip.dll
0x00007ff92f330000 - 0x00007ff93088c000 	C:\WINDOWS\system32\SHELL32.dll
0x00007ff92e140000 - 0x00007ff92e785000 	C:\WINDOWS\system32\windows.storage.dll
0x00007ff92e840000 - 0x00007ff92e892000 	C:\WINDOWS\system32\shlwapi.dll
0x00007ff92d9d0000 - 0x00007ff92d9df000 	C:\WINDOWS\system32\kernel.appcore.dll
0x00007ff92dcc0000 - 0x00007ff92dd75000 	C:\WINDOWS\system32\shcore.dll
0x00007ff92d9f0000 - 0x00007ff92da3b000 	C:\WINDOWS\system32\powrprof.dll
0x00007ff92d9b0000 - 0x00007ff92d9c4000 	C:\WINDOWS\system32\profapi.dll

VM Arguments:
jvm_args: -Djava.awt.headless=true -Xmx1024M -Dfile.encoding=windows-1252 -Duser.country=CA -Duser.language=en -Duser.variant 
java_command: com.android.dx.command.Main --dex --force-jumbo --num-threads=4 --multi-dex --output C:\Users\Hassen\Documents\Sirine\CPEN321-\proj\cpen321project\PlanMyTrip\app\build\intermediates\transforms\dex\debug\folders\1000\10\com.android.support-support-v4-24.1.0_a8e38c343730cc62bf087008767a135f68ee1463 C:\Users\Hassen\Documents\Sirine\CPEN321-\proj\cpen321project\PlanMyTrip\app\build\intermediates\exploded-aar\com.android.support\support-v4\24.1.0\jars\classes.jar
java_class_path (initial): C:\Users\Hassen\AppData\Local\Android\sdk\build-tools\24.0.1\lib\dx.jar
Launcher Type: SUN_STANDARD

Environment Variables:
JAVA_HOME=C:\Program Files (x86)\Java\jdk1.7.0_79
PATH=C:\ProgramData\Oracle\Java\javapath;C:\Program Files (x86)\Common Files\NetSarang;C:\Program Files (x86)\Intel\iCLS Client\;C:\Program Files\Intel\iCLS Client\;C:\Windows\system32;C:\Windows;C:\Windows\System32\Wbem;C:\Windows\System32\WindowsPowerShell\v1.0\;C:\Program Files\Intel\WiFi\bin\;C:\Program Files\Common Files\Intel\WirelessCommon\;C:\Program Files\Intel\Intel(R) Management Engine Components\DAL;C:\Program Files\Intel\Intel(R) Management Engine Components\IPT;C:\Program Files (x86)\Intel\Intel(R) Management Engine Components\DAL;C:\Program Files (x86)\Intel\Intel(R) Management Engine Components\IPT;C:\Program Files\Acer\Remote Files\;C:\WINDOWS\system32;C:\WINDOWS;C:\WINDOWS\System32\Wbem;C:\WINDOWS\System32\WindowsPowerShell\v1.0\;C:\Program Files (x86)\Skype\Phone\;C:\Program Files (x86)\QuickTime\QTSystem\;C:\WINDOWS\system32;C:\WINDOWS;C:\WINDOWS\System32\Wbem;C:\WINDOWS\System32\WindowsPowerShell\v1.0\;%QUARTUS_ROOTDIR%\bin;C:\Program Files (x86)\apache-maven-3.3.9\bin;C:\Program Files (x86)\apache-maven-3.3.9\bin
USERNAME=Hassen
OS=Windows_NT
PROCESSOR_IDENTIFIER=Intel64 Family 6 Model 69 Stepping 1, GenuineIntel



---------------  S Y S T E M  ---------------

OS: Windows 10.0 , 64 bit Build 10586 (10.0.10586.589)

CPU:total 4 (2 cores per cpu, 2 threads per core) family 6 model 69 stepping 1, cmov, cx8, fxsr, mmx, sse, sse2, sse3, ssse3, sse4.1, sse4.2, popcnt, avx, avx2, aes, clmul, erms, lzcnt, ht, tsc, tscinvbit, bmi1, bmi2

Memory: 4k page, physical 8281368k(475508k free), swap 12333652k(5592k free)

vm_info: Java HotSpot(TM) 64-Bit Server VM (25.111-b14) for windows-amd64 JRE (1.8.0_111-b14), built on Sep 22 2016 19:24:05 by "java_re" with MS VC++ 10.0 (VS2010)

time: Sat Oct 29 17:03:57 2016
elapsed time: 18 seconds (0d 0h 0m 18s)

