#
# There is insufficient memory for the Java Runtime Environment to continue.
# Native memory allocation (malloc) failed to allocate 166256 bytes for Chunk::new
# Possible reasons:
#   The system is out of physical RAM or swap space
#   In 32 bit mode, the process size limit was hit
# Possible solutions:
#   Reduce memory load on the system
#   Increase physical memory or swap space
#   Check if swap backing store is full
#   Use 64 bit Java on a 64 bit OS
#   Decrease Java heap size (-Xmx/-Xms)
#   Decrease number of Java threads
#   Decrease Java thread stack sizes (-Xss)
#   Set larger code cache with -XX:ReservedCodeCacheSize=
# This output file may be truncated or incomplete.
#
#  Out of Memory Error (allocation.cpp:390), pid=13720, tid=0x000000000000332c
#
# JRE version: Java(TM) SE Runtime Environment (8.0_111-b14) (build 1.8.0_111-b14)
# Java VM: Java HotSpot(TM) 64-Bit Server VM (25.111-b14 mixed mode windows-amd64 compressed oops)
# Failed to write core dump. Minidumps are not enabled by default on client versions of Windows
#

---------------  T H R E A D  ---------------

Current thread (0x0000000015840800):  JavaThread "C2 CompilerThread1" daemon [_thread_in_native, id=13100, stack(0x0000000016ec0000,0x0000000016fc0000)]

Stack: [0x0000000016ec0000,0x0000000016fc0000]
[error occurred during error reporting (printing stack bounds), id 0xc0000005]

Native frames: (J=compiled Java code, j=interpreted, Vv=VM code, C=native code)


Current CompileTask:
C2:  17465 1943       4       com.android.dx.rop.code.LocalVariableExtractor::processBlock (327 bytes)


---------------  P R O C E S S  ---------------

Java Threads: ( => current thread )
  0x0000000017375000 JavaThread "pool-1-thread-1" [_thread_in_vm, id=13972, stack(0x000000001a360000,0x000000001a460000)]
  0x00000000170c0800 JavaThread "Service Thread" daemon [_thread_blocked, id=6672, stack(0x00000000174c0000,0x00000000175c0000)]
  0x000000001589b000 JavaThread "C1 CompilerThread2" daemon [_thread_blocked, id=10400, stack(0x0000000016fc0000,0x00000000170c0000)]
=>0x0000000015840800 JavaThread "C2 CompilerThread1" daemon [_thread_in_native, id=13100, stack(0x0000000016ec0000,0x0000000016fc0000)]
  0x000000001583d000 JavaThread "C2 CompilerThread0" daemon [_thread_in_native, id=6896, stack(0x0000000016dc0000,0x0000000016ec0000)]
  0x000000001583b000 JavaThread "Attach Listener" daemon [_thread_blocked, id=2596, stack(0x0000000016cc0000,0x0000000016dc0000)]
  0x000000001583a000 JavaThread "Signal Dispatcher" daemon [_thread_blocked, id=8568, stack(0x0000000016bc0000,0x0000000016cc0000)]
  0x000000001582a000 JavaThread "Finalizer" daemon [_thread_blocked, id=9304, stack(0x0000000016ac0000,0x0000000016bc0000)]
  0x0000000015809000 JavaThread "Reference Handler" daemon [_thread_blocked, id=3136, stack(0x00000000169c0000,0x0000000016ac0000)]
  0x0000000002f6d800 JavaThread "main" [_thread_blocked, id=13596, stack(0x0000000002d70000,0x0000000002e70000)]

Other Threads:
  0x0000000015807800 VMThread [stack: 0x00000000168c0000,0x00000000169c0000] [id=10080]
  0x00000000170c8000 WatcherThread [stack: 0x00000000175c0000,0x00000000176c0000] [id=13508]

VM state:not at safepoint (normal execution)

VM Mutex/Monitor currently owned by a thread: None

Heap:
 PSYoungGen      total 289792K, used 119785K [0x00000000eab00000, 0x00000000fed00000, 0x0000000100000000)
  eden space 262144K, 36% used [0x00000000eab00000,0x00000000f07d1b30,0x00000000fab00000)
  from space 27648K, 89% used [0x00000000fca00000,0x00000000fe228948,0x00000000fe500000)
  to   space 31744K, 0% used [0x00000000fab00000,0x00000000fab00000,0x00000000fca00000)
 ParOldGen       total 87552K, used 43162K [0x00000000c0000000, 0x00000000c5580000, 0x00000000eab00000)
  object space 87552K, 49% used [0x00000000c0000000,0x00000000c2a26a58,0x00000000c5580000)
 Metaspace       used 6777K, capacity 7352K, committed 7680K, reserved 1056768K
  class space    used 650K, capacity 688K, committed 768K, reserved 1048576K

Card table byte_map: [0x0000000012530000,0x0000000012740000] byte_map_base: 0x0000000011f30000

Marking Bits: (ParMarkBitMap*) 0x0000000052a7a6c0
 Begin Bits: [0x0000000012ca0000, 0x0000000013ca0000)
 End Bits:   [0x0000000013ca0000, 0x0000000014ca0000)

Polling page: 0x00000000015b0000

CodeCache: size=245760Kb used=9509Kb max_used=9509Kb free=236250Kb
 bounds [0x0000000003170000, 0x0000000003ad0000, 0x0000000012170000]
 total_blobs=2444 nmethods=2174 adapters=182
 compilation: enabled

Compilation events (10 events):
Event: 17.397 Thread 0x000000001589b000 2242       2       com.android.dx.dex.file.MethodAnnotationStruct::addContents (35 bytes)
Event: 17.397 Thread 0x000000001589b000 nmethod 2242 0x0000000003abda10 code [0x0000000003abdb80, 0x0000000003abdd98]
Event: 17.397 Thread 0x000000001589b000 2246       2       com.android.dx.rop.annotation.Annotations::compareTo (110 bytes)
Event: 17.398 Thread 0x000000001589b000 nmethod 2246 0x0000000003abdf10 code [0x0000000003abe100, 0x0000000003abe608]
Event: 17.398 Thread 0x000000001589b000 2244       2       com.android.dx.rop.annotation.NameValuePair::compareTo (30 bytes)
Event: 17.399 Thread 0x000000001589b000 nmethod 2244 0x0000000003abe9d0 code [0x0000000003abeba0, 0x0000000003abefb8]
Event: 17.399 Thread 0x000000001589b000 2245       2       com.android.dx.dex.file.AnnotationSetItem::compareTo0 (17 bytes)
Event: 17.399 Thread 0x000000001589b000 nmethod 2245 0x0000000003abf490 code [0x0000000003abf600, 0x0000000003abf7a8]
Event: 17.399 Thread 0x000000001589b000 2247       2       java.lang.Enum::compareTo (44 bytes)
Event: 17.399 Thread 0x000000001589b000 nmethod 2247 0x0000000003abf8d0 code [0x0000000003abfa60, 0x0000000003abfd48]

GC Heap History (10 events):
Event: 12.829 GC heap before
{Heap before GC invocations=2 (full 0):
 PSYoungGen      total 38400K, used 38391K [0x00000000eab00000, 0x00000000ef600000, 0x0000000100000000)
  eden space 33280K, 100% used [0x00000000eab00000,0x00000000ecb80000,0x00000000ecb80000)
  from space 5120K, 99% used [0x00000000ecb80000,0x00000000ed07dc30,0x00000000ed080000)
  to   space 5120K, 0% used [0x00000000ef100000,0x00000000ef100000,0x00000000ef600000)
 ParOldGen       total 87552K, used 120K [0x00000000c0000000, 0x00000000c5580000, 0x00000000eab00000)
  object space 87552K, 0% used [0x00000000c0000000,0x00000000c001e0d8,0x00000000c5580000)
 Metaspace       used 6322K, capacity 7064K, committed 7424K, reserved 1056768K
  class space    used 624K, capacity 656K, committed 768K, reserved 1048576K
Event: 12.854 GC heap after
Heap after GC invocations=2 (full 0):
 PSYoungGen      total 71680K, used 5104K [0x00000000eab00000, 0x00000000ef600000, 0x0000000100000000)
  eden space 66560K, 0% used [0x00000000eab00000,0x00000000eab00000,0x00000000eec00000)
  from space 5120K, 99% used [0x00000000ef100000,0x00000000ef5fc1b0,0x00000000ef600000)
  to   space 5120K, 0% used [0x00000000eec00000,0x00000000eec00000,0x00000000ef100000)
 ParOldGen       total 87552K, used 3406K [0x00000000c0000000, 0x00000000c5580000, 0x00000000eab00000)
  object space 87552K, 3% used [0x00000000c0000000,0x00000000c0353830,0x00000000c5580000)
 Metaspace       used 6322K, capacity 7064K, committed 7424K, reserved 1056768K
  class space    used 624K, capacity 656K, committed 768K, reserved 1048576K
}
Event: 13.417 GC heap before
{Heap before GC invocations=3 (full 0):
 PSYoungGen      total 71680K, used 71664K [0x00000000eab00000, 0x00000000ef600000, 0x0000000100000000)
  eden space 66560K, 100% used [0x00000000eab00000,0x00000000eec00000,0x00000000eec00000)
  from space 5120K, 99% used [0x00000000ef100000,0x00000000ef5fc1b0,0x00000000ef600000)
  to   space 5120K, 0% used [0x00000000eec00000,0x00000000eec00000,0x00000000ef100000)
 ParOldGen       total 87552K, used 3406K [0x00000000c0000000, 0x00000000c5580000, 0x00000000eab00000)
  object space 87552K, 3% used [0x00000000c0000000,0x00000000c0353830,0x00000000c5580000)
 Metaspace       used 6415K, capacity 7192K, committed 7424K, reserved 1056768K
  class space    used 625K, capacity 656K, committed 768K, reserved 1048576K
Event: 13.453 GC heap after
Heap after GC invocations=3 (full 0):
 PSYoungGen      total 71680K, used 5096K [0x00000000eab00000, 0x00000000f3700000, 0x0000000100000000)
  eden space 66560K, 0% used [0x00000000eab00000,0x00000000eab00000,0x00000000eec00000)
  from space 5120K, 99% used [0x00000000eec00000,0x00000000ef0fa298,0x00000000ef100000)
  to   space 5120K, 0% used [0x00000000f3200000,0x00000000f3200000,0x00000000f3700000)
 ParOldGen       total 87552K, used 12966K [0x00000000c0000000, 0x00000000c5580000, 0x00000000eab00000)
  object space 87552K, 14% used [0x00000000c0000000,0x00000000c0ca9a08,0x00000000c5580000)
 Metaspace       used 6415K, capacity 7192K, committed 7424K, reserved 1056768K
  class space    used 625K, capacity 656K, committed 768K, reserved 1048576K
}
Event: 13.930 GC heap before
{Heap before GC invocations=4 (full 0):
 PSYoungGen      total 71680K, used 71656K [0x00000000eab00000, 0x00000000f3700000, 0x0000000100000000)
  eden space 66560K, 100% used [0x00000000eab00000,0x00000000eec00000,0x00000000eec00000)
  from space 5120K, 99% used [0x00000000eec00000,0x00000000ef0fa298,0x00000000ef100000)
  to   space 5120K, 0% used [0x00000000f3200000,0x00000000f3200000,0x00000000f3700000)
 ParOldGen       total 87552K, used 12966K [0x00000000c0000000, 0x00000000c5580000, 0x00000000eab00000)
  object space 87552K, 14% used [0x00000000c0000000,0x00000000c0ca9a08,0x00000000c5580000)
 Metaspace       used 6477K, capacity 7192K, committed 7424K, reserved 1056768K
  class space    used 625K, capacity 656K, committed 768K, reserved 1048576K
Event: 13.988 GC heap after
Heap after GC invocations=4 (full 0):
 PSYoungGen      total 138240K, used 5106K [0x00000000eab00000, 0x00000000f3700000, 0x0000000100000000)
  eden space 133120K, 0% used [0x00000000eab00000,0x00000000eab00000,0x00000000f2d00000)
  from space 5120K, 99% used [0x00000000f3200000,0x00000000f36fc8c8,0x00000000f3700000)
  to   space 5120K, 0% used [0x00000000f2d00000,0x00000000f2d00000,0x00000000f3200000)
 ParOldGen       total 87552K, used 22469K [0x00000000c0000000, 0x00000000c5580000, 0x00000000eab00000)
  object space 87552K, 25% used [0x00000000c0000000,0x00000000c15f1478,0x00000000c5580000)
 Metaspace       used 6477K, capacity 7192K, committed 7424K, reserved 1056768K
  class space    used 625K, capacity 656K, committed 768K, reserved 1048576K
}
Event: 14.945 GC heap before
{Heap before GC invocations=5 (full 0):
 PSYoungGen      total 138240K, used 138226K [0x00000000eab00000, 0x00000000f3700000, 0x0000000100000000)
  eden space 133120K, 100% used [0x00000000eab00000,0x00000000f2d00000,0x00000000f2d00000)
  from space 5120K, 99% used [0x00000000f3200000,0x00000000f36fc8c8,0x00000000f3700000)
  to   space 5120K, 0% used [0x00000000f2d00000,0x00000000f2d00000,0x00000000f3200000)
 ParOldGen       total 87552K, used 22469K [0x00000000c0000000, 0x00000000c5580000, 0x00000000eab00000)
  object space 87552K, 25% used [0x00000000c0000000,0x00000000c15f1478,0x00000000c5580000)
 Metaspace       used 6669K, capacity 7288K, committed 7424K, reserved 1056768K
  class space    used 644K, capacity 688K, committed 768K, reserved 1048576K
Event: 15.140 GC heap after
Heap after GC invocations=5 (full 0):
 PSYoungGen      total 138240K, used 5104K [0x00000000eab00000, 0x00000000fe500000, 0x0000000100000000)
  eden space 133120K, 0% used [0x00000000eab00000,0x00000000eab00000,0x00000000f2d00000)
  from space 5120K, 99% used [0x00000000f2d00000,0x00000000f31fc388,0x00000000f3200000)
  to   space 27648K, 0% used [0x00000000fca00000,0x00000000fca00000,0x00000000fe500000)
 ParOldGen       total 87552K, used 43162K [0x00000000c0000000, 0x00000000c5580000, 0x00000000eab00000)
  object space 87552K, 49% used [0x00000000c0000000,0x00000000c2a26a58,0x00000000c5580000)
 Metaspace       used 6669K, capacity 7288K, committed 7424K, reserved 1056768K
  class space    used 644K, capacity 688K, committed 768K, reserved 1048576K
}
Event: 16.173 GC heap before
{Heap before GC invocations=6 (full 0):
 PSYoungGen      total 138240K, used 138224K [0x00000000eab00000, 0x00000000fe500000, 0x0000000100000000)
  eden space 133120K, 100% used [0x00000000eab00000,0x00000000f2d00000,0x00000000f2d00000)
  from space 5120K, 99% used [0x00000000f2d00000,0x00000000f31fc388,0x00000000f3200000)
  to   space 27648K, 0% used [0x00000000fca00000,0x00000000fca00000,0x00000000fe500000)
 ParOldGen       total 87552K, used 43162K [0x00000000c0000000, 0x00000000c5580000, 0x00000000eab00000)
  object space 87552K, 49% used [0x00000000c0000000,0x00000000c2a26a58,0x00000000c5580000)
 Metaspace       used 6697K, capacity 7288K, committed 7424K, reserved 1056768K
  class space    used 644K, capacity 688K, committed 768K, reserved 1048576K
Event: 16.334 GC heap after
Heap after GC invocations=6 (full 0):
 PSYoungGen      total 289792K, used 24738K [0x00000000eab00000, 0x00000000fed00000, 0x0000000100000000)
  eden space 262144K, 0% used [0x00000000eab00000,0x00000000eab00000,0x00000000fab00000)
  from space 27648K, 89% used [0x00000000fca00000,0x00000000fe228948,0x00000000fe500000)
  to   space 31744K, 0% used [0x00000000fab00000,0x00000000fab00000,0x00000000fca00000)
 ParOldGen       total 87552K, used 43162K [0x00000000c0000000, 0x00000000c5580000, 0x00000000eab00000)
  object space 87552K, 49% used [0x00000000c0000000,0x00000000c2a26a58,0x00000000c5580000)
 Metaspace       used 6697K, capacity 7288K, committed 7424K, reserved 1056768K
  class space    used 644K, capacity 688K, committed 768K, reserved 1048576K
}

Deoptimization events (10 events):
Event: 15.971 Thread 0x0000000017376800 Uncommon trap: reason=bimorphic action=maybe_recompile pc=0x00000000039d2bb0 method=com.android.dx.cf.code.BytecodeArray.parseInstruction(ILcom/android/dx/cf/code/BytecodeArray$Visitor;)I @ 1035
Event: 15.971 Thread 0x0000000017376800 Uncommon trap: reason=bimorphic action=maybe_recompile pc=0x00000000039d2aa8 method=com.android.dx.cf.code.BytecodeArray.parseInstruction(ILcom/android/dx/cf/code/BytecodeArray$Visitor;)I @ 987
Event: 15.971 Thread 0x0000000017376800 Uncommon trap: reason=bimorphic action=maybe_recompile pc=0x00000000039d2e38 method=com.android.dx.cf.code.BytecodeArray.parseInstruction(ILcom/android/dx/cf/code/BytecodeArray$Visitor;)I @ 1161
Event: 16.065 Thread 0x0000000017372800 Uncommon trap: reason=unstable_if action=reinterpret pc=0x0000000003a055c4 method=com.android.dx.rop.cst.CstNat.equals(Ljava/lang/Object;)Z @ 25
Event: 17.338 Thread 0x0000000017375000 Uncommon trap: reason=class_check action=maybe_recompile pc=0x000000000369cd88 method=java.util.Arrays.hashCode([Ljava/lang/Object;)I @ 43
Event: 17.338 Thread 0x0000000017375000 Uncommon trap: reason=class_check action=maybe_recompile pc=0x000000000369cd88 method=java.util.Arrays.hashCode([Ljava/lang/Object;)I @ 43
Event: 17.338 Thread 0x0000000017375000 Uncommon trap: reason=class_check action=maybe_recompile pc=0x000000000369cd88 method=java.util.Arrays.hashCode([Ljava/lang/Object;)I @ 43
Event: 17.338 Thread 0x0000000017375000 Uncommon trap: reason=class_check action=maybe_recompile pc=0x000000000369cd88 method=java.util.Arrays.hashCode([Ljava/lang/Object;)I @ 43
Event: 17.338 Thread 0x0000000017375000 Uncommon trap: reason=class_check action=maybe_recompile pc=0x000000000369d374 method=java.util.Arrays.hashCode([Ljava/lang/Object;)I @ 43
Event: 17.384 Thread 0x0000000017375000 Uncommon trap: reason=class_check action=maybe_recompile pc=0x0000000003716584 method=java.util.HashMap.putVal(ILjava/lang/Object;Ljava/lang/Object;ZZ)Ljava/lang/Object; @ 203

Internal exceptions (7 events):
Event: 2.745 Thread 0x0000000002f6d800 Exception <a 'java/lang/NoSuchMethodError': Method sun.misc.Unsafe.defineClass(Ljava/lang/String;[BII)Ljava/lang/Class; name or signature does not match> (0x00000000eab07c78) thrown at [C:\re\workspace\8-2-build-windows-amd64-cygwin\jdk8u111\7883\hotspot\
Event: 2.745 Thread 0x0000000002f6d800 Exception <a 'java/lang/NoSuchMethodError': Method sun.misc.Unsafe.prefetchRead(Ljava/lang/Object;J)V name or signature does not match> (0x00000000eab07f60) thrown at [C:\re\workspace\8-2-build-windows-amd64-cygwin\jdk8u111\7883\hotspot\src\share\vm\prims
Event: 12.050 Thread 0x0000000017377800 Implicit null exception at 0x000000000356ab62 to 0x000000000356ac69
Event: 14.285 Thread 0x0000000002f6d800 Implicit null exception at 0x000000000376de16 to 0x000000000376f0c5
Event: 14.539 Thread 0x0000000017377800 Exception <a 'java/lang/ArrayIndexOutOfBoundsException': 18> (0x00000000f01ded48) thrown at [C:\re\workspace\8-2-build-windows-amd64-cygwin\jdk8u111\7883\hotspot\src\share\vm\interpreter\interpreterRuntime.cpp, line 366]
Event: 14.539 Thread 0x0000000017377800 Exception <a 'java/lang/ArrayIndexOutOfBoundsException': 145> (0x00000000f01e08c8) thrown at [C:\re\workspace\8-2-build-windows-amd64-cygwin\jdk8u111\7883\hotspot\src\share\vm\interpreter\interpreterRuntime.cpp, line 366]
Event: 14.540 Thread 0x0000000017377800 Exception <a 'java/lang/ArrayIndexOutOfBoundsException'> (0x00000000f01e1bb0) thrown at [C:\re\workspace\8-2-build-windows-amd64-cygwin\jdk8u111\7883\hotspot\src\share\vm\runtime\sharedRuntime.cpp, line 605]

Events (10 events):
Event: 17.338 Thread 0x0000000017375000 DEOPT PACKING pc=0x000000000369cd88 sp=0x000000001a45ea60
Event: 17.338 Thread 0x0000000017375000 DEOPT UNPACKING pc=0x00000000031b582a sp=0x000000001a45e990 mode 2
Event: 17.338 Thread 0x0000000017375000 Uncommon trap: trap_request=0xffffffde fr.pc=0x000000000369d374
Event: 17.338 Thread 0x0000000017375000 DEOPT PACKING pc=0x000000000369d374 sp=0x000000001a45e730
Event: 17.338 Thread 0x0000000017375000 DEOPT UNPACKING pc=0x00000000031b582a sp=0x000000001a45e6b8 mode 2
Event: 17.339 loading class com/android/dx/rop/cst/Zeroes
Event: 17.339 loading class com/android/dx/rop/cst/Zeroes done
Event: 17.384 Thread 0x0000000017375000 Uncommon trap: trap_request=0xffffffde fr.pc=0x0000000003716584
Event: 17.384 Thread 0x0000000017375000 DEOPT PACKING pc=0x0000000003716584 sp=0x000000001a45eb80
Event: 17.384 Thread 0x0000000017375000 DEOPT UNPACKING pc=0x00000000031b582a sp=0x000000001a45eaa0 mode 2


Dynamic libraries:
0x00007ff7d0e50000 - 0x00007ff7d0e87000 	C:\Program Files\Java\jdk1.8.0_111\bin\java.exe
0x00007ffa8eb90000 - 0x00007ffa8ed51000 	C:\WINDOWS\SYSTEM32\ntdll.dll
0x00007ffa8e040000 - 0x00007ffa8e0ed000 	C:\WINDOWS\system32\KERNEL32.DLL
0x00007ffa8ba60000 - 0x00007ffa8bc48000 	C:\WINDOWS\system32\KERNELBASE.dll
0x00007ffa8df90000 - 0x00007ffa8e037000 	C:\WINDOWS\system32\ADVAPI32.dll
0x00007ffa8e670000 - 0x00007ffa8e70d000 	C:\WINDOWS\system32\msvcrt.dll
0x00007ffa8db50000 - 0x00007ffa8dbab000 	C:\WINDOWS\system32\sechost.dll
0x00007ffa8c0e0000 - 0x00007ffa8c1fc000 	C:\WINDOWS\system32\RPCRT4.dll
0x00007ffa8c490000 - 0x00007ffa8c5e6000 	C:\WINDOWS\system32\USER32.dll
0x00007ffa8c240000 - 0x00007ffa8c3c6000 	C:\WINDOWS\system32\GDI32.dll
0x00007ffa7e220000 - 0x00007ffa7e494000 	C:\WINDOWS\WinSxS\amd64_microsoft.windows.common-controls_6595b64144ccf1df_6.0.10586.589_none_a2ddb3caa539acce\COMCTL32.dll
0x00007ffa8dbb0000 - 0x00007ffa8de2d000 	C:\WINDOWS\system32\combase.dll
0x00007ffa8b2d0000 - 0x00007ffa8b33a000 	C:\WINDOWS\system32\bcryptPrimitives.dll
0x00007ffa8c200000 - 0x00007ffa8c23b000 	C:\WINDOWS\system32\IMM32.DLL
0x0000000053f00000 - 0x0000000053fd2000 	C:\Program Files\Java\jdk1.8.0_111\jre\bin\msvcr100.dll
0x0000000052260000 - 0x0000000052afa000 	C:\Program Files\Java\jdk1.8.0_111\jre\bin\server\jvm.dll
0x00007ffa8e820000 - 0x00007ffa8e828000 	C:\WINDOWS\system32\PSAPI.DLL
0x00007ffa7dda0000 - 0x00007ffa7dda9000 	C:\WINDOWS\SYSTEM32\WSOCK32.dll
0x00007ffa8bf90000 - 0x00007ffa8bffb000 	C:\WINDOWS\system32\WS2_32.dll
0x00007ffa898b0000 - 0x00007ffa898d3000 	C:\WINDOWS\SYSTEM32\WINMM.dll
0x00007ffa88380000 - 0x00007ffa8838a000 	C:\WINDOWS\SYSTEM32\VERSION.dll
0x00007ffa89880000 - 0x00007ffa898ac000 	C:\WINDOWS\SYSTEM32\WINMMBASE.dll
0x00007ffa8bf40000 - 0x00007ffa8bf83000 	C:\WINDOWS\system32\cfgmgr32.dll
0x0000000053ef0000 - 0x0000000053eff000 	C:\Program Files\Java\jdk1.8.0_111\jre\bin\verify.dll
0x0000000053ec0000 - 0x0000000053ee9000 	C:\Program Files\Java\jdk1.8.0_111\jre\bin\java.dll
0x0000000053ea0000 - 0x0000000053eb6000 	C:\Program Files\Java\jdk1.8.0_111\jre\bin\zip.dll
0x00007ffa8c5f0000 - 0x00007ffa8db4c000 	C:\WINDOWS\system32\SHELL32.dll
0x00007ffa8b340000 - 0x00007ffa8b985000 	C:\WINDOWS\system32\windows.storage.dll
0x00007ffa8eb30000 - 0x00007ffa8eb82000 	C:\WINDOWS\system32\shlwapi.dll
0x00007ffa8b1b0000 - 0x00007ffa8b1bf000 	C:\WINDOWS\system32\kernel.appcore.dll
0x00007ffa8bc50000 - 0x00007ffa8bd05000 	C:\WINDOWS\system32\shcore.dll
0x00007ffa8b1f0000 - 0x00007ffa8b23b000 	C:\WINDOWS\system32\powrprof.dll
0x00007ffa8b1c0000 - 0x00007ffa8b1d4000 	C:\WINDOWS\system32\profapi.dll

VM Arguments:
jvm_args: -Djava.awt.headless=true -Xmx1024M -Dfile.encoding=windows-1252 -Duser.country=CA -Duser.language=en -Duser.variant 
java_command: com.android.dx.command.Main --dex --force-jumbo --num-threads=4 --multi-dex --output C:\Users\Hassen\Documents\Sirine\CPEN321-\proj\cpen321project\PlanMyTrip\app\build\intermediates\transforms\dex\debug\folders\1000\10\com.android.support-support-v4-24.1.0_a8e38c343730cc62bf087008767a135f68ee1463 C:\Users\Hassen\Documents\Sirine\CPEN321-\proj\cpen321project\PlanMyTrip\app\build\intermediates\exploded-aar\com.android.support\support-v4\24.1.0\jars\classes.jar
java_class_path (initial): C:\Users\Hassen\AppData\Local\Android\sdk\build-tools\24.0.1\lib\dx.jar
Launcher Type: SUN_STANDARD

Environment Variables:
JAVA_HOME=C:\Program Files (x86)\Java\jdk1.7.0_79
PATH=C:\ProgramData\Oracle\Java\javapath;C:\Program Files (x86)\Common Files\NetSarang;C:\Program Files (x86)\Intel\iCLS Client\;C:\Program Files\Intel\iCLS Client\;C:\Windows\system32;C:\Windows;C:\Windows\System32\Wbem;C:\Windows\System32\WindowsPowerShell\v1.0\;C:\Program Files\Intel\WiFi\bin\;C:\Program Files\Common Files\Intel\WirelessCommon\;C:\Program Files\Intel\Intel(R) Management Engine Components\DAL;C:\Program Files\Intel\Intel(R) Management Engine Components\IPT;C:\Program Files (x86)\Intel\Intel(R) Management Engine Components\DAL;C:\Program Files (x86)\Intel\Intel(R) Management Engine Components\IPT;C:\Program Files\Acer\Remote Files\;C:\WINDOWS\system32;C:\WINDOWS;C:\WINDOWS\System32\Wbem;C:\WINDOWS\System32\WindowsPowerShell\v1.0\;C:\Program Files (x86)\Skype\Phone\;C:\Program Files (x86)\QuickTime\QTSystem\;C:\WINDOWS\system32;C:\WINDOWS;C:\WINDOWS\System32\Wbem;C:\WINDOWS\System32\WindowsPowerShell\v1.0\;%QUARTUS_ROOTDIR%\bin;C:\Program Files (x86)\apache-maven-3.3.9\bin;C:\Program Files (x86)\apache-maven-3.3.9\bin
USERNAME=Hassen
OS=Windows_NT
PROCESSOR_IDENTIFIER=Intel64 Family 6 Model 69 Stepping 1, GenuineIntel



---------------  S Y S T E M  ---------------

OS: Windows 10.0 , 64 bit Build 10586 (10.0.10586.589)

CPU:total 4 (2 cores per cpu, 2 threads per core) family 6 model 69 stepping 1, cmov, cx8, fxsr, mmx, sse, sse2, sse3, ssse3, sse4.1, sse4.2, popcnt, avx, avx2, aes, clmul, erms, lzcnt, ht, tsc, tscinvbit, bmi1, bmi2

Memory: 4k page, physical 8281368k(622744k free), swap 13084392k(3072k free)

vm_info: Java HotSpot(TM) 64-Bit Server VM (25.111-b14) for windows-amd64 JRE (1.8.0_111-b14), built on Sep 22 2016 19:24:05 by "java_re" with MS VC++ 10.0 (VS2010)

time: Thu Oct 27 12:05:57 2016
elapsed time: 17 seconds (0d 0h 0m 17s)

