#
# There is insufficient memory for the Java Runtime Environment to continue.
# Native memory allocation (malloc) failed to allocate 982976 bytes for Chunk::new
# Possible reasons:
#   The system is out of physical RAM or swap space
#   In 32 bit mode, the process size limit was hit
# Possible solutions:
#   Reduce memory load on the system
#   Increase physical memory or swap space
#   Check if swap backing store is full
#   Use 64 bit Java on a 64 bit OS
#   Decrease Java heap size (-Xmx/-Xms)
#   Decrease number of Java threads
#   Decrease Java thread stack sizes (-Xss)
#   Set larger code cache with -XX:ReservedCodeCacheSize=
# This output file may be truncated or incomplete.
#
#  Out of Memory Error (allocation.cpp:390), pid=11032, tid=0x0000000000002bd0
#
# JRE version: Java(TM) SE Runtime Environment (8.0_111-b14) (build 1.8.0_111-b14)
# Java VM: Java HotSpot(TM) 64-Bit Server VM (25.111-b14 mixed mode windows-amd64 compressed oops)
# Failed to write core dump. Minidumps are not enabled by default on client versions of Windows
#

---------------  T H R E A D  ---------------

Current thread (0x0000000014d2c000):  JavaThread "C2 CompilerThread1" daemon [_thread_in_native, id=11216, stack(0x0000000016360000,0x0000000016460000)]

Stack: [0x0000000016360000,0x0000000016460000]
[error occurred during error reporting (printing stack bounds), id 0xc0000005]

Native frames: (J=compiled Java code, j=interpreted, Vv=VM code, C=native code)


Current CompileTask:
C2:   7136 1507   !   4       com.android.dx.cf.cst.ConstantPoolParser::parse0 (731 bytes)


---------------  P R O C E S S  ---------------

Java Threads: ( => current thread )
  0x00000000167e7800 JavaThread "pool-2-thread-4" [_thread_in_vm, id=9432, stack(0x0000000016f60000,0x0000000017060000)]
  0x00000000167e2000 JavaThread "pool-2-thread-3" [_thread_blocked, id=3396, stack(0x0000000016e60000,0x0000000016f60000)]
  0x00000000167e1000 JavaThread "pool-2-thread-2" [_thread_in_Java, id=3076, stack(0x0000000016d60000,0x0000000016e60000)]
  0x00000000167dc800 JavaThread "pool-3-thread-1" [_thread_blocked, id=600, stack(0x0000000016c60000,0x0000000016d60000)]
  0x00000000167dc000 JavaThread "pool-2-thread-1" [_thread_in_vm, id=8684, stack(0x0000000016b60000,0x0000000016c60000)]
  0x000000001646e000 JavaThread "Service Thread" daemon [_thread_blocked, id=13204, stack(0x0000000016960000,0x0000000016a60000)]
  0x0000000014d5b800 JavaThread "C1 CompilerThread2" daemon [_thread_blocked, id=8172, stack(0x0000000016860000,0x0000000016960000)]
=>0x0000000014d2c000 JavaThread "C2 CompilerThread1" daemon [_thread_in_native, id=11216, stack(0x0000000016360000,0x0000000016460000)]
  0x0000000014cfd000 JavaThread "C2 CompilerThread0" daemon [_thread_in_native, id=12440, stack(0x0000000016260000,0x0000000016360000)]
  0x0000000014cfb000 JavaThread "Attach Listener" daemon [_thread_blocked, id=11204, stack(0x0000000016160000,0x0000000016260000)]
  0x0000000014cfa000 JavaThread "Signal Dispatcher" daemon [_thread_blocked, id=5552, stack(0x0000000016060000,0x0000000016160000)]
  0x0000000014cea800 JavaThread "Finalizer" daemon [_thread_blocked, id=4940, stack(0x0000000015f60000,0x0000000016060000)]
  0x0000000014cc9000 JavaThread "Reference Handler" daemon [_thread_blocked, id=9816, stack(0x0000000015e60000,0x0000000015f60000)]
  0x000000000242d800 JavaThread "main" [_thread_in_Java, id=13752, stack(0x0000000002430000,0x0000000002530000)]

Other Threads:
  0x0000000014cc7800 VMThread [stack: 0x0000000015d60000,0x0000000015e60000] [id=2596]
  0x000000001649d000 WatcherThread [stack: 0x0000000016a60000,0x0000000016b60000] [id=1488]

VM state:synchronizing (normal execution)

VM Mutex/Monitor currently owned by a thread:  ([mutex/lock_event])
[0x000000000242cf00] Safepoint_lock - owner thread: 0x0000000014cc7800
[0x000000000242c980] Threads_lock - owner thread: 0x0000000014cc7800
[0x000000000242c480] Heap_lock - owner thread: 0x00000000167e7800

Heap:
 PSYoungGen      total 38400K, used 38154K [0x00000000eab00000, 0x00000000ed580000, 0x0000000100000000)
  eden space 33280K, 100% used [0x00000000eab00000,0x00000000ecb80000,0x00000000ecb80000)
  from space 5120K, 95% used [0x00000000ecb80000,0x00000000ed042818,0x00000000ed080000)
  to   space 5120K, 0% used [0x00000000ed080000,0x00000000ed080000,0x00000000ed580000)
 ParOldGen       total 87552K, used 16K [0x00000000c0000000, 0x00000000c5580000, 0x00000000eab00000)
  object space 87552K, 0% used [0x00000000c0000000,0x00000000c0004000,0x00000000c5580000)
 Metaspace       used 6338K, capacity 7128K, committed 7424K, reserved 1056768K
  class space    used 624K, capacity 656K, committed 768K, reserved 1048576K

Card table byte_map: [0x00000000119f0000,0x0000000011c00000] byte_map_base: 0x00000000113f0000

Marking Bits: (ParMarkBitMap*) 0x0000000052a7a6c0
 Begin Bits: [0x0000000012160000, 0x0000000013160000)
 End Bits:   [0x0000000013160000, 0x0000000014160000)

Polling page: 0x00000000003f0000

CodeCache: size=245760Kb used=6642Kb max_used=6642Kb free=239118Kb
 bounds [0x0000000002630000, 0x0000000002cb0000, 0x0000000011630000]
 total_blobs=1821 nmethods=1552 adapters=182
 compilation: enabled

Compilation events (10 events):
Event: 7.113 Thread 0x0000000014d5b800 1558       3       com.android.dx.rop.annotation.Annotations::add (75 bytes)
Event: 7.114 Thread 0x0000000014d5b800 nmethod 1558 0x0000000002cac850 code [0x0000000002cacac0, 0x0000000002cad9e8]
Event: 7.118 Thread 0x0000000014d5b800 1559       3       com.android.dx.rop.code.ThrowingInsn::withNewRegisters (21 bytes)
Event: 7.118 Thread 0x0000000014d5b800 nmethod 1559 0x0000000002cae0d0 code [0x0000000002cae240, 0x0000000002cae568]
Event: 7.118 Thread 0x0000000014d5b800 1560       3       com.android.dx.cf.code.LocalVariableList::itemToLocal (47 bytes)
Event: 7.118 Thread 0x0000000014d5b800 nmethod 1560 0x0000000002cae650 code [0x0000000002cae800, 0x0000000002caed78]
Event: 7.119 Thread 0x0000000014d5b800 1561       3       com.android.dx.rop.code.RegisterSpecList::make (17 bytes)
Event: 7.120 Thread 0x0000000014d5b800 nmethod 1561 0x0000000002caef50 code [0x0000000002caf120, 0x0000000002caf9e8]
Event: 7.125 Thread 0x0000000014d5b800 1562       1       com.android.dx.ssa.MoveParamCombiner$1::visitPhiInsn (1 bytes)
Event: 7.125 Thread 0x0000000014d5b800 nmethod 1562 0x0000000002c3d9d0 code [0x0000000002c3db20, 0x0000000002c3dc30]

GC Heap History (2 events):
Event: 4.247 GC heap before
{Heap before GC invocations=1 (full 0):
 PSYoungGen      total 38400K, used 33280K [0x00000000eab00000, 0x00000000ed580000, 0x0000000100000000)
  eden space 33280K, 100% used [0x00000000eab00000,0x00000000ecb80000,0x00000000ecb80000)
  from space 5120K, 0% used [0x00000000ed080000,0x00000000ed080000,0x00000000ed580000)
  to   space 5120K, 0% used [0x00000000ecb80000,0x00000000ecb80000,0x00000000ed080000)
 ParOldGen       total 87552K, used 0K [0x00000000c0000000, 0x00000000c5580000, 0x00000000eab00000)
  object space 87552K, 0% used [0x00000000c0000000,0x00000000c0000000,0x00000000c5580000)
 Metaspace       used 6027K, capacity 6872K, committed 7168K, reserved 1056768K
  class space    used 622K, capacity 656K, committed 768K, reserved 1048576K
Event: 4.282 GC heap after
Heap after GC invocations=1 (full 0):
 PSYoungGen      total 38400K, used 4874K [0x00000000eab00000, 0x00000000ed580000, 0x0000000100000000)
  eden space 33280K, 0% used [0x00000000eab00000,0x00000000eab00000,0x00000000ecb80000)
  from space 5120K, 95% used [0x00000000ecb80000,0x00000000ed042818,0x00000000ed080000)
  to   space 5120K, 0% used [0x00000000ed080000,0x00000000ed080000,0x00000000ed580000)
 ParOldGen       total 87552K, used 16K [0x00000000c0000000, 0x00000000c5580000, 0x00000000eab00000)
  object space 87552K, 0% used [0x00000000c0000000,0x00000000c0004000,0x00000000c5580000)
 Metaspace       used 6027K, capacity 6872K, committed 7168K, reserved 1056768K
  class space    used 622K, capacity 656K, committed 768K, reserved 1048576K
}

Deoptimization events (10 events):
Event: 6.713 Thread 0x00000000167e2000 Uncommon trap: reason=bimorphic action=maybe_recompile pc=0x0000000002b0f010 method=com.android.dx.cf.code.BytecodeArray.parseInstruction(ILcom/android/dx/cf/code/BytecodeArray$Visitor;)I @ 2135
Event: 6.713 Thread 0x00000000167e2000 Uncommon trap: reason=bimorphic action=maybe_recompile pc=0x0000000002b0f010 method=com.android.dx.cf.code.BytecodeArray.parseInstruction(ILcom/android/dx/cf/code/BytecodeArray$Visitor;)I @ 2135
Event: 6.715 Thread 0x00000000167e2000 Uncommon trap: reason=class_check action=maybe_recompile pc=0x00000000029dc168 method=com.android.dx.rop.type.Type.equals(Ljava/lang/Object;)Z @ 8
Event: 6.716 Thread 0x00000000167e2000 Uncommon trap: reason=null_check action=make_not_entrant pc=0x00000000029dc178 method=com.android.dx.rop.type.Type.equals(Ljava/lang/Object;)Z @ 8
Event: 6.732 Thread 0x00000000167e2000 Uncommon trap: reason=unstable_if action=reinterpret pc=0x0000000002aa0eb4 method=com.android.dx.util.LabeledList.set(ILcom/android/dx/util/LabeledItem;)V @ 16
Event: 6.848 Thread 0x00000000167dc000 Uncommon trap: reason=unstable_if action=reinterpret pc=0x0000000002aaa6f8 method=com.android.dx.cf.code.Ropper.labelToResultIndex(I)I @ 34
Event: 6.850 Thread 0x00000000167dc000 Uncommon trap: reason=unstable_if action=reinterpret pc=0x0000000002b9dab0 method=com.android.dx.ssa.LocalVariableExtractor.processBlock(I)V @ 77
Event: 6.862 Thread 0x00000000167dc000 Uncommon trap: reason=bimorphic action=maybe_recompile pc=0x0000000002bf07f0 method=com.android.dx.ssa.LiteralOpUpgrader.tryReplacingWithConstant(Lcom/android/dx/ssa/NormalSsaInsn;)Z @ 52
Event: 7.021 Thread 0x00000000167e1000 Uncommon trap: reason=bimorphic action=maybe_recompile pc=0x0000000002b0f354 method=com.android.dx.cf.code.BytecodeArray.parseInstruction(ILcom/android/dx/cf/code/BytecodeArray$Visitor;)I @ 2484
Event: 7.021 Thread 0x00000000167e1000 Uncommon trap: reason=bimorphic action=maybe_recompile pc=0x0000000002b0f354 method=com.android.dx.cf.code.BytecodeArray.parseInstruction(ILcom/android/dx/cf/code/BytecodeArray$Visitor;)I @ 2484

Internal exceptions (3 events):
Event: 0.101 Thread 0x000000000242d800 Exception <a 'java/lang/NoSuchMethodError': Method sun.misc.Unsafe.defineClass(Ljava/lang/String;[BII)Ljava/lang/Class; name or signature does not match> (0x00000000eab07c78) thrown at [C:\re\workspace\8-2-build-windows-amd64-cygwin\jdk8u111\7883\hotspot\
Event: 0.101 Thread 0x000000000242d800 Exception <a 'java/lang/NoSuchMethodError': Method sun.misc.Unsafe.prefetchRead(Ljava/lang/Object;J)V name or signature does not match> (0x00000000eab07f60) thrown at [C:\re\workspace\8-2-build-windows-amd64-cygwin\jdk8u111\7883\hotspot\src\share\vm\prims
Event: 6.716 Thread 0x00000000167e2000 Implicit null exception at 0x00000000029dc062 to 0x00000000029dc169

Events (10 events):
Event: 7.021 Thread 0x00000000167e1000 DEOPT PACKING pc=0x0000000002b0f354 sp=0x0000000016e5ea10
Event: 7.021 Thread 0x00000000167e1000 DEOPT UNPACKING pc=0x000000000267582a sp=0x0000000016e5e998 mode 2
Event: 7.021 Thread 0x00000000167e1000 Uncommon trap: trap_request=0xffffffc6 fr.pc=0x0000000002b0f354
Event: 7.021 Thread 0x00000000167e1000 DEOPT PACKING pc=0x0000000002b0f354 sp=0x0000000016e5e7c0
Event: 7.021 Thread 0x00000000167e1000 DEOPT UNPACKING pc=0x000000000267582a sp=0x0000000016e5e748 mode 2
Event: 7.042 Thread 0x00000000167e1000 DEOPT PACKING pc=0x0000000002c25502 sp=0x0000000016e5e890
Event: 7.042 Thread 0x00000000167e1000 DEOPT UNPACKING pc=0x000000000267787f sp=0x0000000016e5e5f8 mode 0
Event: 7.045 Thread 0x00000000167e1000 DEOPT PACKING pc=0x0000000002c25502 sp=0x0000000016e5e890
Event: 7.045 Thread 0x00000000167e1000 DEOPT UNPACKING pc=0x000000000267787f sp=0x0000000016e5e5f8 mode 0
Event: 7.126 Executing VM operation: ParallelGCFailedAllocation


Dynamic libraries:
0x00007ff7d0e50000 - 0x00007ff7d0e87000 	C:\Program Files\Java\jdk1.8.0_111\bin\java.exe
0x00007ffa8eb90000 - 0x00007ffa8ed51000 	C:\WINDOWS\SYSTEM32\ntdll.dll
0x00007ffa8e040000 - 0x00007ffa8e0ed000 	C:\WINDOWS\system32\KERNEL32.DLL
0x00007ffa8ba60000 - 0x00007ffa8bc48000 	C:\WINDOWS\system32\KERNELBASE.dll
0x00007ffa8df90000 - 0x00007ffa8e037000 	C:\WINDOWS\system32\ADVAPI32.dll
0x00007ffa8e670000 - 0x00007ffa8e70d000 	C:\WINDOWS\system32\msvcrt.dll
0x00007ffa8db50000 - 0x00007ffa8dbab000 	C:\WINDOWS\system32\sechost.dll
0x00007ffa8c0e0000 - 0x00007ffa8c1fc000 	C:\WINDOWS\system32\RPCRT4.dll
0x00007ffa8c490000 - 0x00007ffa8c5e6000 	C:\WINDOWS\system32\USER32.dll
0x00007ffa8c240000 - 0x00007ffa8c3c6000 	C:\WINDOWS\system32\GDI32.dll
0x00007ffa7e220000 - 0x00007ffa7e494000 	C:\WINDOWS\WinSxS\amd64_microsoft.windows.common-controls_6595b64144ccf1df_6.0.10586.589_none_a2ddb3caa539acce\COMCTL32.dll
0x00007ffa8dbb0000 - 0x00007ffa8de2d000 	C:\WINDOWS\system32\combase.dll
0x00007ffa8b2d0000 - 0x00007ffa8b33a000 	C:\WINDOWS\system32\bcryptPrimitives.dll
0x00007ffa8c200000 - 0x00007ffa8c23b000 	C:\WINDOWS\system32\IMM32.DLL
0x0000000053f00000 - 0x0000000053fd2000 	C:\Program Files\Java\jdk1.8.0_111\jre\bin\msvcr100.dll
0x0000000052260000 - 0x0000000052afa000 	C:\Program Files\Java\jdk1.8.0_111\jre\bin\server\jvm.dll
0x00007ffa8e820000 - 0x00007ffa8e828000 	C:\WINDOWS\system32\PSAPI.DLL
0x00007ffa7dda0000 - 0x00007ffa7dda9000 	C:\WINDOWS\SYSTEM32\WSOCK32.dll
0x00007ffa8bf90000 - 0x00007ffa8bffb000 	C:\WINDOWS\system32\WS2_32.dll
0x00007ffa898b0000 - 0x00007ffa898d3000 	C:\WINDOWS\SYSTEM32\WINMM.dll
0x00007ffa88380000 - 0x00007ffa8838a000 	C:\WINDOWS\SYSTEM32\VERSION.dll
0x00007ffa89880000 - 0x00007ffa898ac000 	C:\WINDOWS\SYSTEM32\WINMMBASE.dll
0x00007ffa8bf40000 - 0x00007ffa8bf83000 	C:\WINDOWS\system32\cfgmgr32.dll
0x0000000053ef0000 - 0x0000000053eff000 	C:\Program Files\Java\jdk1.8.0_111\jre\bin\verify.dll
0x0000000053ec0000 - 0x0000000053ee9000 	C:\Program Files\Java\jdk1.8.0_111\jre\bin\java.dll
0x0000000053ea0000 - 0x0000000053eb6000 	C:\Program Files\Java\jdk1.8.0_111\jre\bin\zip.dll
0x00007ffa8c5f0000 - 0x00007ffa8db4c000 	C:\WINDOWS\system32\SHELL32.dll
0x00007ffa8b340000 - 0x00007ffa8b985000 	C:\WINDOWS\system32\windows.storage.dll
0x00007ffa8eb30000 - 0x00007ffa8eb82000 	C:\WINDOWS\system32\shlwapi.dll
0x00007ffa8b1b0000 - 0x00007ffa8b1bf000 	C:\WINDOWS\system32\kernel.appcore.dll
0x00007ffa8bc50000 - 0x00007ffa8bd05000 	C:\WINDOWS\system32\shcore.dll
0x00007ffa8b1f0000 - 0x00007ffa8b23b000 	C:\WINDOWS\system32\powrprof.dll
0x00007ffa8b1c0000 - 0x00007ffa8b1d4000 	C:\WINDOWS\system32\profapi.dll

VM Arguments:
jvm_args: -Djava.awt.headless=true -Xmx1024M -Dfile.encoding=windows-1252 -Duser.country=CA -Duser.language=en -Duser.variant 
java_command: com.android.dx.command.Main --dex --force-jumbo --num-threads=4 --multi-dex --output C:\Users\Hassen\Documents\Sirine\CPEN321-\proj\cpen321project\PlanMyTrip\app\build\intermediates\transforms\dex\debug\folders\1000\10\com.android.support-support-v4-24.1.0_a8e38c343730cc62bf087008767a135f68ee1463 C:\Users\Hassen\Documents\Sirine\CPEN321-\proj\cpen321project\PlanMyTrip\app\build\intermediates\exploded-aar\com.android.support\support-v4\24.1.0\jars\classes.jar
java_class_path (initial): C:\Users\Hassen\AppData\Local\Android\sdk\build-tools\24.0.1\lib\dx.jar
Launcher Type: SUN_STANDARD

Environment Variables:
JAVA_HOME=C:\Program Files (x86)\Java\jdk1.7.0_79
PATH=C:\ProgramData\Oracle\Java\javapath;C:\Program Files (x86)\Common Files\NetSarang;C:\Program Files (x86)\Intel\iCLS Client\;C:\Program Files\Intel\iCLS Client\;C:\Windows\system32;C:\Windows;C:\Windows\System32\Wbem;C:\Windows\System32\WindowsPowerShell\v1.0\;C:\Program Files\Intel\WiFi\bin\;C:\Program Files\Common Files\Intel\WirelessCommon\;C:\Program Files\Intel\Intel(R) Management Engine Components\DAL;C:\Program Files\Intel\Intel(R) Management Engine Components\IPT;C:\Program Files (x86)\Intel\Intel(R) Management Engine Components\DAL;C:\Program Files (x86)\Intel\Intel(R) Management Engine Components\IPT;C:\Program Files\Acer\Remote Files\;C:\WINDOWS\system32;C:\WINDOWS;C:\WINDOWS\System32\Wbem;C:\WINDOWS\System32\WindowsPowerShell\v1.0\;C:\Program Files (x86)\Skype\Phone\;C:\Program Files (x86)\QuickTime\QTSystem\;C:\WINDOWS\system32;C:\WINDOWS;C:\WINDOWS\System32\Wbem;C:\WINDOWS\System32\WindowsPowerShell\v1.0\;%QUARTUS_ROOTDIR%\bin;C:\Program Files (x86)\apache-maven-3.3.9\bin;C:\Program Files (x86)\apache-maven-3.3.9\bin
USERNAME=Hassen
OS=Windows_NT
PROCESSOR_IDENTIFIER=Intel64 Family 6 Model 69 Stepping 1, GenuineIntel



---------------  S Y S T E M  ---------------

OS: Windows 10.0 , 64 bit Build 10586 (10.0.10586.589)

CPU:total 4 (2 cores per cpu, 2 threads per core) family 6 model 69 stepping 1, cmov, cx8, fxsr, mmx, sse, sse2, sse3, ssse3, sse4.1, sse4.2, popcnt, avx, avx2, aes, clmul, erms, lzcnt, ht, tsc, tscinvbit, bmi1, bmi2

Memory: 4k page, physical 8281368k(947796k free), swap 13090332k(5240k free)

vm_info: Java HotSpot(TM) 64-Bit Server VM (25.111-b14) for windows-amd64 JRE (1.8.0_111-b14), built on Sep 22 2016 19:24:05 by "java_re" with MS VC++ 10.0 (VS2010)

time: Thu Oct 27 12:28:08 2016
elapsed time: 7 seconds (0d 0h 0m 7s)

