#
# There is insufficient memory for the Java Runtime Environment to continue.
# Native memory allocation (malloc) failed to allocate 32744 bytes for ChunkPool::allocate
# Possible reasons:
#   The system is out of physical RAM or swap space
#   In 32 bit mode, the process size limit was hit
# Possible solutions:
#   Reduce memory load on the system
#   Increase physical memory or swap space
#   Check if swap backing store is full
#   Use 64 bit Java on a 64 bit OS
#   Decrease Java heap size (-Xmx/-Xms)
#   Decrease number of Java threads
#   Decrease Java thread stack sizes (-Xss)
#   Set larger code cache with -XX:ReservedCodeCacheSize=
# This output file may be truncated or incomplete.
#
#  Out of Memory Error (allocation.cpp:273), pid=2832, tid=0x000000000000308c
#
# JRE version: Java(TM) SE Runtime Environment (8.0_111-b14) (build 1.8.0_111-b14)
# Java VM: Java HotSpot(TM) 64-Bit Server VM (25.111-b14 mixed mode windows-amd64 compressed oops)
# Failed to write core dump. Minidumps are not enabled by default on client versions of Windows
#

---------------  T H R E A D  ---------------

Current thread (0x0000000014c1d000):  JavaThread "C2 CompilerThread0" daemon [_thread_in_native, id=12428, stack(0x0000000016270000,0x0000000016370000)]

Stack: [0x0000000016270000,0x0000000016370000]
[error occurred during error reporting (printing stack bounds), id 0xc0000005]

Native frames: (J=compiled Java code, j=interpreted, Vv=VM code, C=native code)


Current CompileTask:
C2:  21432 2099       4       com.android.dx.rop.code.Rops::ropFor (771 bytes)


---------------  P R O C E S S  ---------------

Java Threads: ( => current thread )
  0x000000001674b000 JavaThread "pool-1-thread-1" [_thread_in_Java, id=13740, stack(0x0000000019810000,0x0000000019910000)]
  0x000000001648f000 JavaThread "Service Thread" daemon [_thread_blocked, id=4592, stack(0x0000000016970000,0x0000000016a70000)]
  0x000000001647a000 JavaThread "C1 CompilerThread2" daemon [_thread_in_native, id=7436, stack(0x0000000016870000,0x0000000016970000)]
  0x0000000014c21000 JavaThread "C2 CompilerThread1" daemon [_thread_in_native, id=12516, stack(0x0000000016370000,0x0000000016470000)]
=>0x0000000014c1d000 JavaThread "C2 CompilerThread0" daemon [_thread_in_native, id=12428, stack(0x0000000016270000,0x0000000016370000)]
  0x0000000014c1b000 JavaThread "Attach Listener" daemon [_thread_blocked, id=6500, stack(0x0000000016170000,0x0000000016270000)]
  0x0000000014c1a000 JavaThread "Signal Dispatcher" daemon [_thread_blocked, id=11172, stack(0x0000000016070000,0x0000000016170000)]
  0x0000000014c0a000 JavaThread "Finalizer" daemon [_thread_blocked, id=10732, stack(0x0000000015e90000,0x0000000015f90000)]
  0x0000000014be9000 JavaThread "Reference Handler" daemon [_thread_blocked, id=14076, stack(0x0000000015d90000,0x0000000015e90000)]
  0x00000000023ed800 JavaThread "main" [_thread_blocked, id=10848, stack(0x0000000002260000,0x0000000002360000)]

Other Threads:
  0x0000000014be7800 VMThread [stack: 0x0000000015c90000,0x0000000015d90000] [id=13424]
  0x0000000016492000 WatcherThread [stack: 0x0000000016a70000,0x0000000016b70000] [id=1648]

VM state:not at safepoint (normal execution)

VM Mutex/Monitor currently owned by a thread: None

Heap:
 PSYoungGen      total 111104K, used 90590K [0x00000000eab00000, 0x00000000fee00000, 0x0000000100000000)
  eden space 105984K, 85% used [0x00000000eab00000,0x00000000f0377800,0x00000000f1280000)
  from space 5120K, 0% used [0x00000000f3200000,0x00000000f3200000,0x00000000f3700000)
  to   space 32256K, 0% used [0x00000000f1280000,0x00000000f1280000,0x00000000f3200000)
 ParOldGen       total 155648K, used 67295K [0x00000000c0000000, 0x00000000c9800000, 0x00000000eab00000)
  object space 155648K, 43% used [0x00000000c0000000,0x00000000c41b7c30,0x00000000c9800000)
 Metaspace       used 6948K, capacity 7512K, committed 7680K, reserved 1056768K
  class space    used 662K, capacity 720K, committed 768K, reserved 1048576K

Card table byte_map: [0x0000000011910000,0x0000000011b20000] byte_map_base: 0x0000000011310000

Marking Bits: (ParMarkBitMap*) 0x0000000052a7a6c0
 Begin Bits: [0x0000000012080000, 0x0000000013080000)
 End Bits:   [0x0000000013080000, 0x0000000014080000)

Polling page: 0x00000000007d0000

CodeCache: size=245760Kb used=10297Kb max_used=10297Kb free=235462Kb
 bounds [0x0000000002550000, 0x0000000002f70000, 0x0000000011550000]
 total_blobs=2604 nmethods=2334 adapters=182
 compilation: enabled

Compilation events (10 events):
Event: 21.424 Thread 0x000000001647a000 nmethod 2499 0x0000000002f63350 code [0x0000000002f634a0, 0x0000000002f63650]
Event: 21.424 Thread 0x000000001647a000 2500       2       com.android.dx.dex.code.DalvInsn::hasAddress (13 bytes)
Event: 21.424 Thread 0x000000001647a000 nmethod 2500 0x0000000002f63710 code [0x0000000002f63860, 0x0000000002f639d0]
Event: 21.425 Thread 0x000000001647a000 2501       1       com.android.dx.dex.code.CodeAddress::getBindsClosely (5 bytes)
Event: 21.425 Thread 0x000000001647a000 nmethod 2501 0x0000000002f63a50 code [0x0000000002f63ba0, 0x0000000002f63cb0]
Event: 21.425 Thread 0x000000001647a000 2502       2       com.android.dx.dex.code.form.Form22c::isCompatible (99 bytes)
Event: 21.425 Thread 0x000000001647a000 nmethod 2502 0x0000000002f63d10 code [0x0000000002f63ea0, 0x0000000002f642c8]
Event: 21.425 Thread 0x000000001647a000 2503       2       com.android.dx.rop.code.RegisterSpecList$Expander::access$100 (6 bytes)
Event: 21.426 Thread 0x000000001647a000 nmethod 2503 0x0000000002f64590 code [0x0000000002f64700, 0x0000000002f648d8]
Event: 21.426 Thread 0x000000001647a000 2506       2       com.android.dx.dex.code.OutputFinisher::assignAddresses (51 bytes)

GC Heap History (10 events):
Event: 8.691 GC heap before
{Heap before GC invocations=3 (full 0):
 PSYoungGen      total 71680K, used 71650K [0x00000000eab00000, 0x00000000ef600000, 0x0000000100000000)
  eden space 66560K, 100% used [0x00000000eab00000,0x00000000eec00000,0x00000000eec00000)
  from space 5120K, 99% used [0x00000000ef100000,0x00000000ef5f88d8,0x00000000ef600000)
  to   space 5120K, 0% used [0x00000000eec00000,0x00000000eec00000,0x00000000ef100000)
 ParOldGen       total 87552K, used 3105K [0x00000000c0000000, 0x00000000c5580000, 0x00000000eab00000)
  object space 87552K, 3% used [0x00000000c0000000,0x00000000c0308648,0x00000000c5580000)
 Metaspace       used 6417K, capacity 7192K, committed 7424K, reserved 1056768K
  class space    used 624K, capacity 656K, committed 768K, reserved 1048576K
Event: 8.743 GC heap after
Heap after GC invocations=3 (full 0):
 PSYoungGen      total 71680K, used 5106K [0x00000000eab00000, 0x00000000f3700000, 0x0000000100000000)
  eden space 66560K, 0% used [0x00000000eab00000,0x00000000eab00000,0x00000000eec00000)
  from space 5120K, 99% used [0x00000000eec00000,0x00000000ef0fc8f8,0x00000000ef100000)
  to   space 5120K, 0% used [0x00000000f3200000,0x00000000f3200000,0x00000000f3700000)
 ParOldGen       total 87552K, used 13132K [0x00000000c0000000, 0x00000000c5580000, 0x00000000eab00000)
  object space 87552K, 14% used [0x00000000c0000000,0x00000000c0cd32c8,0x00000000c5580000)
 Metaspace       used 6417K, capacity 7192K, committed 7424K, reserved 1056768K
  class space    used 624K, capacity 656K, committed 768K, reserved 1048576K
}
Event: 10.037 GC heap before
{Heap before GC invocations=4 (full 0):
 PSYoungGen      total 71680K, used 71666K [0x00000000eab00000, 0x00000000f3700000, 0x0000000100000000)
  eden space 66560K, 100% used [0x00000000eab00000,0x00000000eec00000,0x00000000eec00000)
  from space 5120K, 99% used [0x00000000eec00000,0x00000000ef0fc8f8,0x00000000ef100000)
  to   space 5120K, 0% used [0x00000000f3200000,0x00000000f3200000,0x00000000f3700000)
 ParOldGen       total 87552K, used 13132K [0x00000000c0000000, 0x00000000c5580000, 0x00000000eab00000)
  object space 87552K, 14% used [0x00000000c0000000,0x00000000c0cd32c8,0x00000000c5580000)
 Metaspace       used 6473K, capacity 7192K, committed 7424K, reserved 1056768K
  class space    used 624K, capacity 656K, committed 768K, reserved 1048576K
Event: 10.251 GC heap after
Heap after GC invocations=4 (full 0):
 PSYoungGen      total 138240K, used 5106K [0x00000000eab00000, 0x00000000f3700000, 0x0000000100000000)
  eden space 133120K, 0% used [0x00000000eab00000,0x00000000eab00000,0x00000000f2d00000)
  from space 5120K, 99% used [0x00000000f3200000,0x00000000f36fc8e8,0x00000000f3700000)
  to   space 5120K, 0% used [0x00000000f2d00000,0x00000000f2d00000,0x00000000f3200000)
 ParOldGen       total 87552K, used 22827K [0x00000000c0000000, 0x00000000c5580000, 0x00000000eab00000)
  object space 87552K, 26% used [0x00000000c0000000,0x00000000c164ae70,0x00000000c5580000)
 Metaspace       used 6473K, capacity 7192K, committed 7424K, reserved 1056768K
  class space    used 624K, capacity 656K, committed 768K, reserved 1048576K
}
Event: 12.673 GC heap before
{Heap before GC invocations=5 (full 0):
 PSYoungGen      total 138240K, used 138226K [0x00000000eab00000, 0x00000000f3700000, 0x0000000100000000)
  eden space 133120K, 100% used [0x00000000eab00000,0x00000000f2d00000,0x00000000f2d00000)
  from space 5120K, 99% used [0x00000000f3200000,0x00000000f36fc8e8,0x00000000f3700000)
  to   space 5120K, 0% used [0x00000000f2d00000,0x00000000f2d00000,0x00000000f3200000)
 ParOldGen       total 87552K, used 22827K [0x00000000c0000000, 0x00000000c5580000, 0x00000000eab00000)
  object space 87552K, 26% used [0x00000000c0000000,0x00000000c164ae70,0x00000000c5580000)
 Metaspace       used 6666K, capacity 7288K, committed 7424K, reserved 1056768K
  class space    used 644K, capacity 688K, committed 768K, reserved 1048576K
Event: 12.759 GC heap after
Heap after GC invocations=5 (full 0):
 PSYoungGen      total 138240K, used 5089K [0x00000000eab00000, 0x00000000f3700000, 0x0000000100000000)
  eden space 133120K, 0% used [0x00000000eab00000,0x00000000eab00000,0x00000000f2d00000)
  from space 5120K, 99% used [0x00000000f2d00000,0x00000000f31f8510,0x00000000f3200000)
  to   space 5120K, 0% used [0x00000000f3200000,0x00000000f3200000,0x00000000f3700000)
 ParOldGen       total 87552K, used 44262K [0x00000000c0000000, 0x00000000c5580000, 0x00000000eab00000)
  object space 87552K, 50% used [0x00000000c0000000,0x00000000c2b39b38,0x00000000c5580000)
 Metaspace       used 6666K, capacity 7288K, committed 7424K, reserved 1056768K
  class space    used 644K, capacity 688K, committed 768K, reserved 1048576K
}
Event: 14.012 GC heap before
{Heap before GC invocations=6 (full 0):
 PSYoungGen      total 138240K, used 138209K [0x00000000eab00000, 0x00000000f3700000, 0x0000000100000000)
  eden space 133120K, 100% used [0x00000000eab00000,0x00000000f2d00000,0x00000000f2d00000)
  from space 5120K, 99% used [0x00000000f2d00000,0x00000000f31f8510,0x00000000f3200000)
  to   space 5120K, 0% used [0x00000000f3200000,0x00000000f3200000,0x00000000f3700000)
 ParOldGen       total 87552K, used 44262K [0x00000000c0000000, 0x00000000c5580000, 0x00000000eab00000)
  object space 87552K, 50% used [0x00000000c0000000,0x00000000c2b39b38,0x00000000c5580000)
 Metaspace       used 6678K, capacity 7288K, committed 7424K, reserved 1056768K
  class space    used 644K, capacity 688K, committed 768K, reserved 1048576K
Event: 14.134 GC heap after
Heap after GC invocations=6 (full 0):
 PSYoungGen      total 111104K, used 5088K [0x00000000eab00000, 0x00000000fee00000, 0x0000000100000000)
  eden space 105984K, 0% used [0x00000000eab00000,0x00000000eab00000,0x00000000f1280000)
  from space 5120K, 99% used [0x00000000f3200000,0x00000000f36f82b8,0x00000000f3700000)
  to   space 32256K, 0% used [0x00000000f1280000,0x00000000f1280000,0x00000000f3200000)
 ParOldGen       total 87552K, used 64234K [0x00000000c0000000, 0x00000000c5580000, 0x00000000eab00000)
  object space 87552K, 73% used [0x00000000c0000000,0x00000000c3eba970,0x00000000c5580000)
 Metaspace       used 6678K, capacity 7288K, committed 7424K, reserved 1056768K
  class space    used 644K, capacity 688K, committed 768K, reserved 1048576K
}
Event: 14.134 GC heap before
{Heap before GC invocations=7 (full 1):
 PSYoungGen      total 111104K, used 5088K [0x00000000eab00000, 0x00000000fee00000, 0x0000000100000000)
  eden space 105984K, 0% used [0x00000000eab00000,0x00000000eab00000,0x00000000f1280000)
  from space 5120K, 99% used [0x00000000f3200000,0x00000000f36f82b8,0x00000000f3700000)
  to   space 32256K, 0% used [0x00000000f1280000,0x00000000f1280000,0x00000000f3200000)
 ParOldGen       total 87552K, used 64234K [0x00000000c0000000, 0x00000000c5580000, 0x00000000eab00000)
  object space 87552K, 73% used [0x00000000c0000000,0x00000000c3eba970,0x00000000c5580000)
 Metaspace       used 6678K, capacity 7288K, committed 7424K, reserved 1056768K
  class space    used 644K, capacity 688K, committed 768K, reserved 1048576K
Event: 19.549 GC heap after
Heap after GC invocations=7 (full 1):
 PSYoungGen      total 111104K, used 0K [0x00000000eab00000, 0x00000000fee00000, 0x0000000100000000)
  eden space 105984K, 0% used [0x00000000eab00000,0x00000000eab00000,0x00000000f1280000)
  from space 5120K, 0% used [0x00000000f3200000,0x00000000f3200000,0x00000000f3700000)
  to   space 32256K, 0% used [0x00000000f1280000,0x00000000f1280000,0x00000000f3200000)
 ParOldGen       total 155648K, used 67295K [0x00000000c0000000, 0x00000000c9800000, 0x00000000eab00000)
  object space 155648K, 43% used [0x00000000c0000000,0x00000000c41b7c30,0x00000000c9800000)
 Metaspace       used 6678K, capacity 7288K, committed 7424K, reserved 1056768K
  class space    used 644K, capacity 688K, committed 768K, reserved 1048576K
}

Deoptimization events (10 events):
Event: 20.627 Thread 0x000000001674b000 Uncommon trap: reason=class_check action=maybe_recompile pc=0x00000000029ff088 method=java.util.Arrays.hashCode([Ljava/lang/Object;)I @ 43
Event: 20.627 Thread 0x000000001674b000 Uncommon trap: reason=class_check action=maybe_recompile pc=0x00000000029ff088 method=java.util.Arrays.hashCode([Ljava/lang/Object;)I @ 43
Event: 20.627 Thread 0x000000001674b000 Uncommon trap: reason=class_check action=maybe_recompile pc=0x00000000029ff668 method=java.util.Arrays.hashCode([Ljava/lang/Object;)I @ 43
Event: 20.792 Thread 0x000000001674b000 Uncommon trap: reason=class_check action=maybe_recompile pc=0x00000000029c26f8 method=java.util.HashMap.putVal(ILjava/lang/Object;Ljava/lang/Object;ZZ)Ljava/lang/Object; @ 203
Event: 21.231 Thread 0x000000001674b000 Uncommon trap: reason=unstable_if action=reinterpret pc=0x0000000002f2855c method=java.util.HashMap.putVal(ILjava/lang/Object;Ljava/lang/Object;ZZ)Ljava/lang/Object; @ 206
Event: 21.400 Thread 0x000000001674b000 Uncommon trap: reason=speculate_class_check action=maybe_recompile pc=0x000000000290a7d0 method=com.android.dx.util.FixedSizeList.equals(Ljava/lang/Object;)Z @ 25
Event: 21.400 Thread 0x000000001674b000 Uncommon trap: reason=speculate_class_check action=maybe_recompile pc=0x000000000290a7d0 method=com.android.dx.util.FixedSizeList.equals(Ljava/lang/Object;)Z @ 25
Event: 21.400 Thread 0x000000001674b000 Uncommon trap: reason=speculate_class_check action=maybe_recompile pc=0x000000000290a7d0 method=com.android.dx.util.FixedSizeList.equals(Ljava/lang/Object;)Z @ 25
Event: 21.400 Thread 0x000000001674b000 Uncommon trap: reason=speculate_class_check action=maybe_recompile pc=0x000000000290a7d0 method=com.android.dx.util.FixedSizeList.equals(Ljava/lang/Object;)Z @ 25
Event: 21.400 Thread 0x000000001674b000 Uncommon trap: reason=unstable_if action=reinterpret pc=0x0000000002dfe62c method=java.util.TreeMap.put(Ljava/lang/Object;Ljava/lang/Object;)Ljava/lang/Object; @ 163

Internal exceptions (8 events):
Event: 0.081 Thread 0x00000000023ed800 Exception <a 'java/lang/NoSuchMethodError': Method sun.misc.Unsafe.defineClass(Ljava/lang/String;[BII)Ljava/lang/Class; name or signature does not match> (0x00000000eab07c78) thrown at [C:\re\workspace\8-2-build-windows-amd64-cygwin\jdk8u111\7883\hotspot\
Event: 0.081 Thread 0x00000000023ed800 Exception <a 'java/lang/NoSuchMethodError': Method sun.misc.Unsafe.prefetchRead(Ljava/lang/Object;J)V name or signature does not match> (0x00000000eab07f60) thrown at [C:\re\workspace\8-2-build-windows-amd64-cygwin\jdk8u111\7883\hotspot\src\share\vm\prims
Event: 6.913 Thread 0x00000000023ed800 Implicit null exception at 0x00000000028231b7 to 0x0000000002824911
Event: 7.190 Thread 0x000000001674b800 Implicit null exception at 0x0000000002a16622 to 0x0000000002a16729
Event: 11.438 Thread 0x000000001674b000 Implicit null exception at 0x0000000002a888c3 to 0x0000000002a89dcd
Event: 12.003 Thread 0x000000001674b800 Exception <a 'java/lang/ArrayIndexOutOfBoundsException': 18> (0x00000000eff69a90) thrown at [C:\re\workspace\8-2-build-windows-amd64-cygwin\jdk8u111\7883\hotspot\src\share\vm\interpreter\interpreterRuntime.cpp, line 366]
Event: 12.004 Thread 0x000000001674b800 Exception <a 'java/lang/ArrayIndexOutOfBoundsException'> (0x00000000eff6b610) thrown at [C:\re\workspace\8-2-build-windows-amd64-cygwin\jdk8u111\7883\hotspot\src\share\vm\runtime\sharedRuntime.cpp, line 605]
Event: 12.005 Thread 0x000000001674b800 Exception <a 'java/lang/ArrayIndexOutOfBoundsException'> (0x00000000eff6c8f8) thrown at [C:\re\workspace\8-2-build-windows-amd64-cygwin\jdk8u111\7883\hotspot\src\share\vm\runtime\sharedRuntime.cpp, line 605]

Events (10 events):
Event: 21.400 Thread 0x000000001674b000 Uncommon trap: trap_request=0xffffff76 fr.pc=0x000000000290a7d0
Event: 21.400 Thread 0x000000001674b000 DEOPT PACKING pc=0x000000000290a7d0 sp=0x000000001990ecd0
Event: 21.400 Thread 0x000000001674b000 DEOPT UNPACKING pc=0x000000000259582a sp=0x000000001990ec90 mode 2
Event: 21.400 Thread 0x000000001674b000 Uncommon trap: trap_request=0xffffff65 fr.pc=0x0000000002dfe62c
Event: 21.400 Thread 0x000000001674b000 DEOPT PACKING pc=0x0000000002dfe62c sp=0x000000001990eef0
Event: 21.400 Thread 0x000000001674b000 DEOPT UNPACKING pc=0x000000000259582a sp=0x000000001990ee90 mode 2
Event: 21.400 loading class com/android/dx/util/ByteArrayAnnotatedOutput
Event: 21.400 loading class com/android/dx/util/ByteArrayAnnotatedOutput done
Event: 21.415 loading class com/android/dx/rop/code/RegisterSpecList$Expander
Event: 21.415 loading class com/android/dx/rop/code/RegisterSpecList$Expander done


Dynamic libraries:
0x00007ff7d0e50000 - 0x00007ff7d0e87000 	C:\Program Files\Java\jdk1.8.0_111\bin\java.exe
0x00007ffa8eb90000 - 0x00007ffa8ed51000 	C:\WINDOWS\SYSTEM32\ntdll.dll
0x00007ffa8e040000 - 0x00007ffa8e0ed000 	C:\WINDOWS\system32\KERNEL32.DLL
0x00007ffa8ba60000 - 0x00007ffa8bc48000 	C:\WINDOWS\system32\KERNELBASE.dll
0x00007ffa8df90000 - 0x00007ffa8e037000 	C:\WINDOWS\system32\ADVAPI32.dll
0x00007ffa8e670000 - 0x00007ffa8e70d000 	C:\WINDOWS\system32\msvcrt.dll
0x00007ffa8db50000 - 0x00007ffa8dbab000 	C:\WINDOWS\system32\sechost.dll
0x00007ffa8c0e0000 - 0x00007ffa8c1fc000 	C:\WINDOWS\system32\RPCRT4.dll
0x00007ffa8c490000 - 0x00007ffa8c5e6000 	C:\WINDOWS\system32\USER32.dll
0x00007ffa8c240000 - 0x00007ffa8c3c6000 	C:\WINDOWS\system32\GDI32.dll
0x00007ffa7e220000 - 0x00007ffa7e494000 	C:\WINDOWS\WinSxS\amd64_microsoft.windows.common-controls_6595b64144ccf1df_6.0.10586.589_none_a2ddb3caa539acce\COMCTL32.dll
0x00007ffa8dbb0000 - 0x00007ffa8de2d000 	C:\WINDOWS\system32\combase.dll
0x00007ffa8b2d0000 - 0x00007ffa8b33a000 	C:\WINDOWS\system32\bcryptPrimitives.dll
0x00007ffa8c200000 - 0x00007ffa8c23b000 	C:\WINDOWS\system32\IMM32.DLL
0x0000000053f00000 - 0x0000000053fd2000 	C:\Program Files\Java\jdk1.8.0_111\jre\bin\msvcr100.dll
0x0000000052260000 - 0x0000000052afa000 	C:\Program Files\Java\jdk1.8.0_111\jre\bin\server\jvm.dll
0x00007ffa8e820000 - 0x00007ffa8e828000 	C:\WINDOWS\system32\PSAPI.DLL
0x00007ffa7dda0000 - 0x00007ffa7dda9000 	C:\WINDOWS\SYSTEM32\WSOCK32.dll
0x00007ffa8bf90000 - 0x00007ffa8bffb000 	C:\WINDOWS\system32\WS2_32.dll
0x00007ffa898b0000 - 0x00007ffa898d3000 	C:\WINDOWS\SYSTEM32\WINMM.dll
0x00007ffa88380000 - 0x00007ffa8838a000 	C:\WINDOWS\SYSTEM32\VERSION.dll
0x00007ffa89880000 - 0x00007ffa898ac000 	C:\WINDOWS\SYSTEM32\WINMMBASE.dll
0x00007ffa8bf40000 - 0x00007ffa8bf83000 	C:\WINDOWS\system32\cfgmgr32.dll
0x0000000053ef0000 - 0x0000000053eff000 	C:\Program Files\Java\jdk1.8.0_111\jre\bin\verify.dll
0x0000000053ec0000 - 0x0000000053ee9000 	C:\Program Files\Java\jdk1.8.0_111\jre\bin\java.dll
0x0000000053ea0000 - 0x0000000053eb6000 	C:\Program Files\Java\jdk1.8.0_111\jre\bin\zip.dll
0x00007ffa8c5f0000 - 0x00007ffa8db4c000 	C:\WINDOWS\system32\SHELL32.dll
0x00007ffa8b340000 - 0x00007ffa8b985000 	C:\WINDOWS\system32\windows.storage.dll
0x00007ffa8eb30000 - 0x00007ffa8eb82000 	C:\WINDOWS\system32\shlwapi.dll
0x00007ffa8b1b0000 - 0x00007ffa8b1bf000 	C:\WINDOWS\system32\kernel.appcore.dll
0x00007ffa8bc50000 - 0x00007ffa8bd05000 	C:\WINDOWS\system32\shcore.dll
0x00007ffa8b1f0000 - 0x00007ffa8b23b000 	C:\WINDOWS\system32\powrprof.dll
0x00007ffa8b1c0000 - 0x00007ffa8b1d4000 	C:\WINDOWS\system32\profapi.dll

VM Arguments:
jvm_args: -Djava.awt.headless=true -Xmx1024M -Dfile.encoding=windows-1252 -Duser.country=CA -Duser.language=en -Duser.variant 
java_command: com.android.dx.command.Main --dex --force-jumbo --num-threads=4 --multi-dex --output C:\Users\Hassen\Documents\Sirine\CPEN321-\proj\cpen321project\PlanMyTrip\app\build\intermediates\transforms\dex\debug\folders\1000\10\com.android.support-support-v4-24.1.0_a8e38c343730cc62bf087008767a135f68ee1463 C:\Users\Hassen\Documents\Sirine\CPEN321-\proj\cpen321project\PlanMyTrip\app\build\intermediates\exploded-aar\com.android.support\support-v4\24.1.0\jars\classes.jar
java_class_path (initial): C:\Users\Hassen\AppData\Local\Android\sdk\build-tools\24.0.1\lib\dx.jar
Launcher Type: SUN_STANDARD

Environment Variables:
JAVA_HOME=C:\Program Files (x86)\Java\jdk1.7.0_79
PATH=C:\ProgramData\Oracle\Java\javapath;C:\Program Files (x86)\Common Files\NetSarang;C:\Program Files (x86)\Intel\iCLS Client\;C:\Program Files\Intel\iCLS Client\;C:\Windows\system32;C:\Windows;C:\Windows\System32\Wbem;C:\Windows\System32\WindowsPowerShell\v1.0\;C:\Program Files\Intel\WiFi\bin\;C:\Program Files\Common Files\Intel\WirelessCommon\;C:\Program Files\Intel\Intel(R) Management Engine Components\DAL;C:\Program Files\Intel\Intel(R) Management Engine Components\IPT;C:\Program Files (x86)\Intel\Intel(R) Management Engine Components\DAL;C:\Program Files (x86)\Intel\Intel(R) Management Engine Components\IPT;C:\Program Files\Acer\Remote Files\;C:\WINDOWS\system32;C:\WINDOWS;C:\WINDOWS\System32\Wbem;C:\WINDOWS\System32\WindowsPowerShell\v1.0\;C:\Program Files (x86)\Skype\Phone\;C:\Program Files (x86)\QuickTime\QTSystem\;C:\WINDOWS\system32;C:\WINDOWS;C:\WINDOWS\System32\Wbem;C:\WINDOWS\System32\WindowsPowerShell\v1.0\;%QUARTUS_ROOTDIR%\bin;C:\Program Files (x86)\apache-maven-3.3.9\bin;C:\Program Files (x86)\apache-maven-3.3.9\bin
USERNAME=Hassen
OS=Windows_NT
PROCESSOR_IDENTIFIER=Intel64 Family 6 Model 69 Stepping 1, GenuineIntel



---------------  S Y S T E M  ---------------

OS: Windows 10.0 , 64 bit Build 10586 (10.0.10586.589)

CPU:total 4 (2 cores per cpu, 2 threads per core) family 6 model 69 stepping 1, cmov, cx8, fxsr, mmx, sse, sse2, sse3, ssse3, sse4.1, sse4.2, popcnt, avx, avx2, aes, clmul, erms, lzcnt, ht, tsc, tscinvbit, bmi1, bmi2

Memory: 4k page, physical 8281368k(675136k free), swap 13067364k(4136k free)

vm_info: Java HotSpot(TM) 64-Bit Server VM (25.111-b14) for windows-amd64 JRE (1.8.0_111-b14), built on Sep 22 2016 19:24:05 by "java_re" with MS VC++ 10.0 (VS2010)

time: Thu Oct 27 13:08:09 2016
elapsed time: 21 seconds (0d 0h 0m 21s)

