#
# There is insufficient memory for the Java Runtime Environment to continue.
# Native memory allocation (malloc) failed to allocate 320224 bytes for Chunk::new
# Possible reasons:
#   The system is out of physical RAM or swap space
#   In 32 bit mode, the process size limit was hit
# Possible solutions:
#   Reduce memory load on the system
#   Increase physical memory or swap space
#   Check if swap backing store is full
#   Use 64 bit Java on a 64 bit OS
#   Decrease Java heap size (-Xmx/-Xms)
#   Decrease number of Java threads
#   Decrease Java thread stack sizes (-Xss)
#   Set larger code cache with -XX:ReservedCodeCacheSize=
# This output file may be truncated or incomplete.
#
#  Out of Memory Error (allocation.cpp:390), pid=12700, tid=0x00000000000035e0
#
# JRE version: Java(TM) SE Runtime Environment (8.0_111-b14) (build 1.8.0_111-b14)
# Java VM: Java HotSpot(TM) 64-Bit Server VM (25.111-b14 mixed mode windows-amd64 compressed oops)
# Failed to write core dump. Minidumps are not enabled by default on client versions of Windows
#

---------------  T H R E A D  ---------------

Current thread (0x000000001550e000):  JavaThread "C2 CompilerThread1" daemon [_thread_in_native, id=13792, stack(0x0000000016c00000,0x0000000016d00000)]

Stack: [0x0000000016c00000,0x0000000016d00000]
[error occurred during error reporting (printing stack bounds), id 0xc0000005]

Native frames: (J=compiled Java code, j=interpreted, Vv=VM code, C=native code)


Current CompileTask:
C2:  13182 1468       4       com.android.dx.ssa.back.FirstFitLocalCombiningAllocator::tryMapReg (41 bytes)


---------------  P R O C E S S  ---------------

Java Threads: ( => current thread )
  0x0000000016f85000 JavaThread "pool-1-thread-1" [_thread_in_vm, id=13172, stack(0x000000001a0a0000,0x000000001a1a0000)]
  0x0000000016e0d800 JavaThread "Service Thread" daemon [_thread_blocked, id=3012, stack(0x0000000017200000,0x0000000017300000)]
  0x000000001551e800 JavaThread "C1 CompilerThread2" daemon [_thread_blocked, id=11572, stack(0x0000000016d00000,0x0000000016e00000)]
=>0x000000001550e000 JavaThread "C2 CompilerThread1" daemon [_thread_in_native, id=13792, stack(0x0000000016c00000,0x0000000016d00000)]
  0x00000000154bd000 JavaThread "C2 CompilerThread0" daemon [_thread_in_native, id=8976, stack(0x0000000016b00000,0x0000000016c00000)]
  0x00000000154bb000 JavaThread "Attach Listener" daemon [_thread_blocked, id=1520, stack(0x0000000016a00000,0x0000000016b00000)]
  0x00000000154ba000 JavaThread "Signal Dispatcher" daemon [_thread_blocked, id=11612, stack(0x0000000016900000,0x0000000016a00000)]
  0x0000000002de4800 JavaThread "Finalizer" daemon [_thread_blocked, id=11796, stack(0x0000000016720000,0x0000000016820000)]
  0x0000000002ddf000 JavaThread "Reference Handler" daemon [_thread_blocked, id=14300, stack(0x0000000016620000,0x0000000016720000)]
  0x000000000139d800 JavaThread "main" [_thread_blocked, id=7004, stack(0x0000000002bf0000,0x0000000002cf0000)]

Other Threads:
  0x0000000015488000 VMThread [stack: 0x0000000016520000,0x0000000016620000] [id=8740]
  0x0000000016e05800 WatcherThread [stack: 0x0000000017300000,0x0000000017400000] [id=12852]

VM state:not at safepoint (normal execution)

VM Mutex/Monitor currently owned by a thread: None

Heap:
 PSYoungGen      total 71680K, used 61492K [0x00000000eab00000, 0x00000000ef600000, 0x0000000100000000)
  eden space 66560K, 84% used [0x00000000eab00000,0x00000000ee2147c8,0x00000000eec00000)
  from space 5120K, 99% used [0x00000000ef100000,0x00000000ef5f8bd0,0x00000000ef600000)
  to   space 5120K, 0% used [0x00000000eec00000,0x00000000eec00000,0x00000000ef100000)
 ParOldGen       total 87552K, used 16880K [0x00000000c0000000, 0x00000000c5580000, 0x00000000eab00000)
  object space 87552K, 19% used [0x00000000c0000000,0x00000000c107c008,0x00000000c5580000)
 Metaspace       used 6193K, capacity 7128K, committed 7424K, reserved 1056768K
  class space    used 620K, capacity 656K, committed 768K, reserved 1048576K

Card table byte_map: [0x00000000121b0000,0x00000000123c0000] byte_map_base: 0x0000000011bb0000

Marking Bits: (ParMarkBitMap*) 0x000000005331a6c0
 Begin Bits: [0x0000000012920000, 0x0000000013920000)
 End Bits:   [0x0000000013920000, 0x0000000014920000)

Polling page: 0x0000000001110000

CodeCache: size=245760Kb used=6885Kb max_used=6885Kb free=238874Kb
 bounds [0x0000000002df0000, 0x00000000034b0000, 0x0000000011df0000]
 total_blobs=1851 nmethods=1589 adapters=175
 compilation: enabled

Compilation events (10 events):
Event: 12.790 Thread 0x000000001551e800 1506       1       com.android.dx.dex.file.DexFile::getWordData (5 bytes)
Event: 12.790 Thread 0x000000001551e800 nmethod 1506 0x0000000003477c50 code [0x0000000003477da0, 0x0000000003477eb0]
Event: 12.791 Thread 0x000000001551e800 1508       2       java.util.AbstractMap::hashCode (43 bytes)
Event: 12.791 Thread 0x000000001551e800 nmethod 1508 0x0000000003477f10 code [0x00000000034780c0, 0x00000000034783a8]
Event: 12.791 Thread 0x000000001551e800 1509       2       com.android.dx.rop.annotation.NameValuePair::hashCode (19 bytes)
Event: 12.791 Thread 0x000000001551e800 nmethod 1509 0x0000000003478510 code [0x0000000003478680, 0x0000000003478858]
Event: 12.792 Thread 0x000000001551e800 1510       2       com.android.dx.rop.cst.CstMemberRef::hashCode (19 bytes)
Event: 12.792 Thread 0x000000001551e800 nmethod 1510 0x0000000003478990 code [0x0000000003478b20, 0x0000000003478d48]
Event: 12.792 Thread 0x000000001551e800 1511       2       com.android.dx.dex.code.OutputFinisher::addConstants (93 bytes)
Event: 12.793 Thread 0x000000001551e800 nmethod 1511 0x0000000003479010 code [0x00000000034791e0, 0x00000000034796c8]

GC Heap History (4 events):
Event: 8.058 GC heap before
{Heap before GC invocations=1 (full 0):
 PSYoungGen      total 38400K, used 33280K [0x00000000eab00000, 0x00000000ed580000, 0x0000000100000000)
  eden space 33280K, 100% used [0x00000000eab00000,0x00000000ecb80000,0x00000000ecb80000)
  from space 5120K, 0% used [0x00000000ed080000,0x00000000ed080000,0x00000000ed580000)
  to   space 5120K, 0% used [0x00000000ecb80000,0x00000000ecb80000,0x00000000ed080000)
 ParOldGen       total 87552K, used 0K [0x00000000c0000000, 0x00000000c5580000, 0x00000000eab00000)
  object space 87552K, 0% used [0x00000000c0000000,0x00000000c0000000,0x00000000c5580000)
 Metaspace       used 5882K, capacity 6902K, committed 7040K, reserved 1056768K
  class space    used 603K, capacity 622K, committed 640K, reserved 1048576K
Event: 8.280 GC heap after
Heap after GC invocations=1 (full 0):
 PSYoungGen      total 38400K, used 5117K [0x00000000eab00000, 0x00000000ef600000, 0x0000000100000000)
  eden space 33280K, 0% used [0x00000000eab00000,0x00000000eab00000,0x00000000ecb80000)
  from space 5120K, 99% used [0x00000000ecb80000,0x00000000ed07f548,0x00000000ed080000)
  to   space 5120K, 0% used [0x00000000ef100000,0x00000000ef100000,0x00000000ef600000)
 ParOldGen       total 87552K, used 2925K [0x00000000c0000000, 0x00000000c5580000, 0x00000000eab00000)
  object space 87552K, 3% used [0x00000000c0000000,0x00000000c02db448,0x00000000c5580000)
 Metaspace       used 5882K, capacity 6902K, committed 7040K, reserved 1056768K
  class space    used 603K, capacity 622K, committed 640K, reserved 1048576K
}
Event: 9.761 GC heap before
{Heap before GC invocations=2 (full 0):
 PSYoungGen      total 38400K, used 38397K [0x00000000eab00000, 0x00000000ef600000, 0x0000000100000000)
  eden space 33280K, 100% used [0x00000000eab00000,0x00000000ecb80000,0x00000000ecb80000)
  from space 5120K, 99% used [0x00000000ecb80000,0x00000000ed07f548,0x00000000ed080000)
  to   space 5120K, 0% used [0x00000000ef100000,0x00000000ef100000,0x00000000ef600000)
 ParOldGen       total 87552K, used 2925K [0x00000000c0000000, 0x00000000c5580000, 0x00000000eab00000)
  object space 87552K, 3% used [0x00000000c0000000,0x00000000c02db448,0x00000000c5580000)
 Metaspace       used 5982K, capacity 6968K, committed 7040K, reserved 1056768K
  class space    used 606K, capacity 624K, committed 640K, reserved 1048576K
Event: 10.495 GC heap after
Heap after GC invocations=2 (full 0):
 PSYoungGen      total 71680K, used 5090K [0x00000000eab00000, 0x00000000ef600000, 0x0000000100000000)
  eden space 66560K, 0% used [0x00000000eab00000,0x00000000eab00000,0x00000000eec00000)
  from space 5120K, 99% used [0x00000000ef100000,0x00000000ef5f8bd0,0x00000000ef600000)
  to   space 5120K, 0% used [0x00000000eec00000,0x00000000eec00000,0x00000000ef100000)
 ParOldGen       total 87552K, used 16880K [0x00000000c0000000, 0x00000000c5580000, 0x00000000eab00000)
  object space 87552K, 19% used [0x00000000c0000000,0x00000000c107c008,0x00000000c5580000)
 Metaspace       used 5982K, capacity 6968K, committed 7040K, reserved 1056768K
  class space    used 606K, capacity 624K, committed 640K, reserved 1048576K
}

Deoptimization events (10 events):
Event: 12.783 Thread 0x0000000016f85000 Uncommon trap: reason=class_check action=maybe_recompile pc=0x00000000032d3e88 method=java.util.Arrays.hashCode([Ljava/lang/Object;)I @ 43
Event: 12.784 Thread 0x0000000016f85000 Uncommon trap: reason=class_check action=maybe_recompile pc=0x00000000032d3e88 method=java.util.Arrays.hashCode([Ljava/lang/Object;)I @ 43
Event: 12.784 Thread 0x0000000016f85000 Uncommon trap: reason=class_check action=maybe_recompile pc=0x00000000032d3e88 method=java.util.Arrays.hashCode([Ljava/lang/Object;)I @ 43
Event: 12.784 Thread 0x0000000016f85000 Uncommon trap: reason=class_check action=maybe_recompile pc=0x00000000032d25a8 method=java.util.Arrays.hashCode([Ljava/lang/Object;)I @ 43
Event: 12.790 Thread 0x0000000016f85000 Uncommon trap: reason=bimorphic action=maybe_recompile pc=0x000000000304bc6c method=java.util.HashMap.getNode(ILjava/lang/Object;)Ljava/util/HashMap$Node; @ 126
Event: 12.790 Thread 0x0000000016f85000 Uncommon trap: reason=class_check action=maybe_recompile pc=0x00000000032696ec method=java.util.HashMap.putVal(ILjava/lang/Object;Ljava/lang/Object;ZZ)Ljava/lang/Object; @ 203
Event: 12.790 Thread 0x0000000016f85000 Uncommon trap: reason=bimorphic action=maybe_recompile pc=0x000000000304bc6c method=java.util.HashMap.getNode(ILjava/lang/Object;)Ljava/util/HashMap$Node; @ 126
Event: 12.790 Thread 0x0000000016f85000 Uncommon trap: reason=class_check action=maybe_recompile pc=0x00000000032696ec method=java.util.HashMap.putVal(ILjava/lang/Object;Ljava/lang/Object;ZZ)Ljava/lang/Object; @ 203
Event: 12.791 Thread 0x0000000016f85000 Uncommon trap: reason=bimorphic action=maybe_recompile pc=0x000000000304bc6c method=java.util.HashMap.getNode(ILjava/lang/Object;)Ljava/util/HashMap$Node; @ 126
Event: 12.791 Thread 0x0000000016f85000 Uncommon trap: reason=bimorphic action=maybe_recompile pc=0x000000000304bc6c method=java.util.HashMap.getNode(ILjava/lang/Object;)Ljava/util/HashMap$Node; @ 126

Internal exceptions (3 events):
Event: 1.602 Thread 0x000000000139d800 Exception <a 'java/lang/NoSuchMethodError': Method sun.misc.Unsafe.defineClass(Ljava/lang/String;[BII)Ljava/lang/Class; name or signature does not match> (0x00000000eab07c78) thrown at [C:\re\workspace\8-2-build-windows-amd64-cygwin\jdk8u111\7883\hotspot\
Event: 1.602 Thread 0x000000000139d800 Exception <a 'java/lang/NoSuchMethodError': Method sun.misc.Unsafe.prefetchRead(Ljava/lang/Object;J)V name or signature does not match> (0x00000000eab07f60) thrown at [C:\re\workspace\8-2-build-windows-amd64-cygwin\jdk8u111\7883\hotspot\src\share\vm\prims
Event: 7.673 Thread 0x0000000016f85000 Implicit null exception at 0x00000000031a4f62 to 0x00000000031a5069

Events (10 events):
Event: 12.790 Thread 0x0000000016f85000 DEOPT UNPACKING pc=0x0000000002e3582a sp=0x000000001a19ec68 mode 2
Event: 12.790 Thread 0x0000000016f85000 Uncommon trap: trap_request=0xffffffde fr.pc=0x00000000032696ec
Event: 12.790 Thread 0x0000000016f85000 DEOPT PACKING pc=0x00000000032696ec sp=0x000000001a19ed20
Event: 12.790 Thread 0x0000000016f85000 DEOPT UNPACKING pc=0x0000000002e3582a sp=0x000000001a19ec48 mode 2
Event: 12.791 Thread 0x0000000016f85000 Uncommon trap: trap_request=0xffffffc6 fr.pc=0x000000000304bc6c
Event: 12.791 Thread 0x0000000016f85000 DEOPT PACKING pc=0x000000000304bc6c sp=0x000000001a19ed50
Event: 12.791 Thread 0x0000000016f85000 DEOPT UNPACKING pc=0x0000000002e3582a sp=0x000000001a19ec68 mode 2
Event: 12.791 Thread 0x0000000016f85000 Uncommon trap: trap_request=0xffffffc6 fr.pc=0x000000000304bc6c
Event: 12.791 Thread 0x0000000016f85000 DEOPT PACKING pc=0x000000000304bc6c sp=0x000000001a19ed50
Event: 12.791 Thread 0x0000000016f85000 DEOPT UNPACKING pc=0x0000000002e3582a sp=0x000000001a19ec68 mode 2


Dynamic libraries:
0x00007ff70c9f0000 - 0x00007ff70ca27000 	C:\Program Files\Java\jdk1.8.0_111\bin\java.exe
0x00007ffa8eb90000 - 0x00007ffa8ed51000 	C:\WINDOWS\SYSTEM32\ntdll.dll
0x00007ffa8e040000 - 0x00007ffa8e0ed000 	C:\WINDOWS\system32\KERNEL32.DLL
0x00007ffa8ba60000 - 0x00007ffa8bc48000 	C:\WINDOWS\system32\KERNELBASE.dll
0x00007ffa8df90000 - 0x00007ffa8e037000 	C:\WINDOWS\system32\ADVAPI32.dll
0x00007ffa8e670000 - 0x00007ffa8e70d000 	C:\WINDOWS\system32\msvcrt.dll
0x00007ffa8db50000 - 0x00007ffa8dbab000 	C:\WINDOWS\system32\sechost.dll
0x00007ffa8c0e0000 - 0x00007ffa8c1fc000 	C:\WINDOWS\system32\RPCRT4.dll
0x00007ffa8c490000 - 0x00007ffa8c5e6000 	C:\WINDOWS\system32\USER32.dll
0x00007ffa8c240000 - 0x00007ffa8c3c6000 	C:\WINDOWS\system32\GDI32.dll
0x00007ffa7e220000 - 0x00007ffa7e494000 	C:\WINDOWS\WinSxS\amd64_microsoft.windows.common-controls_6595b64144ccf1df_6.0.10586.589_none_a2ddb3caa539acce\COMCTL32.dll
0x00007ffa8dbb0000 - 0x00007ffa8de2d000 	C:\WINDOWS\system32\combase.dll
0x00007ffa8b2d0000 - 0x00007ffa8b33a000 	C:\WINDOWS\system32\bcryptPrimitives.dll
0x00007ffa8c200000 - 0x00007ffa8c23b000 	C:\WINDOWS\system32\IMM32.DLL
0x00000000533a0000 - 0x0000000053472000 	C:\Program Files\Java\jdk1.8.0_111\jre\bin\msvcr100.dll
0x0000000052b00000 - 0x000000005339a000 	C:\Program Files\Java\jdk1.8.0_111\jre\bin\server\jvm.dll
0x00007ffa8e820000 - 0x00007ffa8e828000 	C:\WINDOWS\system32\PSAPI.DLL
0x00007ffa7dda0000 - 0x00007ffa7dda9000 	C:\WINDOWS\SYSTEM32\WSOCK32.dll
0x00007ffa8bf90000 - 0x00007ffa8bffb000 	C:\WINDOWS\system32\WS2_32.dll
0x00007ffa898b0000 - 0x00007ffa898d3000 	C:\WINDOWS\SYSTEM32\WINMM.dll
0x00007ffa88380000 - 0x00007ffa8838a000 	C:\WINDOWS\SYSTEM32\VERSION.dll
0x00007ffa89880000 - 0x00007ffa898ac000 	C:\WINDOWS\SYSTEM32\WINMMBASE.dll
0x00007ffa8bf40000 - 0x00007ffa8bf83000 	C:\WINDOWS\system32\cfgmgr32.dll
0x0000000052af0000 - 0x0000000052aff000 	C:\Program Files\Java\jdk1.8.0_111\jre\bin\verify.dll
0x0000000052ac0000 - 0x0000000052ae9000 	C:\Program Files\Java\jdk1.8.0_111\jre\bin\java.dll
0x0000000052aa0000 - 0x0000000052ab6000 	C:\Program Files\Java\jdk1.8.0_111\jre\bin\zip.dll
0x00007ffa8c5f0000 - 0x00007ffa8db4c000 	C:\WINDOWS\system32\SHELL32.dll
0x00007ffa8b340000 - 0x00007ffa8b985000 	C:\WINDOWS\system32\windows.storage.dll
0x00007ffa8eb30000 - 0x00007ffa8eb82000 	C:\WINDOWS\system32\shlwapi.dll
0x00007ffa8b1b0000 - 0x00007ffa8b1bf000 	C:\WINDOWS\system32\kernel.appcore.dll
0x00007ffa8bc50000 - 0x00007ffa8bd05000 	C:\WINDOWS\system32\shcore.dll
0x00007ffa8b1f0000 - 0x00007ffa8b23b000 	C:\WINDOWS\system32\powrprof.dll
0x00007ffa8b1c0000 - 0x00007ffa8b1d4000 	C:\WINDOWS\system32\profapi.dll

VM Arguments:
jvm_args: -Djava.awt.headless=true -Xmx1024M -Dfile.encoding=windows-1252 -Duser.country=CA -Duser.language=en -Duser.variant 
java_command: com.android.dx.command.Main --dex --force-jumbo --num-threads=4 --multi-dex --output C:\Users\Hassen\Documents\Sirine\CPEN321-\proj\cpen321project\PlanMyTrip\app\build\intermediates\transforms\dex\debug\folders\1000\5\slice_1 C:\Users\Hassen\Documents\Sirine\CPEN321-\proj\cpen321project\PlanMyTrip\app\build\intermediates\transforms\instantRunSlicer\debug\folders\1\5\slice_1
java_class_path (initial): C:\Users\Hassen\AppData\Local\Android\sdk\build-tools\24.0.1\lib\dx.jar
Launcher Type: SUN_STANDARD

Environment Variables:
JAVA_HOME=C:\Program Files (x86)\Java\jdk1.7.0_79
PATH=C:\ProgramData\Oracle\Java\javapath;C:\Program Files (x86)\Common Files\NetSarang;C:\Program Files (x86)\Intel\iCLS Client\;C:\Program Files\Intel\iCLS Client\;C:\Windows\system32;C:\Windows;C:\Windows\System32\Wbem;C:\Windows\System32\WindowsPowerShell\v1.0\;C:\Program Files\Intel\WiFi\bin\;C:\Program Files\Common Files\Intel\WirelessCommon\;C:\Program Files\Intel\Intel(R) Management Engine Components\DAL;C:\Program Files\Intel\Intel(R) Management Engine Components\IPT;C:\Program Files (x86)\Intel\Intel(R) Management Engine Components\DAL;C:\Program Files (x86)\Intel\Intel(R) Management Engine Components\IPT;C:\Program Files\Acer\Remote Files\;C:\WINDOWS\system32;C:\WINDOWS;C:\WINDOWS\System32\Wbem;C:\WINDOWS\System32\WindowsPowerShell\v1.0\;C:\Program Files (x86)\Skype\Phone\;C:\Program Files (x86)\QuickTime\QTSystem\;C:\WINDOWS\system32;C:\WINDOWS;C:\WINDOWS\System32\Wbem;C:\WINDOWS\System32\WindowsPowerShell\v1.0\;%QUARTUS_ROOTDIR%\bin;C:\Program Files (x86)\apache-maven-3.3.9\bin;C:\Program Files (x86)\apache-maven-3.3.9\bin
USERNAME=Hassen
OS=Windows_NT
PROCESSOR_IDENTIFIER=Intel64 Family 6 Model 69 Stepping 1, GenuineIntel



---------------  S Y S T E M  ---------------

OS: Windows 10.0 , 64 bit Build 10586 (10.0.10586.589)

CPU:total 4 (2 cores per cpu, 2 threads per core) family 6 model 69 stepping 1, cmov, cx8, fxsr, mmx, sse, sse2, sse3, ssse3, sse4.1, sse4.2, popcnt, avx, avx2, aes, clmul, erms, lzcnt, ht, tsc, tscinvbit, bmi1, bmi2

Memory: 4k page, physical 8281368k(564492k free), swap 12807464k(253644k free)

vm_info: Java HotSpot(TM) 64-Bit Server VM (25.111-b14) for windows-amd64 JRE (1.8.0_111-b14), built on Sep 22 2016 19:24:05 by "java_re" with MS VC++ 10.0 (VS2010)

time: Wed Oct 26 12:59:16 2016
elapsed time: 13 seconds (0d 0h 0m 13s)

