#
# There is insufficient memory for the Java Runtime Environment to continue.
# Native memory allocation (malloc) failed to allocate 32744 bytes for ChunkPool::allocate
# Possible reasons:
#   The system is out of physical RAM or swap space
#   In 32 bit mode, the process size limit was hit
# Possible solutions:
#   Reduce memory load on the system
#   Increase physical memory or swap space
#   Check if swap backing store is full
#   Use 64 bit Java on a 64 bit OS
#   Decrease Java heap size (-Xmx/-Xms)
#   Decrease number of Java threads
#   Decrease Java thread stack sizes (-Xss)
#   Set larger code cache with -XX:ReservedCodeCacheSize=
# This output file may be truncated or incomplete.
#
#  Out of Memory Error (allocation.cpp:273), pid=1372, tid=0x0000000000002f70
#
# JRE version: Java(TM) SE Runtime Environment (8.0_111-b14) (build 1.8.0_111-b14)
# Java VM: Java HotSpot(TM) 64-Bit Server VM (25.111-b14 mixed mode windows-amd64 compressed oops)
# Failed to write core dump. Minidumps are not enabled by default on client versions of Windows
#

---------------  T H R E A D  ---------------

Current thread (0x0000000014c5e800):  JavaThread "C1 CompilerThread2" daemon [_thread_in_native, id=12144, stack(0x0000000016840000,0x0000000016940000)]

Stack: [0x0000000016840000,0x0000000016940000]
[error occurred during error reporting (printing stack bounds), id 0xc0000005]

Native frames: (J=compiled Java code, j=interpreted, Vv=VM code, C=native code)


Current CompileTask:
C1:   3985  354   !   3       com.android.dx.cf.code.BytecodeArray::parseInstruction (2764 bytes)


---------------  P R O C E S S  ---------------

Java Threads: ( => current thread )
  0x0000000016704000 JavaThread "pool-2-thread-4" [_thread_blocked, id=9396, stack(0x0000000016f40000,0x0000000017040000)]
  0x0000000016703800 JavaThread "pool-2-thread-3" [_thread_in_vm, id=9056, stack(0x0000000016e40000,0x0000000016f40000)]
  0x0000000016701800 JavaThread "pool-2-thread-2" [_thread_in_vm, id=6724, stack(0x0000000016d40000,0x0000000016e40000)]
  0x00000000166ff000 JavaThread "pool-3-thread-1" [_thread_blocked, id=11508, stack(0x0000000016c40000,0x0000000016d40000)]
  0x00000000166fe000 JavaThread "pool-2-thread-1" [_thread_blocked, id=6608, stack(0x0000000016b40000,0x0000000016c40000)]
  0x0000000016445800 JavaThread "Service Thread" daemon [_thread_blocked, id=5684, stack(0x0000000016940000,0x0000000016a40000)]
=>0x0000000014c5e800 JavaThread "C1 CompilerThread2" daemon [_thread_in_native, id=12144, stack(0x0000000016840000,0x0000000016940000)]
  0x0000000014c00800 JavaThread "C2 CompilerThread1" daemon [_thread_in_native, id=11704, stack(0x0000000016340000,0x0000000016440000)]
  0x0000000014bfd000 JavaThread "C2 CompilerThread0" daemon [_thread_blocked, id=9676, stack(0x0000000016240000,0x0000000016340000)]
  0x0000000014bfb000 JavaThread "Attach Listener" daemon [_thread_blocked, id=1884, stack(0x0000000016140000,0x0000000016240000)]
  0x0000000014bfa000 JavaThread "Signal Dispatcher" daemon [_thread_blocked, id=9312, stack(0x0000000016040000,0x0000000016140000)]
  0x0000000014bea000 JavaThread "Finalizer" daemon [_thread_blocked, id=8548, stack(0x0000000015e60000,0x0000000015f60000)]
  0x0000000014bc9000 JavaThread "Reference Handler" daemon [_thread_blocked, id=10016, stack(0x0000000015d60000,0x0000000015e60000)]
  0x000000000242e000 JavaThread "main" [_thread_blocked, id=11900, stack(0x0000000002270000,0x0000000002370000)]

Other Threads:
  0x0000000014bc7800 VMThread [stack: 0x0000000015c60000,0x0000000015d60000] [id=11804]
  0x0000000016449800 WatcherThread [stack: 0x0000000016a40000,0x0000000016b40000] [id=11244]

VM state:not at safepoint (normal execution)

VM Mutex/Monitor currently owned by a thread: None

Heap:
 PSYoungGen      total 38400K, used 11331K [0x00000000eab00000, 0x00000000ed580000, 0x0000000100000000)
  eden space 33280K, 34% used [0x00000000eab00000,0x00000000eb610ee8,0x00000000ecb80000)
  from space 5120K, 0% used [0x00000000ed080000,0x00000000ed080000,0x00000000ed580000)
  to   space 5120K, 0% used [0x00000000ecb80000,0x00000000ecb80000,0x00000000ed080000)
 ParOldGen       total 87552K, used 0K [0x00000000c0000000, 0x00000000c5580000, 0x00000000eab00000)
  object space 87552K, 0% used [0x00000000c0000000,0x00000000c0000000,0x00000000c5580000)
 Metaspace       used 5386K, capacity 6360K, committed 6656K, reserved 1056768K
  class space    used 606K, capacity 656K, committed 768K, reserved 1048576K

Card table byte_map: [0x00000000118f0000,0x0000000011b00000] byte_map_base: 0x00000000112f0000

Marking Bits: (ParMarkBitMap*) 0x0000000052a7a6c0
 Begin Bits: [0x0000000012060000, 0x0000000013060000)
 End Bits:   [0x0000000013060000, 0x0000000014060000)

Polling page: 0x0000000002370000

CodeCache: size=245760Kb used=1846Kb max_used=1857Kb free=243913Kb
 bounds [0x0000000002530000, 0x00000000027a0000, 0x0000000011530000]
 total_blobs=625 nmethods=357 adapters=181
 compilation: enabled

Compilation events (10 events):
Event: 3.967 Thread 0x0000000014c5e800 nmethod 352 0x00000000026fc8d0 code [0x00000000026fca80, 0x00000000026fcf68]
Event: 3.967 Thread 0x0000000014c5e800  353       3       com.android.dx.rop.code.RegisterSpec::equals (51 bytes)
Event: 3.967 Thread 0x0000000014c5e800 nmethod 353 0x00000000026fc010 code [0x00000000026fc1a0, 0x00000000026fc758]
Event: 3.967 Thread 0x0000000014c5e800  357       1       com.android.dx.rop.code.Insn::getResult (5 bytes)
Event: 3.968 Thread 0x0000000014c5e800 nmethod 357 0x00000000026fbd50 code [0x00000000026fbea0, 0x00000000026fbfb0]
Event: 3.968 Thread 0x0000000014c5e800  354   !   3       com.android.dx.cf.code.BytecodeArray::parseInstruction (2764 bytes)
Event: 3.970 Thread 0x0000000014c00800  369       4       com.android.dx.rop.type.Type::getCategory (36 bytes)
Event: 3.970 Thread 0x0000000014c00800 nmethod 369 0x00000000026fbb50 code [0x00000000026fbc80, 0x00000000026fbcf8]
Event: 3.971 Thread 0x0000000014bfd000  370       4       com.android.dx.util.MutabilityControl::throwIfImmutable (18 bytes)
Event: 3.971 Thread 0x0000000014bfd000 nmethod 370 0x00000000026fb910 code [0x00000000026fba40, 0x00000000026fbab8]

GC Heap History (0 events):
No events

Deoptimization events (0 events):
No events

Internal exceptions (2 events):
Event: 1.130 Thread 0x000000000242e000 Exception <a 'java/lang/NoSuchMethodError': Method sun.misc.Unsafe.defineClass(Ljava/lang/String;[BII)Ljava/lang/Class; name or signature does not match> (0x00000000eab07c78) thrown at [C:\re\workspace\8-2-build-windows-amd64-cygwin\jdk8u111\7883\hotspot\
Event: 1.130 Thread 0x000000000242e000 Exception <a 'java/lang/NoSuchMethodError': Method sun.misc.Unsafe.prefetchRead(Ljava/lang/Object;J)V name or signature does not match> (0x00000000eab07f60) thrown at [C:\re\workspace\8-2-build-windows-amd64-cygwin\jdk8u111\7883\hotspot\src\share\vm\prims

Events (10 events):
Event: 3.956 loading class com/android/dx/dex/code/form/Form21t
Event: 3.956 loading class com/android/dx/dex/code/form/Form21t done
Event: 3.957 loading class com/android/dx/dex/code/form/Form22s
Event: 3.957 loading class com/android/dx/dex/code/form/Form22s done
Event: 3.961 loading class com/android/dx/dex/code/form/Form22b
Event: 3.961 loading class com/android/dx/dex/code/form/Form22b done
Event: 3.975 loading class com/android/dx/ssa/PhiInsn$Operand
Event: 3.975 loading class com/android/dx/ssa/PhiInsn$Operand done
Event: 3.981 loading class com/android/dx/dex/code/RopTranslator$1
Event: 3.981 loading class com/android/dx/dex/code/RopTranslator$1 done


Dynamic libraries:
0x00007ff7d0e50000 - 0x00007ff7d0e87000 	C:\Program Files\Java\jdk1.8.0_111\bin\java.exe
0x00007ffa8eb90000 - 0x00007ffa8ed51000 	C:\WINDOWS\SYSTEM32\ntdll.dll
0x00007ffa8e040000 - 0x00007ffa8e0ed000 	C:\WINDOWS\system32\KERNEL32.DLL
0x00007ffa8ba60000 - 0x00007ffa8bc48000 	C:\WINDOWS\system32\KERNELBASE.dll
0x00007ffa8df90000 - 0x00007ffa8e037000 	C:\WINDOWS\system32\ADVAPI32.dll
0x00007ffa8e670000 - 0x00007ffa8e70d000 	C:\WINDOWS\system32\msvcrt.dll
0x00007ffa8db50000 - 0x00007ffa8dbab000 	C:\WINDOWS\system32\sechost.dll
0x00007ffa8c0e0000 - 0x00007ffa8c1fc000 	C:\WINDOWS\system32\RPCRT4.dll
0x00007ffa8c490000 - 0x00007ffa8c5e6000 	C:\WINDOWS\system32\USER32.dll
0x00007ffa8c240000 - 0x00007ffa8c3c6000 	C:\WINDOWS\system32\GDI32.dll
0x00007ffa7e220000 - 0x00007ffa7e494000 	C:\WINDOWS\WinSxS\amd64_microsoft.windows.common-controls_6595b64144ccf1df_6.0.10586.589_none_a2ddb3caa539acce\COMCTL32.dll
0x00007ffa8dbb0000 - 0x00007ffa8de2d000 	C:\WINDOWS\system32\combase.dll
0x00007ffa8b2d0000 - 0x00007ffa8b33a000 	C:\WINDOWS\system32\bcryptPrimitives.dll
0x00007ffa8c200000 - 0x00007ffa8c23b000 	C:\WINDOWS\system32\IMM32.DLL
0x0000000053f00000 - 0x0000000053fd2000 	C:\Program Files\Java\jdk1.8.0_111\jre\bin\msvcr100.dll
0x0000000052260000 - 0x0000000052afa000 	C:\Program Files\Java\jdk1.8.0_111\jre\bin\server\jvm.dll
0x00007ffa8e820000 - 0x00007ffa8e828000 	C:\WINDOWS\system32\PSAPI.DLL
0x00007ffa898b0000 - 0x00007ffa898d3000 	C:\WINDOWS\SYSTEM32\WINMM.dll
0x00007ffa7dda0000 - 0x00007ffa7dda9000 	C:\WINDOWS\SYSTEM32\WSOCK32.dll
0x00007ffa8bf90000 - 0x00007ffa8bffb000 	C:\WINDOWS\system32\WS2_32.dll
0x00007ffa88380000 - 0x00007ffa8838a000 	C:\WINDOWS\SYSTEM32\VERSION.dll
0x00007ffa89880000 - 0x00007ffa898ac000 	C:\WINDOWS\SYSTEM32\WINMMBASE.dll
0x00007ffa8bf40000 - 0x00007ffa8bf83000 	C:\WINDOWS\system32\cfgmgr32.dll
0x0000000053ef0000 - 0x0000000053eff000 	C:\Program Files\Java\jdk1.8.0_111\jre\bin\verify.dll
0x0000000053ec0000 - 0x0000000053ee9000 	C:\Program Files\Java\jdk1.8.0_111\jre\bin\java.dll
0x0000000053ea0000 - 0x0000000053eb6000 	C:\Program Files\Java\jdk1.8.0_111\jre\bin\zip.dll
0x00007ffa8c5f0000 - 0x00007ffa8db4c000 	C:\WINDOWS\system32\SHELL32.dll
0x00007ffa8b340000 - 0x00007ffa8b985000 	C:\WINDOWS\system32\windows.storage.dll
0x00007ffa8eb30000 - 0x00007ffa8eb82000 	C:\WINDOWS\system32\shlwapi.dll
0x00007ffa8b1b0000 - 0x00007ffa8b1bf000 	C:\WINDOWS\system32\kernel.appcore.dll
0x00007ffa8bc50000 - 0x00007ffa8bd05000 	C:\WINDOWS\system32\shcore.dll
0x00007ffa8b1f0000 - 0x00007ffa8b23b000 	C:\WINDOWS\system32\powrprof.dll
0x00007ffa8b1c0000 - 0x00007ffa8b1d4000 	C:\WINDOWS\system32\profapi.dll

VM Arguments:
jvm_args: -Djava.awt.headless=true -Xmx1024M -Dfile.encoding=windows-1252 -Duser.country=CA -Duser.language=en -Duser.variant 
java_command: com.android.dx.command.Main --dex --force-jumbo --num-threads=4 --multi-dex --output C:\Users\Hassen\Documents\Sirine\CPEN321-\proj\cpen321project\PlanMyTrip\app\build\intermediates\transforms\dex\debug\folders\1000\10\com.android.support-animated-vector-drawable-24.1.0_f3a22619419e55082bb64325f7211393f64b9a89 C:\Users\Hassen\Documents\Sirine\CPEN321-\proj\cpen321project\PlanMyTrip\app\build\intermediates\exploded-aar\com.android.support\animated-vector-drawable\24.1.0\jars\classes.jar
java_class_path (initial): C:\Users\Hassen\AppData\Local\Android\sdk\build-tools\24.0.1\lib\dx.jar
Launcher Type: SUN_STANDARD

Environment Variables:
JAVA_HOME=C:\Program Files (x86)\Java\jdk1.7.0_79
PATH=C:\ProgramData\Oracle\Java\javapath;C:\Program Files (x86)\Common Files\NetSarang;C:\Program Files (x86)\Intel\iCLS Client\;C:\Program Files\Intel\iCLS Client\;C:\Windows\system32;C:\Windows;C:\Windows\System32\Wbem;C:\Windows\System32\WindowsPowerShell\v1.0\;C:\Program Files\Intel\WiFi\bin\;C:\Program Files\Common Files\Intel\WirelessCommon\;C:\Program Files\Intel\Intel(R) Management Engine Components\DAL;C:\Program Files\Intel\Intel(R) Management Engine Components\IPT;C:\Program Files (x86)\Intel\Intel(R) Management Engine Components\DAL;C:\Program Files (x86)\Intel\Intel(R) Management Engine Components\IPT;C:\Program Files\Acer\Remote Files\;C:\WINDOWS\system32;C:\WINDOWS;C:\WINDOWS\System32\Wbem;C:\WINDOWS\System32\WindowsPowerShell\v1.0\;C:\Program Files (x86)\Skype\Phone\;C:\Program Files (x86)\QuickTime\QTSystem\;C:\WINDOWS\system32;C:\WINDOWS;C:\WINDOWS\System32\Wbem;C:\WINDOWS\System32\WindowsPowerShell\v1.0\;%QUARTUS_ROOTDIR%\bin;C:\Program Files (x86)\apache-maven-3.3.9\bin;C:\Program Files (x86)\apache-maven-3.3.9\bin
USERNAME=Hassen
OS=Windows_NT
PROCESSOR_IDENTIFIER=Intel64 Family 6 Model 69 Stepping 1, GenuineIntel



---------------  S Y S T E M  ---------------

OS: Windows 10.0 , 64 bit Build 10586 (10.0.10586.589)

CPU:total 4 (2 cores per cpu, 2 threads per core) family 6 model 69 stepping 1, cmov, cx8, fxsr, mmx, sse, sse2, sse3, ssse3, sse4.1, sse4.2, popcnt, avx, avx2, aes, clmul, erms, lzcnt, ht, tsc, tscinvbit, bmi1, bmi2

Memory: 4k page, physical 8281368k(623044k free), swap 13084392k(4100k free)

vm_info: Java HotSpot(TM) 64-Bit Server VM (25.111-b14) for windows-amd64 JRE (1.8.0_111-b14), built on Sep 22 2016 19:24:05 by "java_re" with MS VC++ 10.0 (VS2010)

time: Thu Oct 27 12:05:57 2016
elapsed time: 3 seconds (0d 0h 0m 3s)

