JvmtiExport can_access_local_variables 0
JvmtiExport can_hotswap_or_post_breakpoint 0
JvmtiExport can_post_on_exceptions 0
# 466 ciObject found
ciMethod java/lang/Object <init> ()V 4097 1 852478 0 0
ciMethod java/lang/Object getClass ()Ljava/lang/Class; 2097 1 262 0 -1
ciMethod java/lang/System arraycopy (Ljava/lang/Object;ILjava/lang/Object;II)V 5121 1 640 0 -1
ciMethod java/util/Map get (Ljava/lang/Object;)Ljava/lang/Object; 0 0 1 0 -1
ciMethod java/util/Map put (Ljava/lang/Object;Ljava/lang/Object;)Ljava/lang/Object; 0 0 1 0 -1
ciMethod java/lang/NullPointerException <init> (Ljava/lang/String;)V 0 0 1 0 -1
ciMethod java/util/ArrayList ensureCapacityInternal (I)V 657 1 243525 0 0
ciMethod java/util/ArrayList ensureExplicitCapacity (I)V 657 1 243346 0 544
ciMethod java/util/ArrayList grow (I)V 97 1 5333 0 544
ciMethod java/util/ArrayList hugeCapacity (I)I 0 0 1 0 -1
ciMethod java/util/ArrayList size ()I 1097 1 137 0 0
ciMethod java/util/ArrayList elementData (I)Ljava/lang/Object; 2089 1 693623 0 0
ciMethod java/util/ArrayList get (I)Ljava/lang/Object; 2089 1 675947 0 128
ciMethod java/util/ArrayList set (ILjava/lang/Object;)Ljava/lang/Object; 3497 1 8799 0 -1
ciMethod java/util/ArrayList add (Ljava/lang/Object;)Z 657 1 238219 0 736
ciMethod java/util/ArrayList clear ()V 3753 8193 7669 0 0
ciMethod java/util/ArrayList rangeCheck (I)V 2089 1 693092 0 64
ciMethod java/util/ArrayList iterator ()Ljava/util/Iterator; 3161 1 132005 0 192
ciMethod java/util/ArrayList access$100 (Ljava/util/ArrayList;)I 2025 1 253 0 0
ciMethod java/util/HashMap <init> ()V 169 1 53251 0 -1
ciMethod java/lang/Math max (II)I 321 1 79371 0 -1
ciMethod java/util/Iterator hasNext ()Z 0 0 1 0 -1
ciMethod java/util/Iterator next ()Ljava/lang/Object; 0 0 1 0 -1
ciMethod java/util/Arrays copyOf ([Ljava/lang/Object;I)[Ljava/lang/Object; 2169 1 11537 0 0
ciMethod java/util/Arrays copyOf ([Ljava/lang/Object;ILjava/lang/Class;)[Ljava/lang/Object; 2049 1 5399 0 -1
ciMethodData java/lang/Object <init> ()V 2 852478 orig 264 72 34 132 82 0 0 0 0 128 4 63 20 0 0 0 0 32 1 0 0 0 0 0 0 0 0 0 0 0 0 0 0 0 0 0 0 0 0 0 0 0 0 0 0 0 0 0 0 0 0 0 0 0 0 0 0 0 0 0 0 0 0 0 0 0 0 0 0 0 0 0 0 0 0 0 0 0 0 0 0 77 68 79 32 101 120 116 114 97 32 100 97 116 97 32 108 111 99 107 0 0 0 0 0 0 0 0 0 0 0 0 0 0 0 0 0 0 0 0 0 0 0 0 0 0 0 0 0 0 0 0 0 0 0 0 0 0 0 0 0 0 0 0 0 0 0 0 0 0 0 0 0 0 0 0 0 0 0 0 0 0 0 0 0 0 0 0 0 0 0 0 0 0 0 0 0 0 0 0 0 0 0 0 0 1 0 0 0 0 0 0 0 1 0 0 0 0 0 0 0 1 0 0 0 0 0 0 0 0 0 0 0 0 0 0 0 0 2 0 0 241 255 103 0 1 0 0 0 0 0 0 0 0 0 0 0 2 0 0 0 0 0 3 0 1 0 0 0 0 0 0 0 255 255 255 255 0 0 0 0 0 0 0 0 data 0 oops 0
ciMethodData java/util/ArrayList add (Ljava/lang/Object;)Z 2 239674 orig 264 72 34 132 82 0 0 0 0 32 219 75 20 0 0 0 0 144 1 0 0 0 0 0 0 0 0 0 0 0 0 0 0 0 0 0 0 0 0 0 0 0 0 0 0 0 0 0 0 0 0 0 0 0 0 0 0 0 0 0 0 0 0 0 0 0 0 0 0 0 0 0 0 0 0 0 0 0 0 0 0 77 68 79 32 101 120 116 114 97 32 100 97 116 97 32 108 111 99 107 0 0 0 0 0 0 0 0 0 0 0 0 0 0 0 0 0 0 0 0 0 0 0 0 0 0 0 0 0 0 0 0 0 0 0 0 0 0 0 0 0 0 0 0 0 0 0 0 0 0 0 0 0 0 0 0 0 0 0 0 0 0 0 0 0 0 0 0 0 0 0 0 0 0 0 0 0 0 0 0 0 0 0 0 0 17 0 0 0 0 0 0 0 0 0 0 0 0 0 0 0 1 0 0 0 0 0 0 0 0 0 0 0 0 0 0 0 82 0 0 0 65 63 29 0 1 0 0 0 0 0 0 0 0 0 0 0 2 0 0 0 0 0 15 0 2 0 0 0 64 0 0 0 255 255 255 255 2 0 7 0 0 0 0 0 data 8 0x70002 0x3a83f 0x1a0104 0x0 0x1771cc70 0x16b 0x1771cd20 0xd oops 2 4 java/util/zip/ZipEntry 6 java/util/concurrent/FutureTask
ciMethodData java/util/ArrayList ensureCapacityInternal (I)V 2 243534 orig 264 72 34 132 82 0 0 0 0 152 208 75 20 0 0 0 0 144 1 0 0 32 0 0 0 0 0 0 0 0 0 0 0 0 0 0 0 0 0 0 0 0 0 0 0 0 0 0 0 0 0 0 0 0 0 0 0 0 0 0 0 0 0 0 0 0 0 0 0 0 0 0 0 0 0 0 0 0 0 0 0 77 68 79 32 101 120 116 114 97 32 100 97 116 97 32 108 111 99 107 0 0 0 0 0 0 0 0 0 0 0 0 0 0 0 0 0 0 0 0 0 0 0 0 0 0 0 0 0 0 0 0 0 0 0 0 0 0 0 0 0 0 0 0 0 0 0 0 0 0 0 0 0 0 0 0 0 0 0 0 0 0 0 0 0 0 0 0 0 0 0 0 0 0 0 0 0 0 0 0 0 0 0 0 0 17 0 0 0 0 0 0 0 0 0 0 0 0 0 0 0 1 0 0 0 0 0 0 0 0 0 0 0 0 0 0 0 82 0 0 0 225 183 29 0 1 0 0 0 0 0 0 0 0 0 0 0 2 0 0 0 0 0 14 0 2 0 0 0 64 0 0 0 255 255 255 255 7 0 7 0 0 0 0 0 data 8 0x70007 0x2cefd 0x30 0xe880 0xd0002 0xe887 0x130002 0x3b714 oops 0
ciMethodData java/util/ArrayList ensureExplicitCapacity (I)V 2 243369 orig 264 72 34 132 82 0 0 0 0 72 209 75 20 0 0 0 0 88 1 0 0 0 0 0 0 0 0 0 0 0 0 0 0 0 0 0 0 0 0 0 0 0 0 0 0 0 0 0 0 0 0 0 0 0 0 0 0 0 0 0 0 0 0 0 0 0 0 0 0 0 0 0 0 0 0 0 0 0 0 0 0 77 68 79 32 101 120 116 114 97 32 100 97 116 97 32 108 111 99 107 0 0 0 0 0 0 0 0 0 0 0 0 0 0 0 0 0 0 0 0 0 0 0 0 0 0 0 0 0 0 0 0 0 0 0 0 0 0 0 0 0 0 0 0 0 0 0 0 0 0 0 0 0 0 0 0 0 0 0 0 0 0 0 0 0 0 0 0 0 0 0 0 0 0 0 0 0 0 0 0 0 0 0 0 0 17 0 0 0 0 0 0 0 0 0 0 0 0 0 0 0 1 0 0 0 0 0 0 0 0 0 0 0 0 0 0 0 82 0 0 0 185 178 29 0 1 0 0 0 0 0 0 0 0 0 0 0 2 0 0 0 0 0 6 0 2 0 0 0 48 0 0 0 255 255 255 255 7 0 17 0 0 0 0 0 data 6 0x110007 0x2ee6b 0x30 0xc856 0x160002 0xc860 oops 0
ciMethodData java/util/ArrayList grow (I)V 2 5333 orig 264 72 34 132 82 0 0 0 0 16 210 75 20 0 0 0 0 176 1 0 0 64 0 0 0 0 0 0 0 0 0 0 0 0 0 0 0 0 0 0 0 0 0 0 0 0 0 0 0 0 0 0 0 0 0 0 0 0 0 0 0 0 0 0 0 0 0 0 0 0 0 0 0 0 0 0 0 0 0 0 0 77 68 79 32 101 120 116 114 97 32 100 97 116 97 32 108 111 99 107 0 0 0 0 0 0 0 0 0 0 0 0 0 0 0 0 0 0 0 0 0 0 0 0 0 0 0 0 0 0 0 0 0 0 0 0 0 0 0 0 0 0 0 0 0 0 0 0 0 0 0 0 0 0 0 0 0 0 0 0 0 0 0 0 0 0 0 0 0 0 0 0 0 0 0 0 0 0 0 0 0 0 0 0 0 17 0 0 0 0 0 0 0 0 0 0 0 0 0 0 0 1 0 0 0 0 0 0 0 0 0 0 0 0 0 0 0 12 0 0 0 73 166 0 0 1 0 0 0 0 0 0 0 0 0 0 0 2 0 0 0 0 0 15 0 2 0 0 0 96 0 0 0 255 255 255 255 7 0 15 0 0 0 0 0 data 12 0xf0007 0x15d 0x20 0x1369 0x180007 0x14c6 0x30 0x0 0x1c0002 0x0 0x260002 0x14c8 oops 0
ciMethodData java/util/ArrayList get (I)Ljava/lang/Object; 2 679349 orig 264 72 34 132 82 0 0 0 0 200 217 75 20 0 0 0 0 144 1 0 0 0 0 0 0 0 0 0 0 0 0 0 0 0 0 0 0 0 0 0 0 0 0 0 0 0 0 0 0 0 0 0 0 0 0 0 0 0 0 0 0 0 0 0 0 0 0 0 0 0 0 0 0 0 0 0 0 0 0 0 0 77 68 79 32 101 120 116 114 97 32 100 97 116 97 32 108 111 99 107 0 0 0 0 0 0 0 0 0 0 0 0 0 0 0 0 0 0 0 0 0 0 0 0 0 0 0 0 0 0 0 0 0 0 0 0 0 0 0 0 0 0 0 0 0 0 0 0 0 0 0 0 0 0 0 0 0 0 0 0 0 0 0 0 0 0 0 0 0 0 0 0 0 0 0 0 0 0 0 0 0 0 0 0 0 0 0 0 0 0 0 0 0 0 0 0 0 0 0 0 0 0 0 0 0 0 0 0 0 0 0 0 0 0 0 0 0 5 1 0 0 129 229 82 0 1 0 0 0 0 0 0 0 0 0 0 0 2 0 0 0 0 0 6 0 2 0 0 0 64 0 0 0 255 255 255 255 2 0 2 0 0 0 0 0 data 8 0x20002 0xa5d03 0x70005 0x0 0x1788e680 0xa5f3c 0x0 0x0 oops 1 4 java/util/ArrayList
ciMethodData java/util/ArrayList rangeCheck (I)V 2 693092 orig 264 72 34 132 82 0 0 0 0 168 226 75 20 0 0 0 0 104 1 0 0 0 0 0 0 0 0 0 0 0 0 0 0 0 0 0 0 0 0 0 0 0 0 0 0 0 0 0 0 0 0 0 0 0 0 0 0 0 0 0 0 0 0 0 0 0 0 0 0 0 0 0 0 0 0 0 0 0 0 0 0 77 68 79 32 101 120 116 114 97 32 100 97 116 97 32 108 111 99 107 0 0 0 0 0 0 0 0 0 0 0 0 0 0 0 0 0 0 0 0 0 0 0 0 0 0 0 0 0 0 0 0 0 0 0 0 0 0 0 0 0 0 0 0 0 0 0 0 0 0 0 0 0 0 0 0 0 0 0 0 0 0 0 0 0 0 0 0 0 0 0 0 0 0 0 0 0 0 0 0 0 0 0 0 0 0 0 0 0 0 0 0 0 0 0 0 0 0 0 0 0 0 0 0 0 0 0 0 0 0 0 0 0 0 0 0 0 5 1 0 0 249 146 84 0 1 0 0 0 0 0 0 0 0 0 0 0 2 0 0 0 0 0 5 0 2 0 0 0 64 0 0 0 255 255 255 255 7 0 5 0 0 0 0 0 data 8 0x50007 0xa92b9 0x40 0x0 0xe0002 0x0 0x110002 0x0 oops 0
ciMethodData java/util/ArrayList elementData (I)Ljava/lang/Object; 2 693623 orig 264 72 34 132 82 0 0 0 0 40 217 75 20 0 0 0 0 40 1 0 0 0 0 0 0 0 0 0 0 0 0 0 0 0 0 0 0 0 0 0 0 0 0 0 0 0 0 0 0 0 0 0 0 0 0 0 0 0 0 0 0 0 0 0 0 0 0 0 0 0 0 0 0 0 0 0 0 0 0 0 0 77 68 79 32 101 120 116 114 97 32 100 97 116 97 32 108 111 99 107 0 0 0 0 0 0 0 0 0 0 0 0 0 0 0 0 0 0 0 0 0 0 0 0 0 0 0 0 0 0 0 0 0 0 0 0 0 0 0 0 0 0 0 0 0 0 0 0 0 0 0 0 0 0 0 0 0 0 0 0 0 0 0 0 0 0 0 0 0 0 0 0 0 0 0 0 0 0 0 0 0 0 0 0 0 0 0 0 0 0 0 0 0 0 0 0 0 0 0 0 0 0 0 0 0 0 0 0 0 0 0 0 0 0 0 0 0 5 1 0 0 145 163 84 0 1 0 0 0 0 0 0 0 0 0 0 0 2 0 0 0 0 0 3 0 1 0 0 0 0 0 0 0 255 255 255 255 0 0 0 0 0 0 0 0 data 0 oops 0
ciMethod java/util/ArrayList$Itr <init> (Ljava/util/ArrayList;)V 2097 1 133336 0 0
ciMethod java/util/ArrayList$Itr hasNext ()Z 2169 1 418353 0 96
ciMethod java/util/ArrayList$Itr next ()Ljava/lang/Object; 2081 1 6791 0 224
ciMethod java/util/ArrayList$Itr checkForComodification ()V 2049 1 6789 0 0
ciMethod java/util/ArrayList$Itr <init> (Ljava/util/ArrayList;Ljava/util/ArrayList$1;)V 2121 1 133335 0 96
ciMethod java/lang/IndexOutOfBoundsException <init> ()V 0 0 1 0 -1
ciMethod java/lang/IndexOutOfBoundsException <init> (Ljava/lang/String;)V 0 0 1 0 -1
ciMethodData java/util/ArrayList$Itr hasNext ()Z 2 418353 orig 264 72 34 132 82 0 0 0 0 88 17 109 20 0 0 0 0 144 1 0 0 0 0 0 0 0 0 0 0 0 0 0 0 0 0 0 0 0 0 0 0 0 0 0 0 0 0 0 0 0 0 0 0 0 0 0 0 0 0 0 0 0 0 0 0 0 0 0 0 0 0 0 0 0 0 0 0 0 0 0 0 77 68 79 32 101 120 116 114 97 32 100 97 116 97 32 108 111 99 107 0 0 0 0 0 0 0 0 0 0 0 0 0 0 0 0 0 0 0 0 0 0 0 0 0 0 0 0 0 0 0 0 0 0 0 0 0 0 0 0 0 0 0 0 0 0 0 0 0 0 0 0 0 0 0 0 0 0 0 0 0 0 0 0 0 0 0 0 0 0 0 0 0 0 0 0 0 0 0 0 0 0 0 0 0 0 0 0 0 0 0 0 0 0 0 0 0 0 0 0 0 0 0 0 0 0 0 0 0 0 0 0 0 0 0 0 0 15 1 0 0 17 9 51 0 1 0 0 0 0 0 0 0 0 0 0 0 2 0 0 0 0 0 6 0 2 0 0 0 72 0 0 0 255 255 255 255 2 0 8 0 0 0 0 0 data 9 0x80002 0x661a4 0xb0007 0xd7d0 0x38 0x58ade 0xf0003 0x58aff 0x18 oops 0
ciMethodData java/util/ArrayList$Itr next ()Ljava/lang/Object; 2 6791 orig 264 72 34 132 82 0 0 0 0 56 18 109 20 0 0 0 0 232 1 0 0 96 0 0 0 0 0 0 0 0 0 0 0 0 0 0 0 0 0 0 0 0 0 0 0 0 0 0 0 0 0 0 0 0 0 0 0 0 0 0 0 0 0 0 0 0 0 0 0 0 0 0 0 0 0 0 0 0 0 0 0 77 68 79 32 101 120 116 114 97 32 100 97 116 97 32 108 111 99 107 0 0 0 0 0 0 0 0 0 0 0 0 0 0 0 0 0 0 0 0 0 0 0 0 0 0 0 0 0 0 0 0 0 0 0 0 0 0 0 0 0 0 0 0 0 0 0 0 0 0 0 0 0 0 0 0 0 0 0 0 0 0 0 0 0 0 0 0 0 0 0 0 0 0 0 0 0 0 0 0 0 0 0 0 0 0 0 0 0 0 0 0 0 0 0 0 0 0 0 0 0 0 0 0 0 0 0 0 0 0 0 0 0 0 0 0 0 4 1 0 0 25 204 0 0 1 0 0 0 0 0 0 0 0 0 0 0 2 0 0 0 0 0 10 0 2 0 0 0 160 0 0 0 255 255 255 255 5 0 1 0 0 0 0 0 data 20 0x10005 0x18 0x17a572e0 0x196d 0x0 0x0 0xe0002 0x1989 0x110007 0x198c 0x30 0x0 0x180002 0x0 0x270007 0x198c 0x30 0x0 0x2e0002 0x0 oops 1 2 java/util/ArrayList$Itr
ciMethodData java/util/ArrayList$Itr checkForComodification ()V 2 6789 orig 264 72 34 132 82 0 0 0 0 200 20 109 20 0 0 0 0 80 1 0 0 0 0 0 0 0 0 0 0 0 0 0 0 0 0 0 0 0 0 0 0 0 0 0 0 0 0 0 0 0 0 0 0 0 0 0 0 0 0 0 0 0 0 0 0 0 0 0 0 0 0 0 0 0 0 0 0 0 0 0 0 77 68 79 32 101 120 116 114 97 32 100 97 116 97 32 108 111 99 107 0 0 0 0 0 0 0 0 0 0 0 0 0 0 0 0 0 0 0 0 0 0 0 0 0 0 0 0 0 0 0 0 0 0 0 0 0 0 0 0 0 0 0 0 0 0 0 0 0 0 0 0 0 0 0 0 0 0 0 0 0 0 0 0 0 0 0 0 0 0 0 0 0 0 0 0 0 0 0 0 0 0 0 0 0 0 0 0 0 0 0 0 0 0 0 0 0 0 0 0 0 0 0 0 0 0 0 0 0 0 0 0 0 0 0 0 0 0 1 0 0 41 204 0 0 1 0 0 0 0 0 0 0 0 0 0 0 2 0 0 0 0 0 5 0 2 0 0 0 48 0 0 0 255 255 255 255 7 0 11 0 0 0 0 0 data 6 0xb0007 0x1986 0x30 0x0 0x120002 0x0 oops 0
ciMethodData java/util/ArrayList$Itr <init> (Ljava/util/ArrayList;Ljava/util/ArrayList$1;)V 2 133335 orig 264 72 34 132 82 0 0 0 0 96 21 109 20 0 0 0 0 64 1 0 0 0 0 0 0 0 0 0 0 0 0 0 0 0 0 0 0 0 0 0 0 0 0 0 0 0 0 0 0 0 0 0 0 0 0 0 0 0 0 0 0 0 0 0 0 0 0 0 0 0 0 0 0 0 0 0 0 0 0 0 0 77 68 79 32 101 120 116 114 97 32 100 97 116 97 32 108 111 99 107 0 0 0 0 0 0 0 0 0 0 0 0 0 0 0 0 0 0 0 0 0 0 0 0 0 0 0 0 0 0 0 0 0 0 0 0 0 0 0 0 0 0 0 0 0 0 0 0 0 0 0 0 0 0 0 0 0 0 0 0 0 0 0 0 0 0 0 0 0 0 0 0 0 0 0 0 0 0 0 0 0 0 0 0 0 1 0 0 0 0 0 0 0 4 0 0 0 0 0 0 0 5 0 0 0 0 0 0 0 0 0 0 0 0 0 0 0 9 1 0 0 113 62 16 0 1 0 0 0 0 0 0 0 0 0 0 0 2 0 0 0 0 0 3 0 2 0 0 0 16 0 0 0 255 255 255 255 2 0 2 0 0 0 0 0 data 2 0x20002 0x207d1 oops 0
ciMethodData java/util/ArrayList$Itr <init> (Ljava/util/ArrayList;)V 2 133336 orig 264 72 34 132 82 0 0 0 0 176 16 109 20 0 0 0 0 56 1 0 0 0 0 0 0 0 0 0 0 0 0 0 0 0 0 0 0 0 0 0 0 0 0 0 0 0 0 0 0 0 0 0 0 0 0 0 0 0 0 0 0 0 0 0 0 0 0 0 0 0 0 0 0 0 0 0 0 0 0 0 0 77 68 79 32 101 120 116 114 97 32 100 97 116 97 32 108 111 99 107 0 0 0 0 0 0 0 0 0 0 0 0 0 0 0 0 0 0 0 0 0 0 0 0 0 0 0 0 0 0 0 0 0 0 0 0 0 0 0 0 0 0 0 0 0 0 0 0 0 0 0 0 0 0 0 0 0 0 0 0 0 0 0 0 0 0 0 0 0 0 0 0 0 0 0 0 0 0 0 0 0 0 0 0 0 1 0 0 0 0 0 0 0 0 0 0 0 0 0 0 0 1 0 0 0 0 0 0 0 0 0 0 0 0 0 0 0 6 1 0 0 145 62 16 0 1 0 0 0 0 0 0 0 0 0 0 0 2 0 0 0 0 0 3 0 2 0 0 0 16 0 0 0 255 255 255 255 2 0 6 0 0 0 0 0 data 2 0x60002 0x207d6 oops 0
ciMethodData java/util/Arrays copyOf ([Ljava/lang/Object;I)[Ljava/lang/Object; 2 11537 orig 264 72 34 132 82 0 0 0 0 72 113 82 20 0 0 0 0 192 1 0 0 0 0 0 0 0 0 0 0 0 0 0 0 0 0 0 0 0 0 0 0 0 0 0 0 0 0 0 0 0 0 0 0 0 0 0 0 0 0 0 0 0 0 0 0 0 0 0 0 0 0 0 0 0 0 0 0 0 0 0 0 77 68 79 32 101 120 116 114 97 32 100 97 116 97 32 108 111 99 107 0 0 0 0 0 0 0 0 0 0 0 0 0 0 0 0 0 0 0 0 0 0 0 0 0 0 0 0 0 0 0 0 0 0 0 0 0 0 0 0 0 0 0 0 0 0 0 0 0 0 0 0 0 0 0 0 0 0 0 0 0 0 0 0 0 0 0 0 0 0 0 0 0 0 0 0 0 0 0 0 0 0 0 0 0 0 0 0 0 0 0 0 0 0 0 0 0 0 0 0 0 0 0 0 0 0 0 0 0 0 0 0 0 0 0 0 0 15 1 0 0 17 96 1 0 1 0 0 0 0 0 0 0 0 0 0 0 2 0 0 0 0 0 3 0 2 0 0 0 112 0 0 0 255 255 255 255 5 0 3 0 0 0 0 0 data 14 0x30005 0x7 0x17ab2ab0 0x2bfc 0x0 0x0 0x60002 0x2c03 0x90004 0x0 0x17ab2ab0 0x7 0x0 0x0 oops 2 2 [Ljava/lang/Object; 10 [Ljava/lang/Object;
ciMethodData java/util/ArrayList iterator ()Ljava/util/Iterator; 2 132048 orig 264 72 34 132 82 0 0 0 0 208 234 75 20 0 0 0 0 48 1 0 0 0 0 0 0 0 0 0 0 0 0 0 0 0 0 0 0 0 0 0 0 0 0 0 0 0 0 0 0 0 0 0 0 0 0 0 0 0 0 0 0 0 0 0 0 0 0 0 0 0 0 0 0 0 0 0 0 0 0 0 0 77 68 79 32 101 120 116 114 97 32 100 97 116 97 32 108 111 99 107 0 0 0 0 0 0 0 0 0 0 0 0 0 0 0 0 0 0 0 0 0 0 0 0 0 0 0 0 0 0 0 0 0 0 0 0 0 0 0 0 0 0 0 0 0 0 0 0 0 0 0 0 0 0 0 0 0 0 0 0 0 0 0 0 0 0 0 0 0 0 0 0 0 0 0 0 0 0 0 0 0 0 0 0 0 0 0 0 0 0 0 0 0 0 0 0 0 0 0 0 0 0 0 0 0 0 0 0 0 0 0 0 0 0 0 0 0 139 1 0 0 41 18 16 0 1 0 0 0 0 0 0 0 0 0 0 0 2 0 0 0 0 0 3 0 2 0 0 0 16 0 0 0 255 255 255 255 2 0 6 0 0 0 0 0 data 2 0x60002 0x2024c oops 0
ciMethodData java/util/ArrayList clear ()V 2 16994 orig 264 72 34 132 82 0 0 0 0 80 223 75 20 0 0 0 0 176 1 0 0 0 0 0 0 0 0 0 0 0 0 0 0 0 0 0 0 0 0 0 0 0 0 0 0 0 0 0 0 0 0 0 0 0 0 0 0 0 0 0 0 0 0 0 0 0 0 0 0 0 0 0 0 0 0 0 0 0 0 0 0 77 68 79 32 101 120 116 114 97 32 100 97 116 97 32 108 111 99 107 0 0 0 0 0 0 0 0 0 0 0 0 0 0 0 0 0 0 0 0 0 0 0 0 0 0 0 0 0 0 0 0 0 0 0 0 0 0 0 0 0 0 0 0 0 0 0 0 0 0 0 0 0 0 0 0 0 0 0 0 0 0 0 0 0 0 0 0 0 0 0 0 0 0 0 0 0 0 0 0 0 0 0 0 0 0 0 0 0 0 0 0 0 0 0 0 0 0 0 0 0 0 0 0 0 0 0 0 0 0 0 0 0 0 0 0 0 0 4 0 0 17 225 0 0 17 243 1 0 0 0 0 0 0 0 0 0 2 0 0 0 1 0 6 0 2 0 0 0 104 0 0 0 255 255 255 255 7 0 17 0 0 0 0 0 data 13 0x110007 0x1c23 0x68 0x3e64 0x1a0104 0x0 0x0 0x0 0x0 0x0 0x1e0003 0x3e62 0xffffffffffffffb0 oops 0
ciMethod com/android/dex/util/ExceptionWithContext addContext (Ljava/lang/String;)V 0 0 1 0 -1
ciMethod com/android/dx/rop/cst/CstType getClassType ()Lcom/android/dx/rop/type/Type; 1049 1 131 0 0
ciMethod com/android/dx/rop/type/TypeBearer getType ()Lcom/android/dx/rop/type/Type; 0 0 1 0 -1
ciMethod com/android/dx/rop/type/TypeBearer getFrameType ()Lcom/android/dx/rop/type/TypeBearer; 0 0 1 0 -1
ciMethod com/android/dx/rop/cst/ConstantPool get (I)Lcom/android/dx/rop/cst/Constant; 0 0 1 0 -1
ciMethod com/android/dx/util/ByteArray getByte (I)I 17 1 168 0 -1
ciMethod com/android/dx/util/ByteArray getShort (I)I 209 1 720 0 -1
ciMethod com/android/dx/util/ByteArray getInt (I)I 1377 1 7451 0 -1
ciMethod com/android/dx/util/ByteArray getUnsignedByte (I)I 4097 1 61671 0 -1
ciMethod com/android/dx/util/ByteArray getUnsignedShort (I)I 2137 1 51484 0 -1
ciMethod com/android/dx/cf/code/BytecodeArray$Visitor visitInvalid (III)V 0 0 1 0 -1
ciMethod com/android/dx/cf/code/BytecodeArray$Visitor visitNoArgs (IIILcom/android/dx/rop/type/Type;)V 0 0 1 0 -1
ciMethod com/android/dx/cf/code/BytecodeArray$Visitor visitLocal (IIIILcom/android/dx/rop/type/Type;I)V 0 0 1 0 -1
ciMethod com/android/dx/cf/code/BytecodeArray$Visitor visitConstant (IIILcom/android/dx/rop/cst/Constant;I)V 0 0 1 0 -1
ciMethod com/android/dx/cf/code/BytecodeArray$Visitor visitBranch (IIII)V 0 0 1 0 -1
ciMethod com/android/dx/rop/cst/CstInteger make (I)Lcom/android/dx/rop/cst/CstInteger; 577 1 3000 0 -1
ciMethod com/android/dx/rop/cst/CstInteger getValue ()I 1713 1 10444 0 -1
ciMethod com/android/dx/util/MutabilityControl <init> (Z)V 2097 1 41054 0 32
ciMethod com/android/dx/util/MutabilityControl setImmutable ()V 3081 1 135571 0 0
ciMethod com/android/dx/util/MutabilityControl throwIfImmutable ()V 2129 1 237721 0 64
ciMethod com/android/dx/util/MutabilityControl throwIfMutable ()V 4097 1 49447 0 0
ciMethod com/android/dx/rop/type/Type getCategory ()I 2153 1 3080 0 -1
ciMethod com/android/dx/rop/type/StdTypeList <init> (I)V 3073 1 8177 0 0
ciMethod com/android/dx/rop/type/StdTypeList set (ILcom/android/dx/rop/type/Type;)V 4097 1 4541 0 0
ciMethod com/android/dx/util/FixedSizeList <init> (I)V 4097 1 5768 0 288
ciMethod com/android/dx/util/FixedSizeList size ()I 4097 1 381045 0 0
ciMethod com/android/dx/util/FixedSizeList get0 (I)Ljava/lang/Object; 2065 1 6503 0 128
ciMethod com/android/dx/util/FixedSizeList set0 (ILjava/lang/Object;)V 2177 1 130531 0 224
ciMethod com/android/dx/util/FixedSizeList throwIndex (I)Ljava/lang/Object; 0 0 1 0 -1
ciMethod com/android/dx/cf/iface/Member getAccessFlags ()I 0 0 1 0 -1
ciMethod com/android/dx/cf/code/BytecodeArray parseInstruction (ILcom/android/dx/cf/code/BytecodeArray$Visitor;)I 13833 1 9772 0 -1
ciMethod com/android/dx/cf/code/BytecodeArray parseTableswitch (ILcom/android/dx/cf/code/BytecodeArray$Visitor;)I 1 1 8 0 -1
ciMethod com/android/dx/cf/code/BytecodeArray parseLookupswitch (ILcom/android/dx/cf/code/BytecodeArray$Visitor;)I 0 0 1 0 -1
ciMethod com/android/dx/cf/code/BytecodeArray parseNewarray (ILcom/android/dx/cf/code/BytecodeArray$Visitor;)I 17 33 8 0 -1
ciMethod com/android/dx/cf/code/BytecodeArray parseWide (ILcom/android/dx/cf/code/BytecodeArray$Visitor;)I 0 0 1 0 -1
ciMethod com/android/dx/cf/code/SimException <init> (Ljava/lang/String;)V 0 0 1 0 -1
ciMethod com/android/dx/cf/code/ByteCatchList get (I)Lcom/android/dx/cf/code/ByteCatchList$Item; 4097 1 5635 0 0
ciMethod com/android/dx/cf/code/ByteCatchList toRopCatchList ()Lcom/android/dx/rop/type/TypeList; 4097 265 7654 0 0
ciMethod com/android/dx/cf/attrib/AttCode getCatches ()Lcom/android/dx/cf/code/ByteCatchList; 1497 1 187 0 0
ciMethod com/android/dx/cf/iface/StdMember getAccessFlags ()I 1233 1 154 0 0
ciMethodData com/android/dx/util/MutabilityControl throwIfImmutable ()V 2 237721 orig 264 72 34 132 82 0 0 0 0 80 108 131 20 0 0 0 0 80 1 0 0 0 0 0 0 0 0 0 0 0 0 0 0 0 0 0 0 0 0 0 0 0 0 0 0 0 0 0 0 0 0 0 0 0 0 0 0 0 0 0 0 0 0 0 0 0 0 0 0 0 0 0 0 0 0 0 0 0 0 0 0 77 68 79 32 101 120 116 114 97 32 100 97 116 97 32 108 111 99 107 0 0 0 0 0 0 0 0 0 0 0 0 0 0 0 0 0 0 0 0 0 0 0 0 0 0 0 0 0 0 0 0 0 0 0 0 0 0 0 0 0 0 0 0 0 0 0 0 0 0 0 0 0 0 0 0 0 0 0 0 0 0 0 0 0 0 0 0 0 0 0 0 0 0 0 0 0 0 0 0 0 0 0 0 0 25 0 0 0 0 0 0 0 0 0 0 0 0 0 0 0 1 0 0 0 0 0 0 0 0 0 0 0 0 0 0 0 9 1 0 0 121 252 28 0 1 0 0 0 0 0 0 0 0 0 0 0 2 0 0 0 0 0 5 0 2 0 0 0 48 0 0 0 255 255 255 255 7 0 4 0 0 0 0 0 data 6 0x40007 0x39fc0 0x30 0x0 0xd0002 0x0 oops 0
ciMethodData com/android/dx/util/FixedSizeList set0 (ILjava/lang/Object;)V 2 130531 orig 264 72 34 132 82 0 0 0 0 136 34 132 20 0 0 0 0 224 1 0 0 0 0 0 0 0 0 0 0 0 0 0 0 0 0 0 0 0 0 0 0 0 0 0 0 0 0 0 0 0 0 0 0 0 0 0 0 0 0 0 0 0 0 0 0 0 0 0 0 0 0 0 0 0 0 0 0 0 0 0 0 77 68 79 32 101 120 116 114 97 32 100 97 116 97 32 108 111 99 107 0 0 0 0 0 0 0 0 0 0 0 0 0 0 0 0 0 0 0 0 0 0 0 0 0 0 0 0 0 0 0 0 0 0 0 0 0 0 0 0 0 0 0 0 0 0 0 0 0 0 0 0 0 0 0 0 0 0 0 0 0 0 0 0 0 0 0 0 0 0 0 0 0 0 0 0 0 0 0 0 0 0 0 0 0 17 0 0 0 0 0 0 0 0 0 0 0 0 0 0 0 0 0 0 0 0 0 0 0 0 0 0 0 0 0 0 0 16 1 0 0 153 230 15 0 1 0 0 0 0 0 0 0 0 0 0 0 2 0 0 0 0 0 11 0 2 0 0 0 136 0 0 0 255 255 255 255 5 0 1 0 0 0 0 0 data 17 0x10005 0x1e062 0x17bb7950 0xa5a 0x17bb7a00 0x1250 0xa0104 0x0 0x17bb7ab0 0xdf8 0x17bb7b60 0x4d4 0xb0003 0x1fcf5 0x28 0x110002 0x0 oops 4 2 com/android/dx/cf/code/LocalVariableList 4 com/android/dx/cf/iface/StdAttributeList 8 com/android/dx/cf/code/LineNumberList$Item 10 com/android/dx/cf/attrib/AttLineNumberTable
ciMethodData com/android/dx/util/MutabilityControl <init> (Z)V 2 41054 orig 264 72 34 132 82 0 0 0 0 152 105 131 20 0 0 0 0 56 1 0 0 0 0 0 0 0 0 0 0 0 0 0 0 0 0 0 0 0 0 0 0 0 0 0 0 0 0 0 0 0 0 0 0 0 0 0 0 0 0 0 0 0 0 0 0 0 0 0 0 0 0 0 0 0 0 0 0 0 0 0 0 77 68 79 32 101 120 116 114 97 32 100 97 116 97 32 108 111 99 107 0 0 0 0 0 0 0 0 0 0 0 0 0 0 0 0 0 0 0 0 0 0 0 0 0 0 0 0 0 0 0 0 0 0 0 0 0 0 0 0 0 0 0 0 0 0 0 0 0 0 0 0 0 0 0 0 0 0 0 0 0 0 0 0 0 0 0 0 0 0 0 0 0 0 0 0 0 0 0 0 0 0 0 0 0 0 0 0 0 0 0 0 0 0 0 0 0 0 0 0 0 0 0 0 0 0 0 0 0 0 0 0 0 0 0 0 0 6 1 0 0 193 250 4 0 1 0 0 0 0 0 0 0 0 0 0 0 2 0 0 0 0 0 3 0 2 0 0 0 16 0 0 0 255 255 255 255 2 0 1 0 0 0 0 0 data 2 0x10002 0x9f5b oops 0
ciMethodData com/android/dx/util/FixedSizeList size ()I 2 381045 orig 264 72 34 132 82 0 0 0 0 152 29 132 20 0 0 0 0 32 1 0 0 0 0 0 0 0 0 0 0 0 0 0 0 0 0 0 0 0 0 0 0 0 0 0 0 0 0 0 0 0 0 0 0 0 0 0 0 0 0 0 0 0 0 0 0 0 0 0 0 0 0 0 0 0 0 0 0 0 0 0 0 77 68 79 32 101 120 116 114 97 32 100 97 116 97 32 108 111 99 107 0 0 0 0 0 0 0 0 0 0 0 0 0 0 0 0 0 0 0 0 0 0 0 0 0 0 0 0 0 0 0 0 0 0 0 0 0 0 0 0 0 0 0 0 0 0 0 0 0 0 0 0 0 0 0 0 0 0 0 0 0 0 0 0 0 0 0 0 0 0 0 0 0 0 0 0 0 0 0 0 0 0 0 0 0 1 0 0 0 0 0 0 0 0 0 0 0 0 0 0 0 1 0 0 0 0 0 0 0 0 0 0 0 0 0 0 0 0 2 0 0 169 115 46 0 1 0 0 0 0 0 0 0 0 0 0 0 2 0 0 0 0 0 3 0 1 0 0 0 0 0 0 0 255 255 255 255 0 0 0 0 0 0 0 0 data 0 oops 0
ciMethod com/android/dx/cf/code/ConcreteMethod getAccessFlags ()I 4081 1 10750 0 0
ciMethod com/android/dx/cf/code/ConcreteMethod getCatches ()Lcom/android/dx/cf/code/ByteCatchList; 4097 1 16072 0 0
ciMethod com/android/dx/cf/code/Ropper getSpecialLabel (I)I 4097 1 5528 0 0
ciMethod com/android/dx/cf/code/Ropper getMinimumUnreservedLabel ()I 3249 1 2541 0 0
ciMethod com/android/dx/cf/code/Ropper getAvailableLabel ()I 2241 25705 2541 0 992
ciMethod com/android/dx/cf/code/Ropper isSynchronized ()Z 4081 1 10636 0 0
ciMethod com/android/dx/cf/code/Ropper labelToResultIndex (I)I 2697 32769 1584 0 608
ciMethod com/android/dx/cf/code/Ropper addBlock (Lcom/android/dx/rop/code/BasicBlock;Lcom/android/dx/util/IntList;)V 4097 1 6396 0 0
ciMethod com/android/dx/cf/code/Ropper addOrReplaceBlock (Lcom/android/dx/rop/code/BasicBlock;Lcom/android/dx/util/IntList;)Z 4097 1 7651 0 0
ciMethod com/android/dx/cf/code/Ropper removeBlockAndSpecialSuccessors (I)V 0 0 1 0 -1
ciMethod com/android/dx/cf/code/Ropper processBlock (Lcom/android/dx/cf/code/ByteBlock;Lcom/android/dx/cf/code/Frame;[I)V 4097 13817 7657 0 -1
ciMethod com/android/dx/cf/code/Ropper mergeAndWorkAsNecessary (IILcom/android/dx/cf/code/Ropper$Subroutine;Lcom/android/dx/cf/code/Frame;[I)V 4097 1 7542 0 0
ciMethod com/android/dx/cf/code/Ropper access$000 (Lcom/android/dx/cf/code/Ropper;)Lcom/android/dx/cf/code/Ropper$ExceptionSetupLabelAllocator; 185 1 23 0 0
ciMethod com/android/dx/rop/code/Insn <init> (Lcom/android/dx/rop/code/Rop;Lcom/android/dx/rop/code/SourcePosition;Lcom/android/dx/rop/code/RegisterSpec;Lcom/android/dx/rop/code/RegisterSpecList;)V 4097 1 5743 0 192
ciMethod com/android/dx/rop/code/Insn getOpcode ()Lcom/android/dx/rop/code/Rop; 1265 1 158 0 0
ciMethod com/android/dx/rop/code/Insn getPosition ()Lcom/android/dx/rop/code/SourcePosition; 1041 1 130 0 0
ciMethod com/android/dx/rop/code/Insn canThrow ()Z 857 1 1182 0 -1
ciMethod com/android/dx/rop/code/Insn withAddedCatch (Lcom/android/dx/rop/type/Type;)Lcom/android/dx/rop/code/Insn; 0 0 1 0 -1
ciMethod com/android/dx/rop/code/PlainInsn <init> (Lcom/android/dx/rop/code/Rop;Lcom/android/dx/rop/code/SourcePosition;Lcom/android/dx/rop/code/RegisterSpec;Lcom/android/dx/rop/code/RegisterSpecList;)V 4105 1 5676 0 256
ciMethod com/android/dx/cf/code/ByteCatchList$Item getHandlerPc ()I 1025 1 128 0 0
ciMethod com/android/dx/cf/code/ByteCatchList$Item getExceptionClass ()Lcom/android/dx/rop/cst/CstType; 2233 1 3069 0 0
ciMethodData com/android/dx/util/MutabilityControl setImmutable ()V 2 135597 orig 264 72 34 132 82 0 0 0 0 64 106 131 20 0 0 0 0 32 1 0 0 0 0 0 0 0 0 0 0 0 0 0 0 0 0 0 0 0 0 0 0 0 0 0 0 0 0 0 0 0 0 0 0 0 0 0 0 0 0 0 0 0 0 0 0 0 0 0 0 0 0 0 0 0 0 0 0 0 0 0 0 77 68 79 32 101 120 116 114 97 32 100 97 116 97 32 108 111 99 107 0 0 0 0 0 0 0 0 0 0 0 0 0 0 0 0 0 0 0 0 0 0 0 0 0 0 0 0 0 0 0 0 0 0 0 0 0 0 0 0 0 0 0 0 0 0 0 0 0 0 0 0 0 0 0 0 0 0 0 0 0 0 0 0 0 0 0 0 0 0 0 0 0 0 0 0 0 0 0 0 0 0 0 0 0 0 0 0 0 0 0 0 0 0 0 0 0 0 0 0 0 0 0 0 0 0 0 0 0 0 0 0 0 0 0 0 0 129 1 0 0 97 129 16 0 1 0 0 0 0 0 0 0 0 0 0 0 2 0 0 0 0 0 3 0 1 0 0 0 0 0 0 0 255 255 255 255 0 0 0 0 0 0 0 0 data 0 oops 0
ciMethod com/android/dx/util/Bits set ([II)V 2049 1 54711 0 128
ciMethod com/android/dx/util/IntList makeImmutable (I)Lcom/android/dx/util/IntList; 4097 1 11638 0 0
ciMethod com/android/dx/util/IntList <init> ()V 4097 1 29441 0 0
ciMethod com/android/dx/util/IntList <init> (I)V 2081 1 6451 0 288
ciMethod com/android/dx/util/IntList equals (Ljava/lang/Object;)Z 4097 1 1249 0 0
ciMethod com/android/dx/util/IntList size ()I 1057 1 132 0 0
ciMethod com/android/dx/util/IntList get (I)I 2425 1 5741 0 128
ciMethod com/android/dx/util/IntList set (II)V 4097 1 6691 0 192
ciMethod com/android/dx/util/IntList add (I)V 2137 1 5541 0 672
ciMethod com/android/dx/util/IntList growIfNeeded ()V 2097 1 5547 0 448
ciMethod com/android/dx/util/IntList mutableCopy ()Lcom/android/dx/util/IntList; 3697 30097 5582 0 1376
ciMethod com/android/dx/util/IntList indexOf (I)I 4097 1 35321 0 0
ciMethod com/android/dx/util/IntList binarysearch (I)I 4097 3729 5635 0 384
ciMethod com/android/dx/util/IntList contains (I)Z 4097 1 27520 0 0
ciMethod com/android/dx/cf/code/ByteOps opInfo (I)I 4097 1 9772 0 -1
ciMethod com/android/dx/cf/code/ByteBlock getLabel ()I 1889 1 236 0 0
ciMethod com/android/dx/cf/code/ByteBlock getStart ()I 1025 1 128 0 0
ciMethod com/android/dx/cf/code/ByteBlock getEnd ()I 1369 1 171 0 0
ciMethod com/android/dx/cf/code/ByteBlock getSuccessors ()Lcom/android/dx/util/IntList; 1033 1 129 0 0
ciMethod com/android/dx/cf/code/ByteBlock getCatches ()Lcom/android/dx/cf/code/ByteCatchList; 1369 1 171 0 0
ciMethod com/android/dx/cf/code/RopperMachine getInsns ()Ljava/util/ArrayList; 1033 1 129 0 0
ciMethod com/android/dx/cf/code/RopperMachine startBlock (Lcom/android/dx/rop/type/TypeList;)V 4097 1 7654 0 0
ciMethod com/android/dx/cf/code/RopperMachine wereCatchesUsed ()Z 1033 1 129 0 0
ciMethod com/android/dx/cf/code/RopperMachine returns ()Z 1025 1 128 0 0
ciMethod com/android/dx/cf/code/RopperMachine getPrimarySuccessorIndex ()I 1033 1 129 0 0
ciMethod com/android/dx/cf/code/RopperMachine getExtraBlockCount ()I 1033 1 129 0 0
ciMethod com/android/dx/cf/code/RopperMachine canThrow ()Z 0 0 1 0 -1
ciMethod com/android/dx/cf/code/RopperMachine hasJsr ()Z 1033 1 129 0 0
ciMethod com/android/dx/cf/code/RopperMachine hasRet ()Z 4097 1 7653 0 0
ciMethod com/android/dx/cf/code/RopperMachine getReturnAddress ()Lcom/android/dx/cf/code/ReturnAddress; 0 0 1 0 -1
ciMethodData com/android/dx/util/FixedSizeList get0 (I)Ljava/lang/Object; 2 6503 orig 264 72 34 132 82 0 0 0 0 208 32 132 20 0 0 0 0 48 2 0 0 192 0 0 0 0 0 0 0 0 0 0 0 0 0 0 0 0 0 0 0 0 0 0 0 0 0 0 0 0 0 0 0 0 0 0 0 0 0 0 0 0 0 0 0 0 0 0 0 0 0 0 0 0 0 0 0 0 0 0 0 77 68 79 32 101 120 116 114 97 32 100 97 116 97 32 108 111 99 107 0 0 0 0 0 0 0 0 0 0 0 0 0 0 0 0 0 0 0 0 0 0 0 0 0 0 0 0 0 0 0 0 0 0 0 0 0 0 0 0 0 0 0 0 0 0 0 0 0 0 0 0 0 0 0 0 0 0 0 0 0 0 0 0 0 0 0 0 0 0 0 0 0 0 0 0 0 0 0 0 0 0 0 0 0 25 0 0 0 0 0 0 0 0 0 0 0 0 0 0 0 1 0 0 0 0 0 0 0 0 0 0 0 0 0 0 0 2 1 0 0 41 195 0 0 1 0 0 0 0 0 0 0 0 0 0 0 2 0 0 0 0 0 9 0 2 0 0 0 224 0 0 0 255 255 255 255 7 0 8 0 0 0 0 0 data 28 0x80007 0x186c 0xd0 0x0 0x130002 0x0 0x180005 0x0 0x0 0x0 0x0 0x0 0x1c0005 0x0 0x0 0x0 0x0 0x0 0x1f0005 0x0 0x0 0x0 0x0 0x0 0x220002 0x0 0x2b0002 0x0 oops 0
ciMethod com/android/dx/cf/code/Simulator simulate (Lcom/android/dx/cf/code/ByteBlock;Lcom/android/dx/cf/code/Frame;)V 4097 7737 7653 0 0
ciMethod com/android/dx/cf/code/Simulator$SimVisitor setFrame (Lcom/android/dx/cf/code/Frame;)V 4097 1 7670 0 0
ciMethod com/android/dx/cf/code/Simulator$SimVisitor setPreviousOffset (I)V 4097 1 14163 0 0
ciMethod com/android/dx/cf/code/Frame <init> (Lcom/android/dx/cf/code/LocalsArray;Lcom/android/dx/cf/code/ExecutionStack;Lcom/android/dx/util/IntList;)V 4097 1 9728 0 192
ciMethod com/android/dx/cf/code/Frame copy ()Lcom/android/dx/cf/code/Frame; 4097 1 7652 0 0
ciMethod com/android/dx/cf/code/Frame setImmutable ()V 4097 1 9016 0 0
ciMethod com/android/dx/cf/code/Frame getLocals ()Lcom/android/dx/cf/code/LocalsArray; 1049 1 131 0 0
ciMethod com/android/dx/cf/code/Frame getStack ()Lcom/android/dx/cf/code/ExecutionStack; 1145 1 143 0 0
ciMethod com/android/dx/cf/code/Frame getSubroutines ()Lcom/android/dx/util/IntList; 1513 1 189 0 0
ciMethod com/android/dx/cf/code/Frame mergeWith (Lcom/android/dx/cf/code/Frame;)Lcom/android/dx/cf/code/Frame; 1241 1 1249 0 0
ciMethod com/android/dx/cf/code/Frame mergeSubroutineLists (Lcom/android/dx/util/IntList;)Lcom/android/dx/util/IntList; 4097 1 1249 0 0
ciMethod com/android/dx/cf/code/Frame adjustLocalsForSubroutines (Lcom/android/dx/cf/code/LocalsArray;Lcom/android/dx/util/IntList;)Lcom/android/dx/cf/code/LocalsArray; 4097 1 1249 0 0
ciMethod com/android/dx/cf/code/Frame mergeWithSubroutineCaller (Lcom/android/dx/cf/code/Frame;II)Lcom/android/dx/cf/code/Frame; 0 0 1 0 -1
ciMethod com/android/dx/cf/code/Frame makeNewSubroutineStartFrame (II)Lcom/android/dx/cf/code/Frame; 0 0 1 0 -1
ciMethod com/android/dx/cf/code/Frame makeExceptionHandlerStartFrame (Lcom/android/dx/rop/cst/CstType;)Lcom/android/dx/cf/code/Frame; 665 1 808 0 0
ciMethod com/android/dx/cf/code/Frame annotate (Lcom/android/dex/util/ExceptionWithContext;)V 0 0 1 0 0
ciMethod com/android/dx/cf/code/Ropper$Subroutine <init> (Lcom/android/dx/cf/code/Ropper;I)V 0 0 1 0 -1
ciMethod com/android/dx/cf/code/Ropper$Subroutine getStartBlock ()I 0 0 1 0 -1
ciMethod com/android/dx/cf/code/Ropper$Subroutine addCallerBlock (I)V 0 0 1 0 -1
ciMethod com/android/dx/cf/code/Ropper$CatchInfo <init> (Lcom/android/dx/cf/code/Ropper;)V 57 1 82 0 -1
ciMethod com/android/dx/cf/code/Ropper$CatchInfo getSetup (Lcom/android/dx/rop/type/Type;)Lcom/android/dx/cf/code/Ropper$ExceptionHandlerSetup; 665 1 808 0 0
ciMethod com/android/dx/cf/code/Ropper$CatchInfo <init> (Lcom/android/dx/cf/code/Ropper;Lcom/android/dx/cf/code/Ropper$1;)V 57 1 82 0 -1
ciMethod com/android/dx/cf/code/LocalsArray <init> (Z)V 4097 1 9036 0 0
ciMethod com/android/dx/cf/code/LocalsArray copy ()Lcom/android/dx/cf/code/LocalsArray; 0 0 1 0 -1
ciMethod com/android/dx/cf/code/LocalsArray annotate (Lcom/android/dex/util/ExceptionWithContext;)V 0 0 1 0 -1
ciMethod com/android/dx/cf/code/LocalsArray merge (Lcom/android/dx/cf/code/LocalsArray;)Lcom/android/dx/cf/code/LocalsArray; 0 0 1 0 -1
ciMethod com/android/dx/cf/code/OneLocalsArray <init> (I)V 4097 1 9033 0 0
ciMethod com/android/dx/cf/code/OneLocalsArray copy ()Lcom/android/dx/cf/code/OneLocalsArray; 4097 1 7676 0 0
ciMethod com/android/dx/cf/code/OneLocalsArray annotate (Lcom/android/dex/util/ExceptionWithContext;)V 0 0 1 0 -1
ciMethod com/android/dx/cf/code/OneLocalsArray getMaxLocals ()I 3073 1 2428 0 -1
ciMethod com/android/dx/cf/code/OneLocalsArray set (ILcom/android/dx/rop/type/TypeBearer;)V 3073 1 3261 0 -1
ciMethod com/android/dx/cf/code/OneLocalsArray invalidate (I)V 57 1 15 0 -1
ciMethod com/android/dx/cf/code/OneLocalsArray getOrNull (I)Lcom/android/dx/rop/type/TypeBearer; 4097 1 9022 0 -1
ciMethod com/android/dx/cf/code/OneLocalsArray merge (Lcom/android/dx/cf/code/LocalsArray;)Lcom/android/dx/cf/code/LocalsArray; 2641 1 1249 0 0
ciMethod com/android/dx/cf/code/OneLocalsArray merge (Lcom/android/dx/cf/code/OneLocalsArray;)Lcom/android/dx/cf/code/OneLocalsArray; 2641 1 1249 0 0
ciMethod com/android/dx/cf/code/OneLocalsArray copy ()Lcom/android/dx/cf/code/LocalsArray; 4097 1 7663 0 0
ciMethod com/android/dx/cf/code/LocalsArraySet getPrimary ()Lcom/android/dx/cf/code/OneLocalsArray; 0 0 1 0 -1
ciMethod com/android/dx/cf/code/ExecutionStack <init> (I)V 4097 1 9898 0 0
ciMethod com/android/dx/cf/code/ExecutionStack copy ()Lcom/android/dx/cf/code/ExecutionStack; 4097 1 8531 0 0
ciMethod com/android/dx/cf/code/ExecutionStack annotate (Lcom/android/dex/util/ExceptionWithContext;)V 0 0 1 0 -1
ciMethod com/android/dx/cf/code/ExecutionStack size ()I 1369 1 171 0 -1
ciMethod com/android/dx/cf/code/ExecutionStack clear ()V 665 1505 808 0 0
ciMethod com/android/dx/cf/code/ExecutionStack push (Lcom/android/dx/rop/type/TypeBearer;)V 4105 1 9918 0 0
ciMethod com/android/dx/cf/code/ExecutionStack peek (I)Lcom/android/dx/rop/type/TypeBearer; 4097 1 11782 0 -1
ciMethod com/android/dx/cf/code/ExecutionStack change (ILcom/android/dx/rop/type/TypeBearer;)V 289 1 65 0 -1
ciMethod com/android/dx/cf/code/ExecutionStack merge (Lcom/android/dx/cf/code/ExecutionStack;)Lcom/android/dx/cf/code/ExecutionStack; 4097 1 1249 0 0
ciMethod com/android/dx/cf/code/ExecutionStack throwSimException (Ljava/lang/String;)Lcom/android/dx/rop/type/TypeBearer; 0 0 1 0 -1
ciMethod com/android/dx/cf/code/Ropper$ExceptionSetupLabelAllocator getNextLabel ()I 185 1 96 0 0
ciMethod com/android/dx/rop/code/InsnList <init> (I)V 4097 1 29452 0 0
ciMethod com/android/dx/rop/code/InsnList get (I)Lcom/android/dx/rop/code/Insn; 2313 1 234049 0 192
ciMethod com/android/dx/rop/code/InsnList set (ILcom/android/dx/rop/code/Insn;)V 4097 1 52587 0 0
ciMethod com/android/dx/rop/code/Rop getBranchingness ()I 1433 1 179 0 0
ciMethod com/android/dx/rop/code/BasicBlock <init> (ILcom/android/dx/rop/code/InsnList;Lcom/android/dx/util/IntList;I)V 4097 3065 12684 0 1568
ciMethod com/android/dx/rop/code/BasicBlock getLabel ()I 1937 1 242 0 0
ciMethod com/android/dx/cf/code/Merger mergeLocals (Lcom/android/dx/cf/code/OneLocalsArray;Lcom/android/dx/cf/code/OneLocalsArray;)Lcom/android/dx/cf/code/OneLocalsArray; 2641 18673 1249 0 0
ciMethod com/android/dx/cf/code/Merger mergeStack (Lcom/android/dx/cf/code/ExecutionStack;Lcom/android/dx/cf/code/ExecutionStack;)Lcom/android/dx/cf/code/ExecutionStack; 3337 2417 1249 0 0
ciMethod com/android/dx/cf/code/Merger mergeType (Lcom/android/dx/rop/type/TypeBearer;Lcom/android/dx/rop/type/TypeBearer;)Lcom/android/dx/rop/type/TypeBearer; 6593 1 6772 0 -1
ciMethodData com/android/dx/util/FixedSizeList <init> (I)V 2 5768 orig 264 72 34 132 82 0 0 0 0 232 23 132 20 0 0 0 0 152 1 0 0 56 0 0 0 0 0 0 0 0 0 0 0 0 0 0 0 0 0 0 0 0 0 0 0 0 0 0 0 0 0 0 0 0 0 0 0 0 0 0 0 0 0 0 0 0 0 0 0 0 0 0 0 0 0 0 0 0 0 0 0 77 68 79 32 101 120 116 114 97 32 100 97 116 97 32 108 111 99 107 0 0 0 0 0 0 0 0 0 0 0 0 0 0 0 0 0 0 0 0 0 0 0 0 0 0 0 0 0 0 0 0 0 0 0 0 0 0 0 0 0 0 0 0 0 0 0 0 0 0 0 0 0 0 0 0 0 0 0 0 0 0 0 0 0 0 0 0 0 0 0 0 0 0 0 0 0 0 0 0 0 0 0 0 0 0 0 0 0 0 0 0 0 0 0 0 0 0 0 0 0 0 0 0 0 0 0 0 0 0 0 0 0 0 0 0 0 0 2 0 0 65 164 0 0 1 0 0 0 0 0 0 0 0 0 0 0 2 0 0 0 0 0 10 0 2 0 0 0 112 0 0 0 255 255 255 255 7 0 2 0 0 0 0 0 data 14 0x20007 0x783 0x38 0xd05 0x60003 0xd06 0x18 0xa0002 0x148c 0x150003 0x148a 0x28 0x1f0002 0x0 oops 0
ciMethodData com/android/dx/util/IntList growIfNeeded ()V 2 5547 orig 264 72 34 132 82 0 0 0 0 216 245 137 20 0 0 0 0 120 1 0 0 0 0 0 0 0 0 0 0 0 0 0 0 0 0 0 0 0 0 0 0 0 0 0 0 0 0 0 0 0 0 0 0 0 0 0 0 0 0 0 0 0 0 0 0 0 0 0 0 0 0 0 0 0 0 0 0 0 0 0 0 77 68 79 32 101 120 116 114 97 32 100 97 116 97 32 108 111 99 107 0 0 0 0 0 0 0 0 0 0 0 0 0 0 0 0 0 0 0 0 0 0 0 0 0 0 0 0 0 0 0 0 0 0 0 0 0 0 0 0 0 0 0 0 0 0 0 0 0 0 0 0 0 0 0 0 0 0 0 0 0 0 0 0 0 0 0 0 0 0 0 0 0 0 0 0 0 0 0 0 0 0 0 0 0 0 0 0 0 0 0 0 0 0 0 0 0 0 0 0 0 0 0 0 0 0 0 0 0 0 0 0 0 0 0 0 0 6 1 0 0 41 165 0 0 1 0 0 0 0 0 0 0 0 0 0 0 2 0 0 0 0 0 6 0 2 0 0 0 48 0 0 0 255 255 255 255 7 0 9 0 0 0 0 0 data 6 0x90007 0x1404 0x30 0xa1 0x250002 0xa0 oops 0
ciMethodData com/android/dx/util/IntList get (I)I 2 5741 orig 264 72 34 132 82 0 0 0 0 88 240 137 20 0 0 0 0 104 1 0 0 32 0 0 0 0 0 0 0 0 0 0 0 0 0 0 0 0 0 0 0 0 0 0 0 0 0 0 0 0 0 0 0 0 0 0 0 0 0 0 0 0 0 0 0 0 0 0 0 0 0 0 0 0 0 0 0 0 0 0 0 77 68 79 32 101 120 116 114 97 32 100 97 116 97 32 108 111 99 107 0 0 0 0 0 0 0 0 0 0 0 0 0 0 0 0 0 0 0 0 0 0 0 0 0 0 0 0 0 0 0 0 0 0 0 0 0 0 0 0 0 0 0 0 0 0 0 0 0 0 0 0 0 0 0 0 0 0 0 0 0 0 0 0 0 0 0 0 0 0 0 0 0 0 0 0 0 0 0 0 0 0 0 0 0 0 0 0 0 0 0 0 0 0 0 0 0 0 0 0 0 0 0 0 0 0 0 0 0 0 0 0 0 0 0 0 0 47 1 0 0 241 169 0 0 1 0 0 0 0 0 0 0 0 0 0 0 2 0 0 0 0 0 7 0 2 0 0 0 64 0 0 0 255 255 255 255 7 0 5 0 0 0 0 0 data 8 0x50007 0x1540 0x30 0x0 0xe0002 0x0 0x200002 0x0 oops 0
ciMethodData com/android/dx/util/IntList add (I)V 2 5541 orig 264 72 34 132 82 0 0 0 0 136 242 137 20 0 0 0 0 8 2 0 0 0 0 0 0 0 0 0 0 0 0 0 0 0 0 0 0 0 0 0 0 0 0 0 0 0 0 0 0 0 0 0 0 0 0 0 0 0 0 0 0 0 0 0 0 0 0 0 0 0 0 0 0 0 0 0 0 0 0 0 0 77 68 79 32 101 120 116 114 97 32 100 97 116 97 32 108 111 99 107 0 0 0 0 0 0 0 0 0 0 0 0 0 0 0 0 0 0 0 0 0 0 0 0 0 0 0 0 0 0 0 0 0 0 0 0 0 0 0 0 0 0 0 0 0 0 0 0 0 0 0 0 0 0 0 0 0 0 0 0 0 0 0 0 0 0 0 0 0 0 0 0 0 0 0 0 0 0 0 0 0 0 0 0 0 0 0 0 0 0 0 0 0 0 0 0 0 0 0 0 0 0 0 0 0 0 0 0 0 0 0 0 0 0 0 0 0 11 1 0 0 209 164 0 0 1 0 0 0 0 0 0 0 0 0 0 0 2 0 0 0 0 0 14 0 2 0 0 0 184 0 0 0 255 255 255 255 5 0 1 0 0 0 0 0 data 23 0x10005 0x0 0x1788e730 0x149d 0x0 0x0 0x50002 0x149f 0x1d0007 0x760 0x78 0xd43 0x250007 0x80d 0x58 0x53b 0x350007 0x47 0x38 0x4f3 0x390003 0x4f3 0x18 oops 1 2 com/android/dx/util/IntList
ciMethodData com/android/dx/rop/code/InsnList get (I)Lcom/android/dx/rop/code/Insn; 2 234120 orig 264 72 34 132 82 0 0 0 0 152 4 141 20 0 0 0 0 176 1 0 0 0 0 0 0 0 0 0 0 0 0 0 0 0 0 0 0 0 0 0 0 0 0 0 0 0 0 0 0 0 0 0 0 0 0 0 0 0 0 0 0 0 0 0 0 0 0 0 0 0 0 0 0 0 0 0 0 0 0 0 0 77 68 79 32 101 120 116 114 97 32 100 97 116 97 32 108 111 99 107 0 0 0 0 0 0 0 0 0 0 0 0 0 0 0 0 0 0 0 0 0 0 0 0 0 0 0 0 0 0 0 0 0 0 0 0 0 0 0 0 0 0 0 0 0 0 0 0 0 0 0 0 0 0 0 0 0 0 0 0 0 0 0 0 0 0 0 0 0 0 0 0 0 0 0 0 0 0 0 0 0 0 0 0 0 0 0 0 0 0 0 0 0 0 0 0 0 0 0 0 0 0 0 0 0 0 0 0 0 0 0 0 0 0 0 0 0 32 1 0 0 57 139 28 0 1 0 0 0 0 0 0 0 0 0 0 0 2 0 0 0 0 0 3 0 2 0 0 0 96 0 0 0 255 255 255 255 5 0 2 0 0 0 0 0 data 12 0x20005 0xd 0x1788ec00 0x39183 0x0 0x0 0x50004 0x0 0x1788eaa0 0x23d71 0x1788ecb0 0xe49d oops 3 2 com/android/dx/rop/code/InsnList 8 com/android/dx/rop/code/PlainInsn 10 com/android/dx/rop/code/ThrowingCstInsn
ciMethodData com/android/dx/util/IntList <init> (I)V 2 6451 orig 264 72 34 132 82 0 0 0 0 96 235 137 20 0 0 0 0 96 1 0 0 0 0 0 0 0 0 0 0 0 0 0 0 0 0 0 0 0 0 0 0 0 0 0 0 0 0 0 0 0 0 0 0 0 0 0 0 0 0 0 0 0 0 0 0 0 0 0 0 0 0 0 0 0 0 0 0 0 0 0 0 77 68 79 32 101 120 116 114 97 32 100 97 116 97 32 108 111 99 107 0 0 0 0 0 0 0 0 0 0 0 0 0 0 0 0 0 0 0 0 0 0 0 0 0 0 0 0 0 0 0 0 0 0 0 0 0 0 0 0 0 0 0 0 0 0 0 0 0 0 0 0 0 0 0 0 0 0 0 0 0 0 0 0 0 0 0 0 0 0 0 0 0 0 0 0 0 0 0 0 0 0 0 0 0 0 0 0 0 0 0 0 0 0 0 0 0 0 0 0 0 0 0 0 0 0 0 0 0 0 0 0 0 0 0 0 0 4 1 0 0 121 193 0 0 1 0 0 0 0 0 0 0 0 0 0 0 2 0 0 0 0 0 7 0 2 0 0 0 56 0 0 0 255 255 255 255 2 0 2 0 0 0 0 0 data 7 0x20002 0x1831 0xc0003 0x1831 0x28 0x160002 0x0 oops 0
ciMethodData com/android/dx/util/Bits set ([II)V 2 54767 orig 264 72 34 132 82 0 0 0 0 32 194 137 20 0 0 0 0 40 1 0 0 0 0 0 0 0 0 0 0 0 0 0 0 0 0 0 0 0 0 0 0 0 0 0 0 0 0 0 0 0 0 0 0 0 0 0 0 0 0 0 0 0 0 0 0 0 0 0 0 0 0 0 0 0 0 0 0 0 0 0 0 77 68 79 32 101 120 116 114 97 32 100 97 116 97 32 108 111 99 107 0 0 0 0 0 0 0 0 0 0 0 0 0 0 0 0 0 0 0 0 0 0 0 0 0 0 0 0 0 0 0 0 0 0 0 0 0 0 0 0 0 0 0 0 0 0 0 0 0 0 0 0 0 0 0 0 0 0 0 0 0 0 0 0 0 0 0 0 0 0 0 0 0 0 0 0 0 0 0 0 0 0 0 0 0 0 0 0 0 0 0 0 0 0 0 0 0 0 0 0 0 0 0 0 0 0 0 0 0 0 0 0 0 0 0 0 0 0 1 0 0 121 167 6 0 1 0 0 0 0 0 0 0 0 0 0 0 2 0 0 0 0 0 3 0 1 0 0 0 0 0 0 0 255 255 255 255 0 0 0 0 0 0 0 0 data 0 oops 0
ciMethod com/android/dx/cf/code/Ropper$ExceptionHandlerSetup <init> (Lcom/android/dx/rop/type/Type;I)V 185 1 96 0 0
ciMethod com/android/dx/cf/code/Ropper$ExceptionHandlerSetup getLabel ()I 753 1 94 0 0
ciMethodData com/android/dx/util/MutabilityControl throwIfMutable ()V 2 49447 orig 264 72 34 132 82 0 0 0 0 24 109 131 20 0 0 0 0 80 1 0 0 0 0 0 0 0 0 0 0 0 0 0 0 0 0 0 0 0 0 0 0 0 0 0 0 0 0 0 0 0 0 0 0 0 0 0 0 0 0 0 0 0 0 0 0 0 0 0 0 0 0 0 0 0 0 0 0 0 0 0 0 77 68 79 32 101 120 116 114 97 32 100 97 116 97 32 108 111 99 107 0 0 0 0 0 0 0 0 0 0 0 0 0 0 0 0 0 0 0 0 0 0 0 0 0 0 0 0 0 0 0 0 0 0 0 0 0 0 0 0 0 0 0 0 0 0 0 0 0 0 0 0 0 0 0 0 0 0 0 0 0 0 0 0 0 0 0 0 0 0 0 0 0 0 0 0 0 0 0 0 0 0 0 0 0 0 0 0 0 0 0 0 0 0 0 0 0 0 0 0 0 0 0 0 0 0 0 0 0 0 0 0 0 0 0 0 0 0 2 0 0 57 249 5 0 1 0 0 0 0 0 0 0 0 0 0 0 2 0 0 0 0 0 5 0 2 0 0 0 48 0 0 0 255 255 255 255 7 0 4 0 0 0 0 0 data 6 0x40007 0xbf27 0x30 0x0 0xd0002 0x0 oops 0
ciMethodData com/android/dx/rop/code/Insn <init> (Lcom/android/dx/rop/code/Rop;Lcom/android/dx/rop/code/SourcePosition;Lcom/android/dx/rop/code/RegisterSpec;Lcom/android/dx/rop/code/RegisterSpecList;)V 2 5743 orig 264 72 34 132 82 0 0 0 0 24 243 136 20 0 0 0 0 224 1 0 0 96 0 0 0 0 0 0 0 0 0 0 0 0 0 0 0 0 0 0 0 0 0 0 0 0 0 0 0 0 0 0 0 0 0 0 0 0 0 0 0 0 0 0 0 0 0 0 0 0 0 0 0 0 0 0 0 0 0 0 0 77 68 79 32 101 120 116 114 97 32 100 97 116 97 32 108 111 99 107 0 0 0 0 0 0 0 0 0 0 0 0 0 0 0 0 0 0 0 0 0 0 0 0 0 0 0 0 0 0 0 0 0 0 0 0 0 0 0 0 0 0 0 0 0 0 0 0 0 0 0 0 0 0 0 0 0 0 0 0 0 0 0 0 0 0 0 0 0 0 0 0 0 0 0 0 0 0 0 0 0 0 0 0 0 25 0 0 0 0 0 0 0 0 0 0 0 0 0 0 0 1 0 0 0 0 0 0 0 0 0 0 0 0 0 0 0 0 2 0 0 121 163 0 0 1 0 0 0 0 0 0 0 0 0 0 0 2 0 0 0 0 0 9 0 2 0 0 0 160 0 0 0 255 255 255 255 2 0 1 0 0 0 0 0 data 20 0x10002 0x146f 0x50007 0x1472 0x30 0x0 0xe0002 0x0 0x130007 0x1472 0x30 0x0 0x1c0002 0x0 0x220007 0x1472 0x30 0x0 0x2b0002 0x0 oops 0
ciMethodData com/android/dx/util/IntList set (II)V 2 6691 orig 264 72 34 132 82 0 0 0 0 128 241 137 20 0 0 0 0 0 2 0 0 80 0 0 0 0 0 0 0 0 0 0 0 0 0 0 0 0 0 0 0 0 0 0 0 0 0 0 0 0 0 0 0 0 0 0 0 0 0 0 0 0 0 0 0 0 0 0 0 0 0 0 0 0 0 0 0 0 0 0 0 77 68 79 32 101 120 116 114 97 32 100 97 116 97 32 108 111 99 107 0 0 0 0 0 0 0 0 0 0 0 0 0 0 0 0 0 0 0 0 0 0 0 0 0 0 0 0 0 0 0 0 0 0 0 0 0 0 0 0 0 0 0 0 0 0 0 0 0 0 0 0 0 0 0 0 0 0 0 0 0 0 0 0 0 0 0 0 0 0 0 0 0 0 0 0 0 0 0 0 0 0 0 0 0 25 0 0 0 0 0 0 0 0 0 0 0 0 0 0 0 0 0 0 0 0 0 0 0 0 0 0 0 0 0 0 0 0 2 0 0 25 193 0 0 1 0 0 0 0 0 0 0 0 0 0 0 2 0 0 0 0 0 13 0 2 0 0 0 168 0 0 0 255 255 255 255 5 0 1 0 0 0 0 0 data 21 0x10005 0xad 0x1788e730 0x177a 0x0 0x0 0x90007 0x1828 0x30 0x0 0x120002 0x0 0x220003 0x1827 0x48 0x270007 0x0 0x30 0x0 0x300002 0x0 oops 1 2 com/android/dx/util/IntList
ciMethodData com/android/dx/rop/code/InsnList set (ILcom/android/dx/rop/code/Insn;)V 2 53365 orig 264 72 34 132 82 0 0 0 0 88 5 141 20 0 0 0 0 136 1 0 0 0 0 0 0 0 0 0 0 0 0 0 0 0 0 0 0 0 0 0 0 0 0 0 0 0 0 0 0 0 0 0 0 0 0 0 0 0 0 0 0 0 0 0 0 0 0 0 0 0 0 0 0 0 0 0 0 0 0 0 0 77 68 79 32 101 120 116 114 97 32 100 97 116 97 32 108 111 99 107 0 0 0 0 0 0 0 0 0 0 0 0 0 0 0 0 0 0 0 0 0 0 0 0 0 0 0 0 0 0 0 0 0 0 0 0 0 0 0 0 0 0 0 0 0 0 0 0 0 0 0 0 0 0 0 0 0 0 0 0 0 0 0 0 0 0 0 0 0 0 0 0 0 0 0 0 0 0 0 0 0 0 0 0 0 0 0 0 0 0 0 0 0 0 0 0 0 0 0 0 0 0 0 0 0 0 0 0 0 0 0 0 0 0 0 0 0 0 2 0 0 169 115 6 0 1 0 0 0 0 0 0 0 0 0 0 0 2 0 0 0 0 0 12 0 2 0 0 0 48 0 0 0 255 255 255 255 5 0 3 0 0 0 0 0 data 6 0x30005 0x91 0x1788ec00 0xcde9 0x0 0x0 oops 1 2 com/android/dx/rop/code/InsnList
ciMethodData com/android/dx/rop/code/PlainInsn <init> (Lcom/android/dx/rop/code/Rop;Lcom/android/dx/rop/code/SourcePosition;Lcom/android/dx/rop/code/RegisterSpec;Lcom/android/dx/rop/code/RegisterSpecList;)V 2 5676 orig 264 72 34 132 82 0 0 0 0 72 17 137 20 0 0 0 0 120 2 0 0 128 0 0 0 0 0 0 0 0 0 0 0 0 0 0 0 0 0 0 0 0 0 0 0 0 0 0 0 0 0 0 0 0 0 0 0 0 0 0 0 0 0 0 0 0 0 0 0 0 0 0 0 0 0 0 0 0 0 0 0 77 68 79 32 101 120 116 114 97 32 100 97 116 97 32 108 111 99 107 0 0 0 0 0 0 0 0 0 0 0 0 0 0 0 0 0 0 0 0 0 0 0 0 0 0 0 0 0 0 0 0 0 0 0 0 0 0 0 0 0 0 0 0 0 0 0 0 0 0 0 0 0 0 0 0 0 0 0 0 0 0 0 0 0 0 0 0 0 0 0 0 0 0 0 0 0 0 0 0 0 0 0 0 0 25 0 0 0 0 0 0 0 0 0 0 0 0 0 0 0 1 0 0 0 0 0 0 0 0 0 0 0 0 0 0 0 0 2 0 0 89 161 0 0 1 0 0 0 0 0 0 0 0 0 0 0 2 0 0 0 0 0 11 0 2 0 0 0 16 1 0 0 255 255 255 255 2 0 6 0 0 0 0 0 data 34 0x60002 0x142b 0xa0005 0xd8 0x1788eb50 0x1353 0x0 0x0 0xd0008 0x6 0xd8 0x50 0x0 0x40 0x0 0x40 0x2e0002 0x0 0x330007 0xa91 0x80 0x99c 0x370005 0x68 0x1788eb50 0x934 0x0 0x0 0x3b0007 0x99c 0x30 0x0 0x440002 0x0 oops 2 4 com/android/dx/rop/code/Rop 24 com/android/dx/rop/code/Rop
ciMethodData com/android/dx/util/IntList indexOf (I)I 2 35646 orig 264 72 34 132 82 0 0 0 0 216 253 137 20 0 0 0 0 184 1 0 0 0 0 0 0 0 0 0 0 0 0 0 0 0 0 0 0 0 0 0 0 0 0 0 0 0 0 0 0 0 0 0 0 0 0 0 0 0 0 0 0 0 0 0 0 0 0 0 0 0 0 0 0 0 0 0 0 0 0 0 0 77 68 79 32 101 120 116 114 97 32 100 97 116 97 32 108 111 99 107 0 0 0 0 0 0 0 0 0 0 0 0 0 0 0 0 0 0 0 0 0 0 0 0 0 0 0 0 0 0 0 0 0 0 0 0 0 0 0 0 0 0 0 0 0 0 0 0 0 0 0 0 0 0 0 0 0 0 0 0 0 0 0 0 0 0 0 0 0 0 0 0 0 0 0 0 0 0 0 0 0 0 0 0 0 0 0 0 0 0 0 0 0 0 0 0 0 0 0 0 0 0 0 0 0 0 0 0 0 0 0 0 0 0 0 0 0 0 2 0 0 241 73 4 0 1 0 0 0 0 0 0 0 0 0 0 0 2 0 0 0 0 0 6 0 2 0 0 0 104 0 0 0 255 255 255 255 5 0 2 0 0 0 0 0 data 13 0x20005 0xd 0x1788e730 0x8935 0x0 0x0 0x70007 0x3747 0x38 0x5200 0xb0003 0x5200 0x18 oops 1 2 com/android/dx/util/IntList
ciMethodData com/android/dx/util/IntList binarysearch (I)I 2 5635 orig 264 72 34 132 82 0 0 0 0 120 255 137 20 0 0 0 0 112 2 0 0 96 0 0 0 0 0 0 0 0 0 0 0 0 0 0 0 0 0 0 0 0 0 0 0 0 0 0 0 0 0 0 0 0 0 0 0 0 0 0 0 0 0 0 0 0 0 0 0 0 0 0 0 0 0 0 0 0 0 0 0 77 68 79 32 101 120 116 114 97 32 100 97 116 97 32 108 111 99 107 0 0 0 0 0 0 0 0 0 0 0 0 0 0 0 0 0 0 0 0 0 0 0 0 0 0 0 0 0 0 0 0 0 0 0 0 0 0 0 0 0 0 0 0 0 0 0 0 0 0 0 0 0 0 0 0 0 0 0 0 0 0 0 0 0 0 0 0 0 0 0 0 0 0 0 0 0 0 0 0 0 0 0 0 0 0 0 0 0 0 0 0 0 0 0 0 0 0 0 0 0 0 0 0 0 0 0 0 0 0 0 0 0 0 0 0 0 0 2 0 0 25 160 0 0 145 156 0 0 0 0 0 0 0 0 0 0 2 0 0 0 2 0 21 0 2 0 0 0 64 1 0 0 255 255 255 255 7 0 9 0 0 0 0 0 data 40 0x90007 0x113d 0x78 0x2c7 0x100007 0x45 0x58 0x495 0x1a0007 0x213 0x20 0x282 0x220003 0x213 0xffffffffffffffc0 0x320007 0x113d 0x70 0x117e 0x4b0007 0x533 0x38 0xc4b 0x520003 0xc4b 0x18 0x580003 0x117e 0xffffffffffffffa8 0x5e0007 0x4f3 0x58 0xc4a 0x690007 0x0 0x38 0xc4b 0x6e0003 0xc4b 0x18 oops 0
ciMethodData com/android/dx/cf/code/BytecodeArray parseInstruction (ILcom/android/dx/cf/code/BytecodeArray$Visitor;)I 2 9772 orig 264 72 34 132 82 0 0 0 0 200 192 132 20 0 0 0 0 0 40 0 0 224 35 0 0 0 0 0 0 0 0 0 0 0 0 0 0 0 0 0 0 0 0 0 0 0 0 0 0 0 0 0 0 0 0 0 0 0 0 0 0 0 0 0 0 0 0 0 0 0 0 0 0 0 0 0 0 0 0 0 0 77 68 79 32 101 120 116 114 97 32 100 97 116 97 32 108 111 99 107 0 0 0 0 0 0 0 0 0 0 0 0 0 0 0 0 0 0 0 0 0 0 0 0 0 0 0 0 0 0 0 0 0 0 0 0 0 0 0 0 0 0 0 0 0 0 0 0 0 0 0 0 0 0 0 0 0 0 0 0 0 0 0 0 0 0 0 0 0 0 0 0 0 0 0 0 0 0 0 0 0 0 0 0 0 0 0 0 0 0 0 0 0 0 0 0 0 0 0 0 0 0 0 0 0 0 0 0 0 0 0 0 0 0 0 0 0 0 2 0 0 97 33 1 0 1 0 0 0 0 0 0 0 0 0 0 0 2 0 0 0 0 0 239 0 2 0 0 0 40 38 0 0 255 255 255 255 7 0 1 0 0 0 0 0 data 1221 0x10007 0x242d 0x20 0x0 0xd0005 0x9b 0x17cd1cd0 0x2392 0x0 0x0 0x120002 0x242d 0x1f0008 0x196 0x0 0x23c8 0x0 0xcc0 0x0 0xcf0 0x0 0xd20 0x0 0xd50 0x0 0xd80 0x0 0xdb0 0x0 0xde0 0x0 0xe10 0x0 0xe40 0x0 0xe70 0x0 0xea0 0x0 0xed0 0x0 0xf00 0x0 0xf30 0x0 0xf60 0x0 0xf90 0x0 0xfc0 0x0 0x1030 0x0 0x10a0 0x0 0x11f8 0x0 0x1350 0x0 0x13e0 0x0 0x1440 0x0 0x14a0 0x0 0x1500 0x0 0x1560 0x0 0x15c0 0x0 0x15c0 0x0 0x15c0 0x0 0x15c0 0x0 0x15f0 0x2 0x15f0 0x0 0x15f0 0x0 0x15f0 0x0 0x1620 0x0 0x1620 0x0 0x1620 0x0 0x1620 0x0 0x1650 0x0 0x1650 0x0 0x1650 0x0 0x1650 0x28 0x1680 0xa 0x1680 0x2 0x1680 0x0 0x1680 0x0 0x16b0 0x0 0x16e0 0x0 0x1710 0x0 0x1740 0x0 0x1770 0x0 0x17a0 0x0 0x17d0 0x0 0x1800 0x0 0x1830 0x0 0x1890 0x0 0x18f0 0x0 0x1950 0x0 0x19b0 0x0 0x1a10 0x0 0x1a10 0x0 0x1a10 0x0 0x1a10 0x0 0x1a40 0x0 0x1a40 0x0 0x1a40 0x0 0x1a40 0x0 0x1a70 0x0 0x1a70 0x0 0x1a70 0x0 0x1a70 0x0 0x1aa0 0x0 0x1aa0 0x0 0x1aa0 0x0 0x1aa0 0x0 0x1ad0 0x0 0x1ad0 0x0 0x1ad0 0x0 0x1ad0 0x0 0x1b00 0x0 0x1b30 0x0 0x1b60 0x0 0x1b90 0x0 0x1bc0 0x0 0x1bf0 0x0 0x1c20 0x0 0x1c50 0x2 0x1c80 0x0 0x1c80 0x4 0x1c80 0x0 0x1c80 0x0 0x1c80 0x0 0x1c80 0x0 0x1c80 0x0 0x1c80 0x0 0x1c80 0x0 0x1cb0 0x0 0x1ce0 0x0 0x1d10 0x0 0x1d40 0x0 0x1cb0 0x0 0x1ce0 0x0 0x1d10 0x0 0x1d40 0x0 0x1cb0 0x0 0x1ce0 0x0 0x1d10 0x0 0x1d40 0x0 0x1cb0 0x0 0x1ce0 0x0 0x1d10 0x0 0x1d40 0x0 0x1cb0 0x0 0x1ce0 0x0 0x1d10 0x0 0x1d40 0x0 0x1cb0 0x0 0x1ce0 0x0 0x1d10 0x0 0x1d40 0x0 0x1cb0 0x0 0x1ce0 0x0 0x1cb0 0x0 0x1ce0 0x0 0x1cb0 0x0 0x1ce0 0x0 0x1cb0 0x0 0x1ce0 0x0 0x1cb0 0x0 0x1ce0 0x0 0x1cb0 0x0 0x1ce0 0x0 0x1d70 0x0 0x1e00 0x0 0x1e30 0x0 0x1e60 0x0 0x1e90 0x0 0x1e30 0x0 0x1e60 0x0 0x1e90 0x0 0x1e00 0x0 0x1e60 0x0 0x1e90 0x0 0x1e00 0x0 0x1e30 0x0 0x1e90 0x0 0x1e90 0x0 0x1e90 0x0 0x1e90 0x0 0x1e90 0x0 0x1e90 0x0 0x1e90 0x0 0x1e90 0x2 0x1ec0 0x0 0x1ec0 0x0 0x1ec0 0x0 0x1ec0 0x0 0x1ec0 0x0 0x1ec0 0x0 0x1ec0 0x0 0x1ec0 0x0 0x1ec0 0x0 0x1ec0 0x0 0x1ec0 0x0 0x1ec0 0x0 0x1ec0 0x0 0x1ec0 0x0 0x1ec0 0x0 0x1ec0 0x0 0x1f20 0x0 0x1f80 0x0 0x1f90 0x0 0x1fa0 0x0 0x1fd0 0x2 0x2000 0x0 0x2030 0x0 0x2060 0x16 0x2090 0x0 0x20c0 0x0 0x20c0 0x1a 0x20c0 0x6 0x20c0 0xe 0x20c0 0x8 0x20c0 0x0 0x20c0 0x5 0x2150 0x0 0x2240 0x4 0x20c0 0x0 0x2250 0x0 0x20c0 0x0 0x1e90 0x0 0x2090 0x4 0x20c0 0x2 0x20c0 0x0 0x2090 0x0 0x2090 0x0 0x2260 0x0 0x2270 0x0 0x1ec0 0x0 0x1ec0 0x0 0x2330 0x0 0x2330 0x35b0005 0x0 0x0 0x0 0x0 0x0 0x36b0005 0x0 0x17aded80 0x21 0x178450f0 0x21 0x37b0005 0x0 0x17aded80 0x3 0x178450f0 0x3 0x38b0005 0x4 0x17aded80 0x58 0x178450f0 0x58 0x39b0005 0x4 0x17aded80 0x4f 0x178450f0 0x4f 0x3ab0005 0x2 0x17aded80 0xd 0x178450f0 0xd 0x3bb0005 0x0 0x17aded80 0x2 0x178450f0 0x2 0x3cb0005 0x0 0x0 0x0 0x0 0x0 0x3db0005 0x0 0x0 0x0 0x0 0x0 0x3eb0005 0x0 0x0 0x0 0x0 0x0 0x3fb0005 0x0 0x0 0x0 0x0 0x0 0x40b0005 0x0 0x17aded80 0x1 0x178450f0 0x1 0x41b0005 0x0 0x0 0x0 0x0 0x0 0x42b0005 0x0 0x0 0x0 0x0 0x0 0x43b0005 0x0 0x0 0x0 0x0 0x0 0x44b0005 0x0 0x0 0x0 0x0 0x0 0x4590005 0x0 0x17cd1cd0 0x22 0x0 0x0 0x4650002 0x22 0x46a0005 0x0 0x17aded80 0x11 0x178450f0 0x11 0x4780005 0x0 0x17cd1cd0 0x12 0x0 0x0 0x4840002 0x12 0x4890005 0x0 0x17aded80 0x9 0x178450f0 0x9 0x4970005 0x0 0x17cd1cd0 0xcc 0x0 0x0 0x4a20005 0x0 0x17adee30 0xcc 0x0 0x0 0x4ab0004 0xffffffffffffff44 0x18325200 0x10 0x0 0x0 0x4ae0007 0xbc 0x98 0x10 0x4b30004 0x0 0x18325200 0x10 0x0 0x0 0x4b60005 0x0 0x18325200 0x10 0x0 0x0 0x4b90003 0x10 0x18 0x4c80005 0x4 0x17aded80 0x64 0x178450f0 0x64 0x4d60005 0x0 0x0 0x0 0x0 0x0 0x4e10005 0x0 0x0 0x0 0x0 0x0 0x4ea0004 0x0 0x0 0x0 0x0 0x0 0x4ed0007 0x0 0x98 0x0 0x4f20004 0x0 0x0 0x0 0x0 0x0 0x4f50005 0x0 0x0 0x0 0x0 0x0 0x4f80003 0x0 0x18 0x5070005 0x0 0x0 0x0 0x0 0x0 0x5150005 0x0 0x17cd1cd0 0x2 0x0 0x0 0x5200005 0x0 0x17adee30 0x2 0x0 0x0 0x52f0005 0x0 0x17aded80 0x1 0x178450f0 0x1 0x53d0005 0x0 0x17cd1cd0 0x110 0x0 0x0 0x54d0005 0x0 0x17aded80 0x88 0x178450f0 0x88 0x55b0005 0x0 0x0 0x0 0x0 0x0 0x56b0005 0x0 0x0 0x0 0x0 0x0 0x5790005 0x0 0x0 0x0 0x0 0x0 0x5890005 0x0 0x0 0x0 0x0 0x0 0x5970005 0x0 0x0 0x0 0x0 0x0 0x5a70005 0x0 0x0 0x0 0x0 0x0 0x5b50005 0x0 0x17cd1cd0 0x27e 0x0 0x0 0x5c50005 0x0 0x17aded80 0x13f 0x178450f0 0x13f 0x5dd0005 0x0 0x17aded80 0x50 0x178450f0 0x50 0x5f50005 0x0 0x17aded80 0x2 0x178450f0 0x2 0x60d0005 0x0 0x17aded80 0x1 0x178450f0 0x1 0x6250005 0x0 0x0 0x0 0x0 0x0 0x63d0005 0x0 0x178450f0 0x450 0x17aded80 0x44e 0x64c0005 0x0 0x17aded80 0x4 0x178450f0 0x4 0x65b0005 0x0 0x0 0x0 0x0 0x0 0x66a0005 0x0 0x0 0x0 0x0 0x0 0x6790005 0x0 0x0 0x0 0x0 0x0 0x6880005 0x0 0x17aded80 0x12 0x178450f0 0x12 0x6970005 0x0 0x0 0x0 0x0 0x0 0x6a60005 0x0 0x0 0x0 0x0 0x0 0x6b50005 0x0 0x0 0x0 0x0 0x0 0x6c30005 0x0 0x17cd1cd0 0x4e 0x0 0x0 0x6d30005 0x0 0x17aded80 0x27 0x178450f0 0x27 0x6e10005 0x0 0x0 0x0 0x0 0x0 0x6f10005 0x0 0x0 0x0 0x0 0x0 0x6ff0005 0x0 0x0 0x0 0x0 0x0 0x70f0005 0x0 0x0 0x0 0x0 0x0 0x71d0005 0x0 0x0 0x0 0x0 0x0 0x72d0005 0x0 0x0 0x0 0x0 0x0 0x73b0005 0x0 0x17cd1cd0 0xba 0x0 0x0 0x74b0005 0x0 0x17aded80 0x5d 0x178450f0 0x5d 0x7630005 0x0 0x17aded80 0x10 0x178450f0 0x10 0x77b0005 0x0 0x0 0x0 0x0 0x0 0x7930005 0x0 0x0 0x0 0x0 0x0 0x7ab0005 0x0 0x0 0x0 0x0 0x0 0x7c30005 0x0 0x17aded80 0x61 0x178450f0 0x61 0x7d20005 0x0 0x17aded80 0x2 0x178450f0 0x2 0x7e10005 0x0 0x0 0x0 0x0 0x0 0x7f00005 0x0 0x0 0x0 0x0 0x0 0x7ff0005 0x0 0x0 0x0 0x0 0x0 0x80e0005 0x0 0x17aded80 0x17 0x178450f0 0x17 0x81d0005 0x0 0x0 0x0 0x0 0x0 0x82c0005 0x0 0x0 0x0 0x0 0x0 0x83b0005 0x0 0x0 0x0 0x0 0x0 0x8490005 0x0 0x17aded80 0x92 0x178450f0 0x92 0x8570005 0x0 0x17aded80 0x25 0x178450f0 0x25 0x8670005 0x0 0x0 0x0 0x0 0x0 0x8770005 0x0 0x0 0x0 0x0 0x0 0x8870005 0x0 0x0 0x0 0x0 0x0 0x8950005 0x0 0x17cd1cd0 0x3c 0x0 0x0 0x8a10005 0x0 0x17cd1cd0 0x3c 0x0 0x0 0x8b10005 0x0 0x17aded80 0x1e 0x178450f0 0x1e 0x8bf0005 0x0 0x0 0x0 0x0 0x0 0x8cd0005 0x0 0x0 0x0 0x0 0x0 0x8db0005 0x0 0x0 0x0 0x0 0x0 0x8e90005 0x0 0x17aded80 0x19 0x178450f0 0x19 0x8f80005 0x2 0x17cd1cd0 0x296 0x0 0x0 0x9040005 0x0 0x17aded80 0x14c 0x178450f0 0x14c 0x9120005 0x0 0x0 0x0 0x0 0x0 0x9210005 0x0 0x0 0x0 0x0 0x0 0x92b0002 0x0 0x9320002 0x0 0x93f0005 0x0 0x17aded80 0x16 0x178450f0 0x16 0x94f0005 0x0 0x17aded80 0x4 0x178450f0 0x4 0x95f0005 0x0 0x17aded80 0x4 0x178450f0 0x4 0x96f0005 0x0 0x0 0x0 0x0 0x0 0x97f0005 0x0 0x17aded80 0x6a 0x178450f0 0x6a 0x98d0005 0x0 0x17aded80 0xa1 0x178450f0 0xa0 0x99b0005 0x40 0x17cd1cd0 0xaa8 0x0 0x0 0x9a60005 0x0 0x17adee30 0xae8 0x0 0x0 0x9b40005 0x0 0x178450f0 0x575 0x17aded80 0x573 0x9c20005 0x5 0x17cd1cd0 0x9a 0x0 0x0 0x9ce0005 0x5 0x17cd1cd0 0x9a 0x0 0x0 0x9da0005 0x5 0x17cd1cd0 0x9a 0x0 0x0 0x9e50005 0x0 0x17adee30 0x9f 0x0 0x0 0x9fa0005 0x0 0x178450f0 0x50 0x17aded80 0x4f 0xa070002 0x0 0xa0e0002 0x6 0xa150002 0x0 0xa200005 0x0 0x0 0x0 0x0 0x0 0xa2c0005 0x0 0x0 0x0 0x0 0x0 0xa370005 0x0 0x0 0x0 0x0 0x0 0xa460005 0x0 0x0 0x0 0x0 0x0 0xa550005 0x0 0x0 0x0 0x0 0x0 0xa5f0007 0x0 0x38 0x0 0xa650003 0x0 0x18 0xa740005 0x0 0x0 0x0 0x0 0x0 0xa7f0005 0x0 0x0 0x0 0x0 0x0 0xa8c0002 0x0 0xa910005 0x0 0x0 0x0 0x0 0x0 0xa950002 0x0 0xa980005 0x0 0x0 0x0 0x0 0x0 0xa9b0005 0x0 0x0 0x0 0x0 0x0 0xa9e0005 0x0 0x0 0x0 0x0 0x0 0xaa90002 0x0 0xab40002 0x0 0xab90005 0x0 0x0 0x0 0x0 0x0 0xabd0002 0x0 0xac00005 0x0 0x0 0x0 0x0 0x0 0xac30005 0x0 0x0 0x0 0x0 0x0 0xac60005 0x0 0x0 0x0 0x0 0x0 oops 97 6 com/android/dx/util/ByteArray 428 com/android/dx/cf/code/BasicBlocker 430 com/android/dx/cf/code/Simulator$SimVisitor 434 com/android/dx/cf/code/BasicBlocker 436 com/android/dx/cf/code/Simulator$SimVisitor 440 com/android/dx/cf/code/BasicBlocker 442 com/android/dx/cf/code/Simulator$SimVisitor 446 com/android/dx/cf/code/BasicBlocker 448 com/android/dx/cf/code/Simulator$SimVisitor 452 com/android/dx/cf/code/BasicBlocker 454 com/android/dx/cf/code/Simulator$SimVisitor 458 com/android/dx/cf/code/BasicBlocker 460 com/android/dx/cf/code/Simulator$SimVisitor 488 com/android/dx/cf/code/BasicBlocker 490 com/android/dx/cf/code/Simulator$SimVisitor 518 com/android/dx/util/ByteArray